[PokaPoka @ 937949ms/37s/3m/20h, 27d/6mo/2021y] --> Beginning game startup and startup-finish
[PokaPoka @ 484249ms/41s/3m/20h, 27d/6mo/2021y] --> Began jumping *Entity[rgb(255-255-255), size(50-50) @ pos(567.0-668)] with expected peak @ (x:567.0, y:100)
[PokaPoka @ 500490ms/41s/3m/20h, 27d/6mo/2021y] --> Began jumping *Entity[rgb(255-255-255), size(50-50) @ pos(570.0-668)] with expected peak @ (x:570.0, y:100)
[PokaPoka @ 516405ms/41s/3m/20h, 27d/6mo/2021y] --> Began jumping *Entity[rgb(255-255-255), size(50-50) @ pos(573.0-666)] with expected peak @ (x:573.0, y:100)
[PokaPoka @ 531441ms/41s/3m/20h, 27d/6mo/2021y] --> Began jumping *Entity[rgb(255-255-255), size(50-50) @ pos(576.0-662)] with expected peak @ (x:576.0, y:100)
[PokaPoka @ 547292ms/41s/3m/20h, 27d/6mo/2021y] --> Began jumping *Entity[rgb(255-255-255), size(50-50) @ pos(579.0-656)] with expected peak @ (x:579.0, y:100)
[PokaPoka @ 563308ms/41s/3m/20h, 27d/6mo/2021y] --> Began jumping *Entity[rgb(255-255-255), size(50-50) @ pos(582.0-648)] with expected peak @ (x:582.0, y:100)
[PokaPoka @ 579033ms/41s/3m/20h, 27d/6mo/2021y] --> Began jumping *Entity[rgb(255-255-255), size(50-50) @ pos(585.0-638)] with expected peak @ (x:585.0, y:100)
[PokaPoka @ 595344ms/41s/3m/20h, 27d/6mo/2021y] --> Began jumping *Entity[rgb(255-255-255), size(50-50) @ pos(588.0-626)] with expected peak @ (x:588.0, y:100)
[PokaPoka @ 611196ms/41s/3m/20h, 27d/6mo/2021y] --> Began jumping *Entity[rgb(255-255-255), size(50-50) @ pos(591.0-612)] with expected peak @ (x:591.0, y:100)
[PokaPoka @ 627777ms/41s/3m/20h, 27d/6mo/2021y] --> Began jumping *Entity[rgb(255-255-255), size(50-50) @ pos(594.0-596)] with expected peak @ (x:594.0, y:100)
[PokaPoka @ 645040ms/41s/3m/20h, 27d/6mo/2021y] --> Began jumping *Entity[rgb(255-255-255), size(50-50) @ pos(597.0-578)] with expected peak @ (x:597.0, y:100)
[PokaPoka @ 809391ms/42s/3m/20h, 27d/6mo/2021y] --> Began jumping *Entity[rgb(255-255-255), size(50-50) @ pos(657.0-618)] with expected peak @ (x:657.0, y:100)
[PokaPoka @ 820410ms/42s/3m/20h, 27d/6mo/2021y] --> Began jumping *Entity[rgb(255-255-255), size(50-50) @ pos(654.0-618)] with expected peak @ (x:654.0, y:100)
[PokaPoka @ 838866ms/42s/3m/20h, 27d/6mo/2021y] --> Began jumping *Entity[rgb(255-255-255), size(50-50) @ pos(651.0-616)] with expected peak @ (x:651.0, y:100)
[PokaPoka @ 859509ms/42s/3m/20h, 27d/6mo/2021y] --> Began jumping *Entity[rgb(255-255-255), size(50-50) @ pos(648.0-612)] with expected peak @ (x:648.0, y:100)
[PokaPoka @ 873436ms/42s/3m/20h, 27d/6mo/2021y] --> Began jumping *Entity[rgb(255-255-255), size(50-50) @ pos(645.0-606)] with expected peak @ (x:645.0, y:100)
[PokaPoka @ 892413ms/42s/3m/20h, 27d/6mo/2021y] --> Began jumping *Entity[rgb(255-255-255), size(50-50) @ pos(642.0-598)] with expected peak @ (x:642.0, y:100)
[PokaPoka @ 906199ms/42s/3m/20h, 27d/6mo/2021y] --> Began jumping *Entity[rgb(255-255-255), size(50-50) @ pos(639.0-588)] with expected peak @ (x:639.0, y:100)
[PokaPoka @ 922830ms/42s/3m/20h, 27d/6mo/2021y] --> Began jumping *Entity[rgb(255-255-255), size(50-50) @ pos(639.0-576)] with expected peak @ (x:639.0, y:100)
[PokaPoka @ 942500ms/42s/3m/20h, 27d/6mo/2021y] --> Began jumping *Entity[rgb(255-255-255), size(50-50) @ pos(642.0-562)] with expected peak @ (x:642.0, y:100)
[PokaPoka @ 955421ms/42s/3m/20h, 27d/6mo/2021y] --> Began jumping *Entity[rgb(255-255-255), size(50-50) @ pos(645.0-546)] with expected peak @ (x:645.0, y:100)
[PokaPoka @ 973365ms/42s/3m/20h, 27d/6mo/2021y] --> Began jumping *Entity[rgb(255-255-255), size(50-50) @ pos(648.0-528)] with expected peak @ (x:648.0, y:100)
[PokaPoka @ 34044ms/44s/3m/20h, 27d/6mo/2021y] --> Attempted to QUIT @ Esc key
[PokaPoka @ 34044ms/44s/3m/20h, 27d/6mo/2021y] --> Shutting down (2nd to last) final!
[PokaPoka @ 34044ms/44s/3m/20h, 27d/6mo/2021y] --> Exported game log as PokaPoka_574565_37_3_20_27_6_2021.log