[PokaPoka @ 596538ms/21s/12m/10h, 28d/6mo/2021y] --> Beginning game startup and startup-finish
[PokaPoka @ 919162ms/22s/12m/10h, 28d/6mo/2021y] --> Began jumping *Entity[rgb(255-255-255), size(50-50) @ pos(564.0-668)] with expected peak @ (x:564.0, y:100)
[PokaPoka @ 937183ms/22s/12m/10h, 28d/6mo/2021y] --> Began jumping *Entity[rgb(255-255-255), size(50-50) @ pos(561.0-668)] with expected peak @ (x:561.0, y:100)
[PokaPoka @ 962236ms/22s/12m/10h, 28d/6mo/2021y] --> Began jumping *Entity[rgb(255-255-255), size(50-50) @ pos(558.0-666)] with expected peak @ (x:558.0, y:100)
[PokaPoka @ 994203ms/22s/12m/10h, 28d/6mo/2021y] --> Began jumping *Entity[rgb(255-255-255), size(50-50) @ pos(555.0-662)] with expected peak @ (x:555.0, y:100)
[PokaPoka @ 23180ms/23s/12m/10h, 28d/6mo/2021y] --> Began jumping *Entity[rgb(255-255-255), size(50-50) @ pos(552.0-656)] with expected peak @ (x:552.0, y:100)
[PokaPoka @ 54905ms/23s/12m/10h, 28d/6mo/2021y] --> Began jumping *Entity[rgb(255-255-255), size(50-50) @ pos(549.0-648)] with expected peak @ (x:549.0, y:100)
[PokaPoka @ 86663ms/23s/12m/10h, 28d/6mo/2021y] --> Began jumping *Entity[rgb(255-255-255), size(50-50) @ pos(546.0-638)] with expected peak @ (x:546.0, y:100)
[PokaPoka @ 120135ms/23s/12m/10h, 28d/6mo/2021y] --> Began jumping *Entity[rgb(255-255-255), size(50-50) @ pos(543.0-626)] with expected peak @ (x:543.0, y:100)
[PokaPoka @ 153228ms/23s/12m/10h, 28d/6mo/2021y] --> Began jumping *Entity[rgb(255-255-255), size(50-50) @ pos(540.0-612)] with expected peak @ (x:540.0, y:100)
[PokaPoka @ 186925ms/23s/12m/10h, 28d/6mo/2021y] --> Began jumping *Entity[rgb(255-255-255), size(50-50) @ pos(537.0-596)] with expected peak @ (x:537.0, y:100)
[PokaPoka @ 224267ms/23s/12m/10h, 28d/6mo/2021y] --> Began jumping *Entity[rgb(255-255-255), size(50-50) @ pos(534.0-578)] with expected peak @ (x:534.0, y:100)
[PokaPoka @ 194116ms/24s/12m/10h, 28d/6mo/2021y] --> Began jumping *Entity[rgb(255-255-255), size(50-50) @ pos(444.0-668)] with expected peak @ (x:444.0, y:100)
[PokaPoka @ 220737ms/24s/12m/10h, 28d/6mo/2021y] --> Began jumping *Entity[rgb(255-255-255), size(50-50) @ pos(441.0-668)] with expected peak @ (x:441.0, y:100)
[PokaPoka @ 261226ms/24s/12m/10h, 28d/6mo/2021y] --> Began jumping *Entity[rgb(255-255-255), size(50-50) @ pos(438.0-666)] with expected peak @ (x:438.0, y:100)
[PokaPoka @ 302234ms/24s/12m/10h, 28d/6mo/2021y] --> Began jumping *Entity[rgb(255-255-255), size(50-50) @ pos(435.0-662)] with expected peak @ (x:435.0, y:100)
[PokaPoka @ 337065ms/24s/12m/10h, 28d/6mo/2021y] --> Began jumping *Entity[rgb(255-255-255), size(50-50) @ pos(432.0-656)] with expected peak @ (x:432.0, y:100)
[PokaPoka @ 379380ms/24s/12m/10h, 28d/6mo/2021y] --> Began jumping *Entity[rgb(255-255-255), size(50-50) @ pos(429.0-648)] with expected peak @ (x:429.0, y:100)
[PokaPoka @ 423632ms/24s/12m/10h, 28d/6mo/2021y] --> Began jumping *Entity[rgb(255-255-255), size(50-50) @ pos(426.0-638)] with expected peak @ (x:426.0, y:100)
[PokaPoka @ 475671ms/24s/12m/10h, 28d/6mo/2021y] --> Began jumping *Entity[rgb(255-255-255), size(50-50) @ pos(423.0-626)] with expected peak @ (x:423.0, y:100)
[PokaPoka @ 521147ms/24s/12m/10h, 28d/6mo/2021y] --> Began jumping *Entity[rgb(255-255-255), size(50-50) @ pos(420.0-612)] with expected peak @ (x:420.0, y:100)
[PokaPoka @ 553058ms/24s/12m/10h, 28d/6mo/2021y] --> Began jumping *Entity[rgb(255-255-255), size(50-50) @ pos(417.0-596)] with expected peak @ (x:417.0, y:100)
[PokaPoka @ 586001ms/24s/12m/10h, 28d/6mo/2021y] --> Began jumping *Entity[rgb(255-255-255), size(50-50) @ pos(414.0-578)] with expected peak @ (x:414.0, y:100)
[PokaPoka @ 698245ms/25s/12m/10h, 28d/6mo/2021y] --> Began jumping *Entity[rgb(255-255-255), size(50-50) @ pos(336.0-668)] with expected peak @ (x:336.0, y:100)
[PokaPoka @ 755309ms/25s/12m/10h, 28d/6mo/2021y] --> Began jumping *Entity[rgb(255-255-255), size(50-50) @ pos(333.0-668)] with expected peak @ (x:333.0, y:100)
[PokaPoka @ 792204ms/25s/12m/10h, 28d/6mo/2021y] --> Began jumping *Entity[rgb(255-255-255), size(50-50) @ pos(330.0-666)] with expected peak @ (x:330.0, y:100)
[PokaPoka @ 821243ms/25s/12m/10h, 28d/6mo/2021y] --> Began jumping *Entity[rgb(255-255-255), size(50-50) @ pos(327.0-662)] with expected peak @ (x:327.0, y:100)
[PokaPoka @ 857200ms/25s/12m/10h, 28d/6mo/2021y] --> Began jumping *Entity[rgb(255-255-255), size(50-50) @ pos(324.0-656)] with expected peak @ (x:324.0, y:100)
[PokaPoka @ 889293ms/25s/12m/10h, 28d/6mo/2021y] --> Began jumping *Entity[rgb(255-255-255), size(50-50) @ pos(321.0-648)] with expected peak @ (x:321.0, y:100)
[PokaPoka @ 923441ms/25s/12m/10h, 28d/6mo/2021y] --> Began jumping *Entity[rgb(255-255-255), size(50-50) @ pos(318.0-638)] with expected peak @ (x:318.0, y:100)
[PokaPoka @ 959215ms/25s/12m/10h, 28d/6mo/2021y] --> Began jumping *Entity[rgb(255-255-255), size(50-50) @ pos(315.0-626)] with expected peak @ (x:315.0, y:100)
[PokaPoka @ 989176ms/25s/12m/10h, 28d/6mo/2021y] --> Began jumping *Entity[rgb(255-255-255), size(50-50) @ pos(312.0-612)] with expected peak @ (x:312.0, y:100)
[PokaPoka @ 26115ms/26s/12m/10h, 28d/6mo/2021y] --> Began jumping *Entity[rgb(255-255-255), size(50-50) @ pos(309.0-596)] with expected peak @ (x:309.0, y:100)
[PokaPoka @ 74097ms/26s/12m/10h, 28d/6mo/2021y] --> Began jumping *Entity[rgb(255-255-255), size(50-50) @ pos(306.0-578)] with expected peak @ (x:306.0, y:100)
[PokaPoka @ 537798ms/56s/12m/10h, 28d/6mo/2021y] --> Began jumping *Entity[rgb(255-255-255), size(50-50) @ pos(279.0-668)] with expected peak @ (x:279.0, y:100)
[PokaPoka @ 572782ms/56s/12m/10h, 28d/6mo/2021y] --> Began jumping *Entity[rgb(255-255-255), size(50-50) @ pos(279.0-668)] with expected peak @ (x:279.0, y:100)
[PokaPoka @ 604769ms/56s/12m/10h, 28d/6mo/2021y] --> Began jumping *Entity[rgb(255-255-255), size(50-50) @ pos(279.0-666)] with expected peak @ (x:279.0, y:100)
[PokaPoka @ 639961ms/56s/12m/10h, 28d/6mo/2021y] --> Began jumping *Entity[rgb(255-255-255), size(50-50) @ pos(279.0-662)] with expected peak @ (x:279.0, y:100)
[PokaPoka @ 672929ms/56s/12m/10h, 28d/6mo/2021y] --> Began jumping *Entity[rgb(255-255-255), size(50-50) @ pos(279.0-656)] with expected peak @ (x:279.0, y:100)
[PokaPoka @ 709074ms/56s/12m/10h, 28d/6mo/2021y] --> Began jumping *Entity[rgb(255-255-255), size(50-50) @ pos(279.0-648)] with expected peak @ (x:279.0, y:100)
[PokaPoka @ 743225ms/56s/12m/10h, 28d/6mo/2021y] --> Began jumping *Entity[rgb(255-255-255), size(50-50) @ pos(279.0-638)] with expected peak @ (x:279.0, y:100)
[PokaPoka @ 780308ms/56s/12m/10h, 28d/6mo/2021y] --> Began jumping *Entity[rgb(255-255-255), size(50-50) @ pos(279.0-626)] with expected peak @ (x:279.0, y:100)
[PokaPoka @ 821195ms/56s/12m/10h, 28d/6mo/2021y] --> Began jumping *Entity[rgb(255-255-255), size(50-50) @ pos(279.0-612)] with expected peak @ (x:279.0, y:100)
[PokaPoka @ 881235ms/56s/12m/10h, 28d/6mo/2021y] --> Began jumping *Entity[rgb(255-255-255), size(50-50) @ pos(279.0-596)] with expected peak @ (x:279.0, y:100)
[PokaPoka @ 933364ms/56s/12m/10h, 28d/6mo/2021y] --> Began jumping *Entity[rgb(255-255-255), size(50-50) @ pos(274.0-573)] with expected peak @ (x:274.0, y:100)
[PokaPoka @ 996149ms/58s/12m/10h, 28d/6mo/2021y] --> Began jumping *Entity[rgb(255-255-255), size(50-50) @ pos(177.0-668)] with expected peak @ (x:177.0, y:100)
[PokaPoka @ 55158ms/59s/12m/10h, 28d/6mo/2021y] --> Began jumping *Entity[rgb(255-255-255), size(50-50) @ pos(180.0-668)] with expected peak @ (x:180.0, y:100)
[PokaPoka @ 106198ms/59s/12m/10h, 28d/6mo/2021y] --> Began jumping *Entity[rgb(255-255-255), size(50-50) @ pos(183.0-666)] with expected peak @ (x:183.0, y:100)
[PokaPoka @ 140270ms/59s/12m/10h, 28d/6mo/2021y] --> Began jumping *Entity[rgb(255-255-255), size(50-50) @ pos(186.0-662)] with expected peak @ (x:186.0, y:100)
[PokaPoka @ 181249ms/59s/12m/10h, 28d/6mo/2021y] --> Began jumping *Entity[rgb(255-255-255), size(50-50) @ pos(189.0-656)] with expected peak @ (x:189.0, y:100)
[PokaPoka @ 217225ms/59s/12m/10h, 28d/6mo/2021y] --> Began jumping *Entity[rgb(255-255-255), size(50-50) @ pos(192.0-648)] with expected peak @ (x:192.0, y:100)
[PokaPoka @ 254920ms/59s/12m/10h, 28d/6mo/2021y] --> Began jumping *Entity[rgb(255-255-255), size(50-50) @ pos(195.0-638)] with expected peak @ (x:195.0, y:100)
[PokaPoka @ 300088ms/59s/12m/10h, 28d/6mo/2021y] --> Began jumping *Entity[rgb(255-255-255), size(50-50) @ pos(198.0-626)] with expected peak @ (x:198.0, y:100)
[PokaPoka @ 340032ms/59s/12m/10h, 28d/6mo/2021y] --> Began jumping *Entity[rgb(255-255-255), size(50-50) @ pos(206.0-607)] with expected peak @ (x:206.0, y:100)
[PokaPoka @ 383986ms/59s/12m/10h, 28d/6mo/2021y] --> Began jumping *Entity[rgb(255-255-255), size(50-50) @ pos(211.0-586)] with expected peak @ (x:211.0, y:100)
[PokaPoka @ 568228ms/1s/13m/10h, 28d/6mo/2021y] --> Began jumping *Entity[rgb(255-255-255), size(50-50) @ pos(386.0-668)] with expected peak @ (x:386.0, y:100)
[PokaPoka @ 610747ms/1s/13m/10h, 28d/6mo/2021y] --> Began jumping *Entity[rgb(255-255-255), size(50-50) @ pos(389.0-668)] with expected peak @ (x:389.0, y:100)
[PokaPoka @ 650843ms/1s/13m/10h, 28d/6mo/2021y] --> Began jumping *Entity[rgb(255-255-255), size(50-50) @ pos(392.0-666)] with expected peak @ (x:392.0, y:100)
[PokaPoka @ 696352ms/1s/13m/10h, 28d/6mo/2021y] --> Began jumping *Entity[rgb(255-255-255), size(50-50) @ pos(395.0-662)] with expected peak @ (x:395.0, y:100)
[PokaPoka @ 758929ms/1s/13m/10h, 28d/6mo/2021y] --> Began jumping *Entity[rgb(255-255-255), size(50-50) @ pos(395.0-656)] with expected peak @ (x:395.0, y:100)
[PokaPoka @ 813781ms/1s/13m/10h, 28d/6mo/2021y] --> Began jumping *Entity[rgb(255-255-255), size(50-50) @ pos(395.0-648)] with expected peak @ (x:395.0, y:100)
[PokaPoka @ 860197ms/1s/13m/10h, 28d/6mo/2021y] --> Began jumping *Entity[rgb(255-255-255), size(50-50) @ pos(395.0-638)] with expected peak @ (x:395.0, y:100)
[PokaPoka @ 898181ms/1s/13m/10h, 28d/6mo/2021y] --> Began jumping *Entity[rgb(255-255-255), size(50-50) @ pos(395.0-626)] with expected peak @ (x:395.0, y:100)
[PokaPoka @ 940521ms/1s/13m/10h, 28d/6mo/2021y] --> Began jumping *Entity[rgb(255-255-255), size(50-50) @ pos(395.0-612)] with expected peak @ (x:395.0, y:100)
[PokaPoka @ 982524ms/1s/13m/10h, 28d/6mo/2021y] --> Began jumping *Entity[rgb(255-255-255), size(50-50) @ pos(395.0-596)] with expected peak @ (x:395.0, y:100)
[PokaPoka @ 18662ms/2s/13m/10h, 28d/6mo/2021y] --> Began jumping *Entity[rgb(255-255-255), size(50-50) @ pos(395.0-578)] with expected peak @ (x:395.0, y:100)
[PokaPoka @ 335868ms/3s/13m/10h, 28d/6mo/2021y] --> Began jumping *Entity[rgb(255-255-255), size(50-50) @ pos(543.0-664)] with expected peak @ (x:543.0, y:100)
[PokaPoka @ 382934ms/3s/13m/10h, 28d/6mo/2021y] --> Began jumping *Entity[rgb(255-255-255), size(50-50) @ pos(546.0-659)] with expected peak @ (x:546.0, y:100)
[PokaPoka @ 433034ms/3s/13m/10h, 28d/6mo/2021y] --> Began jumping *Entity[rgb(255-255-255), size(50-50) @ pos(549.0-652)] with expected peak @ (x:549.0, y:100)
[PokaPoka @ 490991ms/3s/13m/10h, 28d/6mo/2021y] --> Began jumping *Entity[rgb(255-255-255), size(50-50) @ pos(552.0-648)] with expected peak @ (x:552.0, y:100)
[PokaPoka @ 542188ms/3s/13m/10h, 28d/6mo/2021y] --> Began jumping *Entity[rgb(255-255-255), size(50-50) @ pos(555.0-642)] with expected peak @ (x:555.0, y:100)
[PokaPoka @ 600326ms/3s/13m/10h, 28d/6mo/2021y] --> Began jumping *Entity[rgb(255-255-255), size(50-50) @ pos(558.0-634)] with expected peak @ (x:558.0, y:100)
[PokaPoka @ 639832ms/3s/13m/10h, 28d/6mo/2021y] --> Began jumping *Entity[rgb(255-255-255), size(50-50) @ pos(561.0-624)] with expected peak @ (x:561.0, y:100)
[PokaPoka @ 677730ms/3s/13m/10h, 28d/6mo/2021y] --> Began jumping *Entity[rgb(255-255-255), size(50-50) @ pos(564.0-612)] with expected peak @ (x:564.0, y:100)
[PokaPoka @ 707697ms/3s/13m/10h, 28d/6mo/2021y] --> Began jumping *Entity[rgb(255-255-255), size(50-50) @ pos(567.0-598)] with expected peak @ (x:567.0, y:100)
[PokaPoka @ 740287ms/3s/13m/10h, 28d/6mo/2021y] --> Began jumping *Entity[rgb(255-255-255), size(50-50) @ pos(570.0-582)] with expected peak @ (x:570.0, y:100)
[PokaPoka @ 869903ms/5s/13m/10h, 28d/6mo/2021y] --> Began jumping *Entity[rgb(255-255-255), size(50-50) @ pos(696.0-668)] with expected peak @ (x:696.0, y:100)
[PokaPoka @ 895759ms/5s/13m/10h, 28d/6mo/2021y] --> Began jumping *Entity[rgb(255-255-255), size(50-50) @ pos(696.0-668)] with expected peak @ (x:696.0, y:100)
[PokaPoka @ 921765ms/5s/13m/10h, 28d/6mo/2021y] --> Began jumping *Entity[rgb(255-255-255), size(50-50) @ pos(696.0-666)] with expected peak @ (x:696.0, y:100)
[PokaPoka @ 957284ms/5s/13m/10h, 28d/6mo/2021y] --> Began jumping *Entity[rgb(255-255-255), size(50-50) @ pos(696.0-662)] with expected peak @ (x:696.0, y:100)
[PokaPoka @ 996931ms/5s/13m/10h, 28d/6mo/2021y] --> Began jumping *Entity[rgb(255-255-255), size(50-50) @ pos(696.0-656)] with expected peak @ (x:696.0, y:100)
[PokaPoka @ 37995ms/6s/13m/10h, 28d/6mo/2021y] --> Began jumping *Entity[rgb(255-255-255), size(50-50) @ pos(696.0-648)] with expected peak @ (x:696.0, y:100)
[PokaPoka @ 85040ms/6s/13m/10h, 28d/6mo/2021y] --> Began jumping *Entity[rgb(255-255-255), size(50-50) @ pos(696.0-638)] with expected peak @ (x:696.0, y:100)
[PokaPoka @ 117115ms/6s/13m/10h, 28d/6mo/2021y] --> Began jumping *Entity[rgb(255-255-255), size(50-50) @ pos(696.0-626)] with expected peak @ (x:696.0, y:100)
[PokaPoka @ 140287ms/6s/13m/10h, 28d/6mo/2021y] --> Began jumping *Entity[rgb(255-255-255), size(50-50) @ pos(696.0-612)] with expected peak @ (x:696.0, y:100)
[PokaPoka @ 167214ms/6s/13m/10h, 28d/6mo/2021y] --> Began jumping *Entity[rgb(255-255-255), size(50-50) @ pos(696.0-596)] with expected peak @ (x:696.0, y:100)
[PokaPoka @ 192320ms/6s/13m/10h, 28d/6mo/2021y] --> Began jumping *Entity[rgb(255-255-255), size(50-50) @ pos(696.0-578)] with expected peak @ (x:696.0, y:100)
[PokaPoka @ 94239ms/14s/13m/10h, 28d/6mo/2021y] --> Began jumping *Entity[rgb(255-255-255), size(50-50) @ pos(672.0-618)] with expected peak @ (x:672.0, y:100)
[PokaPoka @ 149237ms/14s/13m/10h, 28d/6mo/2021y] --> Began jumping *Entity[rgb(255-255-255), size(50-50) @ pos(672.0-618)] with expected peak @ (x:672.0, y:100)
[PokaPoka @ 192139ms/14s/13m/10h, 28d/6mo/2021y] --> Began jumping *Entity[rgb(255-255-255), size(50-50) @ pos(672.0-616)] with expected peak @ (x:672.0, y:100)
[PokaPoka @ 235016ms/14s/13m/10h, 28d/6mo/2021y] --> Began jumping *Entity[rgb(255-255-255), size(50-50) @ pos(672.0-612)] with expected peak @ (x:672.0, y:100)
[PokaPoka @ 278065ms/14s/13m/10h, 28d/6mo/2021y] --> Began jumping *Entity[rgb(255-255-255), size(50-50) @ pos(672.0-606)] with expected peak @ (x:672.0, y:100)
[PokaPoka @ 333522ms/14s/13m/10h, 28d/6mo/2021y] --> Began jumping *Entity[rgb(255-255-255), size(50-50) @ pos(672.0-598)] with expected peak @ (x:672.0, y:100)
[PokaPoka @ 388959ms/14s/13m/10h, 28d/6mo/2021y] --> Began jumping *Entity[rgb(255-255-255), size(50-50) @ pos(667.0-583)] with expected peak @ (x:667.0, y:100)
[PokaPoka @ 439822ms/14s/13m/10h, 28d/6mo/2021y] --> Began jumping *Entity[rgb(255-255-255), size(50-50) @ pos(667.0-566)] with expected peak @ (x:667.0, y:100)
[PokaPoka @ 491243ms/14s/13m/10h, 28d/6mo/2021y] --> Began jumping *Entity[rgb(255-255-255), size(50-50) @ pos(667.0-547)] with expected peak @ (x:667.0, y:100)
[PokaPoka @ 546577ms/14s/13m/10h, 28d/6mo/2021y] --> Began jumping *Entity[rgb(255-255-255), size(50-50) @ pos(667.0-526)] with expected peak @ (x:667.0, y:100)
[PokaPoka @ 77081ms/16s/13m/10h, 28d/6mo/2021y] --> Began jumping *Entity[rgb(255-255-255), size(50-50) @ pos(667.0-618)] with expected peak @ (x:667.0, y:100)
[PokaPoka @ 124152ms/16s/13m/10h, 28d/6mo/2021y] --> Began jumping *Entity[rgb(255-255-255), size(50-50) @ pos(667.0-618)] with expected peak @ (x:667.0, y:100)
[PokaPoka @ 157319ms/16s/13m/10h, 28d/6mo/2021y] --> Began jumping *Entity[rgb(255-255-255), size(50-50) @ pos(667.0-616)] with expected peak @ (x:667.0, y:100)
[PokaPoka @ 190438ms/16s/13m/10h, 28d/6mo/2021y] --> Began jumping *Entity[rgb(255-255-255), size(50-50) @ pos(667.0-612)] with expected peak @ (x:667.0, y:100)
[PokaPoka @ 232074ms/16s/13m/10h, 28d/6mo/2021y] --> Began jumping *Entity[rgb(255-255-255), size(50-50) @ pos(667.0-606)] with expected peak @ (x:667.0, y:100)
[PokaPoka @ 282224ms/16s/13m/10h, 28d/6mo/2021y] --> Began jumping *Entity[rgb(255-255-255), size(50-50) @ pos(667.0-598)] with expected peak @ (x:667.0, y:100)
[PokaPoka @ 340112ms/16s/13m/10h, 28d/6mo/2021y] --> Began jumping *Entity[rgb(255-255-255), size(50-50) @ pos(667.0-588)] with expected peak @ (x:667.0, y:100)
[PokaPoka @ 388065ms/16s/13m/10h, 28d/6mo/2021y] --> Began jumping *Entity[rgb(255-255-255), size(50-50) @ pos(667.0-576)] with expected peak @ (x:667.0, y:100)
[PokaPoka @ 425024ms/16s/13m/10h, 28d/6mo/2021y] --> Began jumping *Entity[rgb(255-255-255), size(50-50) @ pos(667.0-562)] with expected peak @ (x:667.0, y:100)
[PokaPoka @ 456145ms/16s/13m/10h, 28d/6mo/2021y] --> Began jumping *Entity[rgb(255-255-255), size(50-50) @ pos(667.0-546)] with expected peak @ (x:667.0, y:100)
[PokaPoka @ 491922ms/16s/13m/10h, 28d/6mo/2021y] --> Began jumping *Entity[rgb(255-255-255), size(50-50) @ pos(667.0-528)] with expected peak @ (x:667.0, y:100)
[PokaPoka @ 685992ms/21s/13m/10h, 28d/6mo/2021y] --> Mouse interacted with hotbar slot(8) --> removed from inventory
[PokaPoka @ 257663ms/22s/13m/10h, 28d/6mo/2021y] --> Item Entity[rgb(44-233-73), size(50-50) @ pos(455-60)] interacted with hotbar slot(8) --> added to inventory
[PokaPoka @ 815484ms/22s/13m/10h, 28d/6mo/2021y] --> Mouse interacted with hotbar slot(8) --> removed from inventory
[PokaPoka @ 121662ms/23s/13m/10h, 28d/6mo/2021y] --> Item Entity[rgb(44-233-73), size(50-50) @ pos(455-60)] interacted with hotbar slot(8) --> added to inventory
[PokaPoka @ 102278ms/24s/13m/10h, 28d/6mo/2021y] --> Mouse interacted with hotbar slot(8) --> removed from inventory
[PokaPoka @ 447017ms/24s/13m/10h, 28d/6mo/2021y] --> Item Entity[rgb(44-233-73), size(50-50) @ pos(455-60)] interacted with hotbar slot(8) --> added to inventory
[PokaPoka @ 698494ms/30s/15m/10h, 28d/6mo/2021y] --> Began jumping *Entity[rgb(255-255-255), size(50-50) @ pos(657.0-618)] with expected peak @ (x:657.0, y:100)
[PokaPoka @ 760358ms/30s/15m/10h, 28d/6mo/2021y] --> Began jumping *Entity[rgb(255-255-255), size(50-50) @ pos(657.0-618)] with expected peak @ (x:657.0, y:100)
[PokaPoka @ 824822ms/30s/15m/10h, 28d/6mo/2021y] --> Began jumping *Entity[rgb(255-255-255), size(50-50) @ pos(657.0-616)] with expected peak @ (x:657.0, y:100)
[PokaPoka @ 884298ms/30s/15m/10h, 28d/6mo/2021y] --> Began jumping *Entity[rgb(255-255-255), size(50-50) @ pos(657.0-612)] with expected peak @ (x:657.0, y:100)
[PokaPoka @ 945274ms/30s/15m/10h, 28d/6mo/2021y] --> Began jumping *Entity[rgb(255-255-255), size(50-50) @ pos(657.0-606)] with expected peak @ (x:657.0, y:100)
[PokaPoka @ 7734ms/31s/15m/10h, 28d/6mo/2021y] --> Began jumping *Entity[rgb(255-255-255), size(50-50) @ pos(657.0-598)] with expected peak @ (x:657.0, y:100)
[PokaPoka @ 49863ms/31s/15m/10h, 28d/6mo/2021y] --> Began jumping *Entity[rgb(255-255-255), size(50-50) @ pos(657.0-588)] with expected peak @ (x:657.0, y:100)
[PokaPoka @ 87430ms/31s/15m/10h, 28d/6mo/2021y] --> Began jumping *Entity[rgb(255-255-255), size(50-50) @ pos(657.0-576)] with expected peak @ (x:657.0, y:100)
[PokaPoka @ 131806ms/31s/15m/10h, 28d/6mo/2021y] --> Began jumping *Entity[rgb(255-255-255), size(50-50) @ pos(657.0-562)] with expected peak @ (x:657.0, y:100)
[PokaPoka @ 186639ms/31s/15m/10h, 28d/6mo/2021y] --> Began jumping *Entity[rgb(255-255-255), size(50-50) @ pos(657.0-546)] with expected peak @ (x:657.0, y:100)
[PokaPoka @ 227234ms/31s/15m/10h, 28d/6mo/2021y] --> Began jumping *Entity[rgb(255-255-255), size(50-50) @ pos(657.0-528)] with expected peak @ (x:657.0, y:100)
[PokaPoka @ 390034ms/32s/15m/10h, 28d/6mo/2021y] --> Began jumping *Entity[rgb(255-255-255), size(50-50) @ pos(657.0-618)] with expected peak @ (x:657.0, y:100)
[PokaPoka @ 466164ms/32s/15m/10h, 28d/6mo/2021y] --> Began jumping *Entity[rgb(255-255-255), size(50-50) @ pos(657.0-618)] with expected peak @ (x:657.0, y:100)
[PokaPoka @ 506134ms/32s/15m/10h, 28d/6mo/2021y] --> Began jumping *Entity[rgb(255-255-255), size(50-50) @ pos(657.0-616)] with expected peak @ (x:657.0, y:100)
[PokaPoka @ 543513ms/32s/15m/10h, 28d/6mo/2021y] --> Began jumping *Entity[rgb(255-255-255), size(50-50) @ pos(657.0-612)] with expected peak @ (x:657.0, y:100)
[PokaPoka @ 581095ms/32s/15m/10h, 28d/6mo/2021y] --> Began jumping *Entity[rgb(255-255-255), size(50-50) @ pos(657.0-606)] with expected peak @ (x:657.0, y:100)
[PokaPoka @ 617996ms/32s/15m/10h, 28d/6mo/2021y] --> Began jumping *Entity[rgb(255-255-255), size(50-50) @ pos(657.0-598)] with expected peak @ (x:657.0, y:100)
[PokaPoka @ 654951ms/32s/15m/10h, 28d/6mo/2021y] --> Began jumping *Entity[rgb(255-255-255), size(50-50) @ pos(657.0-588)] with expected peak @ (x:657.0, y:100)
[PokaPoka @ 693594ms/32s/15m/10h, 28d/6mo/2021y] --> Began jumping *Entity[rgb(255-255-255), size(50-50) @ pos(657.0-576)] with expected peak @ (x:657.0, y:100)
[PokaPoka @ 731361ms/32s/15m/10h, 28d/6mo/2021y] --> Began jumping *Entity[rgb(255-255-255), size(50-50) @ pos(657.0-562)] with expected peak @ (x:657.0, y:100)
[PokaPoka @ 775938ms/32s/15m/10h, 28d/6mo/2021y] --> Began jumping *Entity[rgb(255-255-255), size(50-50) @ pos(657.0-546)] with expected peak @ (x:657.0, y:100)
[PokaPoka @ 826993ms/32s/15m/10h, 28d/6mo/2021y] --> Began jumping *Entity[rgb(255-255-255), size(50-50) @ pos(657.0-528)] with expected peak @ (x:657.0, y:100)
[PokaPoka @ 81117ms/34s/15m/10h, 28d/6mo/2021y] --> Began jumping *Entity[rgb(255-255-255), size(50-50) @ pos(657.0-618)] with expected peak @ (x:657.0, y:100)
[PokaPoka @ 125249ms/34s/15m/10h, 28d/6mo/2021y] --> Began jumping *Entity[rgb(255-255-255), size(50-50) @ pos(657.0-618)] with expected peak @ (x:657.0, y:100)
[PokaPoka @ 167461ms/34s/15m/10h, 28d/6mo/2021y] --> Began jumping *Entity[rgb(255-255-255), size(50-50) @ pos(657.0-616)] with expected peak @ (x:657.0, y:100)
[PokaPoka @ 219887ms/34s/15m/10h, 28d/6mo/2021y] --> Began jumping *Entity[rgb(255-255-255), size(50-50) @ pos(657.0-612)] with expected peak @ (x:657.0, y:100)
[PokaPoka @ 279405ms/34s/15m/10h, 28d/6mo/2021y] --> Began jumping *Entity[rgb(255-255-255), size(50-50) @ pos(657.0-606)] with expected peak @ (x:657.0, y:100)
[PokaPoka @ 336962ms/34s/15m/10h, 28d/6mo/2021y] --> Began jumping *Entity[rgb(255-255-255), size(50-50) @ pos(657.0-598)] with expected peak @ (x:657.0, y:100)
[PokaPoka @ 396453ms/34s/15m/10h, 28d/6mo/2021y] --> Began jumping *Entity[rgb(255-255-255), size(50-50) @ pos(657.0-588)] with expected peak @ (x:657.0, y:100)
[PokaPoka @ 446263ms/34s/15m/10h, 28d/6mo/2021y] --> Began jumping *Entity[rgb(255-255-255), size(50-50) @ pos(657.0-576)] with expected peak @ (x:657.0, y:100)
[PokaPoka @ 492273ms/34s/15m/10h, 28d/6mo/2021y] --> Began jumping *Entity[rgb(255-255-255), size(50-50) @ pos(657.0-562)] with expected peak @ (x:657.0, y:100)
[PokaPoka @ 526814ms/34s/15m/10h, 28d/6mo/2021y] --> Began jumping *Entity[rgb(255-255-255), size(50-50) @ pos(657.0-546)] with expected peak @ (x:657.0, y:100)
[PokaPoka @ 561278ms/34s/15m/10h, 28d/6mo/2021y] --> Began jumping *Entity[rgb(255-255-255), size(50-50) @ pos(657.0-528)] with expected peak @ (x:657.0, y:100)
[PokaPoka @ 436498ms/36s/15m/10h, 28d/6mo/2021y] --> Began jumping *Entity[rgb(255-255-255), size(50-50) @ pos(657.0-618)] with expected peak @ (x:657.0, y:100)
[PokaPoka @ 493500ms/36s/15m/10h, 28d/6mo/2021y] --> Began jumping *Entity[rgb(255-255-255), size(50-50) @ pos(657.0-618)] with expected peak @ (x:657.0, y:100)
[PokaPoka @ 526139ms/36s/15m/10h, 28d/6mo/2021y] --> Began jumping *Entity[rgb(255-255-255), size(50-50) @ pos(657.0-616)] with expected peak @ (x:657.0, y:100)
[PokaPoka @ 557156ms/36s/15m/10h, 28d/6mo/2021y] --> Began jumping *Entity[rgb(255-255-255), size(50-50) @ pos(657.0-612)] with expected peak @ (x:657.0, y:100)
[PokaPoka @ 590616ms/36s/15m/10h, 28d/6mo/2021y] --> Began jumping *Entity[rgb(255-255-255), size(50-50) @ pos(657.0-606)] with expected peak @ (x:657.0, y:100)
[PokaPoka @ 623746ms/36s/15m/10h, 28d/6mo/2021y] --> Began jumping *Entity[rgb(255-255-255), size(50-50) @ pos(657.0-598)] with expected peak @ (x:657.0, y:100)
[PokaPoka @ 660204ms/36s/15m/10h, 28d/6mo/2021y] --> Began jumping *Entity[rgb(255-255-255), size(50-50) @ pos(657.0-588)] with expected peak @ (x:657.0, y:100)
[PokaPoka @ 711014ms/36s/15m/10h, 28d/6mo/2021y] --> Began jumping *Entity[rgb(255-255-255), size(50-50) @ pos(657.0-576)] with expected peak @ (x:657.0, y:100)
[PokaPoka @ 755646ms/36s/15m/10h, 28d/6mo/2021y] --> Began jumping *Entity[rgb(255-255-255), size(50-50) @ pos(657.0-562)] with expected peak @ (x:657.0, y:100)
[PokaPoka @ 796129ms/36s/15m/10h, 28d/6mo/2021y] --> Began jumping *Entity[rgb(255-255-255), size(50-50) @ pos(657.0-546)] with expected peak @ (x:657.0, y:100)
[PokaPoka @ 835574ms/36s/15m/10h, 28d/6mo/2021y] --> Began jumping *Entity[rgb(255-255-255), size(50-50) @ pos(657.0-528)] with expected peak @ (x:657.0, y:100)
[PokaPoka @ 124531ms/38s/15m/10h, 28d/6mo/2021y] --> Began jumping *Entity[rgb(255-255-255), size(50-50) @ pos(657.0-618)] with expected peak @ (x:657.0, y:100)
[PokaPoka @ 170950ms/38s/15m/10h, 28d/6mo/2021y] --> Began jumping *Entity[rgb(255-255-255), size(50-50) @ pos(657.0-618)] with expected peak @ (x:657.0, y:100)
[PokaPoka @ 220868ms/38s/15m/10h, 28d/6mo/2021y] --> Began jumping *Entity[rgb(255-255-255), size(50-50) @ pos(657.0-616)] with expected peak @ (x:657.0, y:100)
[PokaPoka @ 258611ms/38s/15m/10h, 28d/6mo/2021y] --> Began jumping *Entity[rgb(255-255-255), size(50-50) @ pos(657.0-612)] with expected peak @ (x:657.0, y:100)
[PokaPoka @ 303227ms/38s/15m/10h, 28d/6mo/2021y] --> Began jumping *Entity[rgb(255-255-255), size(50-50) @ pos(657.0-606)] with expected peak @ (x:657.0, y:100)
[PokaPoka @ 354242ms/38s/15m/10h, 28d/6mo/2021y] --> Began jumping *Entity[rgb(255-255-255), size(50-50) @ pos(657.0-598)] with expected peak @ (x:657.0, y:100)
[PokaPoka @ 410139ms/38s/15m/10h, 28d/6mo/2021y] --> Began jumping *Entity[rgb(255-255-255), size(50-50) @ pos(657.0-588)] with expected peak @ (x:657.0, y:100)
[PokaPoka @ 464958ms/38s/15m/10h, 28d/6mo/2021y] --> Began jumping *Entity[rgb(255-255-255), size(50-50) @ pos(657.0-576)] with expected peak @ (x:657.0, y:100)
[PokaPoka @ 505971ms/38s/15m/10h, 28d/6mo/2021y] --> Began jumping *Entity[rgb(255-255-255), size(50-50) @ pos(657.0-562)] with expected peak @ (x:657.0, y:100)
[PokaPoka @ 551337ms/38s/15m/10h, 28d/6mo/2021y] --> Began jumping *Entity[rgb(255-255-255), size(50-50) @ pos(657.0-546)] with expected peak @ (x:657.0, y:100)
[PokaPoka @ 597097ms/38s/15m/10h, 28d/6mo/2021y] --> Began jumping *Entity[rgb(255-255-255), size(50-50) @ pos(657.0-528)] with expected peak @ (x:657.0, y:100)
[PokaPoka @ 712283ms/39s/15m/10h, 28d/6mo/2021y] --> Began jumping *Entity[rgb(255-255-255), size(50-50) @ pos(657.0-618)] with expected peak @ (x:657.0, y:100)
[PokaPoka @ 750892ms/39s/15m/10h, 28d/6mo/2021y] --> Began jumping *Entity[rgb(255-255-255), size(50-50) @ pos(657.0-618)] with expected peak @ (x:657.0, y:100)
[PokaPoka @ 792757ms/39s/15m/10h, 28d/6mo/2021y] --> Began jumping *Entity[rgb(255-255-255), size(50-50) @ pos(657.0-616)] with expected peak @ (x:657.0, y:100)
[PokaPoka @ 836821ms/39s/15m/10h, 28d/6mo/2021y] --> Began jumping *Entity[rgb(255-255-255), size(50-50) @ pos(657.0-612)] with expected peak @ (x:657.0, y:100)
[PokaPoka @ 886633ms/39s/15m/10h, 28d/6mo/2021y] --> Began jumping *Entity[rgb(255-255-255), size(50-50) @ pos(657.0-606)] with expected peak @ (x:657.0, y:100)
[PokaPoka @ 942531ms/39s/15m/10h, 28d/6mo/2021y] --> Began jumping *Entity[rgb(255-255-255), size(50-50) @ pos(657.0-598)] with expected peak @ (x:657.0, y:100)
[PokaPoka @ 996053ms/39s/15m/10h, 28d/6mo/2021y] --> Began jumping *Entity[rgb(255-255-255), size(50-50) @ pos(657.0-588)] with expected peak @ (x:657.0, y:100)
[PokaPoka @ 33347ms/40s/15m/10h, 28d/6mo/2021y] --> Began jumping *Entity[rgb(255-255-255), size(50-50) @ pos(657.0-576)] with expected peak @ (x:657.0, y:100)
[PokaPoka @ 66563ms/40s/15m/10h, 28d/6mo/2021y] --> Began jumping *Entity[rgb(255-255-255), size(50-50) @ pos(657.0-562)] with expected peak @ (x:657.0, y:100)
[PokaPoka @ 100848ms/40s/15m/10h, 28d/6mo/2021y] --> Began jumping *Entity[rgb(255-255-255), size(50-50) @ pos(657.0-546)] with expected peak @ (x:657.0, y:100)
[PokaPoka @ 135985ms/40s/15m/10h, 28d/6mo/2021y] --> Began jumping *Entity[rgb(255-255-255), size(50-50) @ pos(657.0-528)] with expected peak @ (x:657.0, y:100)
[PokaPoka @ 376372ms/41s/15m/10h, 28d/6mo/2021y] --> Began jumping *Entity[rgb(255-255-255), size(50-50) @ pos(657.0-618)] with expected peak @ (x:657.0, y:100)
[PokaPoka @ 423797ms/41s/15m/10h, 28d/6mo/2021y] --> Began jumping *Entity[rgb(255-255-255), size(50-50) @ pos(657.0-618)] with expected peak @ (x:657.0, y:100)
[PokaPoka @ 474770ms/41s/15m/10h, 28d/6mo/2021y] --> Began jumping *Entity[rgb(255-255-255), size(50-50) @ pos(657.0-616)] with expected peak @ (x:657.0, y:100)
[PokaPoka @ 522414ms/41s/15m/10h, 28d/6mo/2021y] --> Began jumping *Entity[rgb(255-255-255), size(50-50) @ pos(657.0-612)] with expected peak @ (x:657.0, y:100)
[PokaPoka @ 556246ms/41s/15m/10h, 28d/6mo/2021y] --> Began jumping *Entity[rgb(255-255-255), size(50-50) @ pos(657.0-606)] with expected peak @ (x:657.0, y:100)
[PokaPoka @ 592559ms/41s/15m/10h, 28d/6mo/2021y] --> Began jumping *Entity[rgb(255-255-255), size(50-50) @ pos(657.0-598)] with expected peak @ (x:657.0, y:100)
[PokaPoka @ 631074ms/41s/15m/10h, 28d/6mo/2021y] --> Began jumping *Entity[rgb(255-255-255), size(50-50) @ pos(657.0-588)] with expected peak @ (x:657.0, y:100)
[PokaPoka @ 666836ms/41s/15m/10h, 28d/6mo/2021y] --> Began jumping *Entity[rgb(255-255-255), size(50-50) @ pos(657.0-576)] with expected peak @ (x:657.0, y:100)
[PokaPoka @ 707769ms/41s/15m/10h, 28d/6mo/2021y] --> Began jumping *Entity[rgb(255-255-255), size(50-50) @ pos(657.0-562)] with expected peak @ (x:657.0, y:100)
[PokaPoka @ 750077ms/41s/15m/10h, 28d/6mo/2021y] --> Began jumping *Entity[rgb(255-255-255), size(50-50) @ pos(657.0-546)] with expected peak @ (x:657.0, y:100)
[PokaPoka @ 785599ms/41s/15m/10h, 28d/6mo/2021y] --> Began jumping *Entity[rgb(255-255-255), size(50-50) @ pos(657.0-528)] with expected peak @ (x:657.0, y:100)
[PokaPoka @ 506477ms/44s/15m/10h, 28d/6mo/2021y] --> Began jumping *Entity[rgb(255-255-255), size(50-50) @ pos(576.0-668)] with expected peak @ (x:576.0, y:100)
[PokaPoka @ 545087ms/44s/15m/10h, 28d/6mo/2021y] --> Began jumping *Entity[rgb(255-255-255), size(50-50) @ pos(573.0-668)] with expected peak @ (x:573.0, y:100)
[PokaPoka @ 575974ms/44s/15m/10h, 28d/6mo/2021y] --> Began jumping *Entity[rgb(255-255-255), size(50-50) @ pos(570.0-666)] with expected peak @ (x:570.0, y:100)
[PokaPoka @ 607551ms/44s/15m/10h, 28d/6mo/2021y] --> Began jumping *Entity[rgb(255-255-255), size(50-50) @ pos(567.0-662)] with expected peak @ (x:567.0, y:100)
[PokaPoka @ 638937ms/44s/15m/10h, 28d/6mo/2021y] --> Began jumping *Entity[rgb(255-255-255), size(50-50) @ pos(567.0-656)] with expected peak @ (x:567.0, y:100)
[PokaPoka @ 670613ms/44s/15m/10h, 28d/6mo/2021y] --> Began jumping *Entity[rgb(255-255-255), size(50-50) @ pos(564.0-648)] with expected peak @ (x:564.0, y:100)
[PokaPoka @ 701324ms/44s/15m/10h, 28d/6mo/2021y] --> Began jumping *Entity[rgb(255-255-255), size(50-50) @ pos(561.0-638)] with expected peak @ (x:561.0, y:100)
[PokaPoka @ 742407ms/44s/15m/10h, 28d/6mo/2021y] --> Began jumping *Entity[rgb(255-255-255), size(50-50) @ pos(561.0-626)] with expected peak @ (x:561.0, y:100)
[PokaPoka @ 793035ms/44s/15m/10h, 28d/6mo/2021y] --> Began jumping *Entity[rgb(255-255-255), size(50-50) @ pos(558.0-612)] with expected peak @ (x:558.0, y:100)
[PokaPoka @ 844030ms/44s/15m/10h, 28d/6mo/2021y] --> Began jumping *Entity[rgb(255-255-255), size(50-50) @ pos(555.0-596)] with expected peak @ (x:555.0, y:100)
[PokaPoka @ 889975ms/44s/15m/10h, 28d/6mo/2021y] --> Began jumping *Entity[rgb(255-255-255), size(50-50) @ pos(555.0-578)] with expected peak @ (x:555.0, y:100)
[PokaPoka @ 425039ms/48s/15m/10h, 28d/6mo/2021y] --> Began jumping *Entity[rgb(255-255-255), size(50-50) @ pos(375.0-668)] with expected peak @ (x:375.0, y:100)
[PokaPoka @ 465296ms/48s/15m/10h, 28d/6mo/2021y] --> Began jumping *Entity[rgb(255-255-255), size(50-50) @ pos(375.0-668)] with expected peak @ (x:375.0, y:100)
[PokaPoka @ 495255ms/48s/15m/10h, 28d/6mo/2021y] --> Began jumping *Entity[rgb(255-255-255), size(50-50) @ pos(375.0-666)] with expected peak @ (x:375.0, y:100)
[PokaPoka @ 536872ms/48s/15m/10h, 28d/6mo/2021y] --> Began jumping *Entity[rgb(255-255-255), size(50-50) @ pos(375.0-662)] with expected peak @ (x:375.0, y:100)
[PokaPoka @ 572024ms/48s/15m/10h, 28d/6mo/2021y] --> Began jumping *Entity[rgb(255-255-255), size(50-50) @ pos(375.0-656)] with expected peak @ (x:375.0, y:100)
[PokaPoka @ 611055ms/48s/15m/10h, 28d/6mo/2021y] --> Began jumping *Entity[rgb(255-255-255), size(50-50) @ pos(375.0-648)] with expected peak @ (x:375.0, y:100)
[PokaPoka @ 640868ms/48s/15m/10h, 28d/6mo/2021y] --> Began jumping *Entity[rgb(255-255-255), size(50-50) @ pos(375.0-638)] with expected peak @ (x:375.0, y:100)
[PokaPoka @ 672479ms/48s/15m/10h, 28d/6mo/2021y] --> Began jumping *Entity[rgb(255-255-255), size(50-50) @ pos(375.0-626)] with expected peak @ (x:375.0, y:100)
[PokaPoka @ 704667ms/48s/15m/10h, 28d/6mo/2021y] --> Began jumping *Entity[rgb(255-255-255), size(50-50) @ pos(375.0-612)] with expected peak @ (x:375.0, y:100)
[PokaPoka @ 737084ms/48s/15m/10h, 28d/6mo/2021y] --> Began jumping *Entity[rgb(255-255-255), size(50-50) @ pos(375.0-596)] with expected peak @ (x:375.0, y:100)
[PokaPoka @ 767978ms/48s/15m/10h, 28d/6mo/2021y] --> Began jumping *Entity[rgb(255-255-255), size(50-50) @ pos(375.0-578)] with expected peak @ (x:375.0, y:100)
[PokaPoka @ 66229ms/51s/15m/10h, 28d/6mo/2021y] --> Began jumping *Entity[rgb(255-255-255), size(50-50) @ pos(276.0-668)] with expected peak @ (x:276.0, y:100)
[PokaPoka @ 120231ms/51s/15m/10h, 28d/6mo/2021y] --> Began jumping *Entity[rgb(255-255-255), size(50-50) @ pos(276.0-668)] with expected peak @ (x:276.0, y:100)
[PokaPoka @ 171220ms/51s/15m/10h, 28d/6mo/2021y] --> Began jumping *Entity[rgb(255-255-255), size(50-50) @ pos(276.0-666)] with expected peak @ (x:276.0, y:100)
[PokaPoka @ 229932ms/51s/15m/10h, 28d/6mo/2021y] --> Began jumping *Entity[rgb(255-255-255), size(50-50) @ pos(276.0-662)] with expected peak @ (x:276.0, y:100)
[PokaPoka @ 272816ms/51s/15m/10h, 28d/6mo/2021y] --> Began jumping *Entity[rgb(255-255-255), size(50-50) @ pos(273.0-656)] with expected peak @ (x:273.0, y:100)
[PokaPoka @ 310748ms/51s/15m/10h, 28d/6mo/2021y] --> Began jumping *Entity[rgb(255-255-255), size(50-50) @ pos(270.0-648)] with expected peak @ (x:270.0, y:100)
[PokaPoka @ 358366ms/51s/15m/10h, 28d/6mo/2021y] --> Began jumping *Entity[rgb(255-255-255), size(50-50) @ pos(270.0-638)] with expected peak @ (x:270.0, y:100)
[PokaPoka @ 401518ms/51s/15m/10h, 28d/6mo/2021y] --> Began jumping *Entity[rgb(255-255-255), size(50-50) @ pos(270.0-626)] with expected peak @ (x:270.0, y:100)
[PokaPoka @ 441523ms/51s/15m/10h, 28d/6mo/2021y] --> Began jumping *Entity[rgb(255-255-255), size(50-50) @ pos(270.0-612)] with expected peak @ (x:270.0, y:100)
[PokaPoka @ 493134ms/51s/15m/10h, 28d/6mo/2021y] --> Began jumping *Entity[rgb(255-255-255), size(50-50) @ pos(270.0-596)] with expected peak @ (x:270.0, y:100)
[PokaPoka @ 532857ms/51s/15m/10h, 28d/6mo/2021y] --> Began jumping *Entity[rgb(255-255-255), size(50-50) @ pos(270.0-578)] with expected peak @ (x:270.0, y:100)
[PokaPoka @ 428983ms/52s/15m/10h, 28d/6mo/2021y] --> Attempted to QUIT @ Esc key
[PokaPoka @ 428983ms/52s/15m/10h, 28d/6mo/2021y] --> Shutting down (2nd to last) final!
[PokaPoka @ 428983ms/52s/15m/10h, 28d/6mo/2021y] --> Exported game log as PokaPoka_181657_21_12_10_28_6_2021.log