[PokaPoka @ 919091ms/35s/19m/18h, 27d/6mo/2021y] --> Beginning game startup and startup-finish
[PokaPoka @ 888223ms/37s/19m/18h, 27d/6mo/2021y] --> Began jumping *Entity[rgb(255-255-255), size(50-50) @ pos(824.0-668)] with expected peak @ (x:824.0, y:100)
[PokaPoka @ 905471ms/37s/19m/18h, 27d/6mo/2021y] --> Began jumping *Entity[rgb(255-255-255), size(50-50) @ pos(827.0-668)] with expected peak @ (x:827.0, y:100)
[PokaPoka @ 922071ms/37s/19m/18h, 27d/6mo/2021y] --> Began jumping *Entity[rgb(255-255-255), size(50-50) @ pos(830.0-666)] with expected peak @ (x:830.0, y:100)
[PokaPoka @ 937491ms/37s/19m/18h, 27d/6mo/2021y] --> Began jumping *Entity[rgb(255-255-255), size(50-50) @ pos(833.0-662)] with expected peak @ (x:833.0, y:100)
[PokaPoka @ 953879ms/37s/19m/18h, 27d/6mo/2021y] --> Began jumping *Entity[rgb(255-255-255), size(50-50) @ pos(836.0-656)] with expected peak @ (x:836.0, y:100)
[PokaPoka @ 969779ms/37s/19m/18h, 27d/6mo/2021y] --> Began jumping *Entity[rgb(255-255-255), size(50-50) @ pos(839.0-648)] with expected peak @ (x:839.0, y:100)
[PokaPoka @ 986145ms/37s/19m/18h, 27d/6mo/2021y] --> Began jumping *Entity[rgb(255-255-255), size(50-50) @ pos(842.0-638)] with expected peak @ (x:842.0, y:100)
[PokaPoka @ 3131ms/38s/19m/18h, 27d/6mo/2021y] --> Began jumping *Entity[rgb(255-255-255), size(50-50) @ pos(845.0-626)] with expected peak @ (x:845.0, y:100)
[PokaPoka @ 19089ms/38s/19m/18h, 27d/6mo/2021y] --> Began jumping *Entity[rgb(255-255-255), size(50-50) @ pos(848.0-612)] with expected peak @ (x:848.0, y:100)
[PokaPoka @ 36280ms/38s/19m/18h, 27d/6mo/2021y] --> Began jumping *Entity[rgb(255-255-255), size(50-50) @ pos(848.0-596)] with expected peak @ (x:848.0, y:100)
[PokaPoka @ 52604ms/38s/19m/18h, 27d/6mo/2021y] --> Began jumping *Entity[rgb(255-255-255), size(50-50) @ pos(848.0-578)] with expected peak @ (x:848.0, y:100)
[PokaPoka @ 448432ms/38s/19m/18h, 27d/6mo/2021y] --> Began jumping *Entity[rgb(255-255-255), size(50-50) @ pos(779.0-668)] with expected peak @ (x:779.0, y:100)
[PokaPoka @ 466512ms/38s/19m/18h, 27d/6mo/2021y] --> Began jumping *Entity[rgb(255-255-255), size(50-50) @ pos(776.0-668)] with expected peak @ (x:776.0, y:100)
[PokaPoka @ 482029ms/38s/19m/18h, 27d/6mo/2021y] --> Began jumping *Entity[rgb(255-255-255), size(50-50) @ pos(773.0-666)] with expected peak @ (x:773.0, y:100)
[PokaPoka @ 498885ms/38s/19m/18h, 27d/6mo/2021y] --> Began jumping *Entity[rgb(255-255-255), size(50-50) @ pos(770.0-662)] with expected peak @ (x:770.0, y:100)
[PokaPoka @ 514845ms/38s/19m/18h, 27d/6mo/2021y] --> Began jumping *Entity[rgb(255-255-255), size(50-50) @ pos(767.0-656)] with expected peak @ (x:767.0, y:100)
[PokaPoka @ 531754ms/38s/19m/18h, 27d/6mo/2021y] --> Began jumping *Entity[rgb(255-255-255), size(50-50) @ pos(764.0-648)] with expected peak @ (x:764.0, y:100)
[PokaPoka @ 549064ms/38s/19m/18h, 27d/6mo/2021y] --> Began jumping *Entity[rgb(255-255-255), size(50-50) @ pos(761.0-638)] with expected peak @ (x:761.0, y:100)
[PokaPoka @ 565482ms/38s/19m/18h, 27d/6mo/2021y] --> Began jumping *Entity[rgb(255-255-255), size(50-50) @ pos(758.0-626)] with expected peak @ (x:758.0, y:100)
[PokaPoka @ 582184ms/38s/19m/18h, 27d/6mo/2021y] --> Began jumping *Entity[rgb(255-255-255), size(50-50) @ pos(755.0-612)] with expected peak @ (x:755.0, y:100)
[PokaPoka @ 598340ms/38s/19m/18h, 27d/6mo/2021y] --> Began jumping *Entity[rgb(255-255-255), size(50-50) @ pos(752.0-596)] with expected peak @ (x:752.0, y:100)
[PokaPoka @ 615302ms/38s/19m/18h, 27d/6mo/2021y] --> Began jumping *Entity[rgb(255-255-255), size(50-50) @ pos(749.0-578)] with expected peak @ (x:749.0, y:100)
[PokaPoka @ 380197ms/49s/20m/18h, 27d/6mo/2021y] --> Began jumping *Entity[rgb(255-255-255), size(50-50) @ pos(350.0-668)] with expected peak @ (x:350.0, y:100)
[PokaPoka @ 396399ms/49s/20m/18h, 27d/6mo/2021y] --> Began jumping *Entity[rgb(255-255-255), size(50-50) @ pos(353.0-668)] with expected peak @ (x:353.0, y:100)
[PokaPoka @ 413451ms/49s/20m/18h, 27d/6mo/2021y] --> Began jumping *Entity[rgb(255-255-255), size(50-50) @ pos(356.0-666)] with expected peak @ (x:356.0, y:100)
[PokaPoka @ 430256ms/49s/20m/18h, 27d/6mo/2021y] --> Began jumping *Entity[rgb(255-255-255), size(50-50) @ pos(359.0-662)] with expected peak @ (x:359.0, y:100)
[PokaPoka @ 447752ms/49s/20m/18h, 27d/6mo/2021y] --> Began jumping *Entity[rgb(255-255-255), size(50-50) @ pos(362.0-656)] with expected peak @ (x:362.0, y:100)
[PokaPoka @ 464928ms/49s/20m/18h, 27d/6mo/2021y] --> Began jumping *Entity[rgb(255-255-255), size(50-50) @ pos(365.0-648)] with expected peak @ (x:365.0, y:100)
[PokaPoka @ 481062ms/49s/20m/18h, 27d/6mo/2021y] --> Began jumping *Entity[rgb(255-255-255), size(50-50) @ pos(368.0-638)] with expected peak @ (x:368.0, y:100)
[PokaPoka @ 497485ms/49s/20m/18h, 27d/6mo/2021y] --> Began jumping *Entity[rgb(255-255-255), size(50-50) @ pos(371.0-626)] with expected peak @ (x:371.0, y:100)
[PokaPoka @ 514269ms/49s/20m/18h, 27d/6mo/2021y] --> Began jumping *Entity[rgb(255-255-255), size(50-50) @ pos(374.0-612)] with expected peak @ (x:374.0, y:100)
[PokaPoka @ 531197ms/49s/20m/18h, 27d/6mo/2021y] --> Began jumping *Entity[rgb(255-255-255), size(50-50) @ pos(377.0-596)] with expected peak @ (x:377.0, y:100)
[PokaPoka @ 547790ms/49s/20m/18h, 27d/6mo/2021y] --> Began jumping *Entity[rgb(255-255-255), size(50-50) @ pos(380.0-578)] with expected peak @ (x:380.0, y:100)
[PokaPoka @ 714375ms/52s/20m/18h, 27d/6mo/2021y] --> Began jumping *Entity[rgb(255-255-255), size(50-50) @ pos(506.0-668)] with expected peak @ (x:506.0, y:100)
[PokaPoka @ 730070ms/52s/20m/18h, 27d/6mo/2021y] --> Began jumping *Entity[rgb(255-255-255), size(50-50) @ pos(509.0-668)] with expected peak @ (x:509.0, y:100)
[PokaPoka @ 746380ms/52s/20m/18h, 27d/6mo/2021y] --> Began jumping *Entity[rgb(255-255-255), size(50-50) @ pos(512.0-666)] with expected peak @ (x:512.0, y:100)
[PokaPoka @ 763270ms/52s/20m/18h, 27d/6mo/2021y] --> Began jumping *Entity[rgb(255-255-255), size(50-50) @ pos(515.0-662)] with expected peak @ (x:515.0, y:100)
[PokaPoka @ 779512ms/52s/20m/18h, 27d/6mo/2021y] --> Began jumping *Entity[rgb(255-255-255), size(50-50) @ pos(518.0-656)] with expected peak @ (x:518.0, y:100)
[PokaPoka @ 796225ms/52s/20m/18h, 27d/6mo/2021y] --> Began jumping *Entity[rgb(255-255-255), size(50-50) @ pos(521.0-648)] with expected peak @ (x:521.0, y:100)
[PokaPoka @ 812282ms/52s/20m/18h, 27d/6mo/2021y] --> Began jumping *Entity[rgb(255-255-255), size(50-50) @ pos(524.0-638)] with expected peak @ (x:524.0, y:100)
[PokaPoka @ 830044ms/52s/20m/18h, 27d/6mo/2021y] --> Began jumping *Entity[rgb(255-255-255), size(50-50) @ pos(527.0-626)] with expected peak @ (x:527.0, y:100)
[PokaPoka @ 846370ms/52s/20m/18h, 27d/6mo/2021y] --> Began jumping *Entity[rgb(255-255-255), size(50-50) @ pos(530.0-612)] with expected peak @ (x:530.0, y:100)
[PokaPoka @ 863371ms/52s/20m/18h, 27d/6mo/2021y] --> Began jumping *Entity[rgb(255-255-255), size(50-50) @ pos(533.0-596)] with expected peak @ (x:533.0, y:100)
[PokaPoka @ 880072ms/52s/20m/18h, 27d/6mo/2021y] --> Began jumping *Entity[rgb(255-255-255), size(50-50) @ pos(536.0-578)] with expected peak @ (x:536.0, y:100)
[PokaPoka @ 793513ms/1s/21m/18h, 27d/6mo/2021y] --> Toggled developergui --> True
[PokaPoka @ 665231ms/12s/21m/18h, 27d/6mo/2021y] --> Began jumping *Entity[rgb(255-255-255), size(50-50) @ pos(359.0-668)] with expected peak @ (x:359.0, y:100)
[PokaPoka @ 686479ms/12s/21m/18h, 27d/6mo/2021y] --> Began jumping *Entity[rgb(255-255-255), size(50-50) @ pos(359.0-668)] with expected peak @ (x:359.0, y:100)
[PokaPoka @ 702199ms/12s/21m/18h, 27d/6mo/2021y] --> Began jumping *Entity[rgb(255-255-255), size(50-50) @ pos(359.0-666)] with expected peak @ (x:359.0, y:100)
[PokaPoka @ 717816ms/12s/21m/18h, 27d/6mo/2021y] --> Began jumping *Entity[rgb(255-255-255), size(50-50) @ pos(359.0-662)] with expected peak @ (x:359.0, y:100)
[PokaPoka @ 735547ms/12s/21m/18h, 27d/6mo/2021y] --> Began jumping *Entity[rgb(255-255-255), size(50-50) @ pos(359.0-656)] with expected peak @ (x:359.0, y:100)
[PokaPoka @ 751554ms/12s/21m/18h, 27d/6mo/2021y] --> Began jumping *Entity[rgb(255-255-255), size(50-50) @ pos(362.0-648)] with expected peak @ (x:362.0, y:100)
[PokaPoka @ 766067ms/12s/21m/18h, 27d/6mo/2021y] --> Began jumping *Entity[rgb(255-255-255), size(50-50) @ pos(365.0-638)] with expected peak @ (x:365.0, y:100)
[PokaPoka @ 784054ms/12s/21m/18h, 27d/6mo/2021y] --> Began jumping *Entity[rgb(255-255-255), size(50-50) @ pos(368.0-626)] with expected peak @ (x:368.0, y:100)
[PokaPoka @ 799075ms/12s/21m/18h, 27d/6mo/2021y] --> Began jumping *Entity[rgb(255-255-255), size(50-50) @ pos(371.0-612)] with expected peak @ (x:371.0, y:100)
[PokaPoka @ 816148ms/12s/21m/18h, 27d/6mo/2021y] --> Began jumping *Entity[rgb(255-255-255), size(50-50) @ pos(374.0-596)] with expected peak @ (x:374.0, y:100)
[PokaPoka @ 831109ms/12s/21m/18h, 27d/6mo/2021y] --> Began jumping *Entity[rgb(255-255-255), size(50-50) @ pos(377.0-578)] with expected peak @ (x:377.0, y:100)
[PokaPoka @ 76368ms/14s/21m/18h, 27d/6mo/2021y] --> Began jumping *Entity[rgb(255-255-255), size(50-50) @ pos(449.0-668)] with expected peak @ (x:449.0, y:100)
[PokaPoka @ 96512ms/14s/21m/18h, 27d/6mo/2021y] --> Began jumping *Entity[rgb(255-255-255), size(50-50) @ pos(446.0-668)] with expected peak @ (x:446.0, y:100)
[PokaPoka @ 118923ms/14s/21m/18h, 27d/6mo/2021y] --> Began jumping *Entity[rgb(255-255-255), size(50-50) @ pos(443.0-666)] with expected peak @ (x:443.0, y:100)
[PokaPoka @ 142864ms/14s/21m/18h, 27d/6mo/2021y] --> Began jumping *Entity[rgb(255-255-255), size(50-50) @ pos(440.0-662)] with expected peak @ (x:440.0, y:100)
[PokaPoka @ 161303ms/14s/21m/18h, 27d/6mo/2021y] --> Began jumping *Entity[rgb(255-255-255), size(50-50) @ pos(437.0-656)] with expected peak @ (x:437.0, y:100)
[PokaPoka @ 176386ms/14s/21m/18h, 27d/6mo/2021y] --> Began jumping *Entity[rgb(255-255-255), size(50-50) @ pos(434.0-648)] with expected peak @ (x:434.0, y:100)
[PokaPoka @ 192369ms/14s/21m/18h, 27d/6mo/2021y] --> Began jumping *Entity[rgb(255-255-255), size(50-50) @ pos(431.0-638)] with expected peak @ (x:431.0, y:100)
[PokaPoka @ 209411ms/14s/21m/18h, 27d/6mo/2021y] --> Began jumping *Entity[rgb(255-255-255), size(50-50) @ pos(428.0-626)] with expected peak @ (x:428.0, y:100)
[PokaPoka @ 227494ms/14s/21m/18h, 27d/6mo/2021y] --> Began jumping *Entity[rgb(255-255-255), size(50-50) @ pos(425.0-612)] with expected peak @ (x:425.0, y:100)
[PokaPoka @ 243452ms/14s/21m/18h, 27d/6mo/2021y] --> Began jumping *Entity[rgb(255-255-255), size(50-50) @ pos(422.0-596)] with expected peak @ (x:422.0, y:100)
[PokaPoka @ 262453ms/14s/21m/18h, 27d/6mo/2021y] --> Began jumping *Entity[rgb(255-255-255), size(50-50) @ pos(419.0-578)] with expected peak @ (x:419.0, y:100)
[PokaPoka @ 266808ms/15s/21m/18h, 27d/6mo/2021y] --> Began jumping *Entity[rgb(255-255-255), size(50-50) @ pos(374.0-668)] with expected peak @ (x:374.0, y:100)
[PokaPoka @ 291739ms/15s/21m/18h, 27d/6mo/2021y] --> Began jumping *Entity[rgb(255-255-255), size(50-50) @ pos(377.0-668)] with expected peak @ (x:377.0, y:100)
[PokaPoka @ 316396ms/15s/21m/18h, 27d/6mo/2021y] --> Began jumping *Entity[rgb(255-255-255), size(50-50) @ pos(380.0-666)] with expected peak @ (x:380.0, y:100)
[PokaPoka @ 332347ms/15s/21m/18h, 27d/6mo/2021y] --> Began jumping *Entity[rgb(255-255-255), size(50-50) @ pos(383.0-662)] with expected peak @ (x:383.0, y:100)
[PokaPoka @ 348430ms/15s/21m/18h, 27d/6mo/2021y] --> Began jumping *Entity[rgb(255-255-255), size(50-50) @ pos(386.0-656)] with expected peak @ (x:386.0, y:100)
[PokaPoka @ 363390ms/15s/21m/18h, 27d/6mo/2021y] --> Began jumping *Entity[rgb(255-255-255), size(50-50) @ pos(389.0-648)] with expected peak @ (x:389.0, y:100)
[PokaPoka @ 380434ms/15s/21m/18h, 27d/6mo/2021y] --> Began jumping *Entity[rgb(255-255-255), size(50-50) @ pos(392.0-638)] with expected peak @ (x:392.0, y:100)
[PokaPoka @ 398409ms/15s/21m/18h, 27d/6mo/2021y] --> Began jumping *Entity[rgb(255-255-255), size(50-50) @ pos(395.0-626)] with expected peak @ (x:395.0, y:100)
[PokaPoka @ 413400ms/15s/21m/18h, 27d/6mo/2021y] --> Began jumping *Entity[rgb(255-255-255), size(50-50) @ pos(398.0-612)] with expected peak @ (x:398.0, y:100)
[PokaPoka @ 431383ms/15s/21m/18h, 27d/6mo/2021y] --> Began jumping *Entity[rgb(255-255-255), size(50-50) @ pos(401.0-596)] with expected peak @ (x:401.0, y:100)
[PokaPoka @ 452393ms/15s/21m/18h, 27d/6mo/2021y] --> Began jumping *Entity[rgb(255-255-255), size(50-50) @ pos(404.0-578)] with expected peak @ (x:404.0, y:100)
[PokaPoka @ 480372ms/20s/21m/18h, 27d/6mo/2021y] --> Toggled developergui --> False
[PokaPoka @ 956404ms/21s/21m/18h, 27d/6mo/2021y] --> Began jumping *Entity[rgb(255-255-255), size(50-50) @ pos(281.0-668)] with expected peak @ (x:281.0, y:100)
[PokaPoka @ 971597ms/21s/21m/18h, 27d/6mo/2021y] --> Began jumping *Entity[rgb(255-255-255), size(50-50) @ pos(281.0-668)] with expected peak @ (x:281.0, y:100)
[PokaPoka @ 987516ms/21s/21m/18h, 27d/6mo/2021y] --> Began jumping *Entity[rgb(255-255-255), size(50-50) @ pos(281.0-666)] with expected peak @ (x:281.0, y:100)
[PokaPoka @ 5355ms/22s/21m/18h, 27d/6mo/2021y] --> Began jumping *Entity[rgb(255-255-255), size(50-50) @ pos(284.0-662)] with expected peak @ (x:284.0, y:100)
[PokaPoka @ 20882ms/22s/21m/18h, 27d/6mo/2021y] --> Began jumping *Entity[rgb(255-255-255), size(50-50) @ pos(287.0-656)] with expected peak @ (x:287.0, y:100)
[PokaPoka @ 37218ms/22s/21m/18h, 27d/6mo/2021y] --> Began jumping *Entity[rgb(255-255-255), size(50-50) @ pos(290.0-648)] with expected peak @ (x:290.0, y:100)
[PokaPoka @ 53001ms/22s/21m/18h, 27d/6mo/2021y] --> Began jumping *Entity[rgb(255-255-255), size(50-50) @ pos(293.0-638)] with expected peak @ (x:293.0, y:100)
[PokaPoka @ 69674ms/22s/21m/18h, 27d/6mo/2021y] --> Began jumping *Entity[rgb(255-255-255), size(50-50) @ pos(296.0-626)] with expected peak @ (x:296.0, y:100)
[PokaPoka @ 87366ms/22s/21m/18h, 27d/6mo/2021y] --> Began jumping *Entity[rgb(255-255-255), size(50-50) @ pos(299.0-612)] with expected peak @ (x:299.0, y:100)
[PokaPoka @ 103136ms/22s/21m/18h, 27d/6mo/2021y] --> Began jumping *Entity[rgb(255-255-255), size(50-50) @ pos(302.0-596)] with expected peak @ (x:302.0, y:100)
[PokaPoka @ 119725ms/22s/21m/18h, 27d/6mo/2021y] --> Began jumping *Entity[rgb(255-255-255), size(50-50) @ pos(305.0-578)] with expected peak @ (x:305.0, y:100)
[PokaPoka @ 251136ms/43s/21m/18h, 27d/6mo/2021y] --> Began jumping *Entity[rgb(255-255-255), size(50-50) @ pos(200.0-668)] with expected peak @ (x:200.0, y:100)
[PokaPoka @ 265368ms/43s/21m/18h, 27d/6mo/2021y] --> Began jumping *Entity[rgb(255-255-255), size(50-50) @ pos(197.0-668)] with expected peak @ (x:197.0, y:100)
[PokaPoka @ 282329ms/43s/21m/18h, 27d/6mo/2021y] --> Began jumping *Entity[rgb(255-255-255), size(50-50) @ pos(194.0-666)] with expected peak @ (x:194.0, y:100)
[PokaPoka @ 300394ms/43s/21m/18h, 27d/6mo/2021y] --> Began jumping *Entity[rgb(255-255-255), size(50-50) @ pos(191.0-662)] with expected peak @ (x:191.0, y:100)
[PokaPoka @ 317381ms/43s/21m/18h, 27d/6mo/2021y] --> Began jumping *Entity[rgb(255-255-255), size(50-50) @ pos(191.0-656)] with expected peak @ (x:191.0, y:100)
[PokaPoka @ 333018ms/43s/21m/18h, 27d/6mo/2021y] --> Began jumping *Entity[rgb(255-255-255), size(50-50) @ pos(191.0-648)] with expected peak @ (x:191.0, y:100)
[PokaPoka @ 349922ms/43s/21m/18h, 27d/6mo/2021y] --> Began jumping *Entity[rgb(255-255-255), size(50-50) @ pos(191.0-638)] with expected peak @ (x:191.0, y:100)
[PokaPoka @ 366430ms/43s/21m/18h, 27d/6mo/2021y] --> Began jumping *Entity[rgb(255-255-255), size(50-50) @ pos(191.0-626)] with expected peak @ (x:191.0, y:100)
[PokaPoka @ 383393ms/43s/21m/18h, 27d/6mo/2021y] --> Began jumping *Entity[rgb(255-255-255), size(50-50) @ pos(191.0-612)] with expected peak @ (x:191.0, y:100)
[PokaPoka @ 399759ms/43s/21m/18h, 27d/6mo/2021y] --> Began jumping *Entity[rgb(255-255-255), size(50-50) @ pos(194.0-596)] with expected peak @ (x:194.0, y:100)
[PokaPoka @ 416635ms/43s/21m/18h, 27d/6mo/2021y] --> Began jumping *Entity[rgb(255-255-255), size(50-50) @ pos(197.0-578)] with expected peak @ (x:197.0, y:100)
[PokaPoka @ 365527ms/20s/53m/18h, 27d/6mo/2021y] --> Began jumping *Entity[rgb(255-255-255), size(50-50) @ pos(230.0-668)] with expected peak @ (x:230.0, y:100)
[PokaPoka @ 382379ms/20s/53m/18h, 27d/6mo/2021y] --> Began jumping *Entity[rgb(255-255-255), size(50-50) @ pos(230.0-668)] with expected peak @ (x:230.0, y:100)
[PokaPoka @ 399135ms/20s/53m/18h, 27d/6mo/2021y] --> Began jumping *Entity[rgb(255-255-255), size(50-50) @ pos(230.0-666)] with expected peak @ (x:230.0, y:100)
[PokaPoka @ 415519ms/20s/53m/18h, 27d/6mo/2021y] --> Began jumping *Entity[rgb(255-255-255), size(50-50) @ pos(230.0-662)] with expected peak @ (x:230.0, y:100)
[PokaPoka @ 433314ms/20s/53m/18h, 27d/6mo/2021y] --> Began jumping *Entity[rgb(255-255-255), size(50-50) @ pos(230.0-656)] with expected peak @ (x:230.0, y:100)
[PokaPoka @ 449642ms/20s/53m/18h, 27d/6mo/2021y] --> Began jumping *Entity[rgb(255-255-255), size(50-50) @ pos(230.0-648)] with expected peak @ (x:230.0, y:100)
[PokaPoka @ 465432ms/20s/53m/18h, 27d/6mo/2021y] --> Began jumping *Entity[rgb(255-255-255), size(50-50) @ pos(230.0-638)] with expected peak @ (x:230.0, y:100)
[PokaPoka @ 482364ms/20s/53m/18h, 27d/6mo/2021y] --> Began jumping *Entity[rgb(255-255-255), size(50-50) @ pos(230.0-626)] with expected peak @ (x:230.0, y:100)
[PokaPoka @ 499557ms/20s/53m/18h, 27d/6mo/2021y] --> Began jumping *Entity[rgb(255-255-255), size(50-50) @ pos(230.0-612)] with expected peak @ (x:230.0, y:100)
[PokaPoka @ 516596ms/20s/53m/18h, 27d/6mo/2021y] --> Began jumping *Entity[rgb(255-255-255), size(50-50) @ pos(227.0-596)] with expected peak @ (x:227.0, y:100)
[PokaPoka @ 532374ms/20s/53m/18h, 27d/6mo/2021y] --> Began jumping *Entity[rgb(255-255-255), size(50-50) @ pos(224.0-578)] with expected peak @ (x:224.0, y:100)
[PokaPoka @ 331760ms/21s/53m/18h, 27d/6mo/2021y] --> Began jumping *Entity[rgb(255-255-255), size(50-50) @ pos(284.0-668)] with expected peak @ (x:284.0, y:100)
[PokaPoka @ 346660ms/21s/53m/18h, 27d/6mo/2021y] --> Began jumping *Entity[rgb(255-255-255), size(50-50) @ pos(287.0-668)] with expected peak @ (x:287.0, y:100)
[PokaPoka @ 363050ms/21s/53m/18h, 27d/6mo/2021y] --> Began jumping *Entity[rgb(255-255-255), size(50-50) @ pos(290.0-666)] with expected peak @ (x:290.0, y:100)
[PokaPoka @ 378964ms/21s/53m/18h, 27d/6mo/2021y] --> Began jumping *Entity[rgb(255-255-255), size(50-50) @ pos(293.0-662)] with expected peak @ (x:293.0, y:100)
[PokaPoka @ 394891ms/21s/53m/18h, 27d/6mo/2021y] --> Began jumping *Entity[rgb(255-255-255), size(50-50) @ pos(296.0-656)] with expected peak @ (x:296.0, y:100)
[PokaPoka @ 410860ms/21s/53m/18h, 27d/6mo/2021y] --> Began jumping *Entity[rgb(255-255-255), size(50-50) @ pos(299.0-648)] with expected peak @ (x:299.0, y:100)
[PokaPoka @ 426677ms/21s/53m/18h, 27d/6mo/2021y] --> Began jumping *Entity[rgb(255-255-255), size(50-50) @ pos(302.0-638)] with expected peak @ (x:302.0, y:100)
[PokaPoka @ 443065ms/21s/53m/18h, 27d/6mo/2021y] --> Began jumping *Entity[rgb(255-255-255), size(50-50) @ pos(305.0-626)] with expected peak @ (x:305.0, y:100)
[PokaPoka @ 458636ms/21s/53m/18h, 27d/6mo/2021y] --> Began jumping *Entity[rgb(255-255-255), size(50-50) @ pos(308.0-612)] with expected peak @ (x:308.0, y:100)
[PokaPoka @ 475537ms/21s/53m/18h, 27d/6mo/2021y] --> Began jumping *Entity[rgb(255-255-255), size(50-50) @ pos(311.0-596)] with expected peak @ (x:311.0, y:100)
[PokaPoka @ 492083ms/21s/53m/18h, 27d/6mo/2021y] --> Began jumping *Entity[rgb(255-255-255), size(50-50) @ pos(314.0-578)] with expected peak @ (x:314.0, y:100)
[PokaPoka @ 902695ms/21s/53m/18h, 27d/6mo/2021y] --> Began jumping *Entity[rgb(255-255-255), size(50-50) @ pos(389.0-668)] with expected peak @ (x:389.0, y:100)
[PokaPoka @ 919428ms/21s/53m/18h, 27d/6mo/2021y] --> Began jumping *Entity[rgb(255-255-255), size(50-50) @ pos(389.0-668)] with expected peak @ (x:389.0, y:100)
[PokaPoka @ 934283ms/21s/53m/18h, 27d/6mo/2021y] --> Began jumping *Entity[rgb(255-255-255), size(50-50) @ pos(389.0-666)] with expected peak @ (x:389.0, y:100)
[PokaPoka @ 951255ms/21s/53m/18h, 27d/6mo/2021y] --> Began jumping *Entity[rgb(255-255-255), size(50-50) @ pos(389.0-662)] with expected peak @ (x:389.0, y:100)
[PokaPoka @ 968025ms/21s/53m/18h, 27d/6mo/2021y] --> Began jumping *Entity[rgb(255-255-255), size(50-50) @ pos(389.0-656)] with expected peak @ (x:389.0, y:100)
[PokaPoka @ 984577ms/21s/53m/18h, 27d/6mo/2021y] --> Began jumping *Entity[rgb(255-255-255), size(50-50) @ pos(389.0-648)] with expected peak @ (x:389.0, y:100)
[PokaPoka @ 360ms/22s/53m/18h, 27d/6mo/2021y] --> Began jumping *Entity[rgb(255-255-255), size(50-50) @ pos(389.0-638)] with expected peak @ (x:389.0, y:100)
[PokaPoka @ 17477ms/22s/53m/18h, 27d/6mo/2021y] --> Began jumping *Entity[rgb(255-255-255), size(50-50) @ pos(389.0-626)] with expected peak @ (x:389.0, y:100)
[PokaPoka @ 35242ms/22s/53m/18h, 27d/6mo/2021y] --> Began jumping *Entity[rgb(255-255-255), size(50-50) @ pos(389.0-612)] with expected peak @ (x:389.0, y:100)
[PokaPoka @ 52195ms/22s/53m/18h, 27d/6mo/2021y] --> Began jumping *Entity[rgb(255-255-255), size(50-50) @ pos(386.0-596)] with expected peak @ (x:386.0, y:100)
[PokaPoka @ 67526ms/22s/53m/18h, 27d/6mo/2021y] --> Began jumping *Entity[rgb(255-255-255), size(50-50) @ pos(383.0-578)] with expected peak @ (x:383.0, y:100)
[PokaPoka @ 461699ms/22s/53m/18h, 27d/6mo/2021y] --> Began jumping *Entity[rgb(255-255-255), size(50-50) @ pos(338.0-668)] with expected peak @ (x:338.0, y:100)
[PokaPoka @ 479364ms/22s/53m/18h, 27d/6mo/2021y] --> Began jumping *Entity[rgb(255-255-255), size(50-50) @ pos(338.0-668)] with expected peak @ (x:338.0, y:100)
[PokaPoka @ 495312ms/22s/53m/18h, 27d/6mo/2021y] --> Began jumping *Entity[rgb(255-255-255), size(50-50) @ pos(338.0-666)] with expected peak @ (x:338.0, y:100)
[PokaPoka @ 512141ms/22s/53m/18h, 27d/6mo/2021y] --> Began jumping *Entity[rgb(255-255-255), size(50-50) @ pos(338.0-662)] with expected peak @ (x:338.0, y:100)
[PokaPoka @ 528102ms/22s/53m/18h, 27d/6mo/2021y] --> Began jumping *Entity[rgb(255-255-255), size(50-50) @ pos(338.0-656)] with expected peak @ (x:338.0, y:100)
[PokaPoka @ 544100ms/22s/53m/18h, 27d/6mo/2021y] --> Began jumping *Entity[rgb(255-255-255), size(50-50) @ pos(338.0-648)] with expected peak @ (x:338.0, y:100)
[PokaPoka @ 559762ms/22s/53m/18h, 27d/6mo/2021y] --> Began jumping *Entity[rgb(255-255-255), size(50-50) @ pos(338.0-638)] with expected peak @ (x:338.0, y:100)
[PokaPoka @ 576964ms/22s/53m/18h, 27d/6mo/2021y] --> Began jumping *Entity[rgb(255-255-255), size(50-50) @ pos(338.0-626)] with expected peak @ (x:338.0, y:100)
[PokaPoka @ 593924ms/22s/53m/18h, 27d/6mo/2021y] --> Began jumping *Entity[rgb(255-255-255), size(50-50) @ pos(338.0-612)] with expected peak @ (x:338.0, y:100)
[PokaPoka @ 610359ms/22s/53m/18h, 27d/6mo/2021y] --> Began jumping *Entity[rgb(255-255-255), size(50-50) @ pos(338.0-596)] with expected peak @ (x:338.0, y:100)
[PokaPoka @ 626624ms/22s/53m/18h, 27d/6mo/2021y] --> Began jumping *Entity[rgb(255-255-255), size(50-50) @ pos(338.0-578)] with expected peak @ (x:338.0, y:100)
[PokaPoka @ 798937ms/23s/53m/18h, 27d/6mo/2021y] --> Began jumping *Entity[rgb(255-255-255), size(50-50) @ pos(338.0-668)] with expected peak @ (x:338.0, y:100)
[PokaPoka @ 815592ms/23s/53m/18h, 27d/6mo/2021y] --> Began jumping *Entity[rgb(255-255-255), size(50-50) @ pos(338.0-668)] with expected peak @ (x:338.0, y:100)
[PokaPoka @ 832286ms/23s/53m/18h, 27d/6mo/2021y] --> Began jumping *Entity[rgb(255-255-255), size(50-50) @ pos(338.0-666)] with expected peak @ (x:338.0, y:100)
[PokaPoka @ 849892ms/23s/53m/18h, 27d/6mo/2021y] --> Began jumping *Entity[rgb(255-255-255), size(50-50) @ pos(338.0-662)] with expected peak @ (x:338.0, y:100)
[PokaPoka @ 865598ms/23s/53m/18h, 27d/6mo/2021y] --> Began jumping *Entity[rgb(255-255-255), size(50-50) @ pos(338.0-656)] with expected peak @ (x:338.0, y:100)
[PokaPoka @ 882637ms/23s/53m/18h, 27d/6mo/2021y] --> Began jumping *Entity[rgb(255-255-255), size(50-50) @ pos(338.0-648)] with expected peak @ (x:338.0, y:100)
[PokaPoka @ 898964ms/23s/53m/18h, 27d/6mo/2021y] --> Began jumping *Entity[rgb(255-255-255), size(50-50) @ pos(338.0-638)] with expected peak @ (x:338.0, y:100)
[PokaPoka @ 914967ms/23s/53m/18h, 27d/6mo/2021y] --> Began jumping *Entity[rgb(255-255-255), size(50-50) @ pos(338.0-626)] with expected peak @ (x:338.0, y:100)
[PokaPoka @ 931940ms/23s/53m/18h, 27d/6mo/2021y] --> Began jumping *Entity[rgb(255-255-255), size(50-50) @ pos(338.0-612)] with expected peak @ (x:338.0, y:100)
[PokaPoka @ 947935ms/23s/53m/18h, 27d/6mo/2021y] --> Began jumping *Entity[rgb(255-255-255), size(50-50) @ pos(338.0-596)] with expected peak @ (x:338.0, y:100)
[PokaPoka @ 962573ms/23s/53m/18h, 27d/6mo/2021y] --> Began jumping *Entity[rgb(255-255-255), size(50-50) @ pos(338.0-578)] with expected peak @ (x:338.0, y:100)
[PokaPoka @ 457650ms/24s/53m/18h, 27d/6mo/2021y] --> Began jumping *Entity[rgb(255-255-255), size(50-50) @ pos(419.0-668)] with expected peak @ (x:419.0, y:100)
[PokaPoka @ 473149ms/24s/53m/18h, 27d/6mo/2021y] --> Began jumping *Entity[rgb(255-255-255), size(50-50) @ pos(422.0-668)] with expected peak @ (x:422.0, y:100)
[PokaPoka @ 488888ms/24s/53m/18h, 27d/6mo/2021y] --> Began jumping *Entity[rgb(255-255-255), size(50-50) @ pos(425.0-666)] with expected peak @ (x:425.0, y:100)
[PokaPoka @ 504614ms/24s/53m/18h, 27d/6mo/2021y] --> Began jumping *Entity[rgb(255-255-255), size(50-50) @ pos(428.0-662)] with expected peak @ (x:428.0, y:100)
[PokaPoka @ 522528ms/24s/53m/18h, 27d/6mo/2021y] --> Began jumping *Entity[rgb(255-255-255), size(50-50) @ pos(428.0-656)] with expected peak @ (x:428.0, y:100)
[PokaPoka @ 538812ms/24s/53m/18h, 27d/6mo/2021y] --> Began jumping *Entity[rgb(255-255-255), size(50-50) @ pos(428.0-648)] with expected peak @ (x:428.0, y:100)
[PokaPoka @ 555775ms/24s/53m/18h, 27d/6mo/2021y] --> Began jumping *Entity[rgb(255-255-255), size(50-50) @ pos(428.0-638)] with expected peak @ (x:428.0, y:100)
[PokaPoka @ 571801ms/24s/53m/18h, 27d/6mo/2021y] --> Began jumping *Entity[rgb(255-255-255), size(50-50) @ pos(428.0-626)] with expected peak @ (x:428.0, y:100)
[PokaPoka @ 588053ms/24s/53m/18h, 27d/6mo/2021y] --> Began jumping *Entity[rgb(255-255-255), size(50-50) @ pos(428.0-612)] with expected peak @ (x:428.0, y:100)
[PokaPoka @ 604594ms/24s/53m/18h, 27d/6mo/2021y] --> Began jumping *Entity[rgb(255-255-255), size(50-50) @ pos(428.0-596)] with expected peak @ (x:428.0, y:100)
[PokaPoka @ 620907ms/24s/53m/18h, 27d/6mo/2021y] --> Began jumping *Entity[rgb(255-255-255), size(50-50) @ pos(428.0-578)] with expected peak @ (x:428.0, y:100)
[PokaPoka @ 188427ms/25s/53m/18h, 27d/6mo/2021y] --> Began jumping *Entity[rgb(255-255-255), size(50-50) @ pos(359.0-668)] with expected peak @ (x:359.0, y:100)
[PokaPoka @ 205549ms/25s/53m/18h, 27d/6mo/2021y] --> Began jumping *Entity[rgb(255-255-255), size(50-50) @ pos(356.0-668)] with expected peak @ (x:356.0, y:100)
[PokaPoka @ 222595ms/25s/53m/18h, 27d/6mo/2021y] --> Began jumping *Entity[rgb(255-255-255), size(50-50) @ pos(353.0-666)] with expected peak @ (x:353.0, y:100)
[PokaPoka @ 238901ms/25s/53m/18h, 27d/6mo/2021y] --> Began jumping *Entity[rgb(255-255-255), size(50-50) @ pos(350.0-662)] with expected peak @ (x:350.0, y:100)
[PokaPoka @ 256033ms/25s/53m/18h, 27d/6mo/2021y] --> Began jumping *Entity[rgb(255-255-255), size(50-50) @ pos(347.0-656)] with expected peak @ (x:347.0, y:100)
[PokaPoka @ 271484ms/25s/53m/18h, 27d/6mo/2021y] --> Began jumping *Entity[rgb(255-255-255), size(50-50) @ pos(344.0-648)] with expected peak @ (x:344.0, y:100)
[PokaPoka @ 287723ms/25s/53m/18h, 27d/6mo/2021y] --> Began jumping *Entity[rgb(255-255-255), size(50-50) @ pos(341.0-638)] with expected peak @ (x:341.0, y:100)
[PokaPoka @ 304548ms/25s/53m/18h, 27d/6mo/2021y] --> Began jumping *Entity[rgb(255-255-255), size(50-50) @ pos(338.0-626)] with expected peak @ (x:338.0, y:100)
[PokaPoka @ 321010ms/25s/53m/18h, 27d/6mo/2021y] --> Began jumping *Entity[rgb(255-255-255), size(50-50) @ pos(335.0-612)] with expected peak @ (x:335.0, y:100)
[PokaPoka @ 337287ms/25s/53m/18h, 27d/6mo/2021y] --> Began jumping *Entity[rgb(255-255-255), size(50-50) @ pos(332.0-596)] with expected peak @ (x:332.0, y:100)
[PokaPoka @ 353511ms/25s/53m/18h, 27d/6mo/2021y] --> Began jumping *Entity[rgb(255-255-255), size(50-50) @ pos(329.0-578)] with expected peak @ (x:329.0, y:100)
[PokaPoka @ 941970ms/25s/53m/18h, 27d/6mo/2021y] --> Began jumping *Entity[rgb(255-255-255), size(50-50) @ pos(221.0-668)] with expected peak @ (x:221.0, y:100)
[PokaPoka @ 957639ms/25s/53m/18h, 27d/6mo/2021y] --> Began jumping *Entity[rgb(255-255-255), size(50-50) @ pos(218.0-668)] with expected peak @ (x:218.0, y:100)
[PokaPoka @ 974598ms/25s/53m/18h, 27d/6mo/2021y] --> Began jumping *Entity[rgb(255-255-255), size(50-50) @ pos(215.0-666)] with expected peak @ (x:215.0, y:100)
[PokaPoka @ 990472ms/25s/53m/18h, 27d/6mo/2021y] --> Began jumping *Entity[rgb(255-255-255), size(50-50) @ pos(212.0-662)] with expected peak @ (x:212.0, y:100)
[PokaPoka @ 7064ms/26s/53m/18h, 27d/6mo/2021y] --> Began jumping *Entity[rgb(255-255-255), size(50-50) @ pos(209.0-656)] with expected peak @ (x:209.0, y:100)
[PokaPoka @ 22518ms/26s/53m/18h, 27d/6mo/2021y] --> Began jumping *Entity[rgb(255-255-255), size(50-50) @ pos(206.0-648)] with expected peak @ (x:206.0, y:100)
[PokaPoka @ 38550ms/26s/53m/18h, 27d/6mo/2021y] --> Began jumping *Entity[rgb(255-255-255), size(50-50) @ pos(203.0-638)] with expected peak @ (x:203.0, y:100)
[PokaPoka @ 54946ms/26s/53m/18h, 27d/6mo/2021y] --> Began jumping *Entity[rgb(255-255-255), size(50-50) @ pos(200.0-626)] with expected peak @ (x:200.0, y:100)
[PokaPoka @ 70377ms/26s/53m/18h, 27d/6mo/2021y] --> Began jumping *Entity[rgb(255-255-255), size(50-50) @ pos(197.0-612)] with expected peak @ (x:197.0, y:100)
[PokaPoka @ 86551ms/26s/53m/18h, 27d/6mo/2021y] --> Began jumping *Entity[rgb(255-255-255), size(50-50) @ pos(194.0-596)] with expected peak @ (x:194.0, y:100)
[PokaPoka @ 102799ms/26s/53m/18h, 27d/6mo/2021y] --> Began jumping *Entity[rgb(255-255-255), size(50-50) @ pos(191.0-578)] with expected peak @ (x:191.0, y:100)
[PokaPoka @ 498983ms/26s/53m/18h, 27d/6mo/2021y] --> Began jumping *Entity[rgb(255-255-255), size(50-50) @ pos(152.0-668)] with expected peak @ (x:152.0, y:100)
[PokaPoka @ 515622ms/26s/53m/18h, 27d/6mo/2021y] --> Began jumping *Entity[rgb(255-255-255), size(50-50) @ pos(152.0-668)] with expected peak @ (x:152.0, y:100)
[PokaPoka @ 532304ms/26s/53m/18h, 27d/6mo/2021y] --> Began jumping *Entity[rgb(255-255-255), size(50-50) @ pos(152.0-666)] with expected peak @ (x:152.0, y:100)
[PokaPoka @ 549263ms/26s/53m/18h, 27d/6mo/2021y] --> Began jumping *Entity[rgb(255-255-255), size(50-50) @ pos(152.0-662)] with expected peak @ (x:152.0, y:100)
[PokaPoka @ 566245ms/26s/53m/18h, 27d/6mo/2021y] --> Began jumping *Entity[rgb(255-255-255), size(50-50) @ pos(152.0-656)] with expected peak @ (x:152.0, y:100)
[PokaPoka @ 582285ms/26s/53m/18h, 27d/6mo/2021y] --> Began jumping *Entity[rgb(255-255-255), size(50-50) @ pos(152.0-648)] with expected peak @ (x:152.0, y:100)
[PokaPoka @ 598978ms/26s/53m/18h, 27d/6mo/2021y] --> Began jumping *Entity[rgb(255-255-255), size(50-50) @ pos(152.0-638)] with expected peak @ (x:152.0, y:100)
[PokaPoka @ 616543ms/26s/53m/18h, 27d/6mo/2021y] --> Began jumping *Entity[rgb(255-255-255), size(50-50) @ pos(152.0-626)] with expected peak @ (x:152.0, y:100)
[PokaPoka @ 632285ms/26s/53m/18h, 27d/6mo/2021y] --> Began jumping *Entity[rgb(255-255-255), size(50-50) @ pos(152.0-612)] with expected peak @ (x:152.0, y:100)
[PokaPoka @ 650299ms/26s/53m/18h, 27d/6mo/2021y] --> Began jumping *Entity[rgb(255-255-255), size(50-50) @ pos(152.0-596)] with expected peak @ (x:152.0, y:100)
[PokaPoka @ 665554ms/26s/53m/18h, 27d/6mo/2021y] --> Began jumping *Entity[rgb(255-255-255), size(50-50) @ pos(152.0-578)] with expected peak @ (x:152.0, y:100)
[PokaPoka @ 107539ms/27s/53m/18h, 27d/6mo/2021y] --> Began jumping *Entity[rgb(255-255-255), size(50-50) @ pos(233.0-668)] with expected peak @ (x:233.0, y:100)
[PokaPoka @ 124025ms/27s/53m/18h, 27d/6mo/2021y] --> Began jumping *Entity[rgb(255-255-255), size(50-50) @ pos(236.0-668)] with expected peak @ (x:236.0, y:100)
[PokaPoka @ 140385ms/27s/53m/18h, 27d/6mo/2021y] --> Began jumping *Entity[rgb(255-255-255), size(50-50) @ pos(239.0-666)] with expected peak @ (x:239.0, y:100)
[PokaPoka @ 157072ms/27s/53m/18h, 27d/6mo/2021y] --> Began jumping *Entity[rgb(255-255-255), size(50-50) @ pos(242.0-662)] with expected peak @ (x:242.0, y:100)
[PokaPoka @ 173293ms/27s/53m/18h, 27d/6mo/2021y] --> Began jumping *Entity[rgb(255-255-255), size(50-50) @ pos(245.0-656)] with expected peak @ (x:245.0, y:100)
[PokaPoka @ 189656ms/27s/53m/18h, 27d/6mo/2021y] --> Began jumping *Entity[rgb(255-255-255), size(50-50) @ pos(248.0-648)] with expected peak @ (x:248.0, y:100)
[PokaPoka @ 206538ms/27s/53m/18h, 27d/6mo/2021y] --> Began jumping *Entity[rgb(255-255-255), size(50-50) @ pos(251.0-638)] with expected peak @ (x:251.0, y:100)
[PokaPoka @ 222785ms/27s/53m/18h, 27d/6mo/2021y] --> Began jumping *Entity[rgb(255-255-255), size(50-50) @ pos(254.0-626)] with expected peak @ (x:254.0, y:100)
[PokaPoka @ 239125ms/27s/53m/18h, 27d/6mo/2021y] --> Began jumping *Entity[rgb(255-255-255), size(50-50) @ pos(257.0-612)] with expected peak @ (x:257.0, y:100)
[PokaPoka @ 255461ms/27s/53m/18h, 27d/6mo/2021y] --> Began jumping *Entity[rgb(255-255-255), size(50-50) @ pos(260.0-596)] with expected peak @ (x:260.0, y:100)
[PokaPoka @ 271858ms/27s/53m/18h, 27d/6mo/2021y] --> Began jumping *Entity[rgb(255-255-255), size(50-50) @ pos(263.0-578)] with expected peak @ (x:263.0, y:100)
[PokaPoka @ 166596ms/28s/53m/18h, 27d/6mo/2021y] --> Began jumping *Entity[rgb(255-255-255), size(50-50) @ pos(428.0-668)] with expected peak @ (x:428.0, y:100)
[PokaPoka @ 182736ms/28s/53m/18h, 27d/6mo/2021y] --> Began jumping *Entity[rgb(255-255-255), size(50-50) @ pos(431.0-668)] with expected peak @ (x:431.0, y:100)
[PokaPoka @ 199047ms/28s/53m/18h, 27d/6mo/2021y] --> Began jumping *Entity[rgb(255-255-255), size(50-50) @ pos(434.0-666)] with expected peak @ (x:434.0, y:100)
[PokaPoka @ 216582ms/28s/53m/18h, 27d/6mo/2021y] --> Began jumping *Entity[rgb(255-255-255), size(50-50) @ pos(437.0-662)] with expected peak @ (x:437.0, y:100)
[PokaPoka @ 231619ms/28s/53m/18h, 27d/6mo/2021y] --> Began jumping *Entity[rgb(255-255-255), size(50-50) @ pos(440.0-656)] with expected peak @ (x:440.0, y:100)
[PokaPoka @ 248417ms/28s/53m/18h, 27d/6mo/2021y] --> Began jumping *Entity[rgb(255-255-255), size(50-50) @ pos(443.0-648)] with expected peak @ (x:443.0, y:100)
[PokaPoka @ 265506ms/28s/53m/18h, 27d/6mo/2021y] --> Began jumping *Entity[rgb(255-255-255), size(50-50) @ pos(446.0-638)] with expected peak @ (x:446.0, y:100)
[PokaPoka @ 282270ms/28s/53m/18h, 27d/6mo/2021y] --> Began jumping *Entity[rgb(255-255-255), size(50-50) @ pos(449.0-626)] with expected peak @ (x:449.0, y:100)
[PokaPoka @ 299916ms/28s/53m/18h, 27d/6mo/2021y] --> Began jumping *Entity[rgb(255-255-255), size(50-50) @ pos(452.0-612)] with expected peak @ (x:452.0, y:100)
[PokaPoka @ 315654ms/28s/53m/18h, 27d/6mo/2021y] --> Began jumping *Entity[rgb(255-255-255), size(50-50) @ pos(455.0-596)] with expected peak @ (x:455.0, y:100)
[PokaPoka @ 332252ms/28s/53m/18h, 27d/6mo/2021y] --> Began jumping *Entity[rgb(255-255-255), size(50-50) @ pos(458.0-578)] with expected peak @ (x:458.0, y:100)
[PokaPoka @ 724651ms/28s/53m/18h, 27d/6mo/2021y] --> Began jumping *Entity[rgb(255-255-255), size(50-50) @ pos(530.0-668)] with expected peak @ (x:530.0, y:100)
[PokaPoka @ 741265ms/28s/53m/18h, 27d/6mo/2021y] --> Began jumping *Entity[rgb(255-255-255), size(50-50) @ pos(533.0-668)] with expected peak @ (x:533.0, y:100)
[PokaPoka @ 757831ms/28s/53m/18h, 27d/6mo/2021y] --> Began jumping *Entity[rgb(255-255-255), size(50-50) @ pos(536.0-666)] with expected peak @ (x:536.0, y:100)
[PokaPoka @ 774659ms/28s/53m/18h, 27d/6mo/2021y] --> Began jumping *Entity[rgb(255-255-255), size(50-50) @ pos(539.0-662)] with expected peak @ (x:539.0, y:100)
[PokaPoka @ 790562ms/28s/53m/18h, 27d/6mo/2021y] --> Began jumping *Entity[rgb(255-255-255), size(50-50) @ pos(542.0-656)] with expected peak @ (x:542.0, y:100)
[PokaPoka @ 807084ms/28s/53m/18h, 27d/6mo/2021y] --> Began jumping *Entity[rgb(255-255-255), size(50-50) @ pos(545.0-648)] with expected peak @ (x:545.0, y:100)
[PokaPoka @ 822665ms/28s/53m/18h, 27d/6mo/2021y] --> Began jumping *Entity[rgb(255-255-255), size(50-50) @ pos(548.0-638)] with expected peak @ (x:548.0, y:100)
[PokaPoka @ 839489ms/28s/53m/18h, 27d/6mo/2021y] --> Began jumping *Entity[rgb(255-255-255), size(50-50) @ pos(551.0-626)] with expected peak @ (x:551.0, y:100)
[PokaPoka @ 855689ms/28s/53m/18h, 27d/6mo/2021y] --> Began jumping *Entity[rgb(255-255-255), size(50-50) @ pos(554.0-612)] with expected peak @ (x:554.0, y:100)
[PokaPoka @ 871956ms/28s/53m/18h, 27d/6mo/2021y] --> Began jumping *Entity[rgb(255-255-255), size(50-50) @ pos(557.0-596)] with expected peak @ (x:557.0, y:100)
[PokaPoka @ 888142ms/28s/53m/18h, 27d/6mo/2021y] --> Began jumping *Entity[rgb(255-255-255), size(50-50) @ pos(560.0-578)] with expected peak @ (x:560.0, y:100)
[PokaPoka @ 855917ms/29s/53m/18h, 27d/6mo/2021y] --> Began jumping *Entity[rgb(255-255-255), size(50-50) @ pos(737.0-668)] with expected peak @ (x:737.0, y:100)
[PokaPoka @ 871320ms/29s/53m/18h, 27d/6mo/2021y] --> Began jumping *Entity[rgb(255-255-255), size(50-50) @ pos(740.0-668)] with expected peak @ (x:740.0, y:100)
[PokaPoka @ 887892ms/29s/53m/18h, 27d/6mo/2021y] --> Began jumping *Entity[rgb(255-255-255), size(50-50) @ pos(743.0-666)] with expected peak @ (x:743.0, y:100)
[PokaPoka @ 903383ms/29s/53m/18h, 27d/6mo/2021y] --> Began jumping *Entity[rgb(255-255-255), size(50-50) @ pos(746.0-662)] with expected peak @ (x:746.0, y:100)
[PokaPoka @ 920055ms/29s/53m/18h, 27d/6mo/2021y] --> Began jumping *Entity[rgb(255-255-255), size(50-50) @ pos(749.0-656)] with expected peak @ (x:749.0, y:100)
[PokaPoka @ 936528ms/29s/53m/18h, 27d/6mo/2021y] --> Began jumping *Entity[rgb(255-255-255), size(50-50) @ pos(752.0-648)] with expected peak @ (x:752.0, y:100)
[PokaPoka @ 953104ms/29s/53m/18h, 27d/6mo/2021y] --> Began jumping *Entity[rgb(255-255-255), size(50-50) @ pos(755.0-638)] with expected peak @ (x:755.0, y:100)
[PokaPoka @ 969637ms/29s/53m/18h, 27d/6mo/2021y] --> Began jumping *Entity[rgb(255-255-255), size(50-50) @ pos(758.0-626)] with expected peak @ (x:758.0, y:100)
[PokaPoka @ 986491ms/29s/53m/18h, 27d/6mo/2021y] --> Began jumping *Entity[rgb(255-255-255), size(50-50) @ pos(761.0-612)] with expected peak @ (x:761.0, y:100)
[PokaPoka @ 2351ms/30s/53m/18h, 27d/6mo/2021y] --> Began jumping *Entity[rgb(255-255-255), size(50-50) @ pos(764.0-596)] with expected peak @ (x:764.0, y:100)
[PokaPoka @ 18427ms/30s/53m/18h, 27d/6mo/2021y] --> Began jumping *Entity[rgb(255-255-255), size(50-50) @ pos(767.0-578)] with expected peak @ (x:767.0, y:100)
[PokaPoka @ 616508ms/30s/53m/18h, 27d/6mo/2021y] --> Began jumping *Entity[rgb(255-255-255), size(50-50) @ pos(875.0-668)] with expected peak @ (x:875.0, y:100)
[PokaPoka @ 632505ms/30s/53m/18h, 27d/6mo/2021y] --> Began jumping *Entity[rgb(255-255-255), size(50-50) @ pos(878.0-668)] with expected peak @ (x:878.0, y:100)
[PokaPoka @ 648874ms/30s/53m/18h, 27d/6mo/2021y] --> Began jumping *Entity[rgb(255-255-255), size(50-50) @ pos(881.0-666)] with expected peak @ (x:881.0, y:100)
[PokaPoka @ 665517ms/30s/53m/18h, 27d/6mo/2021y] --> Began jumping *Entity[rgb(255-255-255), size(50-50) @ pos(884.0-662)] with expected peak @ (x:884.0, y:100)
[PokaPoka @ 681451ms/30s/53m/18h, 27d/6mo/2021y] --> Began jumping *Entity[rgb(255-255-255), size(50-50) @ pos(887.0-656)] with expected peak @ (x:887.0, y:100)
[PokaPoka @ 697885ms/30s/53m/18h, 27d/6mo/2021y] --> Began jumping *Entity[rgb(255-255-255), size(50-50) @ pos(890.0-648)] with expected peak @ (x:890.0, y:100)
[PokaPoka @ 714334ms/30s/53m/18h, 27d/6mo/2021y] --> Began jumping *Entity[rgb(255-255-255), size(50-50) @ pos(893.0-638)] with expected peak @ (x:893.0, y:100)
[PokaPoka @ 731194ms/30s/53m/18h, 27d/6mo/2021y] --> Began jumping *Entity[rgb(255-255-255), size(50-50) @ pos(896.0-626)] with expected peak @ (x:896.0, y:100)
[PokaPoka @ 745514ms/30s/53m/18h, 27d/6mo/2021y] --> Began jumping *Entity[rgb(255-255-255), size(50-50) @ pos(899.0-612)] with expected peak @ (x:899.0, y:100)
[PokaPoka @ 761443ms/30s/53m/18h, 27d/6mo/2021y] --> Began jumping *Entity[rgb(255-255-255), size(50-50) @ pos(902.0-596)] with expected peak @ (x:902.0, y:100)
[PokaPoka @ 778141ms/30s/53m/18h, 27d/6mo/2021y] --> Began jumping *Entity[rgb(255-255-255), size(50-50) @ pos(905.0-578)] with expected peak @ (x:905.0, y:100)
[PokaPoka @ 514129ms/31s/53m/18h, 27d/6mo/2021y] --> Began jumping *Entity[rgb(255-255-255), size(50-50) @ pos(1040.0-668)] with expected peak @ (x:1040.0, y:100)
[PokaPoka @ 528903ms/31s/53m/18h, 27d/6mo/2021y] --> Began jumping *Entity[rgb(255-255-255), size(50-50) @ pos(1043.0-668)] with expected peak @ (x:1043.0, y:100)
[PokaPoka @ 545118ms/31s/53m/18h, 27d/6mo/2021y] --> Began jumping *Entity[rgb(255-255-255), size(50-50) @ pos(1046.0-666)] with expected peak @ (x:1046.0, y:100)
[PokaPoka @ 561110ms/31s/53m/18h, 27d/6mo/2021y] --> Began jumping *Entity[rgb(255-255-255), size(50-50) @ pos(1049.0-662)] with expected peak @ (x:1049.0, y:100)
[PokaPoka @ 577904ms/31s/53m/18h, 27d/6mo/2021y] --> Began jumping *Entity[rgb(255-255-255), size(50-50) @ pos(1052.0-656)] with expected peak @ (x:1052.0, y:100)
[PokaPoka @ 593461ms/31s/53m/18h, 27d/6mo/2021y] --> Began jumping *Entity[rgb(255-255-255), size(50-50) @ pos(1055.0-648)] with expected peak @ (x:1055.0, y:100)
[PokaPoka @ 609524ms/31s/53m/18h, 27d/6mo/2021y] --> Began jumping *Entity[rgb(255-255-255), size(50-50) @ pos(1058.0-638)] with expected peak @ (x:1058.0, y:100)
[PokaPoka @ 627598ms/31s/53m/18h, 27d/6mo/2021y] --> Began jumping *Entity[rgb(255-255-255), size(50-50) @ pos(1058.0-626)] with expected peak @ (x:1058.0, y:100)
[PokaPoka @ 642483ms/31s/53m/18h, 27d/6mo/2021y] --> Began jumping *Entity[rgb(255-255-255), size(50-50) @ pos(1058.0-612)] with expected peak @ (x:1058.0, y:100)
[PokaPoka @ 659535ms/31s/53m/18h, 27d/6mo/2021y] --> Began jumping *Entity[rgb(255-255-255), size(50-50) @ pos(1058.0-596)] with expected peak @ (x:1058.0, y:100)
[PokaPoka @ 675615ms/31s/53m/18h, 27d/6mo/2021y] --> Began jumping *Entity[rgb(255-255-255), size(50-50) @ pos(1058.0-578)] with expected peak @ (x:1058.0, y:100)
[PokaPoka @ 70364ms/32s/53m/18h, 27d/6mo/2021y] --> Began jumping *Entity[rgb(255-255-255), size(50-50) @ pos(1058.0-668)] with expected peak @ (x:1058.0, y:100)
[PokaPoka @ 86879ms/32s/53m/18h, 27d/6mo/2021y] --> Began jumping *Entity[rgb(255-255-255), size(50-50) @ pos(1058.0-668)] with expected peak @ (x:1058.0, y:100)
[PokaPoka @ 102998ms/32s/53m/18h, 27d/6mo/2021y] --> Began jumping *Entity[rgb(255-255-255), size(50-50) @ pos(1058.0-666)] with expected peak @ (x:1058.0, y:100)
[PokaPoka @ 118861ms/32s/53m/18h, 27d/6mo/2021y] --> Began jumping *Entity[rgb(255-255-255), size(50-50) @ pos(1058.0-662)] with expected peak @ (x:1058.0, y:100)
[PokaPoka @ 135572ms/32s/53m/18h, 27d/6mo/2021y] --> Began jumping *Entity[rgb(255-255-255), size(50-50) @ pos(1058.0-656)] with expected peak @ (x:1058.0, y:100)
[PokaPoka @ 152069ms/32s/53m/18h, 27d/6mo/2021y] --> Began jumping *Entity[rgb(255-255-255), size(50-50) @ pos(1058.0-648)] with expected peak @ (x:1058.0, y:100)
[PokaPoka @ 167472ms/32s/53m/18h, 27d/6mo/2021y] --> Began jumping *Entity[rgb(255-255-255), size(50-50) @ pos(1058.0-638)] with expected peak @ (x:1058.0, y:100)
[PokaPoka @ 183317ms/32s/53m/18h, 27d/6mo/2021y] --> Began jumping *Entity[rgb(255-255-255), size(50-50) @ pos(1058.0-626)] with expected peak @ (x:1058.0, y:100)
[PokaPoka @ 200229ms/32s/53m/18h, 27d/6mo/2021y] --> Began jumping *Entity[rgb(255-255-255), size(50-50) @ pos(1058.0-612)] with expected peak @ (x:1058.0, y:100)
[PokaPoka @ 217130ms/32s/53m/18h, 27d/6mo/2021y] --> Began jumping *Entity[rgb(255-255-255), size(50-50) @ pos(1058.0-596)] with expected peak @ (x:1058.0, y:100)
[PokaPoka @ 233104ms/32s/53m/18h, 27d/6mo/2021y] --> Began jumping *Entity[rgb(255-255-255), size(50-50) @ pos(1058.0-578)] with expected peak @ (x:1058.0, y:100)
[PokaPoka @ 631561ms/32s/53m/18h, 27d/6mo/2021y] --> Began jumping *Entity[rgb(255-255-255), size(50-50) @ pos(1058.0-668)] with expected peak @ (x:1058.0, y:100)
[PokaPoka @ 648028ms/32s/53m/18h, 27d/6mo/2021y] --> Began jumping *Entity[rgb(255-255-255), size(50-50) @ pos(1058.0-668)] with expected peak @ (x:1058.0, y:100)
[PokaPoka @ 662912ms/32s/53m/18h, 27d/6mo/2021y] --> Began jumping *Entity[rgb(255-255-255), size(50-50) @ pos(1058.0-666)] with expected peak @ (x:1058.0, y:100)
[PokaPoka @ 678609ms/32s/53m/18h, 27d/6mo/2021y] --> Began jumping *Entity[rgb(255-255-255), size(50-50) @ pos(1058.0-662)] with expected peak @ (x:1058.0, y:100)
[PokaPoka @ 695625ms/32s/53m/18h, 27d/6mo/2021y] --> Began jumping *Entity[rgb(255-255-255), size(50-50) @ pos(1058.0-656)] with expected peak @ (x:1058.0, y:100)
[PokaPoka @ 711465ms/32s/53m/18h, 27d/6mo/2021y] --> Began jumping *Entity[rgb(255-255-255), size(50-50) @ pos(1058.0-648)] with expected peak @ (x:1058.0, y:100)
[PokaPoka @ 727477ms/32s/53m/18h, 27d/6mo/2021y] --> Began jumping *Entity[rgb(255-255-255), size(50-50) @ pos(1058.0-638)] with expected peak @ (x:1058.0, y:100)
[PokaPoka @ 744703ms/32s/53m/18h, 27d/6mo/2021y] --> Began jumping *Entity[rgb(255-255-255), size(50-50) @ pos(1058.0-626)] with expected peak @ (x:1058.0, y:100)
[PokaPoka @ 760460ms/32s/53m/18h, 27d/6mo/2021y] --> Began jumping *Entity[rgb(255-255-255), size(50-50) @ pos(1058.0-612)] with expected peak @ (x:1058.0, y:100)
[PokaPoka @ 777009ms/32s/53m/18h, 27d/6mo/2021y] --> Began jumping *Entity[rgb(255-255-255), size(50-50) @ pos(1058.0-596)] with expected peak @ (x:1058.0, y:100)
[PokaPoka @ 792415ms/32s/53m/18h, 27d/6mo/2021y] --> Began jumping *Entity[rgb(255-255-255), size(50-50) @ pos(1058.0-578)] with expected peak @ (x:1058.0, y:100)
[PokaPoka @ 184613ms/33s/53m/18h, 27d/6mo/2021y] --> Began jumping *Entity[rgb(255-255-255), size(50-50) @ pos(1016.0-668)] with expected peak @ (x:1016.0, y:100)
[PokaPoka @ 200800ms/33s/53m/18h, 27d/6mo/2021y] --> Began jumping *Entity[rgb(255-255-255), size(50-50) @ pos(1013.0-668)] with expected peak @ (x:1013.0, y:100)
[PokaPoka @ 216633ms/33s/53m/18h, 27d/6mo/2021y] --> Began jumping *Entity[rgb(255-255-255), size(50-50) @ pos(1010.0-666)] with expected peak @ (x:1010.0, y:100)
[PokaPoka @ 233633ms/33s/53m/18h, 27d/6mo/2021y] --> Began jumping *Entity[rgb(255-255-255), size(50-50) @ pos(1007.0-662)] with expected peak @ (x:1007.0, y:100)
[PokaPoka @ 249679ms/33s/53m/18h, 27d/6mo/2021y] --> Began jumping *Entity[rgb(255-255-255), size(50-50) @ pos(1004.0-656)] with expected peak @ (x:1004.0, y:100)
[PokaPoka @ 265884ms/33s/53m/18h, 27d/6mo/2021y] --> Began jumping *Entity[rgb(255-255-255), size(50-50) @ pos(1001.0-648)] with expected peak @ (x:1001.0, y:100)
[PokaPoka @ 282162ms/33s/53m/18h, 27d/6mo/2021y] --> Began jumping *Entity[rgb(255-255-255), size(50-50) @ pos(998.0-638)] with expected peak @ (x:998.0, y:100)
[PokaPoka @ 298795ms/33s/53m/18h, 27d/6mo/2021y] --> Began jumping *Entity[rgb(255-255-255), size(50-50) @ pos(995.0-626)] with expected peak @ (x:995.0, y:100)
[PokaPoka @ 315475ms/33s/53m/18h, 27d/6mo/2021y] --> Began jumping *Entity[rgb(255-255-255), size(50-50) @ pos(992.0-612)] with expected peak @ (x:992.0, y:100)
[PokaPoka @ 331391ms/33s/53m/18h, 27d/6mo/2021y] --> Began jumping *Entity[rgb(255-255-255), size(50-50) @ pos(989.0-596)] with expected peak @ (x:989.0, y:100)
[PokaPoka @ 347924ms/33s/53m/18h, 27d/6mo/2021y] --> Began jumping *Entity[rgb(255-255-255), size(50-50) @ pos(986.0-578)] with expected peak @ (x:986.0, y:100)
[PokaPoka @ 737856ms/33s/53m/18h, 27d/6mo/2021y] --> Began jumping *Entity[rgb(255-255-255), size(50-50) @ pos(914.0-668)] with expected peak @ (x:914.0, y:100)
[PokaPoka @ 754593ms/33s/53m/18h, 27d/6mo/2021y] --> Began jumping *Entity[rgb(255-255-255), size(50-50) @ pos(911.0-668)] with expected peak @ (x:911.0, y:100)
[PokaPoka @ 771013ms/33s/53m/18h, 27d/6mo/2021y] --> Began jumping *Entity[rgb(255-255-255), size(50-50) @ pos(908.0-666)] with expected peak @ (x:908.0, y:100)
[PokaPoka @ 786913ms/33s/53m/18h, 27d/6mo/2021y] --> Began jumping *Entity[rgb(255-255-255), size(50-50) @ pos(905.0-662)] with expected peak @ (x:905.0, y:100)
[PokaPoka @ 802978ms/33s/53m/18h, 27d/6mo/2021y] --> Began jumping *Entity[rgb(255-255-255), size(50-50) @ pos(902.0-656)] with expected peak @ (x:902.0, y:100)
[PokaPoka @ 818566ms/33s/53m/18h, 27d/6mo/2021y] --> Began jumping *Entity[rgb(255-255-255), size(50-50) @ pos(899.0-648)] with expected peak @ (x:899.0, y:100)
[PokaPoka @ 835518ms/33s/53m/18h, 27d/6mo/2021y] --> Began jumping *Entity[rgb(255-255-255), size(50-50) @ pos(896.0-638)] with expected peak @ (x:896.0, y:100)
[PokaPoka @ 852067ms/33s/53m/18h, 27d/6mo/2021y] --> Began jumping *Entity[rgb(255-255-255), size(50-50) @ pos(893.0-626)] with expected peak @ (x:893.0, y:100)
[PokaPoka @ 867445ms/33s/53m/18h, 27d/6mo/2021y] --> Began jumping *Entity[rgb(255-255-255), size(50-50) @ pos(890.0-612)] with expected peak @ (x:890.0, y:100)
[PokaPoka @ 883304ms/33s/53m/18h, 27d/6mo/2021y] --> Began jumping *Entity[rgb(255-255-255), size(50-50) @ pos(887.0-596)] with expected peak @ (x:887.0, y:100)
[PokaPoka @ 901602ms/33s/53m/18h, 27d/6mo/2021y] --> Began jumping *Entity[rgb(255-255-255), size(50-50) @ pos(884.0-578)] with expected peak @ (x:884.0, y:100)
[PokaPoka @ 643551ms/34s/53m/18h, 27d/6mo/2021y] --> Began jumping *Entity[rgb(255-255-255), size(50-50) @ pos(839.0-668)] with expected peak @ (x:839.0, y:100)
[PokaPoka @ 660332ms/34s/53m/18h, 27d/6mo/2021y] --> Began jumping *Entity[rgb(255-255-255), size(50-50) @ pos(839.0-668)] with expected peak @ (x:839.0, y:100)
[PokaPoka @ 676913ms/34s/53m/18h, 27d/6mo/2021y] --> Began jumping *Entity[rgb(255-255-255), size(50-50) @ pos(839.0-666)] with expected peak @ (x:839.0, y:100)
[PokaPoka @ 693119ms/34s/53m/18h, 27d/6mo/2021y] --> Began jumping *Entity[rgb(255-255-255), size(50-50) @ pos(839.0-662)] with expected peak @ (x:839.0, y:100)
[PokaPoka @ 708476ms/34s/53m/18h, 27d/6mo/2021y] --> Began jumping *Entity[rgb(255-255-255), size(50-50) @ pos(839.0-656)] with expected peak @ (x:839.0, y:100)
[PokaPoka @ 725617ms/34s/53m/18h, 27d/6mo/2021y] --> Began jumping *Entity[rgb(255-255-255), size(50-50) @ pos(839.0-648)] with expected peak @ (x:839.0, y:100)
[PokaPoka @ 742025ms/34s/53m/18h, 27d/6mo/2021y] --> Began jumping *Entity[rgb(255-255-255), size(50-50) @ pos(839.0-638)] with expected peak @ (x:839.0, y:100)
[PokaPoka @ 757846ms/34s/53m/18h, 27d/6mo/2021y] --> Began jumping *Entity[rgb(255-255-255), size(50-50) @ pos(839.0-626)] with expected peak @ (x:839.0, y:100)
[PokaPoka @ 773576ms/34s/53m/18h, 27d/6mo/2021y] --> Began jumping *Entity[rgb(255-255-255), size(50-50) @ pos(839.0-612)] with expected peak @ (x:839.0, y:100)
[PokaPoka @ 789447ms/34s/53m/18h, 27d/6mo/2021y] --> Began jumping *Entity[rgb(255-255-255), size(50-50) @ pos(839.0-596)] with expected peak @ (x:839.0, y:100)
[PokaPoka @ 807809ms/34s/53m/18h, 27d/6mo/2021y] --> Began jumping *Entity[rgb(255-255-255), size(50-50) @ pos(839.0-578)] with expected peak @ (x:839.0, y:100)
[PokaPoka @ 643237ms/35s/53m/18h, 27d/6mo/2021y] --> Began jumping *Entity[rgb(255-255-255), size(50-50) @ pos(791.0-668)] with expected peak @ (x:791.0, y:100)
[PokaPoka @ 659815ms/35s/53m/18h, 27d/6mo/2021y] --> Began jumping *Entity[rgb(255-255-255), size(50-50) @ pos(788.0-668)] with expected peak @ (x:788.0, y:100)
[PokaPoka @ 676875ms/35s/53m/18h, 27d/6mo/2021y] --> Began jumping *Entity[rgb(255-255-255), size(50-50) @ pos(785.0-666)] with expected peak @ (x:785.0, y:100)
[PokaPoka @ 693111ms/35s/53m/18h, 27d/6mo/2021y] --> Began jumping *Entity[rgb(255-255-255), size(50-50) @ pos(782.0-662)] with expected peak @ (x:782.0, y:100)
[PokaPoka @ 708638ms/35s/53m/18h, 27d/6mo/2021y] --> Began jumping *Entity[rgb(255-255-255), size(50-50) @ pos(779.0-656)] with expected peak @ (x:779.0, y:100)
[PokaPoka @ 724921ms/35s/53m/18h, 27d/6mo/2021y] --> Began jumping *Entity[rgb(255-255-255), size(50-50) @ pos(776.0-648)] with expected peak @ (x:776.0, y:100)
[PokaPoka @ 740492ms/35s/53m/18h, 27d/6mo/2021y] --> Began jumping *Entity[rgb(255-255-255), size(50-50) @ pos(773.0-638)] with expected peak @ (x:773.0, y:100)
[PokaPoka @ 757126ms/35s/53m/18h, 27d/6mo/2021y] --> Began jumping *Entity[rgb(255-255-255), size(50-50) @ pos(770.0-626)] with expected peak @ (x:770.0, y:100)
[PokaPoka @ 772493ms/35s/53m/18h, 27d/6mo/2021y] --> Began jumping *Entity[rgb(255-255-255), size(50-50) @ pos(767.0-612)] with expected peak @ (x:767.0, y:100)
[PokaPoka @ 788868ms/35s/53m/18h, 27d/6mo/2021y] --> Began jumping *Entity[rgb(255-255-255), size(50-50) @ pos(764.0-596)] with expected peak @ (x:764.0, y:100)
[PokaPoka @ 805123ms/35s/53m/18h, 27d/6mo/2021y] --> Began jumping *Entity[rgb(255-255-255), size(50-50) @ pos(761.0-578)] with expected peak @ (x:761.0, y:100)
[PokaPoka @ 202737ms/36s/53m/18h, 27d/6mo/2021y] --> Began jumping *Entity[rgb(255-255-255), size(50-50) @ pos(689.0-668)] with expected peak @ (x:689.0, y:100)
[PokaPoka @ 218356ms/36s/53m/18h, 27d/6mo/2021y] --> Began jumping *Entity[rgb(255-255-255), size(50-50) @ pos(686.0-668)] with expected peak @ (x:686.0, y:100)
[PokaPoka @ 235524ms/36s/53m/18h, 27d/6mo/2021y] --> Began jumping *Entity[rgb(255-255-255), size(50-50) @ pos(683.0-666)] with expected peak @ (x:683.0, y:100)
[PokaPoka @ 252124ms/36s/53m/18h, 27d/6mo/2021y] --> Began jumping *Entity[rgb(255-255-255), size(50-50) @ pos(680.0-662)] with expected peak @ (x:680.0, y:100)
[PokaPoka @ 267488ms/36s/53m/18h, 27d/6mo/2021y] --> Began jumping *Entity[rgb(255-255-255), size(50-50) @ pos(677.0-656)] with expected peak @ (x:677.0, y:100)
[PokaPoka @ 283296ms/36s/53m/18h, 27d/6mo/2021y] --> Began jumping *Entity[rgb(255-255-255), size(50-50) @ pos(674.0-648)] with expected peak @ (x:674.0, y:100)
[PokaPoka @ 299752ms/36s/53m/18h, 27d/6mo/2021y] --> Began jumping *Entity[rgb(255-255-255), size(50-50) @ pos(671.0-638)] with expected peak @ (x:671.0, y:100)
[PokaPoka @ 316692ms/36s/53m/18h, 27d/6mo/2021y] --> Began jumping *Entity[rgb(255-255-255), size(50-50) @ pos(668.0-626)] with expected peak @ (x:668.0, y:100)
[PokaPoka @ 332133ms/36s/53m/18h, 27d/6mo/2021y] --> Began jumping *Entity[rgb(255-255-255), size(50-50) @ pos(665.0-612)] with expected peak @ (x:665.0, y:100)
[PokaPoka @ 348777ms/36s/53m/18h, 27d/6mo/2021y] --> Began jumping *Entity[rgb(255-255-255), size(50-50) @ pos(662.0-596)] with expected peak @ (x:662.0, y:100)
[PokaPoka @ 365450ms/36s/53m/18h, 27d/6mo/2021y] --> Began jumping *Entity[rgb(255-255-255), size(50-50) @ pos(659.0-578)] with expected peak @ (x:659.0, y:100)
[PokaPoka @ 652934ms/37s/53m/18h, 27d/6mo/2021y] --> Began jumping *Entity[rgb(255-255-255), size(50-50) @ pos(449.0-668)] with expected peak @ (x:449.0, y:100)
[PokaPoka @ 668574ms/37s/53m/18h, 27d/6mo/2021y] --> Began jumping *Entity[rgb(255-255-255), size(50-50) @ pos(446.0-668)] with expected peak @ (x:446.0, y:100)
[PokaPoka @ 685467ms/37s/53m/18h, 27d/6mo/2021y] --> Began jumping *Entity[rgb(255-255-255), size(50-50) @ pos(443.0-666)] with expected peak @ (x:443.0, y:100)
[PokaPoka @ 702582ms/37s/53m/18h, 27d/6mo/2021y] --> Began jumping *Entity[rgb(255-255-255), size(50-50) @ pos(440.0-662)] with expected peak @ (x:440.0, y:100)
[PokaPoka @ 718961ms/37s/53m/18h, 27d/6mo/2021y] --> Began jumping *Entity[rgb(255-255-255), size(50-50) @ pos(437.0-656)] with expected peak @ (x:437.0, y:100)
[PokaPoka @ 735470ms/37s/53m/18h, 27d/6mo/2021y] --> Began jumping *Entity[rgb(255-255-255), size(50-50) @ pos(434.0-648)] with expected peak @ (x:434.0, y:100)
[PokaPoka @ 751943ms/37s/53m/18h, 27d/6mo/2021y] --> Began jumping *Entity[rgb(255-255-255), size(50-50) @ pos(431.0-638)] with expected peak @ (x:431.0, y:100)
[PokaPoka @ 767305ms/37s/53m/18h, 27d/6mo/2021y] --> Began jumping *Entity[rgb(255-255-255), size(50-50) @ pos(428.0-626)] with expected peak @ (x:428.0, y:100)
[PokaPoka @ 785483ms/37s/53m/18h, 27d/6mo/2021y] --> Began jumping *Entity[rgb(255-255-255), size(50-50) @ pos(425.0-612)] with expected peak @ (x:425.0, y:100)
[PokaPoka @ 801480ms/37s/53m/18h, 27d/6mo/2021y] --> Began jumping *Entity[rgb(255-255-255), size(50-50) @ pos(422.0-596)] with expected peak @ (x:422.0, y:100)
[PokaPoka @ 818135ms/37s/53m/18h, 27d/6mo/2021y] --> Began jumping *Entity[rgb(255-255-255), size(50-50) @ pos(419.0-578)] with expected peak @ (x:419.0, y:100)
[PokaPoka @ 212486ms/38s/53m/18h, 27d/6mo/2021y] --> Began jumping *Entity[rgb(255-255-255), size(50-50) @ pos(347.0-668)] with expected peak @ (x:347.0, y:100)
[PokaPoka @ 229250ms/38s/53m/18h, 27d/6mo/2021y] --> Began jumping *Entity[rgb(255-255-255), size(50-50) @ pos(344.0-668)] with expected peak @ (x:344.0, y:100)
[PokaPoka @ 247598ms/38s/53m/18h, 27d/6mo/2021y] --> Began jumping *Entity[rgb(255-255-255), size(50-50) @ pos(341.0-666)] with expected peak @ (x:341.0, y:100)
[PokaPoka @ 264130ms/38s/53m/18h, 27d/6mo/2021y] --> Began jumping *Entity[rgb(255-255-255), size(50-50) @ pos(338.0-662)] with expected peak @ (x:338.0, y:100)
[PokaPoka @ 278444ms/38s/53m/18h, 27d/6mo/2021y] --> Began jumping *Entity[rgb(255-255-255), size(50-50) @ pos(335.0-656)] with expected peak @ (x:335.0, y:100)
[PokaPoka @ 294566ms/38s/53m/18h, 27d/6mo/2021y] --> Began jumping *Entity[rgb(255-255-255), size(50-50) @ pos(332.0-648)] with expected peak @ (x:332.0, y:100)
[PokaPoka @ 310471ms/38s/53m/18h, 27d/6mo/2021y] --> Began jumping *Entity[rgb(255-255-255), size(50-50) @ pos(329.0-638)] with expected peak @ (x:329.0, y:100)
[PokaPoka @ 327043ms/38s/53m/18h, 27d/6mo/2021y] --> Began jumping *Entity[rgb(255-255-255), size(50-50) @ pos(326.0-626)] with expected peak @ (x:326.0, y:100)
[PokaPoka @ 343221ms/38s/53m/18h, 27d/6mo/2021y] --> Began jumping *Entity[rgb(255-255-255), size(50-50) @ pos(323.0-612)] with expected peak @ (x:323.0, y:100)
[PokaPoka @ 359616ms/38s/53m/18h, 27d/6mo/2021y] --> Began jumping *Entity[rgb(255-255-255), size(50-50) @ pos(320.0-596)] with expected peak @ (x:320.0, y:100)
[PokaPoka @ 375388ms/38s/53m/18h, 27d/6mo/2021y] --> Began jumping *Entity[rgb(255-255-255), size(50-50) @ pos(317.0-578)] with expected peak @ (x:317.0, y:100)
[PokaPoka @ 88132ms/6s/54m/18h, 27d/6mo/2021y] --> Attempted to QUIT @ Esc key
[PokaPoka @ 88132ms/6s/54m/18h, 27d/6mo/2021y] --> Shutting down (2nd to last) final!
[PokaPoka @ 88132ms/6s/54m/18h, 27d/6mo/2021y] --> Exported game log as PokaPoka_556573_35_19_18_27_6_2021.log