[PokaPoka @ 773091ms/56s/15m/12h, 27d/6mo/2021y] --> Beginning game startup and startup-finish
[PokaPoka @ 4357ms/58s/15m/12h, 27d/6mo/2021y] --> Began jumping *Entity[rgb(255-255-255), size(50-50) @ pos(524.0-718)] with expected peak @ (x:524.0, y:100)
[PokaPoka @ 20872ms/58s/15m/12h, 27d/6mo/2021y] --> Began jumping *Entity[rgb(255-255-255), size(50-50) @ pos(527.0-718)] with expected peak @ (x:527.0, y:100)
[PokaPoka @ 37837ms/58s/15m/12h, 27d/6mo/2021y] --> Began jumping *Entity[rgb(255-255-255), size(50-50) @ pos(530.0-716)] with expected peak @ (x:530.0, y:100)
[PokaPoka @ 54187ms/58s/15m/12h, 27d/6mo/2021y] --> Began jumping *Entity[rgb(255-255-255), size(50-50) @ pos(533.0-712)] with expected peak @ (x:533.0, y:100)
[PokaPoka @ 69792ms/58s/15m/12h, 27d/6mo/2021y] --> Began jumping *Entity[rgb(255-255-255), size(50-50) @ pos(536.0-706)] with expected peak @ (x:536.0, y:100)
[PokaPoka @ 85371ms/58s/15m/12h, 27d/6mo/2021y] --> Began jumping *Entity[rgb(255-255-255), size(50-50) @ pos(539.0-698)] with expected peak @ (x:539.0, y:100)
[PokaPoka @ 102526ms/58s/15m/12h, 27d/6mo/2021y] --> Began jumping *Entity[rgb(255-255-255), size(50-50) @ pos(542.0-688)] with expected peak @ (x:542.0, y:100)
[PokaPoka @ 119213ms/58s/15m/12h, 27d/6mo/2021y] --> Began jumping *Entity[rgb(255-255-255), size(50-50) @ pos(545.0-676)] with expected peak @ (x:545.0, y:100)
[PokaPoka @ 135762ms/58s/15m/12h, 27d/6mo/2021y] --> Began jumping *Entity[rgb(255-255-255), size(50-50) @ pos(548.0-662)] with expected peak @ (x:548.0, y:100)
[PokaPoka @ 152389ms/58s/15m/12h, 27d/6mo/2021y] --> Began jumping *Entity[rgb(255-255-255), size(50-50) @ pos(551.0-646)] with expected peak @ (x:551.0, y:100)
[PokaPoka @ 169551ms/58s/15m/12h, 27d/6mo/2021y] --> Began jumping *Entity[rgb(255-255-255), size(50-50) @ pos(554.0-628)] with expected peak @ (x:554.0, y:100)
[PokaPoka @ 401354ms/59s/15m/12h, 27d/6mo/2021y] --> Began jumping *Entity[rgb(255-255-255), size(50-50) @ pos(779.0-718)] with expected peak @ (x:779.0, y:100)
[PokaPoka @ 417696ms/59s/15m/12h, 27d/6mo/2021y] --> Began jumping *Entity[rgb(255-255-255), size(50-50) @ pos(782.0-718)] with expected peak @ (x:782.0, y:100)
[PokaPoka @ 433882ms/59s/15m/12h, 27d/6mo/2021y] --> Began jumping *Entity[rgb(255-255-255), size(50-50) @ pos(785.0-716)] with expected peak @ (x:785.0, y:100)
[PokaPoka @ 450004ms/59s/15m/12h, 27d/6mo/2021y] --> Began jumping *Entity[rgb(255-255-255), size(50-50) @ pos(788.0-712)] with expected peak @ (x:788.0, y:100)
[PokaPoka @ 467964ms/59s/15m/12h, 27d/6mo/2021y] --> Began jumping *Entity[rgb(255-255-255), size(50-50) @ pos(791.0-706)] with expected peak @ (x:791.0, y:100)
[PokaPoka @ 483921ms/59s/15m/12h, 27d/6mo/2021y] --> Began jumping *Entity[rgb(255-255-255), size(50-50) @ pos(794.0-698)] with expected peak @ (x:794.0, y:100)
[PokaPoka @ 500342ms/59s/15m/12h, 27d/6mo/2021y] --> Began jumping *Entity[rgb(255-255-255), size(50-50) @ pos(797.0-688)] with expected peak @ (x:797.0, y:100)
[PokaPoka @ 515256ms/59s/15m/12h, 27d/6mo/2021y] --> Began jumping *Entity[rgb(255-255-255), size(50-50) @ pos(800.0-676)] with expected peak @ (x:800.0, y:100)
[PokaPoka @ 533484ms/59s/15m/12h, 27d/6mo/2021y] --> Began jumping *Entity[rgb(255-255-255), size(50-50) @ pos(803.0-662)] with expected peak @ (x:803.0, y:100)
[PokaPoka @ 549712ms/59s/15m/12h, 27d/6mo/2021y] --> Began jumping *Entity[rgb(255-255-255), size(50-50) @ pos(806.0-646)] with expected peak @ (x:806.0, y:100)
[PokaPoka @ 564887ms/59s/15m/12h, 27d/6mo/2021y] --> Began jumping *Entity[rgb(255-255-255), size(50-50) @ pos(809.0-628)] with expected peak @ (x:809.0, y:100)
[PokaPoka @ 984201ms/17s/16m/12h, 27d/6mo/2021y] --> Toggled hitboxes --> False
[PokaPoka @ 784755ms/28s/16m/12h, 27d/6mo/2021y] --> Mouse interacted with hotbar slot(9) --> removed from inventory
[PokaPoka @ 513191ms/30s/16m/12h, 27d/6mo/2021y] --> Began jumping *Entity[rgb(191-55-185), size(50-50) @ pos(627-732)] with expected peak @ (x:627, y:100)
[PokaPoka @ 529840ms/30s/16m/12h, 27d/6mo/2021y] --> Began jumping *Entity[rgb(191-55-185), size(50-50) @ pos(627-730)] with expected peak @ (x:627, y:100)
[PokaPoka @ 545702ms/30s/16m/12h, 27d/6mo/2021y] --> Began jumping *Entity[rgb(191-55-185), size(50-50) @ pos(627-726)] with expected peak @ (x:627, y:100)
[PokaPoka @ 561755ms/30s/16m/12h, 27d/6mo/2021y] --> Began jumping *Entity[rgb(191-55-185), size(50-50) @ pos(627-720)] with expected peak @ (x:627, y:100)
[PokaPoka @ 577566ms/30s/16m/12h, 27d/6mo/2021y] --> Began jumping *Entity[rgb(191-55-185), size(50-50) @ pos(627-712)] with expected peak @ (x:627, y:100)
[PokaPoka @ 594304ms/30s/16m/12h, 27d/6mo/2021y] --> Began jumping *Entity[rgb(191-55-185), size(50-50) @ pos(627-702)] with expected peak @ (x:627, y:100)
[PokaPoka @ 610354ms/30s/16m/12h, 27d/6mo/2021y] --> Began jumping *Entity[rgb(191-55-185), size(50-50) @ pos(627-690)] with expected peak @ (x:627, y:100)
[PokaPoka @ 626536ms/30s/16m/12h, 27d/6mo/2021y] --> Began jumping *Entity[rgb(191-55-185), size(50-50) @ pos(627-676)] with expected peak @ (x:627, y:100)
[PokaPoka @ 642583ms/30s/16m/12h, 27d/6mo/2021y] --> Began jumping *Entity[rgb(191-55-185), size(50-50) @ pos(627-660)] with expected peak @ (x:627, y:100)
[PokaPoka @ 658914ms/30s/16m/12h, 27d/6mo/2021y] --> Began jumping *Entity[rgb(191-55-185), size(50-50) @ pos(627-642)] with expected peak @ (x:627, y:100)
[PokaPoka @ 54516ms/31s/16m/12h, 27d/6mo/2021y] --> Began jumping *Entity[rgb(191-55-185), size(50-50) @ pos(627-722)] with expected peak @ (x:627, y:100)
[PokaPoka @ 71475ms/31s/16m/12h, 27d/6mo/2021y] --> Began jumping *Entity[rgb(191-55-185), size(50-50) @ pos(627-720)] with expected peak @ (x:627, y:100)
[PokaPoka @ 88424ms/31s/16m/12h, 27d/6mo/2021y] --> Began jumping *Entity[rgb(191-55-185), size(50-50) @ pos(627-716)] with expected peak @ (x:627, y:100)
[PokaPoka @ 104466ms/31s/16m/12h, 27d/6mo/2021y] --> Began jumping *Entity[rgb(191-55-185), size(50-50) @ pos(627-710)] with expected peak @ (x:627, y:100)
[PokaPoka @ 120726ms/31s/16m/12h, 27d/6mo/2021y] --> Began jumping *Entity[rgb(191-55-185), size(50-50) @ pos(627-702)] with expected peak @ (x:627, y:100)
[PokaPoka @ 136131ms/31s/16m/12h, 27d/6mo/2021y] --> Began jumping *Entity[rgb(191-55-185), size(50-50) @ pos(627-692)] with expected peak @ (x:627, y:100)
[PokaPoka @ 154470ms/31s/16m/12h, 27d/6mo/2021y] --> Began jumping *Entity[rgb(191-55-185), size(50-50) @ pos(627-680)] with expected peak @ (x:627, y:100)
[PokaPoka @ 170577ms/31s/16m/12h, 27d/6mo/2021y] --> Began jumping *Entity[rgb(191-55-185), size(50-50) @ pos(627-666)] with expected peak @ (x:627, y:100)
[PokaPoka @ 185253ms/31s/16m/12h, 27d/6mo/2021y] --> Began jumping *Entity[rgb(191-55-185), size(50-50) @ pos(627-650)] with expected peak @ (x:627, y:100)
[PokaPoka @ 202402ms/31s/16m/12h, 27d/6mo/2021y] --> Began jumping *Entity[rgb(191-55-185), size(50-50) @ pos(627-632)] with expected peak @ (x:627, y:100)
[PokaPoka @ 619096ms/31s/16m/12h, 27d/6mo/2021y] --> Began jumping *Entity[rgb(191-55-185), size(50-50) @ pos(627-722)] with expected peak @ (x:627, y:100)
[PokaPoka @ 636599ms/31s/16m/12h, 27d/6mo/2021y] --> Began jumping *Entity[rgb(191-55-185), size(50-50) @ pos(627-720)] with expected peak @ (x:627, y:100)
[PokaPoka @ 651391ms/31s/16m/12h, 27d/6mo/2021y] --> Began jumping *Entity[rgb(191-55-185), size(50-50) @ pos(627-716)] with expected peak @ (x:627, y:100)
[PokaPoka @ 668667ms/31s/16m/12h, 27d/6mo/2021y] --> Began jumping *Entity[rgb(191-55-185), size(50-50) @ pos(627-710)] with expected peak @ (x:627, y:100)
[PokaPoka @ 146810ms/33s/16m/12h, 27d/6mo/2021y] --> Item Entity[rgb(191-55-185), size(50-50) @ pos(497-59)] interacted with hotbar slot(9) --> added to inventory
[PokaPoka @ 88725ms/24s/17m/12h, 27d/6mo/2021y] --> Attempted to QUIT @ Esc key
[PokaPoka @ 88725ms/24s/17m/12h, 27d/6mo/2021y] --> Shutting down (2nd to last) final!
[PokaPoka @ 88725ms/24s/17m/12h, 27d/6mo/2021y] --> Exported game log