[PokaPoka @ 171753ms/9s/46m/19h, 27d/6mo/2021y] --> Beginning game startup and startup-finish
[PokaPoka @ 518492ms/10s/46m/19h, 27d/6mo/2021y] --> Began jumping *Entity[rgb(255-255-255), size(50-50) @ pos(525.0-668)] with expected peak @ (x:525.0, y:100)
[PokaPoka @ 534483ms/10s/46m/19h, 27d/6mo/2021y] --> Began jumping *Entity[rgb(255-255-255), size(50-50) @ pos(528.0-668)] with expected peak @ (x:528.0, y:100)
[PokaPoka @ 551439ms/10s/46m/19h, 27d/6mo/2021y] --> Began jumping *Entity[rgb(255-255-255), size(50-50) @ pos(531.0-666)] with expected peak @ (x:531.0, y:100)
[PokaPoka @ 567795ms/10s/46m/19h, 27d/6mo/2021y] --> Began jumping *Entity[rgb(255-255-255), size(50-50) @ pos(534.0-662)] with expected peak @ (x:534.0, y:100)
[PokaPoka @ 584420ms/10s/46m/19h, 27d/6mo/2021y] --> Began jumping *Entity[rgb(255-255-255), size(50-50) @ pos(537.0-656)] with expected peak @ (x:537.0, y:100)
[PokaPoka @ 601559ms/10s/46m/19h, 27d/6mo/2021y] --> Began jumping *Entity[rgb(255-255-255), size(50-50) @ pos(540.0-648)] with expected peak @ (x:540.0, y:100)
[PokaPoka @ 618762ms/10s/46m/19h, 27d/6mo/2021y] --> Began jumping *Entity[rgb(255-255-255), size(50-50) @ pos(543.0-638)] with expected peak @ (x:543.0, y:100)
[PokaPoka @ 636361ms/10s/46m/19h, 27d/6mo/2021y] --> Began jumping *Entity[rgb(255-255-255), size(50-50) @ pos(546.0-626)] with expected peak @ (x:546.0, y:100)
[PokaPoka @ 651794ms/10s/46m/19h, 27d/6mo/2021y] --> Began jumping *Entity[rgb(255-255-255), size(50-50) @ pos(549.0-612)] with expected peak @ (x:549.0, y:100)
[PokaPoka @ 668021ms/10s/46m/19h, 27d/6mo/2021y] --> Began jumping *Entity[rgb(255-255-255), size(50-50) @ pos(552.0-596)] with expected peak @ (x:552.0, y:100)
[PokaPoka @ 685180ms/10s/46m/19h, 27d/6mo/2021y] --> Began jumping *Entity[rgb(255-255-255), size(50-50) @ pos(552.0-578)] with expected peak @ (x:552.0, y:100)
[PokaPoka @ 771312ms/21s/46m/19h, 27d/6mo/2021y] --> Mouse interacted with hotbar slot(9) --> removed from inventory
[PokaPoka @ 991198ms/27s/46m/19h, 27d/6mo/2021y] --> Began jumping *Entity[rgb(255-255-255), size(50-50) @ pos(580-668)] with expected peak @ (x:580, y:100)
[PokaPoka @ 7755ms/28s/46m/19h, 27d/6mo/2021y] --> Began jumping *Entity[rgb(255-255-255), size(50-50) @ pos(577-668)] with expected peak @ (x:577, y:100)
[PokaPoka @ 24522ms/28s/46m/19h, 27d/6mo/2021y] --> Began jumping *Entity[rgb(255-255-255), size(50-50) @ pos(574-666)] with expected peak @ (x:574, y:100)
[PokaPoka @ 40432ms/28s/46m/19h, 27d/6mo/2021y] --> Began jumping *Entity[rgb(255-255-255), size(50-50) @ pos(571-662)] with expected peak @ (x:571, y:100)
[PokaPoka @ 57039ms/28s/46m/19h, 27d/6mo/2021y] --> Began jumping *Entity[rgb(255-255-255), size(50-50) @ pos(568-656)] with expected peak @ (x:568, y:100)
[PokaPoka @ 72893ms/28s/46m/19h, 27d/6mo/2021y] --> Began jumping *Entity[rgb(255-255-255), size(50-50) @ pos(565-648)] with expected peak @ (x:565, y:100)
[PokaPoka @ 88823ms/28s/46m/19h, 27d/6mo/2021y] --> Began jumping *Entity[rgb(255-255-255), size(50-50) @ pos(562-638)] with expected peak @ (x:562, y:100)
[PokaPoka @ 105970ms/28s/46m/19h, 27d/6mo/2021y] --> Began jumping *Entity[rgb(255-255-255), size(50-50) @ pos(559-626)] with expected peak @ (x:559, y:100)
[PokaPoka @ 121956ms/28s/46m/19h, 27d/6mo/2021y] --> Began jumping *Entity[rgb(255-255-255), size(50-50) @ pos(556-612)] with expected peak @ (x:556, y:100)
[PokaPoka @ 137392ms/28s/46m/19h, 27d/6mo/2021y] --> Began jumping *Entity[rgb(255-255-255), size(50-50) @ pos(553-596)] with expected peak @ (x:553, y:100)
[PokaPoka @ 153884ms/28s/46m/19h, 27d/6mo/2021y] --> Began jumping *Entity[rgb(255-255-255), size(50-50) @ pos(550-578)] with expected peak @ (x:550, y:100)
[PokaPoka @ 170578ms/28s/46m/19h, 27d/6mo/2021y] --> Began jumping *Entity[rgb(255-255-255), size(50-50) @ pos(547-558)] with expected peak @ (x:547, y:100)
[PokaPoka @ 187143ms/28s/46m/19h, 27d/6mo/2021y] --> Began jumping *Entity[rgb(255-255-255), size(50-50) @ pos(544-536)] with expected peak @ (x:544, y:100)
[PokaPoka @ 884122ms/29s/46m/19h, 27d/6mo/2021y] --> Began jumping *Entity[rgb(255-255-255), size(50-50) @ pos(325-668)] with expected peak @ (x:325, y:100)
[PokaPoka @ 900873ms/29s/46m/19h, 27d/6mo/2021y] --> Began jumping *Entity[rgb(255-255-255), size(50-50) @ pos(328-668)] with expected peak @ (x:328, y:100)
[PokaPoka @ 917095ms/29s/46m/19h, 27d/6mo/2021y] --> Began jumping *Entity[rgb(255-255-255), size(50-50) @ pos(331-666)] with expected peak @ (x:331, y:100)
[PokaPoka @ 935624ms/29s/46m/19h, 27d/6mo/2021y] --> Began jumping *Entity[rgb(255-255-255), size(50-50) @ pos(334-662)] with expected peak @ (x:334, y:100)
[PokaPoka @ 951090ms/29s/46m/19h, 27d/6mo/2021y] --> Began jumping *Entity[rgb(255-255-255), size(50-50) @ pos(337-656)] with expected peak @ (x:337, y:100)
[PokaPoka @ 967524ms/29s/46m/19h, 27d/6mo/2021y] --> Began jumping *Entity[rgb(255-255-255), size(50-50) @ pos(340-648)] with expected peak @ (x:340, y:100)
[PokaPoka @ 983826ms/29s/46m/19h, 27d/6mo/2021y] --> Began jumping *Entity[rgb(255-255-255), size(50-50) @ pos(343-638)] with expected peak @ (x:343, y:100)
[PokaPoka @ 999820ms/29s/46m/19h, 27d/6mo/2021y] --> Began jumping *Entity[rgb(255-255-255), size(50-50) @ pos(346-626)] with expected peak @ (x:346, y:100)
[PokaPoka @ 16045ms/30s/46m/19h, 27d/6mo/2021y] --> Began jumping *Entity[rgb(255-255-255), size(50-50) @ pos(349-612)] with expected peak @ (x:349, y:100)
[PokaPoka @ 33118ms/30s/46m/19h, 27d/6mo/2021y] --> Began jumping *Entity[rgb(255-255-255), size(50-50) @ pos(352-596)] with expected peak @ (x:352, y:100)
[PokaPoka @ 49961ms/30s/46m/19h, 27d/6mo/2021y] --> Began jumping *Entity[rgb(255-255-255), size(50-50) @ pos(355-578)] with expected peak @ (x:355, y:100)
[PokaPoka @ 349465ms/43s/46m/19h, 27d/6mo/2021y] --> Toggled developergui --> True
[PokaPoka @ 943725ms/50s/46m/19h, 27d/6mo/2021y] --> Attempted to QUIT @ Esc key
[PokaPoka @ 944690ms/50s/46m/19h, 27d/6mo/2021y] --> Shutting down (2nd to last) final!
[PokaPoka @ 944690ms/50s/46m/19h, 27d/6mo/2021y] --> Exported game log as PokaPoka_747385_8_46_19_27_6_2021.log