[PokaPoka @ 230428ms/46s/5m/11h, 27d/6mo/2021y] --> Beginning game startup and startup-finish
[PokaPoka @ 290815ms/47s/5m/11h, 27d/6mo/2021y] --> Began jumping *Entity[rgb(255-255-255), size(50-50) @ pos(554.0-700)] with expected peak @ (x:554.0, y:100)
[PokaPoka @ 305192ms/47s/5m/11h, 27d/6mo/2021y] --> Began jumping *Entity[rgb(255-255-255), size(50-50) @ pos(557.0-700)] with expected peak @ (x:557.0, y:100)
[PokaPoka @ 318196ms/47s/5m/11h, 27d/6mo/2021y] --> Began jumping *Entity[rgb(255-255-255), size(50-50) @ pos(560.0-698)] with expected peak @ (x:560.0, y:100)
[PokaPoka @ 331173ms/47s/5m/11h, 27d/6mo/2021y] --> Began jumping *Entity[rgb(255-255-255), size(50-50) @ pos(563.0-694)] with expected peak @ (x:563.0, y:100)
[PokaPoka @ 344118ms/47s/5m/11h, 27d/6mo/2021y] --> Began jumping *Entity[rgb(255-255-255), size(50-50) @ pos(566.0-688)] with expected peak @ (x:566.0, y:100)
[PokaPoka @ 359132ms/47s/5m/11h, 27d/6mo/2021y] --> Began jumping *Entity[rgb(255-255-255), size(50-50) @ pos(569.0-680)] with expected peak @ (x:569.0, y:100)
[PokaPoka @ 372936ms/47s/5m/11h, 27d/6mo/2021y] --> Began jumping *Entity[rgb(255-255-255), size(50-50) @ pos(572.0-670)] with expected peak @ (x:572.0, y:100)
[PokaPoka @ 385904ms/47s/5m/11h, 27d/6mo/2021y] --> Began jumping *Entity[rgb(255-255-255), size(50-50) @ pos(575.0-658)] with expected peak @ (x:575.0, y:100)
[PokaPoka @ 398868ms/47s/5m/11h, 27d/6mo/2021y] --> Began jumping *Entity[rgb(255-255-255), size(50-50) @ pos(578.0-644)] with expected peak @ (x:578.0, y:100)
[PokaPoka @ 412830ms/47s/5m/11h, 27d/6mo/2021y] --> Began jumping *Entity[rgb(255-255-255), size(50-50) @ pos(581.0-628)] with expected peak @ (x:581.0, y:100)
[PokaPoka @ 427791ms/47s/5m/11h, 27d/6mo/2021y] --> Began jumping *Entity[rgb(255-255-255), size(50-50) @ pos(584.0-610)] with expected peak @ (x:584.0, y:100)
[PokaPoka @ 442750ms/47s/5m/11h, 27d/6mo/2021y] --> Began jumping *Entity[rgb(255-255-255), size(50-50) @ pos(587.0-590)] with expected peak @ (x:587.0, y:100)
[PokaPoka @ 485637ms/47s/5m/11h, 27d/6mo/2021y] --> Began jumping *Entity[rgb(255-255-255), size(50-50) @ pos(596.0-768)] with expected peak @ (x:596.0, y:100)
[PokaPoka @ 498603ms/47s/5m/11h, 27d/6mo/2021y] --> Began jumping *Entity[rgb(255-255-255), size(50-50) @ pos(599.0-768)] with expected peak @ (x:599.0, y:100)
[PokaPoka @ 512565ms/47s/5m/11h, 27d/6mo/2021y] --> Began jumping *Entity[rgb(255-255-255), size(50-50) @ pos(602.0-766)] with expected peak @ (x:602.0, y:100)
[PokaPoka @ 528522ms/47s/5m/11h, 27d/6mo/2021y] --> Began jumping *Entity[rgb(255-255-255), size(50-50) @ pos(605.0-762)] with expected peak @ (x:605.0, y:100)
[PokaPoka @ 541486ms/47s/5m/11h, 27d/6mo/2021y] --> Began jumping *Entity[rgb(255-255-255), size(50-50) @ pos(608.0-756)] with expected peak @ (x:608.0, y:100)
[PokaPoka @ 555968ms/47s/5m/11h, 27d/6mo/2021y] --> Began jumping *Entity[rgb(255-255-255), size(50-50) @ pos(611.0-748)] with expected peak @ (x:611.0, y:100)
[PokaPoka @ 568935ms/47s/5m/11h, 27d/6mo/2021y] --> Began jumping *Entity[rgb(255-255-255), size(50-50) @ pos(614.0-738)] with expected peak @ (x:614.0, y:100)
[PokaPoka @ 581900ms/47s/5m/11h, 27d/6mo/2021y] --> Began jumping *Entity[rgb(255-255-255), size(50-50) @ pos(617.0-726)] with expected peak @ (x:617.0, y:100)
[PokaPoka @ 594865ms/47s/5m/11h, 27d/6mo/2021y] --> Began jumping *Entity[rgb(255-255-255), size(50-50) @ pos(620.0-712)] with expected peak @ (x:620.0, y:100)
[PokaPoka @ 609811ms/47s/5m/11h, 27d/6mo/2021y] --> Began jumping *Entity[rgb(255-255-255), size(50-50) @ pos(623.0-696)] with expected peak @ (x:623.0, y:100)
[PokaPoka @ 622773ms/47s/5m/11h, 27d/6mo/2021y] --> Began jumping *Entity[rgb(255-255-255), size(50-50) @ pos(626.0-678)] with expected peak @ (x:626.0, y:100)
[PokaPoka @ 635775ms/47s/5m/11h, 27d/6mo/2021y] --> Began jumping *Entity[rgb(255-255-255), size(50-50) @ pos(629.0-658)] with expected peak @ (x:629.0, y:100)
[PokaPoka @ 649738ms/47s/5m/11h, 27d/6mo/2021y] --> Began jumping *Entity[rgb(255-255-255), size(50-50) @ pos(632.0-636)] with expected peak @ (x:632.0, y:100)
[PokaPoka @ 659419ms/48s/5m/11h, 27d/6mo/2021y] --> Attempted to QUIT @ Esc key
[PokaPoka @ 659419ms/48s/5m/11h, 27d/6mo/2021y] --> Shutting down (2nd to last) final!
[PokaPoka @ 659419ms/48s/5m/11h, 27d/6mo/2021y] --> Exported game log