[PokaPoka @ 648400ms/26s/25m/16h, 27d/6mo/2021y] --> Beginning game startup and startup-finish
[PokaPoka @ 77647ms/27s/25m/16h, 27d/6mo/2021y] --> Mouse interacted with hotbar slot(5) --> removed from inventory
[PokaPoka @ 336296ms/28s/25m/16h, 27d/6mo/2021y] --> Began jumping *Entity[rgb(109-165-68), size(50-50) @ pos(692-679)] with expected peak @ (x:692, y:100)
[PokaPoka @ 353416ms/28s/25m/16h, 27d/6mo/2021y] --> Began jumping *Entity[rgb(109-165-68), size(50-50) @ pos(692-677)] with expected peak @ (x:692, y:100)
[PokaPoka @ 370446ms/28s/25m/16h, 27d/6mo/2021y] --> Began jumping *Entity[rgb(109-165-68), size(50-50) @ pos(692-673)] with expected peak @ (x:692, y:100)
[PokaPoka @ 386808ms/28s/25m/16h, 27d/6mo/2021y] --> Began jumping *Entity[rgb(109-165-68), size(50-50) @ pos(692-667)] with expected peak @ (x:692, y:100)
[PokaPoka @ 403434ms/28s/25m/16h, 27d/6mo/2021y] --> Began jumping *Entity[rgb(109-165-68), size(50-50) @ pos(692-659)] with expected peak @ (x:692, y:100)
[PokaPoka @ 420158ms/28s/25m/16h, 27d/6mo/2021y] --> Began jumping *Entity[rgb(109-165-68), size(50-50) @ pos(692-649)] with expected peak @ (x:692, y:100)
[PokaPoka @ 436286ms/28s/25m/16h, 27d/6mo/2021y] --> Began jumping *Entity[rgb(109-165-68), size(50-50) @ pos(692-637)] with expected peak @ (x:692, y:100)
[PokaPoka @ 453486ms/28s/25m/16h, 27d/6mo/2021y] --> Began jumping *Entity[rgb(109-165-68), size(50-50) @ pos(692-623)] with expected peak @ (x:692, y:100)
[PokaPoka @ 470157ms/28s/25m/16h, 27d/6mo/2021y] --> Began jumping *Entity[rgb(109-165-68), size(50-50) @ pos(692-607)] with expected peak @ (x:692, y:100)
[PokaPoka @ 486263ms/28s/25m/16h, 27d/6mo/2021y] --> Began jumping *Entity[rgb(109-165-68), size(50-50) @ pos(692-589)] with expected peak @ (x:692, y:100)
[PokaPoka @ 880314ms/28s/25m/16h, 27d/6mo/2021y] --> Began jumping *Entity[rgb(109-165-68), size(50-50) @ pos(692-669)] with expected peak @ (x:692, y:100)
[PokaPoka @ 897236ms/28s/25m/16h, 27d/6mo/2021y] --> Began jumping *Entity[rgb(109-165-68), size(50-50) @ pos(692-667)] with expected peak @ (x:692, y:100)
[PokaPoka @ 913454ms/28s/25m/16h, 27d/6mo/2021y] --> Began jumping *Entity[rgb(109-165-68), size(50-50) @ pos(692-663)] with expected peak @ (x:692, y:100)
[PokaPoka @ 928708ms/28s/25m/16h, 27d/6mo/2021y] --> Began jumping *Entity[rgb(109-165-68), size(50-50) @ pos(692-657)] with expected peak @ (x:692, y:100)
[PokaPoka @ 944751ms/28s/25m/16h, 27d/6mo/2021y] --> Began jumping *Entity[rgb(109-165-68), size(50-50) @ pos(692-649)] with expected peak @ (x:692, y:100)
[PokaPoka @ 961317ms/28s/25m/16h, 27d/6mo/2021y] --> Began jumping *Entity[rgb(109-165-68), size(50-50) @ pos(692-639)] with expected peak @ (x:692, y:100)
[PokaPoka @ 978482ms/28s/25m/16h, 27d/6mo/2021y] --> Began jumping *Entity[rgb(109-165-68), size(50-50) @ pos(692-627)] with expected peak @ (x:692, y:100)
[PokaPoka @ 994980ms/28s/25m/16h, 27d/6mo/2021y] --> Began jumping *Entity[rgb(109-165-68), size(50-50) @ pos(692-613)] with expected peak @ (x:692, y:100)
[PokaPoka @ 10246ms/29s/25m/16h, 27d/6mo/2021y] --> Began jumping *Entity[rgb(109-165-68), size(50-50) @ pos(692-597)] with expected peak @ (x:692, y:100)
[PokaPoka @ 28195ms/29s/25m/16h, 27d/6mo/2021y] --> Began jumping *Entity[rgb(109-165-68), size(50-50) @ pos(692-579)] with expected peak @ (x:692, y:100)
[PokaPoka @ 208055ms/29s/25m/16h, 27d/6mo/2021y] --> Began jumping *Entity[rgb(109-165-68), size(50-50) @ pos(692-571)] with expected peak @ (x:692, y:100)
[PokaPoka @ 223390ms/29s/25m/16h, 27d/6mo/2021y] --> Began jumping *Entity[rgb(109-165-68), size(50-50) @ pos(692-569)] with expected peak @ (x:692, y:100)
[PokaPoka @ 239886ms/29s/25m/16h, 27d/6mo/2021y] --> Began jumping *Entity[rgb(109-165-68), size(50-50) @ pos(692-565)] with expected peak @ (x:692, y:100)
[PokaPoka @ 255676ms/29s/25m/16h, 27d/6mo/2021y] --> Began jumping *Entity[rgb(109-165-68), size(50-50) @ pos(692-559)] with expected peak @ (x:692, y:100)
[PokaPoka @ 270536ms/29s/25m/16h, 27d/6mo/2021y] --> Began jumping *Entity[rgb(109-165-68), size(50-50) @ pos(692-551)] with expected peak @ (x:692, y:100)
[PokaPoka @ 289103ms/29s/25m/16h, 27d/6mo/2021y] --> Began jumping *Entity[rgb(109-165-68), size(50-50) @ pos(692-541)] with expected peak @ (x:692, y:100)
[PokaPoka @ 304393ms/29s/25m/16h, 27d/6mo/2021y] --> Began jumping *Entity[rgb(109-165-68), size(50-50) @ pos(692-529)] with expected peak @ (x:692, y:100)
[PokaPoka @ 321808ms/29s/25m/16h, 27d/6mo/2021y] --> Began jumping *Entity[rgb(109-165-68), size(50-50) @ pos(692-515)] with expected peak @ (x:692, y:100)
[PokaPoka @ 337517ms/29s/25m/16h, 27d/6mo/2021y] --> Began jumping *Entity[rgb(109-165-68), size(50-50) @ pos(692-499)] with expected peak @ (x:692, y:100)
[PokaPoka @ 353939ms/29s/25m/16h, 27d/6mo/2021y] --> Began jumping *Entity[rgb(109-165-68), size(50-50) @ pos(692-481)] with expected peak @ (x:692, y:100)
[PokaPoka @ 890154ms/29s/25m/16h, 27d/6mo/2021y] --> Began jumping *Entity[rgb(109-165-68), size(50-50) @ pos(692-671)] with expected peak @ (x:692, y:100)
[PokaPoka @ 907213ms/29s/25m/16h, 27d/6mo/2021y] --> Began jumping *Entity[rgb(109-165-68), size(50-50) @ pos(692-669)] with expected peak @ (x:692, y:100)
[PokaPoka @ 922597ms/29s/25m/16h, 27d/6mo/2021y] --> Began jumping *Entity[rgb(109-165-68), size(50-50) @ pos(692-665)] with expected peak @ (x:692, y:100)
[PokaPoka @ 938716ms/29s/25m/16h, 27d/6mo/2021y] --> Began jumping *Entity[rgb(109-165-68), size(50-50) @ pos(692-659)] with expected peak @ (x:692, y:100)
[PokaPoka @ 956052ms/29s/25m/16h, 27d/6mo/2021y] --> Began jumping *Entity[rgb(109-165-68), size(50-50) @ pos(692-651)] with expected peak @ (x:692, y:100)
[PokaPoka @ 972189ms/29s/25m/16h, 27d/6mo/2021y] --> Began jumping *Entity[rgb(109-165-68), size(50-50) @ pos(692-641)] with expected peak @ (x:692, y:100)
[PokaPoka @ 988198ms/29s/25m/16h, 27d/6mo/2021y] --> Began jumping *Entity[rgb(109-165-68), size(50-50) @ pos(692-629)] with expected peak @ (x:692, y:100)
[PokaPoka @ 3397ms/30s/25m/16h, 27d/6mo/2021y] --> Began jumping *Entity[rgb(109-165-68), size(50-50) @ pos(692-615)] with expected peak @ (x:692, y:100)
[PokaPoka @ 21230ms/30s/25m/16h, 27d/6mo/2021y] --> Began jumping *Entity[rgb(109-165-68), size(50-50) @ pos(692-599)] with expected peak @ (x:692, y:100)
[PokaPoka @ 37991ms/30s/25m/16h, 27d/6mo/2021y] --> Began jumping *Entity[rgb(109-165-68), size(50-50) @ pos(692-581)] with expected peak @ (x:692, y:100)
[PokaPoka @ 473644ms/30s/25m/16h, 27d/6mo/2021y] --> Began jumping *Entity[rgb(109-165-68), size(50-50) @ pos(692-671)] with expected peak @ (x:692, y:100)
[PokaPoka @ 490599ms/30s/25m/16h, 27d/6mo/2021y] --> Began jumping *Entity[rgb(109-165-68), size(50-50) @ pos(692-669)] with expected peak @ (x:692, y:100)
[PokaPoka @ 506615ms/30s/25m/16h, 27d/6mo/2021y] --> Began jumping *Entity[rgb(109-165-68), size(50-50) @ pos(692-665)] with expected peak @ (x:692, y:100)
[PokaPoka @ 523509ms/30s/25m/16h, 27d/6mo/2021y] --> Began jumping *Entity[rgb(109-165-68), size(50-50) @ pos(692-659)] with expected peak @ (x:692, y:100)
[PokaPoka @ 540461ms/30s/25m/16h, 27d/6mo/2021y] --> Began jumping *Entity[rgb(109-165-68), size(50-50) @ pos(692-651)] with expected peak @ (x:692, y:100)
[PokaPoka @ 556421ms/30s/25m/16h, 27d/6mo/2021y] --> Began jumping *Entity[rgb(109-165-68), size(50-50) @ pos(692-641)] with expected peak @ (x:692, y:100)
[PokaPoka @ 574372ms/30s/25m/16h, 27d/6mo/2021y] --> Began jumping *Entity[rgb(109-165-68), size(50-50) @ pos(692-629)] with expected peak @ (x:692, y:100)
[PokaPoka @ 590327ms/30s/25m/16h, 27d/6mo/2021y] --> Began jumping *Entity[rgb(109-165-68), size(50-50) @ pos(692-615)] with expected peak @ (x:692, y:100)
[PokaPoka @ 607283ms/30s/25m/16h, 27d/6mo/2021y] --> Began jumping *Entity[rgb(109-165-68), size(50-50) @ pos(692-599)] with expected peak @ (x:692, y:100)
[PokaPoka @ 624236ms/30s/25m/16h, 27d/6mo/2021y] --> Began jumping *Entity[rgb(109-165-68), size(50-50) @ pos(692-581)] with expected peak @ (x:692, y:100)
[PokaPoka @ 29668ms/31s/25m/16h, 27d/6mo/2021y] --> Began jumping *Entity[rgb(109-165-68), size(50-50) @ pos(692-671)] with expected peak @ (x:692, y:100)
[PokaPoka @ 47612ms/31s/25m/16h, 27d/6mo/2021y] --> Began jumping *Entity[rgb(109-165-68), size(50-50) @ pos(692-669)] with expected peak @ (x:692, y:100)
[PokaPoka @ 63569ms/31s/25m/16h, 27d/6mo/2021y] --> Began jumping *Entity[rgb(109-165-68), size(50-50) @ pos(692-665)] with expected peak @ (x:692, y:100)
[PokaPoka @ 80554ms/31s/25m/16h, 27d/6mo/2021y] --> Began jumping *Entity[rgb(109-165-68), size(50-50) @ pos(692-659)] with expected peak @ (x:692, y:100)
[PokaPoka @ 96484ms/31s/25m/16h, 27d/6mo/2021y] --> Began jumping *Entity[rgb(109-165-68), size(50-50) @ pos(692-651)] with expected peak @ (x:692, y:100)
[PokaPoka @ 113468ms/31s/25m/16h, 27d/6mo/2021y] --> Began jumping *Entity[rgb(109-165-68), size(50-50) @ pos(692-641)] with expected peak @ (x:692, y:100)
[PokaPoka @ 129506ms/31s/25m/16h, 27d/6mo/2021y] --> Began jumping *Entity[rgb(109-165-68), size(50-50) @ pos(692-629)] with expected peak @ (x:692, y:100)
[PokaPoka @ 146210ms/31s/25m/16h, 27d/6mo/2021y] --> Began jumping *Entity[rgb(109-165-68), size(50-50) @ pos(692-615)] with expected peak @ (x:692, y:100)
[PokaPoka @ 164021ms/31s/25m/16h, 27d/6mo/2021y] --> Began jumping *Entity[rgb(109-165-68), size(50-50) @ pos(692-599)] with expected peak @ (x:692, y:100)
[PokaPoka @ 180641ms/31s/25m/16h, 27d/6mo/2021y] --> Began jumping *Entity[rgb(109-165-68), size(50-50) @ pos(692-581)] with expected peak @ (x:692, y:100)
[PokaPoka @ 592017ms/31s/25m/16h, 27d/6mo/2021y] --> Began jumping *Entity[rgb(109-165-68), size(50-50) @ pos(692-671)] with expected peak @ (x:692, y:100)
[PokaPoka @ 607972ms/31s/25m/16h, 27d/6mo/2021y] --> Began jumping *Entity[rgb(109-165-68), size(50-50) @ pos(692-669)] with expected peak @ (x:692, y:100)
[PokaPoka @ 623969ms/31s/25m/16h, 27d/6mo/2021y] --> Began jumping *Entity[rgb(109-165-68), size(50-50) @ pos(692-665)] with expected peak @ (x:692, y:100)
[PokaPoka @ 639163ms/31s/25m/16h, 27d/6mo/2021y] --> Began jumping *Entity[rgb(109-165-68), size(50-50) @ pos(692-659)] with expected peak @ (x:692, y:100)
[PokaPoka @ 654337ms/31s/25m/16h, 27d/6mo/2021y] --> Began jumping *Entity[rgb(109-165-68), size(50-50) @ pos(692-651)] with expected peak @ (x:692, y:100)
[PokaPoka @ 670948ms/31s/25m/16h, 27d/6mo/2021y] --> Began jumping *Entity[rgb(109-165-68), size(50-50) @ pos(692-641)] with expected peak @ (x:692, y:100)
[PokaPoka @ 687163ms/31s/25m/16h, 27d/6mo/2021y] --> Began jumping *Entity[rgb(109-165-68), size(50-50) @ pos(692-629)] with expected peak @ (x:692, y:100)
[PokaPoka @ 703435ms/31s/25m/16h, 27d/6mo/2021y] --> Began jumping *Entity[rgb(109-165-68), size(50-50) @ pos(692-615)] with expected peak @ (x:692, y:100)
[PokaPoka @ 720104ms/31s/25m/16h, 27d/6mo/2021y] --> Began jumping *Entity[rgb(109-165-68), size(50-50) @ pos(692-599)] with expected peak @ (x:692, y:100)
[PokaPoka @ 737048ms/31s/25m/16h, 27d/6mo/2021y] --> Began jumping *Entity[rgb(109-165-68), size(50-50) @ pos(692-581)] with expected peak @ (x:692, y:100)
[PokaPoka @ 246338ms/32s/25m/16h, 27d/6mo/2021y] --> Began jumping *Entity[rgb(109-165-68), size(50-50) @ pos(692-671)] with expected peak @ (x:692, y:100)
[PokaPoka @ 263435ms/32s/25m/16h, 27d/6mo/2021y] --> Began jumping *Entity[rgb(109-165-68), size(50-50) @ pos(692-669)] with expected peak @ (x:692, y:100)
[PokaPoka @ 280272ms/32s/25m/16h, 27d/6mo/2021y] --> Began jumping *Entity[rgb(109-165-68), size(50-50) @ pos(692-665)] with expected peak @ (x:692, y:100)
[PokaPoka @ 297124ms/32s/25m/16h, 27d/6mo/2021y] --> Began jumping *Entity[rgb(109-165-68), size(50-50) @ pos(692-659)] with expected peak @ (x:692, y:100)
[PokaPoka @ 313080ms/32s/25m/16h, 27d/6mo/2021y] --> Began jumping *Entity[rgb(109-165-68), size(50-50) @ pos(692-651)] with expected peak @ (x:692, y:100)
[PokaPoka @ 329037ms/32s/25m/16h, 27d/6mo/2021y] --> Began jumping *Entity[rgb(109-165-68), size(50-50) @ pos(692-641)] with expected peak @ (x:692, y:100)
[PokaPoka @ 344995ms/32s/25m/16h, 27d/6mo/2021y] --> Began jumping *Entity[rgb(109-165-68), size(50-50) @ pos(692-629)] with expected peak @ (x:692, y:100)
[PokaPoka @ 360956ms/32s/25m/16h, 27d/6mo/2021y] --> Began jumping *Entity[rgb(109-165-68), size(50-50) @ pos(692-615)] with expected peak @ (x:692, y:100)
[PokaPoka @ 376910ms/32s/25m/16h, 27d/6mo/2021y] --> Began jumping *Entity[rgb(109-165-68), size(50-50) @ pos(692-599)] with expected peak @ (x:692, y:100)
[PokaPoka @ 392946ms/32s/25m/16h, 27d/6mo/2021y] --> Began jumping *Entity[rgb(109-165-68), size(50-50) @ pos(692-581)] with expected peak @ (x:692, y:100)
[PokaPoka @ 803399ms/32s/25m/16h, 27d/6mo/2021y] --> Began jumping *Entity[rgb(109-165-68), size(50-50) @ pos(692-671)] with expected peak @ (x:692, y:100)
[PokaPoka @ 820072ms/32s/25m/16h, 27d/6mo/2021y] --> Began jumping *Entity[rgb(109-165-68), size(50-50) @ pos(692-669)] with expected peak @ (x:692, y:100)
[PokaPoka @ 836250ms/32s/25m/16h, 27d/6mo/2021y] --> Began jumping *Entity[rgb(109-165-68), size(50-50) @ pos(692-665)] with expected peak @ (x:692, y:100)
[PokaPoka @ 853435ms/32s/25m/16h, 27d/6mo/2021y] --> Began jumping *Entity[rgb(109-165-68), size(50-50) @ pos(692-659)] with expected peak @ (x:692, y:100)
[PokaPoka @ 870279ms/32s/25m/16h, 27d/6mo/2021y] --> Began jumping *Entity[rgb(109-165-68), size(50-50) @ pos(692-651)] with expected peak @ (x:692, y:100)
[PokaPoka @ 887257ms/32s/25m/16h, 27d/6mo/2021y] --> Began jumping *Entity[rgb(109-165-68), size(50-50) @ pos(692-641)] with expected peak @ (x:692, y:100)
[PokaPoka @ 904240ms/32s/25m/16h, 27d/6mo/2021y] --> Began jumping *Entity[rgb(109-165-68), size(50-50) @ pos(692-629)] with expected peak @ (x:692, y:100)
[PokaPoka @ 921164ms/32s/25m/16h, 27d/6mo/2021y] --> Began jumping *Entity[rgb(109-165-68), size(50-50) @ pos(692-615)] with expected peak @ (x:692, y:100)
[PokaPoka @ 938123ms/32s/25m/16h, 27d/6mo/2021y] --> Began jumping *Entity[rgb(109-165-68), size(50-50) @ pos(692-599)] with expected peak @ (x:692, y:100)
[PokaPoka @ 954077ms/32s/25m/16h, 27d/6mo/2021y] --> Began jumping *Entity[rgb(109-165-68), size(50-50) @ pos(692-581)] with expected peak @ (x:692, y:100)
[PokaPoka @ 367182ms/33s/25m/16h, 27d/6mo/2021y] --> Began jumping *Entity[rgb(109-165-68), size(50-50) @ pos(692-671)] with expected peak @ (x:692, y:100)
[PokaPoka @ 382582ms/33s/25m/16h, 27d/6mo/2021y] --> Began jumping *Entity[rgb(109-165-68), size(50-50) @ pos(692-669)] with expected peak @ (x:692, y:100)
[PokaPoka @ 399061ms/33s/25m/16h, 27d/6mo/2021y] --> Began jumping *Entity[rgb(109-165-68), size(50-50) @ pos(692-665)] with expected peak @ (x:692, y:100)
[PokaPoka @ 416013ms/33s/25m/16h, 27d/6mo/2021y] --> Began jumping *Entity[rgb(109-165-68), size(50-50) @ pos(692-659)] with expected peak @ (x:692, y:100)
[PokaPoka @ 431286ms/33s/25m/16h, 27d/6mo/2021y] --> Began jumping *Entity[rgb(109-165-68), size(50-50) @ pos(692-651)] with expected peak @ (x:692, y:100)
[PokaPoka @ 448285ms/33s/25m/16h, 27d/6mo/2021y] --> Began jumping *Entity[rgb(109-165-68), size(50-50) @ pos(692-641)] with expected peak @ (x:692, y:100)
[PokaPoka @ 466290ms/33s/25m/16h, 27d/6mo/2021y] --> Began jumping *Entity[rgb(109-165-68), size(50-50) @ pos(692-629)] with expected peak @ (x:692, y:100)
[PokaPoka @ 482272ms/33s/25m/16h, 27d/6mo/2021y] --> Began jumping *Entity[rgb(109-165-68), size(50-50) @ pos(692-615)] with expected peak @ (x:692, y:100)
[PokaPoka @ 499229ms/33s/25m/16h, 27d/6mo/2021y] --> Began jumping *Entity[rgb(109-165-68), size(50-50) @ pos(692-599)] with expected peak @ (x:692, y:100)
[PokaPoka @ 516169ms/33s/25m/16h, 27d/6mo/2021y] --> Began jumping *Entity[rgb(109-165-68), size(50-50) @ pos(692-581)] with expected peak @ (x:692, y:100)
[PokaPoka @ 922397ms/33s/25m/16h, 27d/6mo/2021y] --> Began jumping *Entity[rgb(109-165-68), size(50-50) @ pos(692-671)] with expected peak @ (x:692, y:100)
[PokaPoka @ 938353ms/33s/25m/16h, 27d/6mo/2021y] --> Began jumping *Entity[rgb(109-165-68), size(50-50) @ pos(692-669)] with expected peak @ (x:692, y:100)
[PokaPoka @ 954819ms/33s/25m/16h, 27d/6mo/2021y] --> Began jumping *Entity[rgb(109-165-68), size(50-50) @ pos(692-665)] with expected peak @ (x:692, y:100)
[PokaPoka @ 972053ms/33s/25m/16h, 27d/6mo/2021y] --> Began jumping *Entity[rgb(109-165-68), size(50-50) @ pos(692-659)] with expected peak @ (x:692, y:100)
[PokaPoka @ 988331ms/33s/25m/16h, 27d/6mo/2021y] --> Began jumping *Entity[rgb(109-165-68), size(50-50) @ pos(692-651)] with expected peak @ (x:692, y:100)
[PokaPoka @ 5703ms/34s/25m/16h, 27d/6mo/2021y] --> Began jumping *Entity[rgb(109-165-68), size(50-50) @ pos(692-641)] with expected peak @ (x:692, y:100)
[PokaPoka @ 20613ms/34s/25m/16h, 27d/6mo/2021y] --> Began jumping *Entity[rgb(109-165-68), size(50-50) @ pos(692-629)] with expected peak @ (x:692, y:100)
[PokaPoka @ 37195ms/34s/25m/16h, 27d/6mo/2021y] --> Began jumping *Entity[rgb(109-165-68), size(50-50) @ pos(692-615)] with expected peak @ (x:692, y:100)
[PokaPoka @ 53692ms/34s/25m/16h, 27d/6mo/2021y] --> Began jumping *Entity[rgb(109-165-68), size(50-50) @ pos(692-599)] with expected peak @ (x:692, y:100)
[PokaPoka @ 70650ms/34s/25m/16h, 27d/6mo/2021y] --> Began jumping *Entity[rgb(109-165-68), size(50-50) @ pos(692-581)] with expected peak @ (x:692, y:100)
[PokaPoka @ 480828ms/34s/25m/16h, 27d/6mo/2021y] --> Began jumping *Entity[rgb(109-165-68), size(50-50) @ pos(692-671)] with expected peak @ (x:692, y:100)
[PokaPoka @ 497780ms/34s/25m/16h, 27d/6mo/2021y] --> Began jumping *Entity[rgb(109-165-68), size(50-50) @ pos(692-669)] with expected peak @ (x:692, y:100)
[PokaPoka @ 515703ms/34s/25m/16h, 27d/6mo/2021y] --> Began jumping *Entity[rgb(109-165-68), size(50-50) @ pos(692-665)] with expected peak @ (x:692, y:100)
[PokaPoka @ 531660ms/34s/25m/16h, 27d/6mo/2021y] --> Began jumping *Entity[rgb(109-165-68), size(50-50) @ pos(692-659)] with expected peak @ (x:692, y:100)
[PokaPoka @ 548615ms/34s/25m/16h, 27d/6mo/2021y] --> Began jumping *Entity[rgb(109-165-68), size(50-50) @ pos(692-651)] with expected peak @ (x:692, y:100)
[PokaPoka @ 565567ms/34s/25m/16h, 27d/6mo/2021y] --> Began jumping *Entity[rgb(109-165-68), size(50-50) @ pos(692-641)] with expected peak @ (x:692, y:100)
[PokaPoka @ 582523ms/34s/25m/16h, 27d/6mo/2021y] --> Began jumping *Entity[rgb(109-165-68), size(50-50) @ pos(692-629)] with expected peak @ (x:692, y:100)
[PokaPoka @ 598425ms/34s/25m/16h, 27d/6mo/2021y] --> Began jumping *Entity[rgb(109-165-68), size(50-50) @ pos(692-615)] with expected peak @ (x:692, y:100)
[PokaPoka @ 615657ms/34s/25m/16h, 27d/6mo/2021y] --> Began jumping *Entity[rgb(109-165-68), size(50-50) @ pos(692-599)] with expected peak @ (x:692, y:100)
[PokaPoka @ 632166ms/34s/25m/16h, 27d/6mo/2021y] --> Began jumping *Entity[rgb(109-165-68), size(50-50) @ pos(692-581)] with expected peak @ (x:692, y:100)
[PokaPoka @ 812618ms/34s/25m/16h, 27d/6mo/2021y] --> Began jumping *Entity[rgb(109-165-68), size(50-50) @ pos(692-573)] with expected peak @ (x:692, y:100)
[PokaPoka @ 829251ms/34s/25m/16h, 27d/6mo/2021y] --> Began jumping *Entity[rgb(109-165-68), size(50-50) @ pos(692-571)] with expected peak @ (x:692, y:100)
[PokaPoka @ 846134ms/34s/25m/16h, 27d/6mo/2021y] --> Began jumping *Entity[rgb(109-165-68), size(50-50) @ pos(692-567)] with expected peak @ (x:692, y:100)
[PokaPoka @ 861745ms/34s/25m/16h, 27d/6mo/2021y] --> Began jumping *Entity[rgb(109-165-68), size(50-50) @ pos(692-561)] with expected peak @ (x:692, y:100)
[PokaPoka @ 877736ms/34s/25m/16h, 27d/6mo/2021y] --> Began jumping *Entity[rgb(109-165-68), size(50-50) @ pos(692-553)] with expected peak @ (x:692, y:100)
[PokaPoka @ 894690ms/34s/25m/16h, 27d/6mo/2021y] --> Began jumping *Entity[rgb(109-165-68), size(50-50) @ pos(692-543)] with expected peak @ (x:692, y:100)
[PokaPoka @ 911645ms/34s/25m/16h, 27d/6mo/2021y] --> Began jumping *Entity[rgb(109-165-68), size(50-50) @ pos(692-531)] with expected peak @ (x:692, y:100)
[PokaPoka @ 928598ms/34s/25m/16h, 27d/6mo/2021y] --> Began jumping *Entity[rgb(109-165-68), size(50-50) @ pos(692-517)] with expected peak @ (x:692, y:100)
[PokaPoka @ 945554ms/34s/25m/16h, 27d/6mo/2021y] --> Began jumping *Entity[rgb(109-165-68), size(50-50) @ pos(692-501)] with expected peak @ (x:692, y:100)
[PokaPoka @ 960901ms/34s/25m/16h, 27d/6mo/2021y] --> Began jumping *Entity[rgb(109-165-68), size(50-50) @ pos(692-483)] with expected peak @ (x:692, y:100)
[PokaPoka @ 261634ms/35s/25m/16h, 27d/6mo/2021y] --> Began jumping *Entity[rgb(109-165-68), size(50-50) @ pos(692-512)] with expected peak @ (x:692, y:100)
[PokaPoka @ 278622ms/35s/25m/16h, 27d/6mo/2021y] --> Began jumping *Entity[rgb(109-165-68), size(50-50) @ pos(692-510)] with expected peak @ (x:692, y:100)
[PokaPoka @ 295576ms/35s/25m/16h, 27d/6mo/2021y] --> Began jumping *Entity[rgb(109-165-68), size(50-50) @ pos(692-506)] with expected peak @ (x:692, y:100)
[PokaPoka @ 312531ms/35s/25m/16h, 27d/6mo/2021y] --> Began jumping *Entity[rgb(109-165-68), size(50-50) @ pos(692-500)] with expected peak @ (x:692, y:100)
[PokaPoka @ 329486ms/35s/25m/16h, 27d/6mo/2021y] --> Began jumping *Entity[rgb(109-165-68), size(50-50) @ pos(692-492)] with expected peak @ (x:692, y:100)
[PokaPoka @ 344801ms/35s/25m/16h, 27d/6mo/2021y] --> Began jumping *Entity[rgb(109-165-68), size(50-50) @ pos(692-482)] with expected peak @ (x:692, y:100)
[PokaPoka @ 361186ms/35s/25m/16h, 27d/6mo/2021y] --> Began jumping *Entity[rgb(109-165-68), size(50-50) @ pos(692-470)] with expected peak @ (x:692, y:100)
[PokaPoka @ 377443ms/35s/25m/16h, 27d/6mo/2021y] --> Began jumping *Entity[rgb(109-165-68), size(50-50) @ pos(692-456)] with expected peak @ (x:692, y:100)
[PokaPoka @ 392316ms/35s/25m/16h, 27d/6mo/2021y] --> Began jumping *Entity[rgb(109-165-68), size(50-50) @ pos(692-440)] with expected peak @ (x:692, y:100)
[PokaPoka @ 410042ms/35s/25m/16h, 27d/6mo/2021y] --> Began jumping *Entity[rgb(109-165-68), size(50-50) @ pos(692-422)] with expected peak @ (x:692, y:100)
[PokaPoka @ 25387ms/36s/25m/16h, 27d/6mo/2021y] --> Began jumping *Entity[rgb(109-165-68), size(50-50) @ pos(692-674)] with expected peak @ (x:692, y:100)
[PokaPoka @ 72259ms/36s/25m/16h, 27d/6mo/2021y] --> Began jumping *Entity[rgb(109-165-68), size(50-50) @ pos(692-672)] with expected peak @ (x:692, y:100)
[PokaPoka @ 76248ms/36s/25m/16h, 27d/6mo/2021y] --> Began jumping *Entity[rgb(109-165-68), size(50-50) @ pos(692-668)] with expected peak @ (x:692, y:100)
[PokaPoka @ 92205ms/36s/25m/16h, 27d/6mo/2021y] --> Began jumping *Entity[rgb(109-165-68), size(50-50) @ pos(692-662)] with expected peak @ (x:692, y:100)
[PokaPoka @ 108165ms/36s/25m/16h, 27d/6mo/2021y] --> Began jumping *Entity[rgb(109-165-68), size(50-50) @ pos(692-654)] with expected peak @ (x:692, y:100)
[PokaPoka @ 124122ms/36s/25m/16h, 27d/6mo/2021y] --> Began jumping *Entity[rgb(109-165-68), size(50-50) @ pos(692-644)] with expected peak @ (x:692, y:100)
[PokaPoka @ 140079ms/36s/25m/16h, 27d/6mo/2021y] --> Began jumping *Entity[rgb(109-165-68), size(50-50) @ pos(692-632)] with expected peak @ (x:692, y:100)
[PokaPoka @ 156037ms/36s/25m/16h, 27d/6mo/2021y] --> Began jumping *Entity[rgb(109-165-68), size(50-50) @ pos(692-618)] with expected peak @ (x:692, y:100)
[PokaPoka @ 171992ms/36s/25m/16h, 27d/6mo/2021y] --> Began jumping *Entity[rgb(109-165-68), size(50-50) @ pos(692-602)] with expected peak @ (x:692, y:100)
[PokaPoka @ 187950ms/36s/25m/16h, 27d/6mo/2021y] --> Began jumping *Entity[rgb(109-165-68), size(50-50) @ pos(692-584)] with expected peak @ (x:692, y:100)
[PokaPoka @ 594127ms/36s/25m/16h, 27d/6mo/2021y] --> Began jumping *Entity[rgb(109-165-68), size(50-50) @ pos(692-674)] with expected peak @ (x:692, y:100)
[PokaPoka @ 610574ms/36s/25m/16h, 27d/6mo/2021y] --> Began jumping *Entity[rgb(109-165-68), size(50-50) @ pos(692-672)] with expected peak @ (x:692, y:100)
[PokaPoka @ 627282ms/36s/25m/16h, 27d/6mo/2021y] --> Began jumping *Entity[rgb(109-165-68), size(50-50) @ pos(692-668)] with expected peak @ (x:692, y:100)
[PokaPoka @ 643440ms/36s/25m/16h, 27d/6mo/2021y] --> Began jumping *Entity[rgb(109-165-68), size(50-50) @ pos(692-662)] with expected peak @ (x:692, y:100)
[PokaPoka @ 660101ms/36s/25m/16h, 27d/6mo/2021y] --> Began jumping *Entity[rgb(109-165-68), size(50-50) @ pos(692-654)] with expected peak @ (x:692, y:100)
[PokaPoka @ 677019ms/36s/25m/16h, 27d/6mo/2021y] --> Began jumping *Entity[rgb(109-165-68), size(50-50) @ pos(692-644)] with expected peak @ (x:692, y:100)
[PokaPoka @ 692094ms/36s/25m/16h, 27d/6mo/2021y] --> Began jumping *Entity[rgb(109-165-68), size(50-50) @ pos(692-632)] with expected peak @ (x:692, y:100)
[PokaPoka @ 708003ms/36s/25m/16h, 27d/6mo/2021y] --> Began jumping *Entity[rgb(109-165-68), size(50-50) @ pos(692-618)] with expected peak @ (x:692, y:100)
[PokaPoka @ 725724ms/36s/25m/16h, 27d/6mo/2021y] --> Began jumping *Entity[rgb(109-165-68), size(50-50) @ pos(692-602)] with expected peak @ (x:692, y:100)
[PokaPoka @ 741762ms/36s/25m/16h, 27d/6mo/2021y] --> Began jumping *Entity[rgb(109-165-68), size(50-50) @ pos(692-584)] with expected peak @ (x:692, y:100)
[PokaPoka @ 790224ms/36s/25m/16h, 27d/6mo/2021y] --> Began jumping *Entity[rgb(109-165-68), size(50-50) @ pos(692-564)] with expected peak @ (x:692, y:100)
[PokaPoka @ 806291ms/36s/25m/16h, 27d/6mo/2021y] --> Began jumping *Entity[rgb(109-165-68), size(50-50) @ pos(692-562)] with expected peak @ (x:692, y:100)
[PokaPoka @ 823249ms/36s/25m/16h, 27d/6mo/2021y] --> Began jumping *Entity[rgb(109-165-68), size(50-50) @ pos(692-558)] with expected peak @ (x:692, y:100)
[PokaPoka @ 839753ms/36s/25m/16h, 27d/6mo/2021y] --> Began jumping *Entity[rgb(109-165-68), size(50-50) @ pos(692-552)] with expected peak @ (x:692, y:100)
[PokaPoka @ 856037ms/36s/25m/16h, 27d/6mo/2021y] --> Began jumping *Entity[rgb(109-165-68), size(50-50) @ pos(692-544)] with expected peak @ (x:692, y:100)
[PokaPoka @ 871418ms/36s/25m/16h, 27d/6mo/2021y] --> Began jumping *Entity[rgb(109-165-68), size(50-50) @ pos(692-534)] with expected peak @ (x:692, y:100)
[PokaPoka @ 889013ms/36s/25m/16h, 27d/6mo/2021y] --> Began jumping *Entity[rgb(109-165-68), size(50-50) @ pos(692-522)] with expected peak @ (x:692, y:100)
[PokaPoka @ 904381ms/36s/25m/16h, 27d/6mo/2021y] --> Began jumping *Entity[rgb(109-165-68), size(50-50) @ pos(692-508)] with expected peak @ (x:692, y:100)
[PokaPoka @ 921071ms/36s/25m/16h, 27d/6mo/2021y] --> Began jumping *Entity[rgb(109-165-68), size(50-50) @ pos(692-492)] with expected peak @ (x:692, y:100)
[PokaPoka @ 938311ms/36s/25m/16h, 27d/6mo/2021y] --> Began jumping *Entity[rgb(109-165-68), size(50-50) @ pos(692-474)] with expected peak @ (x:692, y:100)
[PokaPoka @ 288353ms/37s/25m/16h, 27d/6mo/2021y] --> Began jumping *Entity[rgb(109-165-68), size(50-50) @ pos(692-526)] with expected peak @ (x:692, y:100)
[PokaPoka @ 304355ms/37s/25m/16h, 27d/6mo/2021y] --> Began jumping *Entity[rgb(109-165-68), size(50-50) @ pos(692-524)] with expected peak @ (x:692, y:100)
[PokaPoka @ 322245ms/37s/25m/16h, 27d/6mo/2021y] --> Began jumping *Entity[rgb(109-165-68), size(50-50) @ pos(692-520)] with expected peak @ (x:692, y:100)
[PokaPoka @ 338234ms/37s/25m/16h, 27d/6mo/2021y] --> Began jumping *Entity[rgb(109-165-68), size(50-50) @ pos(692-514)] with expected peak @ (x:692, y:100)
[PokaPoka @ 355244ms/37s/25m/16h, 27d/6mo/2021y] --> Began jumping *Entity[rgb(109-165-68), size(50-50) @ pos(692-506)] with expected peak @ (x:692, y:100)
[PokaPoka @ 371034ms/37s/25m/16h, 27d/6mo/2021y] --> Began jumping *Entity[rgb(109-165-68), size(50-50) @ pos(692-496)] with expected peak @ (x:692, y:100)
[PokaPoka @ 388272ms/37s/25m/16h, 27d/6mo/2021y] --> Began jumping *Entity[rgb(109-165-68), size(50-50) @ pos(692-484)] with expected peak @ (x:692, y:100)
[PokaPoka @ 404239ms/37s/25m/16h, 27d/6mo/2021y] --> Began jumping *Entity[rgb(109-165-68), size(50-50) @ pos(692-470)] with expected peak @ (x:692, y:100)
[PokaPoka @ 421038ms/37s/25m/16h, 27d/6mo/2021y] --> Began jumping *Entity[rgb(109-165-68), size(50-50) @ pos(692-454)] with expected peak @ (x:692, y:100)
[PokaPoka @ 437245ms/37s/25m/16h, 27d/6mo/2021y] --> Began jumping *Entity[rgb(109-165-68), size(50-50) @ pos(692-436)] with expected peak @ (x:692, y:100)
[PokaPoka @ 70779ms/38s/25m/16h, 27d/6mo/2021y] --> Began jumping *Entity[rgb(109-165-68), size(50-50) @ pos(692-560)] with expected peak @ (x:692, y:100)
[PokaPoka @ 87225ms/38s/25m/16h, 27d/6mo/2021y] --> Began jumping *Entity[rgb(109-165-68), size(50-50) @ pos(692-558)] with expected peak @ (x:692, y:100)
[PokaPoka @ 167138ms/38s/25m/16h, 27d/6mo/2021y] --> Began jumping *Entity[rgb(109-165-68), size(50-50) @ pos(692-554)] with expected peak @ (x:692, y:100)
[PokaPoka @ 182440ms/38s/25m/16h, 27d/6mo/2021y] --> Began jumping *Entity[rgb(109-165-68), size(50-50) @ pos(692-548)] with expected peak @ (x:692, y:100)
[PokaPoka @ 199414ms/38s/25m/16h, 27d/6mo/2021y] --> Began jumping *Entity[rgb(109-165-68), size(50-50) @ pos(692-540)] with expected peak @ (x:692, y:100)
[PokaPoka @ 217274ms/38s/25m/16h, 27d/6mo/2021y] --> Began jumping *Entity[rgb(109-165-68), size(50-50) @ pos(692-530)] with expected peak @ (x:692, y:100)
[PokaPoka @ 232831ms/38s/25m/16h, 27d/6mo/2021y] --> Began jumping *Entity[rgb(109-165-68), size(50-50) @ pos(692-518)] with expected peak @ (x:692, y:100)
[PokaPoka @ 250396ms/38s/25m/16h, 27d/6mo/2021y] --> Began jumping *Entity[rgb(109-165-68), size(50-50) @ pos(692-504)] with expected peak @ (x:692, y:100)
[PokaPoka @ 266333ms/38s/25m/16h, 27d/6mo/2021y] --> Began jumping *Entity[rgb(109-165-68), size(50-50) @ pos(692-488)] with expected peak @ (x:692, y:100)
[PokaPoka @ 283096ms/38s/25m/16h, 27d/6mo/2021y] --> Began jumping *Entity[rgb(109-165-68), size(50-50) @ pos(692-470)] with expected peak @ (x:692, y:100)
[PokaPoka @ 644400ms/38s/25m/16h, 27d/6mo/2021y] --> Began jumping *Entity[rgb(109-165-68), size(50-50) @ pos(692-531)] with expected peak @ (x:692, y:100)
[PokaPoka @ 662034ms/38s/25m/16h, 27d/6mo/2021y] --> Began jumping *Entity[rgb(109-165-68), size(50-50) @ pos(692-529)] with expected peak @ (x:692, y:100)
[PokaPoka @ 678322ms/38s/25m/16h, 27d/6mo/2021y] --> Began jumping *Entity[rgb(109-165-68), size(50-50) @ pos(692-525)] with expected peak @ (x:692, y:100)
[PokaPoka @ 695472ms/38s/25m/16h, 27d/6mo/2021y] --> Began jumping *Entity[rgb(109-165-68), size(50-50) @ pos(692-519)] with expected peak @ (x:692, y:100)
[PokaPoka @ 711982ms/38s/25m/16h, 27d/6mo/2021y] --> Began jumping *Entity[rgb(109-165-68), size(50-50) @ pos(692-511)] with expected peak @ (x:692, y:100)
[PokaPoka @ 728322ms/38s/25m/16h, 27d/6mo/2021y] --> Began jumping *Entity[rgb(109-165-68), size(50-50) @ pos(692-501)] with expected peak @ (x:692, y:100)
[PokaPoka @ 745850ms/38s/25m/16h, 27d/6mo/2021y] --> Began jumping *Entity[rgb(109-165-68), size(50-50) @ pos(692-489)] with expected peak @ (x:692, y:100)
[PokaPoka @ 761876ms/38s/25m/16h, 27d/6mo/2021y] --> Began jumping *Entity[rgb(109-165-68), size(50-50) @ pos(692-475)] with expected peak @ (x:692, y:100)
[PokaPoka @ 779302ms/38s/25m/16h, 27d/6mo/2021y] --> Began jumping *Entity[rgb(109-165-68), size(50-50) @ pos(692-459)] with expected peak @ (x:692, y:100)
[PokaPoka @ 796103ms/38s/25m/16h, 27d/6mo/2021y] --> Began jumping *Entity[rgb(109-165-68), size(50-50) @ pos(692-441)] with expected peak @ (x:692, y:100)
[PokaPoka @ 255689ms/39s/25m/16h, 27d/6mo/2021y] --> Began jumping *Entity[rgb(109-165-68), size(50-50) @ pos(692-565)] with expected peak @ (x:692, y:100)
[PokaPoka @ 272011ms/39s/25m/16h, 27d/6mo/2021y] --> Began jumping *Entity[rgb(109-165-68), size(50-50) @ pos(692-563)] with expected peak @ (x:692, y:100)
[PokaPoka @ 289322ms/39s/25m/16h, 27d/6mo/2021y] --> Began jumping *Entity[rgb(109-165-68), size(50-50) @ pos(692-559)] with expected peak @ (x:692, y:100)
[PokaPoka @ 305057ms/39s/25m/16h, 27d/6mo/2021y] --> Began jumping *Entity[rgb(109-165-68), size(50-50) @ pos(692-553)] with expected peak @ (x:692, y:100)
[PokaPoka @ 321811ms/39s/25m/16h, 27d/6mo/2021y] --> Began jumping *Entity[rgb(109-165-68), size(50-50) @ pos(692-545)] with expected peak @ (x:692, y:100)
[PokaPoka @ 465650ms/39s/25m/16h, 27d/6mo/2021y] --> Began jumping *Entity[rgb(109-165-68), size(50-50) @ pos(692-535)] with expected peak @ (x:692, y:100)
[PokaPoka @ 483417ms/39s/25m/16h, 27d/6mo/2021y] --> Began jumping *Entity[rgb(109-165-68), size(50-50) @ pos(692-523)] with expected peak @ (x:692, y:100)
[PokaPoka @ 498139ms/39s/25m/16h, 27d/6mo/2021y] --> Began jumping *Entity[rgb(109-165-68), size(50-50) @ pos(692-509)] with expected peak @ (x:692, y:100)
[PokaPoka @ 514048ms/39s/25m/16h, 27d/6mo/2021y] --> Began jumping *Entity[rgb(109-165-68), size(50-50) @ pos(692-493)] with expected peak @ (x:692, y:100)
[PokaPoka @ 530385ms/39s/25m/16h, 27d/6mo/2021y] --> Began jumping *Entity[rgb(109-165-68), size(50-50) @ pos(692-475)] with expected peak @ (x:692, y:100)
[PokaPoka @ 128159ms/40s/25m/16h, 27d/6mo/2021y] --> Began jumping *Entity[rgb(109-165-68), size(50-50) @ pos(692-536)] with expected peak @ (x:692, y:100)
[PokaPoka @ 140907ms/40s/25m/16h, 27d/6mo/2021y] --> Began jumping *Entity[rgb(109-165-68), size(50-50) @ pos(692-534)] with expected peak @ (x:692, y:100)
[PokaPoka @ 157982ms/40s/25m/16h, 27d/6mo/2021y] --> Began jumping *Entity[rgb(109-165-68), size(50-50) @ pos(692-530)] with expected peak @ (x:692, y:100)
[PokaPoka @ 172826ms/40s/25m/16h, 27d/6mo/2021y] --> Began jumping *Entity[rgb(109-165-68), size(50-50) @ pos(692-524)] with expected peak @ (x:692, y:100)
[PokaPoka @ 188988ms/40s/25m/16h, 27d/6mo/2021y] --> Began jumping *Entity[rgb(109-165-68), size(50-50) @ pos(692-516)] with expected peak @ (x:692, y:100)
[PokaPoka @ 205533ms/40s/25m/16h, 27d/6mo/2021y] --> Began jumping *Entity[rgb(109-165-68), size(50-50) @ pos(692-506)] with expected peak @ (x:692, y:100)
[PokaPoka @ 221691ms/40s/25m/16h, 27d/6mo/2021y] --> Began jumping *Entity[rgb(109-165-68), size(50-50) @ pos(692-494)] with expected peak @ (x:692, y:100)
[PokaPoka @ 238001ms/40s/25m/16h, 27d/6mo/2021y] --> Began jumping *Entity[rgb(109-165-68), size(50-50) @ pos(692-480)] with expected peak @ (x:692, y:100)
[PokaPoka @ 254201ms/40s/25m/16h, 27d/6mo/2021y] --> Began jumping *Entity[rgb(109-165-68), size(50-50) @ pos(692-464)] with expected peak @ (x:692, y:100)
[PokaPoka @ 270385ms/40s/25m/16h, 27d/6mo/2021y] --> Began jumping *Entity[rgb(109-165-68), size(50-50) @ pos(692-446)] with expected peak @ (x:692, y:100)
[PokaPoka @ 72340ms/41s/25m/16h, 27d/6mo/2021y] --> Began jumping *Entity[rgb(109-165-68), size(50-50) @ pos(692-682)] with expected peak @ (x:692, y:100)
[PokaPoka @ 89134ms/41s/25m/16h, 27d/6mo/2021y] --> Began jumping *Entity[rgb(109-165-68), size(50-50) @ pos(692-680)] with expected peak @ (x:692, y:100)
[PokaPoka @ 107081ms/41s/25m/16h, 27d/6mo/2021y] --> Began jumping *Entity[rgb(109-165-68), size(50-50) @ pos(692-676)] with expected peak @ (x:692, y:100)
[PokaPoka @ 125043ms/41s/25m/16h, 27d/6mo/2021y] --> Began jumping *Entity[rgb(109-165-68), size(50-50) @ pos(692-670)] with expected peak @ (x:692, y:100)
[PokaPoka @ 389246ms/41s/25m/16h, 27d/6mo/2021y] --> Began jumping *Entity[rgb(255-255-255), size(50-50) @ pos(614.0-668)] with expected peak @ (x:614.0, y:100)
[PokaPoka @ 405206ms/41s/25m/16h, 27d/6mo/2021y] --> Began jumping *Entity[rgb(255-255-255), size(50-50) @ pos(617.0-668)] with expected peak @ (x:617.0, y:100)
[PokaPoka @ 421880ms/41s/25m/16h, 27d/6mo/2021y] --> Began jumping *Entity[rgb(109-165-68), size(50-50) @ pos(692-662)] with expected peak @ (x:692, y:100)
[PokaPoka @ 421880ms/41s/25m/16h, 27d/6mo/2021y] --> Began jumping *Entity[rgb(255-255-255), size(50-50) @ pos(620.0-666)] with expected peak @ (x:620.0, y:100)
[PokaPoka @ 438980ms/41s/25m/16h, 27d/6mo/2021y] --> Began jumping *Entity[rgb(109-165-68), size(50-50) @ pos(692-652)] with expected peak @ (x:692, y:100)
[PokaPoka @ 438980ms/41s/25m/16h, 27d/6mo/2021y] --> Began jumping *Entity[rgb(255-255-255), size(50-50) @ pos(623.0-662)] with expected peak @ (x:623.0, y:100)
[PokaPoka @ 454329ms/41s/25m/16h, 27d/6mo/2021y] --> Began jumping *Entity[rgb(109-165-68), size(50-50) @ pos(692-640)] with expected peak @ (x:692, y:100)
[PokaPoka @ 454329ms/41s/25m/16h, 27d/6mo/2021y] --> Began jumping *Entity[rgb(255-255-255), size(50-50) @ pos(626.0-656)] with expected peak @ (x:626.0, y:100)
[PokaPoka @ 471157ms/41s/25m/16h, 27d/6mo/2021y] --> Began jumping *Entity[rgb(109-165-68), size(50-50) @ pos(692-626)] with expected peak @ (x:692, y:100)
[PokaPoka @ 472156ms/41s/25m/16h, 27d/6mo/2021y] --> Began jumping *Entity[rgb(255-255-255), size(50-50) @ pos(629.0-648)] with expected peak @ (x:629.0, y:100)
[PokaPoka @ 487867ms/41s/25m/16h, 27d/6mo/2021y] --> Began jumping *Entity[rgb(109-165-68), size(50-50) @ pos(692-610)] with expected peak @ (x:692, y:100)
[PokaPoka @ 487867ms/41s/25m/16h, 27d/6mo/2021y] --> Began jumping *Entity[rgb(255-255-255), size(50-50) @ pos(632.0-638)] with expected peak @ (x:632.0, y:100)
[PokaPoka @ 505291ms/41s/25m/16h, 27d/6mo/2021y] --> Began jumping *Entity[rgb(109-165-68), size(50-50) @ pos(692-592)] with expected peak @ (x:692, y:100)
[PokaPoka @ 505291ms/41s/25m/16h, 27d/6mo/2021y] --> Began jumping *Entity[rgb(255-255-255), size(50-50) @ pos(635.0-626)] with expected peak @ (x:635.0, y:100)
[PokaPoka @ 520608ms/41s/25m/16h, 27d/6mo/2021y] --> Began jumping *Entity[rgb(255-255-255), size(50-50) @ pos(638.0-612)] with expected peak @ (x:638.0, y:100)
[PokaPoka @ 538191ms/41s/25m/16h, 27d/6mo/2021y] --> Began jumping *Entity[rgb(255-255-255), size(50-50) @ pos(641.0-596)] with expected peak @ (x:641.0, y:100)
[PokaPoka @ 554771ms/41s/25m/16h, 27d/6mo/2021y] --> Began jumping *Entity[rgb(255-255-255), size(50-50) @ pos(644.0-578)] with expected peak @ (x:644.0, y:100)
[PokaPoka @ 569371ms/41s/25m/16h, 27d/6mo/2021y] --> Began jumping *Entity[rgb(109-165-68), size(50-50) @ pos(692-572)] with expected peak @ (x:692, y:100)
[PokaPoka @ 569371ms/41s/25m/16h, 27d/6mo/2021y] --> Began jumping *Entity[rgb(255-255-255), size(50-50) @ pos(647.0-558)] with expected peak @ (x:647.0, y:100)
[PokaPoka @ 587026ms/41s/25m/16h, 27d/6mo/2021y] --> Began jumping *Entity[rgb(109-165-68), size(50-50) @ pos(692-570)] with expected peak @ (x:692, y:100)
[PokaPoka @ 587026ms/41s/25m/16h, 27d/6mo/2021y] --> Began jumping *Entity[rgb(255-255-255), size(50-50) @ pos(650.0-536)] with expected peak @ (x:650.0, y:100)
[PokaPoka @ 604241ms/41s/25m/16h, 27d/6mo/2021y] --> Began jumping *Entity[rgb(109-165-68), size(50-50) @ pos(692-566)] with expected peak @ (x:692, y:100)
[PokaPoka @ 604241ms/41s/25m/16h, 27d/6mo/2021y] --> Began jumping *Entity[rgb(255-255-255), size(50-50) @ pos(653.0-512)] with expected peak @ (x:653.0, y:100)
[PokaPoka @ 620196ms/41s/25m/16h, 27d/6mo/2021y] --> Began jumping *Entity[rgb(109-165-68), size(50-50) @ pos(692-560)] with expected peak @ (x:692, y:100)
[PokaPoka @ 621194ms/41s/25m/16h, 27d/6mo/2021y] --> Began jumping *Entity[rgb(255-255-255), size(50-50) @ pos(656.0-486)] with expected peak @ (x:656.0, y:100)
[PokaPoka @ 635162ms/41s/25m/16h, 27d/6mo/2021y] --> Began jumping *Entity[rgb(109-165-68), size(50-50) @ pos(692-552)] with expected peak @ (x:692, y:100)
[PokaPoka @ 635162ms/41s/25m/16h, 27d/6mo/2021y] --> Began jumping *Entity[rgb(255-255-255), size(50-50) @ pos(659.0-458)] with expected peak @ (x:659.0, y:100)
[PokaPoka @ 649555ms/41s/25m/16h, 27d/6mo/2021y] --> Began jumping *Entity[rgb(109-165-68), size(50-50) @ pos(692-542)] with expected peak @ (x:692, y:100)
[PokaPoka @ 665906ms/41s/25m/16h, 27d/6mo/2021y] --> Began jumping *Entity[rgb(109-165-68), size(50-50) @ pos(692-530)] with expected peak @ (x:692, y:100)
[PokaPoka @ 682280ms/41s/25m/16h, 27d/6mo/2021y] --> Began jumping *Entity[rgb(109-165-68), size(50-50) @ pos(692-516)] with expected peak @ (x:692, y:100)
[PokaPoka @ 699398ms/41s/25m/16h, 27d/6mo/2021y] --> Began jumping *Entity[rgb(109-165-68), size(50-50) @ pos(692-500)] with expected peak @ (x:692, y:100)
[PokaPoka @ 717550ms/41s/25m/16h, 27d/6mo/2021y] --> Began jumping *Entity[rgb(109-165-68), size(50-50) @ pos(692-482)] with expected peak @ (x:692, y:100)
[PokaPoka @ 733548ms/41s/25m/16h, 27d/6mo/2021y] --> Began jumping *Entity[rgb(255-255-255), size(50-50) @ pos(677.0-412)] with expected peak @ (x:677.0, y:100)
[PokaPoka @ 749620ms/41s/25m/16h, 27d/6mo/2021y] --> Began jumping *Entity[rgb(255-255-255), size(50-50) @ pos(680.0-412)] with expected peak @ (x:680.0, y:100)
[PokaPoka @ 765435ms/41s/25m/16h, 27d/6mo/2021y] --> Began jumping *Entity[rgb(255-255-255), size(50-50) @ pos(683.0-410)] with expected peak @ (x:683.0, y:100)
[PokaPoka @ 781717ms/41s/25m/16h, 27d/6mo/2021y] --> Began jumping *Entity[rgb(255-255-255), size(50-50) @ pos(686.0-406)] with expected peak @ (x:686.0, y:100)
[PokaPoka @ 797313ms/41s/25m/16h, 27d/6mo/2021y] --> Began jumping *Entity[rgb(255-255-255), size(50-50) @ pos(689.0-400)] with expected peak @ (x:689.0, y:100)
[PokaPoka @ 813865ms/41s/25m/16h, 27d/6mo/2021y] --> Began jumping *Entity[rgb(255-255-255), size(50-50) @ pos(692.0-392)] with expected peak @ (x:692.0, y:100)
[PokaPoka @ 829745ms/41s/25m/16h, 27d/6mo/2021y] --> Began jumping *Entity[rgb(255-255-255), size(50-50) @ pos(695.0-382)] with expected peak @ (x:695.0, y:100)
[PokaPoka @ 847784ms/41s/25m/16h, 27d/6mo/2021y] --> Began jumping *Entity[rgb(255-255-255), size(50-50) @ pos(698.0-370)] with expected peak @ (x:698.0, y:100)
[PokaPoka @ 863236ms/41s/25m/16h, 27d/6mo/2021y] --> Began jumping *Entity[rgb(255-255-255), size(50-50) @ pos(701.0-356)] with expected peak @ (x:701.0, y:100)
[PokaPoka @ 879671ms/41s/25m/16h, 27d/6mo/2021y] --> Began jumping *Entity[rgb(255-255-255), size(50-50) @ pos(704.0-340)] with expected peak @ (x:704.0, y:100)
[PokaPoka @ 896758ms/41s/25m/16h, 27d/6mo/2021y] --> Began jumping *Entity[rgb(255-255-255), size(50-50) @ pos(707.0-322)] with expected peak @ (x:707.0, y:100)
[PokaPoka @ 533279ms/42s/25m/16h, 27d/6mo/2021y] --> Began jumping *Entity[rgb(109-165-68), size(50-50) @ pos(692-672)] with expected peak @ (x:692, y:100)
[PokaPoka @ 550051ms/42s/25m/16h, 27d/6mo/2021y] --> Began jumping *Entity[rgb(109-165-68), size(50-50) @ pos(692-670)] with expected peak @ (x:692, y:100)
[PokaPoka @ 565887ms/42s/25m/16h, 27d/6mo/2021y] --> Began jumping *Entity[rgb(109-165-68), size(50-50) @ pos(692-666)] with expected peak @ (x:692, y:100)
[PokaPoka @ 582133ms/42s/25m/16h, 27d/6mo/2021y] --> Began jumping *Entity[rgb(109-165-68), size(50-50) @ pos(692-660)] with expected peak @ (x:692, y:100)
[PokaPoka @ 599089ms/42s/25m/16h, 27d/6mo/2021y] --> Began jumping *Entity[rgb(109-165-68), size(50-50) @ pos(692-652)] with expected peak @ (x:692, y:100)
[PokaPoka @ 614047ms/42s/25m/16h, 27d/6mo/2021y] --> Began jumping *Entity[rgb(109-165-68), size(50-50) @ pos(692-642)] with expected peak @ (x:692, y:100)
[PokaPoka @ 905712ms/42s/25m/16h, 27d/6mo/2021y] --> Began jumping *Entity[rgb(109-165-68), size(50-50) @ pos(692-630)] with expected peak @ (x:692, y:100)
[PokaPoka @ 921429ms/42s/25m/16h, 27d/6mo/2021y] --> Began jumping *Entity[rgb(109-165-68), size(50-50) @ pos(692-616)] with expected peak @ (x:692, y:100)
[PokaPoka @ 938021ms/42s/25m/16h, 27d/6mo/2021y] --> Began jumping *Entity[rgb(109-165-68), size(50-50) @ pos(692-600)] with expected peak @ (x:692, y:100)
[PokaPoka @ 953266ms/42s/25m/16h, 27d/6mo/2021y] --> Began jumping *Entity[rgb(109-165-68), size(50-50) @ pos(692-582)] with expected peak @ (x:692, y:100)
[PokaPoka @ 363430ms/43s/25m/16h, 27d/6mo/2021y] --> Began jumping *Entity[rgb(109-165-68), size(50-50) @ pos(692-672)] with expected peak @ (x:692, y:100)
[PokaPoka @ 380323ms/43s/25m/16h, 27d/6mo/2021y] --> Began jumping *Entity[rgb(109-165-68), size(50-50) @ pos(692-670)] with expected peak @ (x:692, y:100)
[PokaPoka @ 397275ms/43s/25m/16h, 27d/6mo/2021y] --> Began jumping *Entity[rgb(109-165-68), size(50-50) @ pos(692-666)] with expected peak @ (x:692, y:100)
[PokaPoka @ 412632ms/43s/25m/16h, 27d/6mo/2021y] --> Began jumping *Entity[rgb(109-165-68), size(50-50) @ pos(692-660)] with expected peak @ (x:692, y:100)
[PokaPoka @ 429713ms/43s/25m/16h, 27d/6mo/2021y] --> Began jumping *Entity[rgb(109-165-68), size(50-50) @ pos(692-652)] with expected peak @ (x:692, y:100)
[PokaPoka @ 444921ms/43s/25m/16h, 27d/6mo/2021y] --> Began jumping *Entity[rgb(109-165-68), size(50-50) @ pos(692-642)] with expected peak @ (x:692, y:100)
[PokaPoka @ 461069ms/43s/25m/16h, 27d/6mo/2021y] --> Began jumping *Entity[rgb(109-165-68), size(50-50) @ pos(692-630)] with expected peak @ (x:692, y:100)
[PokaPoka @ 479312ms/43s/25m/16h, 27d/6mo/2021y] --> Began jumping *Entity[rgb(109-165-68), size(50-50) @ pos(692-616)] with expected peak @ (x:692, y:100)
[PokaPoka @ 494660ms/43s/25m/16h, 27d/6mo/2021y] --> Began jumping *Entity[rgb(109-165-68), size(50-50) @ pos(692-600)] with expected peak @ (x:692, y:100)
[PokaPoka @ 510835ms/43s/25m/16h, 27d/6mo/2021y] --> Began jumping *Entity[rgb(109-165-68), size(50-50) @ pos(692-582)] with expected peak @ (x:692, y:100)
[PokaPoka @ 919801ms/43s/25m/16h, 27d/6mo/2021y] --> Began jumping *Entity[rgb(109-165-68), size(50-50) @ pos(692-672)] with expected peak @ (x:692, y:100)
[PokaPoka @ 936733ms/43s/25m/16h, 27d/6mo/2021y] --> Began jumping *Entity[rgb(109-165-68), size(50-50) @ pos(692-670)] with expected peak @ (x:692, y:100)
[PokaPoka @ 952157ms/43s/25m/16h, 27d/6mo/2021y] --> Began jumping *Entity[rgb(109-165-68), size(50-50) @ pos(692-666)] with expected peak @ (x:692, y:100)
[PokaPoka @ 967602ms/43s/25m/16h, 27d/6mo/2021y] --> Began jumping *Entity[rgb(109-165-68), size(50-50) @ pos(692-660)] with expected peak @ (x:692, y:100)
[PokaPoka @ 984004ms/43s/25m/16h, 27d/6mo/2021y] --> Began jumping *Entity[rgb(109-165-68), size(50-50) @ pos(692-652)] with expected peak @ (x:692, y:100)
[PokaPoka @ 170ms/44s/25m/16h, 27d/6mo/2021y] --> Began jumping *Entity[rgb(109-165-68), size(50-50) @ pos(692-642)] with expected peak @ (x:692, y:100)
[PokaPoka @ 16296ms/44s/25m/16h, 27d/6mo/2021y] --> Began jumping *Entity[rgb(109-165-68), size(50-50) @ pos(692-630)] with expected peak @ (x:692, y:100)
[PokaPoka @ 33100ms/44s/25m/16h, 27d/6mo/2021y] --> Began jumping *Entity[rgb(109-165-68), size(50-50) @ pos(692-616)] with expected peak @ (x:692, y:100)
[PokaPoka @ 48959ms/44s/25m/16h, 27d/6mo/2021y] --> Began jumping *Entity[rgb(109-165-68), size(50-50) @ pos(692-600)] with expected peak @ (x:692, y:100)
[PokaPoka @ 64311ms/44s/25m/16h, 27d/6mo/2021y] --> Began jumping *Entity[rgb(109-165-68), size(50-50) @ pos(692-582)] with expected peak @ (x:692, y:100)
[PokaPoka @ 475550ms/44s/25m/16h, 27d/6mo/2021y] --> Began jumping *Entity[rgb(109-165-68), size(50-50) @ pos(692-672)] with expected peak @ (x:692, y:100)
[PokaPoka @ 490900ms/44s/25m/16h, 27d/6mo/2021y] --> Began jumping *Entity[rgb(109-165-68), size(50-50) @ pos(692-670)] with expected peak @ (x:692, y:100)
[PokaPoka @ 508095ms/44s/25m/16h, 27d/6mo/2021y] --> Began jumping *Entity[rgb(109-165-68), size(50-50) @ pos(692-666)] with expected peak @ (x:692, y:100)
[PokaPoka @ 523739ms/44s/25m/16h, 27d/6mo/2021y] --> Began jumping *Entity[rgb(109-165-68), size(50-50) @ pos(692-660)] with expected peak @ (x:692, y:100)
[PokaPoka @ 540117ms/44s/25m/16h, 27d/6mo/2021y] --> Began jumping *Entity[rgb(109-165-68), size(50-50) @ pos(692-652)] with expected peak @ (x:692, y:100)
[PokaPoka @ 555825ms/44s/25m/16h, 27d/6mo/2021y] --> Began jumping *Entity[rgb(109-165-68), size(50-50) @ pos(692-642)] with expected peak @ (x:692, y:100)
[PokaPoka @ 571841ms/44s/25m/16h, 27d/6mo/2021y] --> Began jumping *Entity[rgb(109-165-68), size(50-50) @ pos(692-630)] with expected peak @ (x:692, y:100)
[PokaPoka @ 588960ms/44s/25m/16h, 27d/6mo/2021y] --> Began jumping *Entity[rgb(109-165-68), size(50-50) @ pos(692-616)] with expected peak @ (x:692, y:100)
[PokaPoka @ 603920ms/44s/25m/16h, 27d/6mo/2021y] --> Began jumping *Entity[rgb(109-165-68), size(50-50) @ pos(692-600)] with expected peak @ (x:692, y:100)
[PokaPoka @ 620873ms/44s/25m/16h, 27d/6mo/2021y] --> Began jumping *Entity[rgb(109-165-68), size(50-50) @ pos(692-582)] with expected peak @ (x:692, y:100)
[PokaPoka @ 30245ms/45s/25m/16h, 27d/6mo/2021y] --> Began jumping *Entity[rgb(109-165-68), size(50-50) @ pos(692-672)] with expected peak @ (x:692, y:100)
[PokaPoka @ 47213ms/45s/25m/16h, 27d/6mo/2021y] --> Began jumping *Entity[rgb(109-165-68), size(50-50) @ pos(692-670)] with expected peak @ (x:692, y:100)
[PokaPoka @ 63157ms/45s/25m/16h, 27d/6mo/2021y] --> Began jumping *Entity[rgb(109-165-68), size(50-50) @ pos(692-666)] with expected peak @ (x:692, y:100)
[PokaPoka @ 80127ms/45s/25m/16h, 27d/6mo/2021y] --> Began jumping *Entity[rgb(109-165-68), size(50-50) @ pos(692-660)] with expected peak @ (x:692, y:100)
[PokaPoka @ 96163ms/45s/25m/16h, 27d/6mo/2021y] --> Began jumping *Entity[rgb(109-165-68), size(50-50) @ pos(692-652)] with expected peak @ (x:692, y:100)
[PokaPoka @ 112123ms/45s/25m/16h, 27d/6mo/2021y] --> Began jumping *Entity[rgb(109-165-68), size(50-50) @ pos(692-642)] with expected peak @ (x:692, y:100)
[PokaPoka @ 128078ms/45s/25m/16h, 27d/6mo/2021y] --> Began jumping *Entity[rgb(109-165-68), size(50-50) @ pos(692-630)] with expected peak @ (x:692, y:100)
[PokaPoka @ 143665ms/45s/25m/16h, 27d/6mo/2021y] --> Began jumping *Entity[rgb(109-165-68), size(50-50) @ pos(692-616)] with expected peak @ (x:692, y:100)
[PokaPoka @ 160073ms/45s/25m/16h, 27d/6mo/2021y] --> Began jumping *Entity[rgb(109-165-68), size(50-50) @ pos(692-600)] with expected peak @ (x:692, y:100)
[PokaPoka @ 175431ms/45s/25m/16h, 27d/6mo/2021y] --> Began jumping *Entity[rgb(109-165-68), size(50-50) @ pos(692-582)] with expected peak @ (x:692, y:100)
[PokaPoka @ 587903ms/45s/25m/16h, 27d/6mo/2021y] --> Began jumping *Entity[rgb(109-165-68), size(50-50) @ pos(692-672)] with expected peak @ (x:692, y:100)
[PokaPoka @ 604207ms/45s/25m/16h, 27d/6mo/2021y] --> Began jumping *Entity[rgb(109-165-68), size(50-50) @ pos(692-670)] with expected peak @ (x:692, y:100)
[PokaPoka @ 621159ms/45s/25m/16h, 27d/6mo/2021y] --> Began jumping *Entity[rgb(109-165-68), size(50-50) @ pos(692-666)] with expected peak @ (x:692, y:100)
[PokaPoka @ 638117ms/45s/25m/16h, 27d/6mo/2021y] --> Began jumping *Entity[rgb(109-165-68), size(50-50) @ pos(692-660)] with expected peak @ (x:692, y:100)
[PokaPoka @ 653075ms/45s/25m/16h, 27d/6mo/2021y] --> Began jumping *Entity[rgb(109-165-68), size(50-50) @ pos(692-652)] with expected peak @ (x:692, y:100)
[PokaPoka @ 669182ms/45s/25m/16h, 27d/6mo/2021y] --> Began jumping *Entity[rgb(109-165-68), size(50-50) @ pos(692-642)] with expected peak @ (x:692, y:100)
[PokaPoka @ 684941ms/45s/25m/16h, 27d/6mo/2021y] --> Began jumping *Entity[rgb(109-165-68), size(50-50) @ pos(692-630)] with expected peak @ (x:692, y:100)
[PokaPoka @ 701112ms/45s/25m/16h, 27d/6mo/2021y] --> Began jumping *Entity[rgb(109-165-68), size(50-50) @ pos(692-616)] with expected peak @ (x:692, y:100)
[PokaPoka @ 717235ms/45s/25m/16h, 27d/6mo/2021y] --> Began jumping *Entity[rgb(109-165-68), size(50-50) @ pos(692-600)] with expected peak @ (x:692, y:100)
[PokaPoka @ 732450ms/45s/25m/16h, 27d/6mo/2021y] --> Began jumping *Entity[rgb(109-165-68), size(50-50) @ pos(692-582)] with expected peak @ (x:692, y:100)
[PokaPoka @ 321377ms/46s/25m/16h, 27d/6mo/2021y] --> Began jumping *Entity[rgb(109-165-68), size(50-50) @ pos(692-672)] with expected peak @ (x:692, y:100)
[PokaPoka @ 338628ms/46s/25m/16h, 27d/6mo/2021y] --> Began jumping *Entity[rgb(109-165-68), size(50-50) @ pos(692-670)] with expected peak @ (x:692, y:100)
[PokaPoka @ 356173ms/46s/25m/16h, 27d/6mo/2021y] --> Began jumping *Entity[rgb(109-165-68), size(50-50) @ pos(692-666)] with expected peak @ (x:692, y:100)
[PokaPoka @ 371017ms/46s/25m/16h, 27d/6mo/2021y] --> Began jumping *Entity[rgb(109-165-68), size(50-50) @ pos(692-660)] with expected peak @ (x:692, y:100)
[PokaPoka @ 387211ms/46s/25m/16h, 27d/6mo/2021y] --> Began jumping *Entity[rgb(109-165-68), size(50-50) @ pos(692-652)] with expected peak @ (x:692, y:100)
[PokaPoka @ 403829ms/46s/25m/16h, 27d/6mo/2021y] --> Began jumping *Entity[rgb(109-165-68), size(50-50) @ pos(692-642)] with expected peak @ (x:692, y:100)
[PokaPoka @ 420066ms/46s/25m/16h, 27d/6mo/2021y] --> Began jumping *Entity[rgb(109-165-68), size(50-50) @ pos(692-630)] with expected peak @ (x:692, y:100)
[PokaPoka @ 436212ms/46s/25m/16h, 27d/6mo/2021y] --> Began jumping *Entity[rgb(109-165-68), size(50-50) @ pos(692-616)] with expected peak @ (x:692, y:100)
[PokaPoka @ 452659ms/46s/25m/16h, 27d/6mo/2021y] --> Began jumping *Entity[rgb(109-165-68), size(50-50) @ pos(692-600)] with expected peak @ (x:692, y:100)
[PokaPoka @ 467279ms/46s/25m/16h, 27d/6mo/2021y] --> Began jumping *Entity[rgb(109-165-68), size(50-50) @ pos(692-582)] with expected peak @ (x:692, y:100)
[PokaPoka @ 876868ms/46s/25m/16h, 27d/6mo/2021y] --> Began jumping *Entity[rgb(109-165-68), size(50-50) @ pos(692-672)] with expected peak @ (x:692, y:100)
[PokaPoka @ 892984ms/46s/25m/16h, 27d/6mo/2021y] --> Began jumping *Entity[rgb(109-165-68), size(50-50) @ pos(692-670)] with expected peak @ (x:692, y:100)
[PokaPoka @ 908883ms/46s/25m/16h, 27d/6mo/2021y] --> Began jumping *Entity[rgb(109-165-68), size(50-50) @ pos(692-666)] with expected peak @ (x:692, y:100)
[PokaPoka @ 924879ms/46s/25m/16h, 27d/6mo/2021y] --> Began jumping *Entity[rgb(109-165-68), size(50-50) @ pos(692-660)] with expected peak @ (x:692, y:100)
[PokaPoka @ 940642ms/46s/25m/16h, 27d/6mo/2021y] --> Began jumping *Entity[rgb(109-165-68), size(50-50) @ pos(692-652)] with expected peak @ (x:692, y:100)
[PokaPoka @ 956551ms/46s/25m/16h, 27d/6mo/2021y] --> Began jumping *Entity[rgb(109-165-68), size(50-50) @ pos(692-642)] with expected peak @ (x:692, y:100)
[PokaPoka @ 972951ms/46s/25m/16h, 27d/6mo/2021y] --> Began jumping *Entity[rgb(109-165-68), size(50-50) @ pos(692-630)] with expected peak @ (x:692, y:100)
[PokaPoka @ 990338ms/46s/25m/16h, 27d/6mo/2021y] --> Began jumping *Entity[rgb(109-165-68), size(50-50) @ pos(692-616)] with expected peak @ (x:692, y:100)
[PokaPoka @ 5889ms/47s/25m/16h, 27d/6mo/2021y] --> Began jumping *Entity[rgb(109-165-68), size(50-50) @ pos(692-600)] with expected peak @ (x:692, y:100)
[PokaPoka @ 21027ms/47s/25m/16h, 27d/6mo/2021y] --> Began jumping *Entity[rgb(109-165-68), size(50-50) @ pos(692-582)] with expected peak @ (x:692, y:100)
[PokaPoka @ 425091ms/47s/25m/16h, 27d/6mo/2021y] --> Began jumping *Entity[rgb(109-165-68), size(50-50) @ pos(692-672)] with expected peak @ (x:692, y:100)
[PokaPoka @ 441299ms/47s/25m/16h, 27d/6mo/2021y] --> Began jumping *Entity[rgb(109-165-68), size(50-50) @ pos(692-670)] with expected peak @ (x:692, y:100)
[PokaPoka @ 458708ms/47s/25m/16h, 27d/6mo/2021y] --> Began jumping *Entity[rgb(109-165-68), size(50-50) @ pos(692-666)] with expected peak @ (x:692, y:100)
[PokaPoka @ 474458ms/47s/25m/16h, 27d/6mo/2021y] --> Began jumping *Entity[rgb(109-165-68), size(50-50) @ pos(692-660)] with expected peak @ (x:692, y:100)
[PokaPoka @ 492138ms/47s/25m/16h, 27d/6mo/2021y] --> Began jumping *Entity[rgb(109-165-68), size(50-50) @ pos(692-652)] with expected peak @ (x:692, y:100)
[PokaPoka @ 508512ms/47s/25m/16h, 27d/6mo/2021y] --> Began jumping *Entity[rgb(109-165-68), size(50-50) @ pos(692-642)] with expected peak @ (x:692, y:100)
[PokaPoka @ 525293ms/47s/25m/16h, 27d/6mo/2021y] --> Began jumping *Entity[rgb(109-165-68), size(50-50) @ pos(692-630)] with expected peak @ (x:692, y:100)
[PokaPoka @ 542302ms/47s/25m/16h, 27d/6mo/2021y] --> Began jumping *Entity[rgb(109-165-68), size(50-50) @ pos(692-616)] with expected peak @ (x:692, y:100)
[PokaPoka @ 559074ms/47s/25m/16h, 27d/6mo/2021y] --> Began jumping *Entity[rgb(109-165-68), size(50-50) @ pos(692-600)] with expected peak @ (x:692, y:100)
[PokaPoka @ 574975ms/47s/25m/16h, 27d/6mo/2021y] --> Began jumping *Entity[rgb(109-165-68), size(50-50) @ pos(692-582)] with expected peak @ (x:692, y:100)
[PokaPoka @ 983118ms/47s/25m/16h, 27d/6mo/2021y] --> Began jumping *Entity[rgb(109-165-68), size(50-50) @ pos(692-672)] with expected peak @ (x:692, y:100)
[PokaPoka @ 998417ms/47s/25m/16h, 27d/6mo/2021y] --> Began jumping *Entity[rgb(109-165-68), size(50-50) @ pos(692-670)] with expected peak @ (x:692, y:100)
[PokaPoka @ 15256ms/48s/25m/16h, 27d/6mo/2021y] --> Began jumping *Entity[rgb(109-165-68), size(50-50) @ pos(692-666)] with expected peak @ (x:692, y:100)
[PokaPoka @ 32154ms/48s/25m/16h, 27d/6mo/2021y] --> Began jumping *Entity[rgb(109-165-68), size(50-50) @ pos(692-660)] with expected peak @ (x:692, y:100)
[PokaPoka @ 48555ms/48s/25m/16h, 27d/6mo/2021y] --> Began jumping *Entity[rgb(109-165-68), size(50-50) @ pos(692-652)] with expected peak @ (x:692, y:100)
[PokaPoka @ 65294ms/48s/25m/16h, 27d/6mo/2021y] --> Began jumping *Entity[rgb(109-165-68), size(50-50) @ pos(692-642)] with expected peak @ (x:692, y:100)
[PokaPoka @ 81479ms/48s/25m/16h, 27d/6mo/2021y] --> Began jumping *Entity[rgb(109-165-68), size(50-50) @ pos(692-630)] with expected peak @ (x:692, y:100)
[PokaPoka @ 98988ms/48s/25m/16h, 27d/6mo/2021y] --> Began jumping *Entity[rgb(109-165-68), size(50-50) @ pos(692-616)] with expected peak @ (x:692, y:100)
[PokaPoka @ 115698ms/48s/25m/16h, 27d/6mo/2021y] --> Began jumping *Entity[rgb(109-165-68), size(50-50) @ pos(692-600)] with expected peak @ (x:692, y:100)
[PokaPoka @ 132652ms/48s/25m/16h, 27d/6mo/2021y] --> Began jumping *Entity[rgb(109-165-68), size(50-50) @ pos(692-582)] with expected peak @ (x:692, y:100)
[PokaPoka @ 542371ms/48s/25m/16h, 27d/6mo/2021y] --> Began jumping *Entity[rgb(109-165-68), size(50-50) @ pos(692-672)] with expected peak @ (x:692, y:100)
[PokaPoka @ 558097ms/48s/25m/16h, 27d/6mo/2021y] --> Began jumping *Entity[rgb(109-165-68), size(50-50) @ pos(692-670)] with expected peak @ (x:692, y:100)
[PokaPoka @ 574193ms/48s/25m/16h, 27d/6mo/2021y] --> Began jumping *Entity[rgb(109-165-68), size(50-50) @ pos(692-666)] with expected peak @ (x:692, y:100)
[PokaPoka @ 590404ms/48s/25m/16h, 27d/6mo/2021y] --> Began jumping *Entity[rgb(109-165-68), size(50-50) @ pos(692-660)] with expected peak @ (x:692, y:100)
[PokaPoka @ 607714ms/48s/25m/16h, 27d/6mo/2021y] --> Began jumping *Entity[rgb(109-165-68), size(50-50) @ pos(692-652)] with expected peak @ (x:692, y:100)
[PokaPoka @ 624670ms/48s/25m/16h, 27d/6mo/2021y] --> Began jumping *Entity[rgb(109-165-68), size(50-50) @ pos(692-642)] with expected peak @ (x:692, y:100)
[PokaPoka @ 640625ms/48s/25m/16h, 27d/6mo/2021y] --> Began jumping *Entity[rgb(109-165-68), size(50-50) @ pos(692-630)] with expected peak @ (x:692, y:100)
[PokaPoka @ 656615ms/48s/25m/16h, 27d/6mo/2021y] --> Began jumping *Entity[rgb(109-165-68), size(50-50) @ pos(692-616)] with expected peak @ (x:692, y:100)
[PokaPoka @ 672896ms/48s/25m/16h, 27d/6mo/2021y] --> Began jumping *Entity[rgb(109-165-68), size(50-50) @ pos(692-600)] with expected peak @ (x:692, y:100)
[PokaPoka @ 688937ms/48s/25m/16h, 27d/6mo/2021y] --> Began jumping *Entity[rgb(109-165-68), size(50-50) @ pos(692-582)] with expected peak @ (x:692, y:100)
[PokaPoka @ 96941ms/49s/25m/16h, 27d/6mo/2021y] --> Began jumping *Entity[rgb(109-165-68), size(50-50) @ pos(692-672)] with expected peak @ (x:692, y:100)
[PokaPoka @ 112898ms/49s/25m/16h, 27d/6mo/2021y] --> Began jumping *Entity[rgb(109-165-68), size(50-50) @ pos(692-670)] with expected peak @ (x:692, y:100)
[PokaPoka @ 129856ms/49s/25m/16h, 27d/6mo/2021y] --> Began jumping *Entity[rgb(109-165-68), size(50-50) @ pos(692-666)] with expected peak @ (x:692, y:100)
[PokaPoka @ 145295ms/49s/25m/16h, 27d/6mo/2021y] --> Began jumping *Entity[rgb(109-165-68), size(50-50) @ pos(692-660)] with expected peak @ (x:692, y:100)
[PokaPoka @ 161388ms/49s/25m/16h, 27d/6mo/2021y] --> Began jumping *Entity[rgb(109-165-68), size(50-50) @ pos(692-652)] with expected peak @ (x:692, y:100)
[PokaPoka @ 179042ms/49s/25m/16h, 27d/6mo/2021y] --> Began jumping *Entity[rgb(109-165-68), size(50-50) @ pos(692-642)] with expected peak @ (x:692, y:100)
[PokaPoka @ 195958ms/49s/25m/16h, 27d/6mo/2021y] --> Began jumping *Entity[rgb(109-165-68), size(50-50) @ pos(692-630)] with expected peak @ (x:692, y:100)
[PokaPoka @ 212007ms/49s/25m/16h, 27d/6mo/2021y] --> Began jumping *Entity[rgb(109-165-68), size(50-50) @ pos(692-616)] with expected peak @ (x:692, y:100)
[PokaPoka @ 228105ms/49s/25m/16h, 27d/6mo/2021y] --> Began jumping *Entity[rgb(109-165-68), size(50-50) @ pos(692-600)] with expected peak @ (x:692, y:100)
[PokaPoka @ 244918ms/49s/25m/16h, 27d/6mo/2021y] --> Began jumping *Entity[rgb(109-165-68), size(50-50) @ pos(692-582)] with expected peak @ (x:692, y:100)
[PokaPoka @ 657650ms/49s/25m/16h, 27d/6mo/2021y] --> Began jumping *Entity[rgb(109-165-68), size(50-50) @ pos(692-672)] with expected peak @ (x:692, y:100)
[PokaPoka @ 673307ms/49s/25m/16h, 27d/6mo/2021y] --> Began jumping *Entity[rgb(109-165-68), size(50-50) @ pos(692-670)] with expected peak @ (x:692, y:100)
[PokaPoka @ 690234ms/49s/25m/16h, 27d/6mo/2021y] --> Began jumping *Entity[rgb(109-165-68), size(50-50) @ pos(692-666)] with expected peak @ (x:692, y:100)
[PokaPoka @ 707106ms/49s/25m/16h, 27d/6mo/2021y] --> Began jumping *Entity[rgb(109-165-68), size(50-50) @ pos(692-660)] with expected peak @ (x:692, y:100)
[PokaPoka @ 723022ms/49s/25m/16h, 27d/6mo/2021y] --> Began jumping *Entity[rgb(109-165-68), size(50-50) @ pos(692-652)] with expected peak @ (x:692, y:100)
[PokaPoka @ 739050ms/49s/25m/16h, 27d/6mo/2021y] --> Began jumping *Entity[rgb(109-165-68), size(50-50) @ pos(692-642)] with expected peak @ (x:692, y:100)
[PokaPoka @ 755463ms/49s/25m/16h, 27d/6mo/2021y] --> Began jumping *Entity[rgb(109-165-68), size(50-50) @ pos(692-630)] with expected peak @ (x:692, y:100)
[PokaPoka @ 771233ms/49s/25m/16h, 27d/6mo/2021y] --> Began jumping *Entity[rgb(109-165-68), size(50-50) @ pos(692-616)] with expected peak @ (x:692, y:100)
[PokaPoka @ 788243ms/49s/25m/16h, 27d/6mo/2021y] --> Began jumping *Entity[rgb(109-165-68), size(50-50) @ pos(692-600)] with expected peak @ (x:692, y:100)
[PokaPoka @ 804621ms/49s/25m/16h, 27d/6mo/2021y] --> Began jumping *Entity[rgb(109-165-68), size(50-50) @ pos(692-582)] with expected peak @ (x:692, y:100)
[PokaPoka @ 219531ms/50s/25m/16h, 27d/6mo/2021y] --> Began jumping *Entity[rgb(109-165-68), size(50-50) @ pos(692-672)] with expected peak @ (x:692, y:100)
[PokaPoka @ 236419ms/50s/25m/16h, 27d/6mo/2021y] --> Began jumping *Entity[rgb(109-165-68), size(50-50) @ pos(692-670)] with expected peak @ (x:692, y:100)
[PokaPoka @ 253238ms/50s/25m/16h, 27d/6mo/2021y] --> Began jumping *Entity[rgb(109-165-68), size(50-50) @ pos(692-666)] with expected peak @ (x:692, y:100)
[PokaPoka @ 269760ms/50s/25m/16h, 27d/6mo/2021y] --> Began jumping *Entity[rgb(109-165-68), size(50-50) @ pos(692-660)] with expected peak @ (x:692, y:100)
[PokaPoka @ 287209ms/50s/25m/16h, 27d/6mo/2021y] --> Began jumping *Entity[rgb(109-165-68), size(50-50) @ pos(692-652)] with expected peak @ (x:692, y:100)
[PokaPoka @ 304221ms/50s/25m/16h, 27d/6mo/2021y] --> Began jumping *Entity[rgb(109-165-68), size(50-50) @ pos(692-642)] with expected peak @ (x:692, y:100)
[PokaPoka @ 321397ms/50s/25m/16h, 27d/6mo/2021y] --> Began jumping *Entity[rgb(109-165-68), size(50-50) @ pos(692-630)] with expected peak @ (x:692, y:100)
[PokaPoka @ 338101ms/50s/25m/16h, 27d/6mo/2021y] --> Began jumping *Entity[rgb(109-165-68), size(50-50) @ pos(692-616)] with expected peak @ (x:692, y:100)
[PokaPoka @ 353405ms/50s/25m/16h, 27d/6mo/2021y] --> Began jumping *Entity[rgb(109-165-68), size(50-50) @ pos(692-600)] with expected peak @ (x:692, y:100)
[PokaPoka @ 370079ms/50s/25m/16h, 27d/6mo/2021y] --> Began jumping *Entity[rgb(109-165-68), size(50-50) @ pos(692-582)] with expected peak @ (x:692, y:100)
[PokaPoka @ 778816ms/50s/25m/16h, 27d/6mo/2021y] --> Began jumping *Entity[rgb(109-165-68), size(50-50) @ pos(692-672)] with expected peak @ (x:692, y:100)
[PokaPoka @ 795006ms/50s/25m/16h, 27d/6mo/2021y] --> Began jumping *Entity[rgb(109-165-68), size(50-50) @ pos(692-670)] with expected peak @ (x:692, y:100)
[PokaPoka @ 812126ms/50s/25m/16h, 27d/6mo/2021y] --> Began jumping *Entity[rgb(109-165-68), size(50-50) @ pos(692-666)] with expected peak @ (x:692, y:100)
[PokaPoka @ 828225ms/50s/25m/16h, 27d/6mo/2021y] --> Began jumping *Entity[rgb(109-165-68), size(50-50) @ pos(692-660)] with expected peak @ (x:692, y:100)
[PokaPoka @ 844169ms/50s/25m/16h, 27d/6mo/2021y] --> Began jumping *Entity[rgb(109-165-68), size(50-50) @ pos(692-652)] with expected peak @ (x:692, y:100)
[PokaPoka @ 860151ms/50s/25m/16h, 27d/6mo/2021y] --> Began jumping *Entity[rgb(109-165-68), size(50-50) @ pos(692-642)] with expected peak @ (x:692, y:100)
[PokaPoka @ 876282ms/50s/25m/16h, 27d/6mo/2021y] --> Began jumping *Entity[rgb(109-165-68), size(50-50) @ pos(692-630)] with expected peak @ (x:692, y:100)
[PokaPoka @ 892451ms/50s/25m/16h, 27d/6mo/2021y] --> Began jumping *Entity[rgb(109-165-68), size(50-50) @ pos(692-616)] with expected peak @ (x:692, y:100)
[PokaPoka @ 908771ms/50s/25m/16h, 27d/6mo/2021y] --> Began jumping *Entity[rgb(109-165-68), size(50-50) @ pos(692-600)] with expected peak @ (x:692, y:100)
[PokaPoka @ 926095ms/50s/25m/16h, 27d/6mo/2021y] --> Began jumping *Entity[rgb(109-165-68), size(50-50) @ pos(692-582)] with expected peak @ (x:692, y:100)
[PokaPoka @ 336609ms/51s/25m/16h, 27d/6mo/2021y] --> Began jumping *Entity[rgb(109-165-68), size(50-50) @ pos(692-672)] with expected peak @ (x:692, y:100)
[PokaPoka @ 353221ms/51s/25m/16h, 27d/6mo/2021y] --> Began jumping *Entity[rgb(109-165-68), size(50-50) @ pos(692-670)] with expected peak @ (x:692, y:100)
[PokaPoka @ 368612ms/51s/25m/16h, 27d/6mo/2021y] --> Began jumping *Entity[rgb(109-165-68), size(50-50) @ pos(692-666)] with expected peak @ (x:692, y:100)
[PokaPoka @ 385788ms/51s/25m/16h, 27d/6mo/2021y] --> Began jumping *Entity[rgb(109-165-68), size(50-50) @ pos(692-660)] with expected peak @ (x:692, y:100)
[PokaPoka @ 402352ms/51s/25m/16h, 27d/6mo/2021y] --> Began jumping *Entity[rgb(109-165-68), size(50-50) @ pos(692-652)] with expected peak @ (x:692, y:100)
[PokaPoka @ 419650ms/51s/25m/16h, 27d/6mo/2021y] --> Began jumping *Entity[rgb(109-165-68), size(50-50) @ pos(692-642)] with expected peak @ (x:692, y:100)
[PokaPoka @ 435986ms/51s/25m/16h, 27d/6mo/2021y] --> Began jumping *Entity[rgb(109-165-68), size(50-50) @ pos(692-630)] with expected peak @ (x:692, y:100)
[PokaPoka @ 452363ms/51s/25m/16h, 27d/6mo/2021y] --> Began jumping *Entity[rgb(109-165-68), size(50-50) @ pos(692-616)] with expected peak @ (x:692, y:100)
[PokaPoka @ 469250ms/51s/25m/16h, 27d/6mo/2021y] --> Began jumping *Entity[rgb(109-165-68), size(50-50) @ pos(692-600)] with expected peak @ (x:692, y:100)
[PokaPoka @ 486511ms/51s/25m/16h, 27d/6mo/2021y] --> Began jumping *Entity[rgb(109-165-68), size(50-50) @ pos(692-582)] with expected peak @ (x:692, y:100)
[PokaPoka @ 896410ms/51s/25m/16h, 27d/6mo/2021y] --> Began jumping *Entity[rgb(109-165-68), size(50-50) @ pos(692-672)] with expected peak @ (x:692, y:100)
[PokaPoka @ 913411ms/51s/25m/16h, 27d/6mo/2021y] --> Began jumping *Entity[rgb(109-165-68), size(50-50) @ pos(692-670)] with expected peak @ (x:692, y:100)
[PokaPoka @ 928959ms/51s/25m/16h, 27d/6mo/2021y] --> Began jumping *Entity[rgb(109-165-68), size(50-50) @ pos(692-666)] with expected peak @ (x:692, y:100)
[PokaPoka @ 945252ms/51s/25m/16h, 27d/6mo/2021y] --> Began jumping *Entity[rgb(109-165-68), size(50-50) @ pos(692-660)] with expected peak @ (x:692, y:100)
[PokaPoka @ 962234ms/51s/25m/16h, 27d/6mo/2021y] --> Began jumping *Entity[rgb(109-165-68), size(50-50) @ pos(692-652)] with expected peak @ (x:692, y:100)
[PokaPoka @ 978422ms/51s/25m/16h, 27d/6mo/2021y] --> Began jumping *Entity[rgb(109-165-68), size(50-50) @ pos(692-642)] with expected peak @ (x:692, y:100)
[PokaPoka @ 994632ms/51s/25m/16h, 27d/6mo/2021y] --> Began jumping *Entity[rgb(109-165-68), size(50-50) @ pos(692-630)] with expected peak @ (x:692, y:100)
[PokaPoka @ 10941ms/52s/25m/16h, 27d/6mo/2021y] --> Began jumping *Entity[rgb(109-165-68), size(50-50) @ pos(692-616)] with expected peak @ (x:692, y:100)
[PokaPoka @ 27318ms/52s/25m/16h, 27d/6mo/2021y] --> Began jumping *Entity[rgb(109-165-68), size(50-50) @ pos(692-600)] with expected peak @ (x:692, y:100)
[PokaPoka @ 43432ms/52s/25m/16h, 27d/6mo/2021y] --> Began jumping *Entity[rgb(109-165-68), size(50-50) @ pos(692-582)] with expected peak @ (x:692, y:100)
[PokaPoka @ 558718ms/52s/25m/16h, 27d/6mo/2021y] --> Began jumping *Entity[rgb(109-165-68), size(50-50) @ pos(692-672)] with expected peak @ (x:692, y:100)
[PokaPoka @ 574447ms/52s/25m/16h, 27d/6mo/2021y] --> Began jumping *Entity[rgb(109-165-68), size(50-50) @ pos(692-670)] with expected peak @ (x:692, y:100)
[PokaPoka @ 591409ms/52s/25m/16h, 27d/6mo/2021y] --> Began jumping *Entity[rgb(109-165-68), size(50-50) @ pos(692-666)] with expected peak @ (x:692, y:100)
[PokaPoka @ 608726ms/52s/25m/16h, 27d/6mo/2021y] --> Began jumping *Entity[rgb(109-165-68), size(50-50) @ pos(692-660)] with expected peak @ (x:692, y:100)
[PokaPoka @ 624881ms/52s/25m/16h, 27d/6mo/2021y] --> Began jumping *Entity[rgb(109-165-68), size(50-50) @ pos(692-652)] with expected peak @ (x:692, y:100)
[PokaPoka @ 641836ms/52s/25m/16h, 27d/6mo/2021y] --> Began jumping *Entity[rgb(109-165-68), size(50-50) @ pos(692-642)] with expected peak @ (x:692, y:100)
[PokaPoka @ 656795ms/52s/25m/16h, 27d/6mo/2021y] --> Began jumping *Entity[rgb(109-165-68), size(50-50) @ pos(692-630)] with expected peak @ (x:692, y:100)
[PokaPoka @ 673857ms/52s/25m/16h, 27d/6mo/2021y] --> Began jumping *Entity[rgb(109-165-68), size(50-50) @ pos(692-616)] with expected peak @ (x:692, y:100)
[PokaPoka @ 689514ms/52s/25m/16h, 27d/6mo/2021y] --> Began jumping *Entity[rgb(109-165-68), size(50-50) @ pos(692-600)] with expected peak @ (x:692, y:100)
[PokaPoka @ 705723ms/52s/25m/16h, 27d/6mo/2021y] --> Began jumping *Entity[rgb(109-165-68), size(50-50) @ pos(692-582)] with expected peak @ (x:692, y:100)
[PokaPoka @ 115751ms/53s/25m/16h, 27d/6mo/2021y] --> Began jumping *Entity[rgb(109-165-68), size(50-50) @ pos(692-672)] with expected peak @ (x:692, y:100)
[PokaPoka @ 132019ms/53s/25m/16h, 27d/6mo/2021y] --> Began jumping *Entity[rgb(109-165-68), size(50-50) @ pos(692-670)] with expected peak @ (x:692, y:100)
[PokaPoka @ 148974ms/53s/25m/16h, 27d/6mo/2021y] --> Began jumping *Entity[rgb(109-165-68), size(50-50) @ pos(692-666)] with expected peak @ (x:692, y:100)
[PokaPoka @ 164866ms/53s/25m/16h, 27d/6mo/2021y] --> Began jumping *Entity[rgb(109-165-68), size(50-50) @ pos(692-660)] with expected peak @ (x:692, y:100)
[PokaPoka @ 181573ms/53s/25m/16h, 27d/6mo/2021y] --> Began jumping *Entity[rgb(109-165-68), size(50-50) @ pos(692-652)] with expected peak @ (x:692, y:100)
[PokaPoka @ 198340ms/53s/25m/16h, 27d/6mo/2021y] --> Began jumping *Entity[rgb(109-165-68), size(50-50) @ pos(692-642)] with expected peak @ (x:692, y:100)
[PokaPoka @ 215117ms/53s/25m/16h, 27d/6mo/2021y] --> Began jumping *Entity[rgb(109-165-68), size(50-50) @ pos(692-630)] with expected peak @ (x:692, y:100)
[PokaPoka @ 231506ms/53s/25m/16h, 27d/6mo/2021y] --> Began jumping *Entity[rgb(109-165-68), size(50-50) @ pos(692-616)] with expected peak @ (x:692, y:100)
[PokaPoka @ 248510ms/53s/25m/16h, 27d/6mo/2021y] --> Began jumping *Entity[rgb(109-165-68), size(50-50) @ pos(692-600)] with expected peak @ (x:692, y:100)
[PokaPoka @ 264516ms/53s/25m/16h, 27d/6mo/2021y] --> Began jumping *Entity[rgb(109-165-68), size(50-50) @ pos(692-582)] with expected peak @ (x:692, y:100)
[PokaPoka @ 674797ms/53s/25m/16h, 27d/6mo/2021y] --> Began jumping *Entity[rgb(109-165-68), size(50-50) @ pos(692-672)] with expected peak @ (x:692, y:100)
[PokaPoka @ 690780ms/53s/25m/16h, 27d/6mo/2021y] --> Began jumping *Entity[rgb(109-165-68), size(50-50) @ pos(692-670)] with expected peak @ (x:692, y:100)
[PokaPoka @ 708034ms/53s/25m/16h, 27d/6mo/2021y] --> Began jumping *Entity[rgb(109-165-68), size(50-50) @ pos(692-666)] with expected peak @ (x:692, y:100)
[PokaPoka @ 723337ms/53s/25m/16h, 27d/6mo/2021y] --> Began jumping *Entity[rgb(109-165-68), size(50-50) @ pos(692-660)] with expected peak @ (x:692, y:100)
[PokaPoka @ 739447ms/53s/25m/16h, 27d/6mo/2021y] --> Began jumping *Entity[rgb(109-165-68), size(50-50) @ pos(692-652)] with expected peak @ (x:692, y:100)
[PokaPoka @ 757341ms/53s/25m/16h, 27d/6mo/2021y] --> Began jumping *Entity[rgb(109-165-68), size(50-50) @ pos(692-642)] with expected peak @ (x:692, y:100)
[PokaPoka @ 773147ms/53s/25m/16h, 27d/6mo/2021y] --> Began jumping *Entity[rgb(109-165-68), size(50-50) @ pos(692-630)] with expected peak @ (x:692, y:100)
[PokaPoka @ 789298ms/53s/25m/16h, 27d/6mo/2021y] --> Began jumping *Entity[rgb(109-165-68), size(50-50) @ pos(692-616)] with expected peak @ (x:692, y:100)
[PokaPoka @ 807323ms/53s/25m/16h, 27d/6mo/2021y] --> Began jumping *Entity[rgb(109-165-68), size(50-50) @ pos(692-600)] with expected peak @ (x:692, y:100)
[PokaPoka @ 822838ms/53s/25m/16h, 27d/6mo/2021y] --> Began jumping *Entity[rgb(109-165-68), size(50-50) @ pos(692-582)] with expected peak @ (x:692, y:100)
[PokaPoka @ 233657ms/54s/25m/16h, 27d/6mo/2021y] --> Began jumping *Entity[rgb(109-165-68), size(50-50) @ pos(692-672)] with expected peak @ (x:692, y:100)
[PokaPoka @ 250135ms/54s/25m/16h, 27d/6mo/2021y] --> Began jumping *Entity[rgb(109-165-68), size(50-50) @ pos(692-670)] with expected peak @ (x:692, y:100)
[PokaPoka @ 266453ms/54s/25m/16h, 27d/6mo/2021y] --> Began jumping *Entity[rgb(109-165-68), size(50-50) @ pos(692-666)] with expected peak @ (x:692, y:100)
[PokaPoka @ 283374ms/54s/25m/16h, 27d/6mo/2021y] --> Began jumping *Entity[rgb(109-165-68), size(50-50) @ pos(692-660)] with expected peak @ (x:692, y:100)
[PokaPoka @ 299903ms/54s/25m/16h, 27d/6mo/2021y] --> Began jumping *Entity[rgb(109-165-68), size(50-50) @ pos(692-652)] with expected peak @ (x:692, y:100)
[PokaPoka @ 316459ms/54s/25m/16h, 27d/6mo/2021y] --> Began jumping *Entity[rgb(109-165-68), size(50-50) @ pos(692-642)] with expected peak @ (x:692, y:100)
[PokaPoka @ 333986ms/54s/25m/16h, 27d/6mo/2021y] --> Began jumping *Entity[rgb(109-165-68), size(50-50) @ pos(692-630)] with expected peak @ (x:692, y:100)
[PokaPoka @ 350336ms/54s/25m/16h, 27d/6mo/2021y] --> Began jumping *Entity[rgb(109-165-68), size(50-50) @ pos(692-616)] with expected peak @ (x:692, y:100)
[PokaPoka @ 366651ms/54s/25m/16h, 27d/6mo/2021y] --> Began jumping *Entity[rgb(109-165-68), size(50-50) @ pos(692-600)] with expected peak @ (x:692, y:100)
[PokaPoka @ 382608ms/54s/25m/16h, 27d/6mo/2021y] --> Began jumping *Entity[rgb(109-165-68), size(50-50) @ pos(692-582)] with expected peak @ (x:692, y:100)
[PokaPoka @ 790824ms/54s/25m/16h, 27d/6mo/2021y] --> Began jumping *Entity[rgb(109-165-68), size(50-50) @ pos(692-672)] with expected peak @ (x:692, y:100)
[PokaPoka @ 807548ms/54s/25m/16h, 27d/6mo/2021y] --> Began jumping *Entity[rgb(109-165-68), size(50-50) @ pos(692-670)] with expected peak @ (x:692, y:100)
[PokaPoka @ 823569ms/54s/25m/16h, 27d/6mo/2021y] --> Began jumping *Entity[rgb(109-165-68), size(50-50) @ pos(692-666)] with expected peak @ (x:692, y:100)
[PokaPoka @ 839413ms/54s/25m/16h, 27d/6mo/2021y] --> Began jumping *Entity[rgb(109-165-68), size(50-50) @ pos(692-660)] with expected peak @ (x:692, y:100)
[PokaPoka @ 856305ms/54s/25m/16h, 27d/6mo/2021y] --> Began jumping *Entity[rgb(109-165-68), size(50-50) @ pos(692-652)] with expected peak @ (x:692, y:100)
[PokaPoka @ 873489ms/54s/25m/16h, 27d/6mo/2021y] --> Began jumping *Entity[rgb(109-165-68), size(50-50) @ pos(692-642)] with expected peak @ (x:692, y:100)
[PokaPoka @ 889509ms/54s/25m/16h, 27d/6mo/2021y] --> Began jumping *Entity[rgb(109-165-68), size(50-50) @ pos(692-630)] with expected peak @ (x:692, y:100)
[PokaPoka @ 907234ms/54s/25m/16h, 27d/6mo/2021y] --> Began jumping *Entity[rgb(109-165-68), size(50-50) @ pos(692-616)] with expected peak @ (x:692, y:100)
[PokaPoka @ 922729ms/54s/25m/16h, 27d/6mo/2021y] --> Began jumping *Entity[rgb(109-165-68), size(50-50) @ pos(692-600)] with expected peak @ (x:692, y:100)
[PokaPoka @ 940074ms/54s/25m/16h, 27d/6mo/2021y] --> Began jumping *Entity[rgb(109-165-68), size(50-50) @ pos(692-582)] with expected peak @ (x:692, y:100)
[PokaPoka @ 349158ms/55s/25m/16h, 27d/6mo/2021y] --> Began jumping *Entity[rgb(109-165-68), size(50-50) @ pos(692-672)] with expected peak @ (x:692, y:100)
[PokaPoka @ 364864ms/55s/25m/16h, 27d/6mo/2021y] --> Began jumping *Entity[rgb(109-165-68), size(50-50) @ pos(692-670)] with expected peak @ (x:692, y:100)
[PokaPoka @ 381576ms/55s/25m/16h, 27d/6mo/2021y] --> Began jumping *Entity[rgb(109-165-68), size(50-50) @ pos(692-666)] with expected peak @ (x:692, y:100)
[PokaPoka @ 397463ms/55s/25m/16h, 27d/6mo/2021y] --> Began jumping *Entity[rgb(109-165-68), size(50-50) @ pos(692-660)] with expected peak @ (x:692, y:100)
[PokaPoka @ 413771ms/55s/25m/16h, 27d/6mo/2021y] --> Began jumping *Entity[rgb(109-165-68), size(50-50) @ pos(692-652)] with expected peak @ (x:692, y:100)
[PokaPoka @ 429549ms/55s/25m/16h, 27d/6mo/2021y] --> Began jumping *Entity[rgb(109-165-68), size(50-50) @ pos(692-642)] with expected peak @ (x:692, y:100)
[PokaPoka @ 446334ms/55s/25m/16h, 27d/6mo/2021y] --> Began jumping *Entity[rgb(109-165-68), size(50-50) @ pos(692-630)] with expected peak @ (x:692, y:100)
[PokaPoka @ 462589ms/55s/25m/16h, 27d/6mo/2021y] --> Began jumping *Entity[rgb(109-165-68), size(50-50) @ pos(692-616)] with expected peak @ (x:692, y:100)
[PokaPoka @ 479363ms/55s/25m/16h, 27d/6mo/2021y] --> Began jumping *Entity[rgb(109-165-68), size(50-50) @ pos(692-600)] with expected peak @ (x:692, y:100)
[PokaPoka @ 497319ms/55s/25m/16h, 27d/6mo/2021y] --> Began jumping *Entity[rgb(109-165-68), size(50-50) @ pos(692-582)] with expected peak @ (x:692, y:100)
[PokaPoka @ 904819ms/55s/25m/16h, 27d/6mo/2021y] --> Began jumping *Entity[rgb(109-165-68), size(50-50) @ pos(692-672)] with expected peak @ (x:692, y:100)
[PokaPoka @ 921331ms/55s/25m/16h, 27d/6mo/2021y] --> Began jumping *Entity[rgb(109-165-68), size(50-50) @ pos(692-670)] with expected peak @ (x:692, y:100)
[PokaPoka @ 938476ms/55s/25m/16h, 27d/6mo/2021y] --> Began jumping *Entity[rgb(109-165-68), size(50-50) @ pos(692-666)] with expected peak @ (x:692, y:100)
[PokaPoka @ 954758ms/55s/25m/16h, 27d/6mo/2021y] --> Began jumping *Entity[rgb(109-165-68), size(50-50) @ pos(692-660)] with expected peak @ (x:692, y:100)
[PokaPoka @ 970377ms/55s/25m/16h, 27d/6mo/2021y] --> Began jumping *Entity[rgb(109-165-68), size(50-50) @ pos(692-652)] with expected peak @ (x:692, y:100)
[PokaPoka @ 987255ms/55s/25m/16h, 27d/6mo/2021y] --> Began jumping *Entity[rgb(109-165-68), size(50-50) @ pos(692-642)] with expected peak @ (x:692, y:100)
[PokaPoka @ 4592ms/56s/25m/16h, 27d/6mo/2021y] --> Began jumping *Entity[rgb(109-165-68), size(50-50) @ pos(692-630)] with expected peak @ (x:692, y:100)
[PokaPoka @ 21703ms/56s/25m/16h, 27d/6mo/2021y] --> Began jumping *Entity[rgb(109-165-68), size(50-50) @ pos(692-616)] with expected peak @ (x:692, y:100)
[PokaPoka @ 38230ms/56s/25m/16h, 27d/6mo/2021y] --> Began jumping *Entity[rgb(109-165-68), size(50-50) @ pos(692-600)] with expected peak @ (x:692, y:100)
[PokaPoka @ 53495ms/56s/25m/16h, 27d/6mo/2021y] --> Began jumping *Entity[rgb(109-165-68), size(50-50) @ pos(692-582)] with expected peak @ (x:692, y:100)
[PokaPoka @ 461368ms/56s/25m/16h, 27d/6mo/2021y] --> Began jumping *Entity[rgb(109-165-68), size(50-50) @ pos(692-672)] with expected peak @ (x:692, y:100)
[PokaPoka @ 478732ms/56s/25m/16h, 27d/6mo/2021y] --> Began jumping *Entity[rgb(109-165-68), size(50-50) @ pos(692-670)] with expected peak @ (x:692, y:100)
[PokaPoka @ 494807ms/56s/25m/16h, 27d/6mo/2021y] --> Began jumping *Entity[rgb(109-165-68), size(50-50) @ pos(692-666)] with expected peak @ (x:692, y:100)
[PokaPoka @ 510937ms/56s/25m/16h, 27d/6mo/2021y] --> Began jumping *Entity[rgb(109-165-68), size(50-50) @ pos(692-660)] with expected peak @ (x:692, y:100)
[PokaPoka @ 526993ms/56s/25m/16h, 27d/6mo/2021y] --> Began jumping *Entity[rgb(109-165-68), size(50-50) @ pos(692-652)] with expected peak @ (x:692, y:100)
[PokaPoka @ 543318ms/56s/25m/16h, 27d/6mo/2021y] --> Began jumping *Entity[rgb(109-165-68), size(50-50) @ pos(692-642)] with expected peak @ (x:692, y:100)
[PokaPoka @ 559492ms/56s/25m/16h, 27d/6mo/2021y] --> Began jumping *Entity[rgb(109-165-68), size(50-50) @ pos(692-630)] with expected peak @ (x:692, y:100)
[PokaPoka @ 576438ms/56s/25m/16h, 27d/6mo/2021y] --> Began jumping *Entity[rgb(109-165-68), size(50-50) @ pos(692-616)] with expected peak @ (x:692, y:100)
[PokaPoka @ 592782ms/56s/25m/16h, 27d/6mo/2021y] --> Began jumping *Entity[rgb(109-165-68), size(50-50) @ pos(692-600)] with expected peak @ (x:692, y:100)
[PokaPoka @ 608740ms/56s/25m/16h, 27d/6mo/2021y] --> Began jumping *Entity[rgb(109-165-68), size(50-50) @ pos(692-582)] with expected peak @ (x:692, y:100)
[PokaPoka @ 12799ms/57s/25m/16h, 27d/6mo/2021y] --> Began jumping *Entity[rgb(109-165-68), size(50-50) @ pos(692-672)] with expected peak @ (x:692, y:100)
[PokaPoka @ 28947ms/57s/25m/16h, 27d/6mo/2021y] --> Began jumping *Entity[rgb(109-165-68), size(50-50) @ pos(692-670)] with expected peak @ (x:692, y:100)
[PokaPoka @ 45175ms/57s/25m/16h, 27d/6mo/2021y] --> Began jumping *Entity[rgb(109-165-68), size(50-50) @ pos(692-666)] with expected peak @ (x:692, y:100)
[PokaPoka @ 61227ms/57s/25m/16h, 27d/6mo/2021y] --> Began jumping *Entity[rgb(109-165-68), size(50-50) @ pos(692-660)] with expected peak @ (x:692, y:100)
[PokaPoka @ 77335ms/57s/25m/16h, 27d/6mo/2021y] --> Began jumping *Entity[rgb(109-165-68), size(50-50) @ pos(692-652)] with expected peak @ (x:692, y:100)
[PokaPoka @ 94314ms/57s/25m/16h, 27d/6mo/2021y] --> Began jumping *Entity[rgb(109-165-68), size(50-50) @ pos(692-642)] with expected peak @ (x:692, y:100)
[PokaPoka @ 111632ms/57s/25m/16h, 27d/6mo/2021y] --> Began jumping *Entity[rgb(109-165-68), size(50-50) @ pos(692-630)] with expected peak @ (x:692, y:100)
[PokaPoka @ 128553ms/57s/25m/16h, 27d/6mo/2021y] --> Began jumping *Entity[rgb(109-165-68), size(50-50) @ pos(692-616)] with expected peak @ (x:692, y:100)
[PokaPoka @ 145509ms/57s/25m/16h, 27d/6mo/2021y] --> Began jumping *Entity[rgb(109-165-68), size(50-50) @ pos(692-600)] with expected peak @ (x:692, y:100)
[PokaPoka @ 162463ms/57s/25m/16h, 27d/6mo/2021y] --> Began jumping *Entity[rgb(109-165-68), size(50-50) @ pos(692-582)] with expected peak @ (x:692, y:100)
[PokaPoka @ 573531ms/57s/25m/16h, 27d/6mo/2021y] --> Began jumping *Entity[rgb(109-165-68), size(50-50) @ pos(692-672)] with expected peak @ (x:692, y:100)
[PokaPoka @ 590066ms/57s/25m/16h, 27d/6mo/2021y] --> Began jumping *Entity[rgb(109-165-68), size(50-50) @ pos(692-670)] with expected peak @ (x:692, y:100)
[PokaPoka @ 590066ms/57s/25m/16h, 27d/6mo/2021y] --> Began jumping *Entity[rgb(255-255-255), size(50-50) @ pos(676-622)] with expected peak @ (x:676, y:100)
[PokaPoka @ 606491ms/57s/25m/16h, 27d/6mo/2021y] --> Began jumping *Entity[rgb(109-165-68), size(50-50) @ pos(692-666)] with expected peak @ (x:692, y:100)
[PokaPoka @ 606491ms/57s/25m/16h, 27d/6mo/2021y] --> Began jumping *Entity[rgb(255-255-255), size(50-50) @ pos(676-622)] with expected peak @ (x:676, y:100)
[PokaPoka @ 623403ms/57s/25m/16h, 27d/6mo/2021y] --> Began jumping *Entity[rgb(109-165-68), size(50-50) @ pos(692-660)] with expected peak @ (x:692, y:100)
[PokaPoka @ 623403ms/57s/25m/16h, 27d/6mo/2021y] --> Began jumping *Entity[rgb(255-255-255), size(50-50) @ pos(676-620)] with expected peak @ (x:676, y:100)
[PokaPoka @ 640431ms/57s/25m/16h, 27d/6mo/2021y] --> Began jumping *Entity[rgb(109-165-68), size(50-50) @ pos(692-652)] with expected peak @ (x:692, y:100)
[PokaPoka @ 640431ms/57s/25m/16h, 27d/6mo/2021y] --> Began jumping *Entity[rgb(255-255-255), size(50-50) @ pos(676-616)] with expected peak @ (x:676, y:100)
[PokaPoka @ 657388ms/57s/25m/16h, 27d/6mo/2021y] --> Began jumping *Entity[rgb(109-165-68), size(50-50) @ pos(692-642)] with expected peak @ (x:692, y:100)
[PokaPoka @ 657388ms/57s/25m/16h, 27d/6mo/2021y] --> Began jumping *Entity[rgb(255-255-255), size(50-50) @ pos(676-610)] with expected peak @ (x:676, y:100)
[PokaPoka @ 674342ms/57s/25m/16h, 27d/6mo/2021y] --> Began jumping *Entity[rgb(109-165-68), size(50-50) @ pos(692-630)] with expected peak @ (x:692, y:100)
[PokaPoka @ 674342ms/57s/25m/16h, 27d/6mo/2021y] --> Began jumping *Entity[rgb(255-255-255), size(50-50) @ pos(673-602)] with expected peak @ (x:673, y:100)
[PokaPoka @ 690256ms/57s/25m/16h, 27d/6mo/2021y] --> Began jumping *Entity[rgb(109-165-68), size(50-50) @ pos(692-616)] with expected peak @ (x:692, y:100)
[PokaPoka @ 690256ms/57s/25m/16h, 27d/6mo/2021y] --> Began jumping *Entity[rgb(255-255-255), size(50-50) @ pos(670-592)] with expected peak @ (x:670, y:100)
[PokaPoka @ 707236ms/57s/25m/16h, 27d/6mo/2021y] --> Began jumping *Entity[rgb(109-165-68), size(50-50) @ pos(692-600)] with expected peak @ (x:692, y:100)
[PokaPoka @ 707236ms/57s/25m/16h, 27d/6mo/2021y] --> Began jumping *Entity[rgb(255-255-255), size(50-50) @ pos(667-580)] with expected peak @ (x:667, y:100)
[PokaPoka @ 724298ms/57s/25m/16h, 27d/6mo/2021y] --> Began jumping *Entity[rgb(109-165-68), size(50-50) @ pos(692-582)] with expected peak @ (x:692, y:100)
[PokaPoka @ 724298ms/57s/25m/16h, 27d/6mo/2021y] --> Began jumping *Entity[rgb(255-255-255), size(50-50) @ pos(664-566)] with expected peak @ (x:664, y:100)
[PokaPoka @ 739631ms/57s/25m/16h, 27d/6mo/2021y] --> Began jumping *Entity[rgb(255-255-255), size(50-50) @ pos(661-550)] with expected peak @ (x:661, y:100)
[PokaPoka @ 756033ms/57s/25m/16h, 27d/6mo/2021y] --> Began jumping *Entity[rgb(255-255-255), size(50-50) @ pos(658-532)] with expected peak @ (x:658, y:100)
[PokaPoka @ 771918ms/57s/25m/16h, 27d/6mo/2021y] --> Began jumping *Entity[rgb(255-255-255), size(50-50) @ pos(655-512)] with expected peak @ (x:655, y:100)
[PokaPoka @ 787484ms/57s/25m/16h, 27d/6mo/2021y] --> Began jumping *Entity[rgb(255-255-255), size(50-50) @ pos(652-490)] with expected peak @ (x:652, y:100)
[PokaPoka @ 803015ms/57s/25m/16h, 27d/6mo/2021y] --> Began jumping *Entity[rgb(255-255-255), size(50-50) @ pos(649-466)] with expected peak @ (x:649, y:100)
[PokaPoka @ 820624ms/57s/25m/16h, 27d/6mo/2021y] --> Began jumping *Entity[rgb(255-255-255), size(50-50) @ pos(646-440)] with expected peak @ (x:646, y:100)
[PokaPoka @ 837186ms/57s/25m/16h, 27d/6mo/2021y] --> Began jumping *Entity[rgb(255-255-255), size(50-50) @ pos(643-412)] with expected peak @ (x:643, y:100)
[PokaPoka @ 131617ms/58s/25m/16h, 27d/6mo/2021y] --> Began jumping *Entity[rgb(109-165-68), size(50-50) @ pos(692-672)] with expected peak @ (x:692, y:100)
[PokaPoka @ 149571ms/58s/25m/16h, 27d/6mo/2021y] --> Began jumping *Entity[rgb(109-165-68), size(50-50) @ pos(692-670)] with expected peak @ (x:692, y:100)
[PokaPoka @ 166525ms/58s/25m/16h, 27d/6mo/2021y] --> Began jumping *Entity[rgb(109-165-68), size(50-50) @ pos(692-666)] with expected peak @ (x:692, y:100)
[PokaPoka @ 183692ms/58s/25m/16h, 27d/6mo/2021y] --> Began jumping *Entity[rgb(109-165-68), size(50-50) @ pos(692-660)] with expected peak @ (x:692, y:100)
[PokaPoka @ 200296ms/58s/25m/16h, 27d/6mo/2021y] --> Began jumping *Entity[rgb(109-165-68), size(50-50) @ pos(692-652)] with expected peak @ (x:692, y:100)
[PokaPoka @ 216036ms/58s/25m/16h, 27d/6mo/2021y] --> Began jumping *Entity[rgb(109-165-68), size(50-50) @ pos(692-642)] with expected peak @ (x:692, y:100)
[PokaPoka @ 233305ms/58s/25m/16h, 27d/6mo/2021y] --> Began jumping *Entity[rgb(109-165-68), size(50-50) @ pos(692-630)] with expected peak @ (x:692, y:100)
[PokaPoka @ 249454ms/58s/25m/16h, 27d/6mo/2021y] --> Began jumping *Entity[rgb(109-165-68), size(50-50) @ pos(692-616)] with expected peak @ (x:692, y:100)
[PokaPoka @ 267434ms/58s/25m/16h, 27d/6mo/2021y] --> Began jumping *Entity[rgb(109-165-68), size(50-50) @ pos(692-600)] with expected peak @ (x:692, y:100)
[PokaPoka @ 284372ms/58s/25m/16h, 27d/6mo/2021y] --> Began jumping *Entity[rgb(109-165-68), size(50-50) @ pos(692-582)] with expected peak @ (x:692, y:100)
[PokaPoka @ 699181ms/58s/25m/16h, 27d/6mo/2021y] --> Began jumping *Entity[rgb(109-165-68), size(50-50) @ pos(692-672)] with expected peak @ (x:692, y:100)
[PokaPoka @ 714744ms/58s/25m/16h, 27d/6mo/2021y] --> Began jumping *Entity[rgb(109-165-68), size(50-50) @ pos(692-670)] with expected peak @ (x:692, y:100)
[PokaPoka @ 731348ms/58s/25m/16h, 27d/6mo/2021y] --> Began jumping *Entity[rgb(109-165-68), size(50-50) @ pos(692-666)] with expected peak @ (x:692, y:100)
[PokaPoka @ 748690ms/58s/25m/16h, 27d/6mo/2021y] --> Began jumping *Entity[rgb(109-165-68), size(50-50) @ pos(692-660)] with expected peak @ (x:692, y:100)
[PokaPoka @ 764710ms/58s/25m/16h, 27d/6mo/2021y] --> Began jumping *Entity[rgb(109-165-68), size(50-50) @ pos(692-652)] with expected peak @ (x:692, y:100)
[PokaPoka @ 781368ms/58s/25m/16h, 27d/6mo/2021y] --> Began jumping *Entity[rgb(109-165-68), size(50-50) @ pos(692-642)] with expected peak @ (x:692, y:100)
[PokaPoka @ 798305ms/58s/25m/16h, 27d/6mo/2021y] --> Began jumping *Entity[rgb(109-165-68), size(50-50) @ pos(692-630)] with expected peak @ (x:692, y:100)
[PokaPoka @ 815235ms/58s/25m/16h, 27d/6mo/2021y] --> Began jumping *Entity[rgb(109-165-68), size(50-50) @ pos(692-616)] with expected peak @ (x:692, y:100)
[PokaPoka @ 831573ms/58s/25m/16h, 27d/6mo/2021y] --> Began jumping *Entity[rgb(109-165-68), size(50-50) @ pos(692-600)] with expected peak @ (x:692, y:100)
[PokaPoka @ 847664ms/58s/25m/16h, 27d/6mo/2021y] --> Began jumping *Entity[rgb(109-165-68), size(50-50) @ pos(692-582)] with expected peak @ (x:692, y:100)
[PokaPoka @ 255211ms/59s/25m/16h, 27d/6mo/2021y] --> Began jumping *Entity[rgb(109-165-68), size(50-50) @ pos(692-672)] with expected peak @ (x:692, y:100)
[PokaPoka @ 272250ms/59s/25m/16h, 27d/6mo/2021y] --> Began jumping *Entity[rgb(109-165-68), size(50-50) @ pos(692-670)] with expected peak @ (x:692, y:100)
[PokaPoka @ 288339ms/59s/25m/16h, 27d/6mo/2021y] --> Began jumping *Entity[rgb(109-165-68), size(50-50) @ pos(692-666)] with expected peak @ (x:692, y:100)
[PokaPoka @ 304567ms/59s/25m/16h, 27d/6mo/2021y] --> Began jumping *Entity[rgb(109-165-68), size(50-50) @ pos(692-660)] with expected peak @ (x:692, y:100)
[PokaPoka @ 321951ms/59s/25m/16h, 27d/6mo/2021y] --> Began jumping *Entity[rgb(109-165-68), size(50-50) @ pos(692-652)] with expected peak @ (x:692, y:100)
[PokaPoka @ 336398ms/59s/25m/16h, 27d/6mo/2021y] --> Began jumping *Entity[rgb(109-165-68), size(50-50) @ pos(692-642)] with expected peak @ (x:692, y:100)
[PokaPoka @ 353027ms/59s/25m/16h, 27d/6mo/2021y] --> Began jumping *Entity[rgb(109-165-68), size(50-50) @ pos(692-630)] with expected peak @ (x:692, y:100)
[PokaPoka @ 369561ms/59s/25m/16h, 27d/6mo/2021y] --> Began jumping *Entity[rgb(109-165-68), size(50-50) @ pos(692-616)] with expected peak @ (x:692, y:100)
[PokaPoka @ 385387ms/59s/25m/16h, 27d/6mo/2021y] --> Began jumping *Entity[rgb(109-165-68), size(50-50) @ pos(692-600)] with expected peak @ (x:692, y:100)
[PokaPoka @ 402281ms/59s/25m/16h, 27d/6mo/2021y] --> Began jumping *Entity[rgb(109-165-68), size(50-50) @ pos(692-582)] with expected peak @ (x:692, y:100)
[PokaPoka @ 896389ms/59s/25m/16h, 27d/6mo/2021y] --> Began jumping *Entity[rgb(109-165-68), size(50-50) @ pos(692-672)] with expected peak @ (x:692, y:100)
[PokaPoka @ 913342ms/59s/25m/16h, 27d/6mo/2021y] --> Began jumping *Entity[rgb(109-165-68), size(50-50) @ pos(692-670)] with expected peak @ (x:692, y:100)
[PokaPoka @ 930004ms/59s/25m/16h, 27d/6mo/2021y] --> Began jumping *Entity[rgb(109-165-68), size(50-50) @ pos(692-666)] with expected peak @ (x:692, y:100)
[PokaPoka @ 946116ms/59s/25m/16h, 27d/6mo/2021y] --> Began jumping *Entity[rgb(109-165-68), size(50-50) @ pos(692-660)] with expected peak @ (x:692, y:100)
[PokaPoka @ 963314ms/59s/25m/16h, 27d/6mo/2021y] --> Began jumping *Entity[rgb(109-165-68), size(50-50) @ pos(692-652)] with expected peak @ (x:692, y:100)
[PokaPoka @ 979174ms/59s/25m/16h, 27d/6mo/2021y] --> Began jumping *Entity[rgb(109-165-68), size(50-50) @ pos(692-642)] with expected peak @ (x:692, y:100)
[PokaPoka @ 995794ms/59s/25m/16h, 27d/6mo/2021y] --> Began jumping *Entity[rgb(109-165-68), size(50-50) @ pos(692-630)] with expected peak @ (x:692, y:100)
[PokaPoka @ 13589ms/0s/26m/16h, 27d/6mo/2021y] --> Began jumping *Entity[rgb(109-165-68), size(50-50) @ pos(692-616)] with expected peak @ (x:692, y:100)
[PokaPoka @ 28547ms/0s/26m/16h, 27d/6mo/2021y] --> Began jumping *Entity[rgb(109-165-68), size(50-50) @ pos(692-600)] with expected peak @ (x:692, y:100)
[PokaPoka @ 44759ms/0s/26m/16h, 27d/6mo/2021y] --> Began jumping *Entity[rgb(109-165-68), size(50-50) @ pos(692-582)] with expected peak @ (x:692, y:100)
[PokaPoka @ 453272ms/0s/26m/16h, 27d/6mo/2021y] --> Began jumping *Entity[rgb(109-165-68), size(50-50) @ pos(692-672)] with expected peak @ (x:692, y:100)
[PokaPoka @ 469636ms/0s/26m/16h, 27d/6mo/2021y] --> Began jumping *Entity[rgb(109-165-68), size(50-50) @ pos(692-670)] with expected peak @ (x:692, y:100)
[PokaPoka @ 486221ms/0s/26m/16h, 27d/6mo/2021y] --> Began jumping *Entity[rgb(109-165-68), size(50-50) @ pos(692-666)] with expected peak @ (x:692, y:100)
[PokaPoka @ 502938ms/0s/26m/16h, 27d/6mo/2021y] --> Began jumping *Entity[rgb(109-165-68), size(50-50) @ pos(692-660)] with expected peak @ (x:692, y:100)
[PokaPoka @ 519674ms/0s/26m/16h, 27d/6mo/2021y] --> Began jumping *Entity[rgb(109-165-68), size(50-50) @ pos(692-652)] with expected peak @ (x:692, y:100)
[PokaPoka @ 536279ms/0s/26m/16h, 27d/6mo/2021y] --> Began jumping *Entity[rgb(109-165-68), size(50-50) @ pos(692-642)] with expected peak @ (x:692, y:100)
[PokaPoka @ 552963ms/0s/26m/16h, 27d/6mo/2021y] --> Began jumping *Entity[rgb(109-165-68), size(50-50) @ pos(692-630)] with expected peak @ (x:692, y:100)
[PokaPoka @ 569488ms/0s/26m/16h, 27d/6mo/2021y] --> Began jumping *Entity[rgb(109-165-68), size(50-50) @ pos(692-616)] with expected peak @ (x:692, y:100)
[PokaPoka @ 586602ms/0s/26m/16h, 27d/6mo/2021y] --> Began jumping *Entity[rgb(109-165-68), size(50-50) @ pos(692-600)] with expected peak @ (x:692, y:100)
[PokaPoka @ 602952ms/0s/26m/16h, 27d/6mo/2021y] --> Began jumping *Entity[rgb(109-165-68), size(50-50) @ pos(692-582)] with expected peak @ (x:692, y:100)
[PokaPoka @ 13280ms/1s/26m/16h, 27d/6mo/2021y] --> Began jumping *Entity[rgb(109-165-68), size(50-50) @ pos(692-672)] with expected peak @ (x:692, y:100)
[PokaPoka @ 30959ms/1s/26m/16h, 27d/6mo/2021y] --> Began jumping *Entity[rgb(109-165-68), size(50-50) @ pos(692-670)] with expected peak @ (x:692, y:100)
[PokaPoka @ 46640ms/1s/26m/16h, 27d/6mo/2021y] --> Began jumping *Entity[rgb(109-165-68), size(50-50) @ pos(692-666)] with expected peak @ (x:692, y:100)
[PokaPoka @ 62489ms/1s/26m/16h, 27d/6mo/2021y] --> Began jumping *Entity[rgb(109-165-68), size(50-50) @ pos(692-660)] with expected peak @ (x:692, y:100)
[PokaPoka @ 79205ms/1s/26m/16h, 27d/6mo/2021y] --> Began jumping *Entity[rgb(109-165-68), size(50-50) @ pos(692-652)] with expected peak @ (x:692, y:100)
[PokaPoka @ 95058ms/1s/26m/16h, 27d/6mo/2021y] --> Began jumping *Entity[rgb(109-165-68), size(50-50) @ pos(692-642)] with expected peak @ (x:692, y:100)
[PokaPoka @ 110924ms/1s/26m/16h, 27d/6mo/2021y] --> Began jumping *Entity[rgb(109-165-68), size(50-50) @ pos(692-630)] with expected peak @ (x:692, y:100)
[PokaPoka @ 127229ms/1s/26m/16h, 27d/6mo/2021y] --> Began jumping *Entity[rgb(109-165-68), size(50-50) @ pos(692-616)] with expected peak @ (x:692, y:100)
[PokaPoka @ 143171ms/1s/26m/16h, 27d/6mo/2021y] --> Began jumping *Entity[rgb(109-165-68), size(50-50) @ pos(692-600)] with expected peak @ (x:692, y:100)
[PokaPoka @ 159129ms/1s/26m/16h, 27d/6mo/2021y] --> Began jumping *Entity[rgb(109-165-68), size(50-50) @ pos(692-582)] with expected peak @ (x:692, y:100)
[PokaPoka @ 289264ms/1s/26m/16h, 27d/6mo/2021y] --> Attempted to QUIT @ Esc key
[PokaPoka @ 289264ms/1s/26m/16h, 27d/6mo/2021y] --> Shutting down (2nd to last) final!
[PokaPoka @ 289264ms/1s/26m/16h, 27d/6mo/2021y] --> Exported game log as PokaPoka_247899_26_25_16_27_6_2021.log