[PokaPoka @ 50877ms/59s/54m/10h, 27d/6mo/2021y] --> Beginning game startup and startup-finish
[PokaPoka @ 727120ms/59s/54m/10h, 27d/6mo/2021y] --> Mouse interacted with hotbar slot(4) --> removed from inventory
[PokaPoka @ 825477ms/1s/55m/10h, 27d/6mo/2021y] --> Began jumping *Entity[rgb(255-255-255), size(50-50) @ pos(447-672)] with expected peak @ (x:447, y:100)
[PokaPoka @ 838470ms/1s/55m/10h, 27d/6mo/2021y] --> Began jumping *Entity[rgb(255-255-255), size(50-50) @ pos(444-672)] with expected peak @ (x:444, y:100)
[PokaPoka @ 852930ms/1s/55m/10h, 27d/6mo/2021y] --> Began jumping *Entity[rgb(255-255-255), size(50-50) @ pos(441-670)] with expected peak @ (x:441, y:100)
[PokaPoka @ 867762ms/1s/55m/10h, 27d/6mo/2021y] --> Began jumping *Entity[rgb(255-255-255), size(50-50) @ pos(438-666)] with expected peak @ (x:438, y:100)
[PokaPoka @ 881724ms/1s/55m/10h, 27d/6mo/2021y] --> Began jumping *Entity[rgb(255-255-255), size(50-50) @ pos(435-660)] with expected peak @ (x:435, y:100)
[PokaPoka @ 894689ms/1s/55m/10h, 27d/6mo/2021y] --> Began jumping *Entity[rgb(255-255-255), size(50-50) @ pos(432-652)] with expected peak @ (x:432, y:100)
[PokaPoka @ 908653ms/1s/55m/10h, 27d/6mo/2021y] --> Began jumping *Entity[rgb(255-255-255), size(50-50) @ pos(429-642)] with expected peak @ (x:429, y:100)
[PokaPoka @ 920647ms/1s/55m/10h, 27d/6mo/2021y] --> Began jumping *Entity[rgb(255-255-255), size(50-50) @ pos(426-630)] with expected peak @ (x:426, y:100)
[PokaPoka @ 935794ms/1s/55m/10h, 27d/6mo/2021y] --> Began jumping *Entity[rgb(255-255-255), size(50-50) @ pos(423-616)] with expected peak @ (x:423, y:100)
[PokaPoka @ 949722ms/1s/55m/10h, 27d/6mo/2021y] --> Began jumping *Entity[rgb(255-255-255), size(50-50) @ pos(420-600)] with expected peak @ (x:420, y:100)
[PokaPoka @ 963686ms/1s/55m/10h, 27d/6mo/2021y] --> Began jumping *Entity[rgb(255-255-255), size(50-50) @ pos(417-582)] with expected peak @ (x:417, y:100)
[PokaPoka @ 976655ms/1s/55m/10h, 27d/6mo/2021y] --> Began jumping *Entity[rgb(255-255-255), size(50-50) @ pos(414-562)] with expected peak @ (x:414, y:100)
[PokaPoka @ 991622ms/1s/55m/10h, 27d/6mo/2021y] --> Began jumping *Entity[rgb(255-255-255), size(50-50) @ pos(411-540)] with expected peak @ (x:411, y:100)
[PokaPoka @ 4574ms/2s/55m/10h, 27d/6mo/2021y] --> Began jumping *Entity[rgb(255-255-255), size(50-50) @ pos(408-516)] with expected peak @ (x:408, y:100)
[PokaPoka @ 19564ms/2s/55m/10h, 27d/6mo/2021y] --> Began jumping *Entity[rgb(255-255-255), size(50-50) @ pos(405-490)] with expected peak @ (x:405, y:100)
[PokaPoka @ 33298ms/2s/55m/10h, 27d/6mo/2021y] --> Began jumping *Entity[rgb(255-255-255), size(50-50) @ pos(402-462)] with expected peak @ (x:402, y:100)
[PokaPoka @ 46236ms/2s/55m/10h, 27d/6mo/2021y] --> Began jumping *Entity[rgb(255-255-255), size(50-50) @ pos(399-432)] with expected peak @ (x:399, y:100)
[PokaPoka @ 59199ms/2s/55m/10h, 27d/6mo/2021y] --> Began jumping *Entity[rgb(255-255-255), size(50-50) @ pos(396-400)] with expected peak @ (x:396, y:100)
[PokaPoka @ 73163ms/2s/55m/10h, 27d/6mo/2021y] --> Began jumping *Entity[rgb(255-255-255), size(50-50) @ pos(393-366)] with expected peak @ (x:393, y:100)
[PokaPoka @ 86661ms/2s/55m/10h, 27d/6mo/2021y] --> Began jumping *Entity[rgb(255-255-255), size(50-50) @ pos(390-330)] with expected peak @ (x:390, y:100)
[PokaPoka @ 100623ms/2s/55m/10h, 27d/6mo/2021y] --> Began jumping *Entity[rgb(255-255-255), size(50-50) @ pos(387-292)] with expected peak @ (x:387, y:100)
[PokaPoka @ 115583ms/2s/55m/10h, 27d/6mo/2021y] --> Began jumping *Entity[rgb(255-255-255), size(50-50) @ pos(384-252)] with expected peak @ (x:384, y:100)
[PokaPoka @ 128554ms/2s/55m/10h, 27d/6mo/2021y] --> Began jumping *Entity[rgb(255-255-255), size(50-50) @ pos(381-210)] with expected peak @ (x:381, y:100)
[PokaPoka @ 141516ms/2s/55m/10h, 27d/6mo/2021y] --> Began jumping *Entity[rgb(255-255-255), size(50-50) @ pos(378-166)] with expected peak @ (x:378, y:100)
[PokaPoka @ 154484ms/2s/55m/10h, 27d/6mo/2021y] --> Began jumping *Entity[rgb(255-255-255), size(50-50) @ pos(375-120)] with expected peak @ (x:375, y:100)
[PokaPoka @ 169438ms/2s/55m/10h, 27d/6mo/2021y] --> Began jumping *Entity[rgb(255-255-255), size(50-50) @ pos(372-72)] with expected peak @ (x:372, y:100)
[PokaPoka @ 184402ms/2s/55m/10h, 27d/6mo/2021y] --> Began jumping *Entity[rgb(255-255-255), size(50-50) @ pos(369-22)] with expected peak @ (x:369, y:100)
[PokaPoka @ 286634ms/3s/55m/10h, 27d/6mo/2021y] --> Began jumping *Entity[rgb(255-255-255), size(50-50) @ pos(438-718)] with expected peak @ (x:438, y:100)
[PokaPoka @ 299678ms/3s/55m/10h, 27d/6mo/2021y] --> Began jumping *Entity[rgb(255-255-255), size(50-50) @ pos(435-718)] with expected peak @ (x:435, y:100)
[PokaPoka @ 313827ms/3s/55m/10h, 27d/6mo/2021y] --> Began jumping *Entity[rgb(255-255-255), size(50-50) @ pos(432-716)] with expected peak @ (x:432, y:100)
[PokaPoka @ 327791ms/3s/55m/10h, 27d/6mo/2021y] --> Began jumping *Entity[rgb(255-255-255), size(50-50) @ pos(429-712)] with expected peak @ (x:429, y:100)
[PokaPoka @ 341754ms/3s/55m/10h, 27d/6mo/2021y] --> Began jumping *Entity[rgb(255-255-255), size(50-50) @ pos(426-706)] with expected peak @ (x:426, y:100)
[PokaPoka @ 353720ms/3s/55m/10h, 27d/6mo/2021y] --> Began jumping *Entity[rgb(255-255-255), size(50-50) @ pos(423-698)] with expected peak @ (x:423, y:100)
[PokaPoka @ 369106ms/3s/55m/10h, 27d/6mo/2021y] --> Began jumping *Entity[rgb(255-255-255), size(50-50) @ pos(420-688)] with expected peak @ (x:420, y:100)
[PokaPoka @ 383339ms/3s/55m/10h, 27d/6mo/2021y] --> Began jumping *Entity[rgb(255-255-255), size(50-50) @ pos(417-676)] with expected peak @ (x:417, y:100)
[PokaPoka @ 396308ms/3s/55m/10h, 27d/6mo/2021y] --> Began jumping *Entity[rgb(255-255-255), size(50-50) @ pos(414-662)] with expected peak @ (x:414, y:100)
[PokaPoka @ 409275ms/3s/55m/10h, 27d/6mo/2021y] --> Began jumping *Entity[rgb(255-255-255), size(50-50) @ pos(411-646)] with expected peak @ (x:411, y:100)
[PokaPoka @ 422239ms/3s/55m/10h, 27d/6mo/2021y] --> Began jumping *Entity[rgb(255-255-255), size(50-50) @ pos(408-628)] with expected peak @ (x:408, y:100)
[PokaPoka @ 438164ms/3s/55m/10h, 27d/6mo/2021y] --> Began jumping *Entity[rgb(255-255-255), size(50-50) @ pos(408-608)] with expected peak @ (x:408, y:100)
[PokaPoka @ 452289ms/3s/55m/10h, 27d/6mo/2021y] --> Began jumping *Entity[rgb(255-255-255), size(50-50) @ pos(408-586)] with expected peak @ (x:408, y:100)
[PokaPoka @ 466543ms/3s/55m/10h, 27d/6mo/2021y] --> Began jumping *Entity[rgb(255-255-255), size(50-50) @ pos(408-562)] with expected peak @ (x:408, y:100)
[PokaPoka @ 479508ms/3s/55m/10h, 27d/6mo/2021y] --> Began jumping *Entity[rgb(255-255-255), size(50-50) @ pos(408-536)] with expected peak @ (x:408, y:100)
[PokaPoka @ 122146ms/4s/55m/10h, 27d/6mo/2021y] --> Began jumping *Entity[rgb(255-255-255), size(50-50) @ pos(435-508)] with expected peak @ (x:435, y:100)
[PokaPoka @ 137104ms/4s/55m/10h, 27d/6mo/2021y] --> Began jumping *Entity[rgb(255-255-255), size(50-50) @ pos(438-508)] with expected peak @ (x:438, y:100)
[PokaPoka @ 151383ms/4s/55m/10h, 27d/6mo/2021y] --> Began jumping *Entity[rgb(255-255-255), size(50-50) @ pos(441-506)] with expected peak @ (x:441, y:100)
[PokaPoka @ 166348ms/4s/55m/10h, 27d/6mo/2021y] --> Began jumping *Entity[rgb(255-255-255), size(50-50) @ pos(444-502)] with expected peak @ (x:444, y:100)
[PokaPoka @ 179284ms/4s/55m/10h, 27d/6mo/2021y] --> Began jumping *Entity[rgb(255-255-255), size(50-50) @ pos(447-496)] with expected peak @ (x:447, y:100)
[PokaPoka @ 192246ms/4s/55m/10h, 27d/6mo/2021y] --> Began jumping *Entity[rgb(255-255-255), size(50-50) @ pos(450-488)] with expected peak @ (x:450, y:100)
[PokaPoka @ 206206ms/4s/55m/10h, 27d/6mo/2021y] --> Began jumping *Entity[rgb(255-255-255), size(50-50) @ pos(453-478)] with expected peak @ (x:453, y:100)
[PokaPoka @ 221168ms/4s/55m/10h, 27d/6mo/2021y] --> Began jumping *Entity[rgb(255-255-255), size(50-50) @ pos(456-466)] with expected peak @ (x:456, y:100)
[PokaPoka @ 236161ms/4s/55m/10h, 27d/6mo/2021y] --> Began jumping *Entity[rgb(255-255-255), size(50-50) @ pos(459-452)] with expected peak @ (x:459, y:100)
[PokaPoka @ 249668ms/4s/55m/10h, 27d/6mo/2021y] --> Began jumping *Entity[rgb(255-255-255), size(50-50) @ pos(462-436)] with expected peak @ (x:462, y:100)
[PokaPoka @ 264631ms/4s/55m/10h, 27d/6mo/2021y] --> Began jumping *Entity[rgb(255-255-255), size(50-50) @ pos(465-418)] with expected peak @ (x:465, y:100)
[PokaPoka @ 277598ms/4s/55m/10h, 27d/6mo/2021y] --> Began jumping *Entity[rgb(255-255-255), size(50-50) @ pos(468-398)] with expected peak @ (x:468, y:100)
[PokaPoka @ 291567ms/4s/55m/10h, 27d/6mo/2021y] --> Began jumping *Entity[rgb(255-255-255), size(50-50) @ pos(471-376)] with expected peak @ (x:471, y:100)
[PokaPoka @ 304522ms/4s/55m/10h, 27d/6mo/2021y] --> Began jumping *Entity[rgb(255-255-255), size(50-50) @ pos(474-352)] with expected peak @ (x:474, y:100)
[PokaPoka @ 696168ms/5s/55m/10h, 27d/6mo/2021y] --> Began jumping *Entity[rgb(255-255-255), size(50-50) @ pos(552-326)] with expected peak @ (x:552, y:100)
[PokaPoka @ 711131ms/5s/55m/10h, 27d/6mo/2021y] --> Began jumping *Entity[rgb(255-255-255), size(50-50) @ pos(549-326)] with expected peak @ (x:549, y:100)
[PokaPoka @ 725096ms/5s/55m/10h, 27d/6mo/2021y] --> Began jumping *Entity[rgb(255-255-255), size(50-50) @ pos(546-324)] with expected peak @ (x:546, y:100)
[PokaPoka @ 739081ms/5s/55m/10h, 27d/6mo/2021y] --> Began jumping *Entity[rgb(255-255-255), size(50-50) @ pos(546-320)] with expected peak @ (x:546, y:100)
[PokaPoka @ 758977ms/5s/55m/10h, 27d/6mo/2021y] --> Began jumping *Entity[rgb(255-255-255), size(50-50) @ pos(546-314)] with expected peak @ (x:546, y:100)
[PokaPoka @ 771941ms/5s/55m/10h, 27d/6mo/2021y] --> Began jumping *Entity[rgb(255-255-255), size(50-50) @ pos(546-306)] with expected peak @ (x:546, y:100)
[PokaPoka @ 787899ms/5s/55m/10h, 27d/6mo/2021y] --> Began jumping *Entity[rgb(255-255-255), size(50-50) @ pos(546-296)] with expected peak @ (x:546, y:100)
[PokaPoka @ 802936ms/5s/55m/10h, 27d/6mo/2021y] --> Began jumping *Entity[rgb(255-255-255), size(50-50) @ pos(546-284)] with expected peak @ (x:546, y:100)
[PokaPoka @ 817818ms/5s/55m/10h, 27d/6mo/2021y] --> Began jumping *Entity[rgb(255-255-255), size(50-50) @ pos(546-270)] with expected peak @ (x:546, y:100)
[PokaPoka @ 831641ms/5s/55m/10h, 27d/6mo/2021y] --> Began jumping *Entity[rgb(255-255-255), size(50-50) @ pos(546-254)] with expected peak @ (x:546, y:100)
[PokaPoka @ 845606ms/5s/55m/10h, 27d/6mo/2021y] --> Began jumping *Entity[rgb(255-255-255), size(50-50) @ pos(546-236)] with expected peak @ (x:546, y:100)
[PokaPoka @ 858571ms/5s/55m/10h, 27d/6mo/2021y] --> Began jumping *Entity[rgb(255-255-255), size(50-50) @ pos(546-216)] with expected peak @ (x:546, y:100)
[PokaPoka @ 650447ms/6s/55m/10h, 27d/6mo/2021y] --> Attempted to QUIT @ Esc key
[PokaPoka @ 650447ms/6s/55m/10h, 27d/6mo/2021y] --> Shutting down (2nd to last) final!
[PokaPoka @ 650447ms/6s/55m/10h, 27d/6mo/2021y] --> Exported game log