[PokaPoka @ 290501ms/12s/30m/23h, 27d/6mo/2021y] --> Beginning game startup and startup-finish
[PokaPoka @ 902717ms/12s/30m/23h, 27d/6mo/2021y] --> Began jumping *Entity[rgb(255-255-255), size(50-50) @ pos(486.0-668)] with expected peak @ (x:486.0, y:100)
[PokaPoka @ 918147ms/12s/30m/23h, 27d/6mo/2021y] --> Began jumping *Entity[rgb(255-255-255), size(50-50) @ pos(483.0-668)] with expected peak @ (x:483.0, y:100)
[PokaPoka @ 935010ms/12s/30m/23h, 27d/6mo/2021y] --> Began jumping *Entity[rgb(255-255-255), size(50-50) @ pos(480.0-666)] with expected peak @ (x:480.0, y:100)
[PokaPoka @ 951689ms/12s/30m/23h, 27d/6mo/2021y] --> Began jumping *Entity[rgb(255-255-255), size(50-50) @ pos(477.0-662)] with expected peak @ (x:477.0, y:100)
[PokaPoka @ 970522ms/12s/30m/23h, 27d/6mo/2021y] --> Began jumping *Entity[rgb(255-255-255), size(50-50) @ pos(474.0-656)] with expected peak @ (x:474.0, y:100)
[PokaPoka @ 987475ms/12s/30m/23h, 27d/6mo/2021y] --> Began jumping *Entity[rgb(255-255-255), size(50-50) @ pos(471.0-648)] with expected peak @ (x:471.0, y:100)
[PokaPoka @ 2433ms/13s/30m/23h, 27d/6mo/2021y] --> Began jumping *Entity[rgb(255-255-255), size(50-50) @ pos(468.0-638)] with expected peak @ (x:468.0, y:100)
[PokaPoka @ 18639ms/13s/30m/23h, 27d/6mo/2021y] --> Began jumping *Entity[rgb(255-255-255), size(50-50) @ pos(465.0-626)] with expected peak @ (x:465.0, y:100)
[PokaPoka @ 35247ms/13s/30m/23h, 27d/6mo/2021y] --> Began jumping *Entity[rgb(255-255-255), size(50-50) @ pos(462.0-612)] with expected peak @ (x:462.0, y:100)
[PokaPoka @ 52496ms/13s/30m/23h, 27d/6mo/2021y] --> Began jumping *Entity[rgb(255-255-255), size(50-50) @ pos(459.0-596)] with expected peak @ (x:459.0, y:100)
[PokaPoka @ 67582ms/13s/30m/23h, 27d/6mo/2021y] --> Began jumping *Entity[rgb(255-255-255), size(50-50) @ pos(456.0-578)] with expected peak @ (x:456.0, y:100)
[PokaPoka @ 742769ms/13s/30m/23h, 27d/6mo/2021y] --> Began jumping *Entity[rgb(255-255-255), size(50-50) @ pos(218.0-665)] with expected peak @ (x:218.0, y:100)
[PokaPoka @ 762714ms/13s/30m/23h, 27d/6mo/2021y] --> Began jumping *Entity[rgb(255-255-255), size(50-50) @ pos(215.0-660)] with expected peak @ (x:215.0, y:100)
[PokaPoka @ 784694ms/13s/30m/23h, 27d/6mo/2021y] --> Began jumping *Entity[rgb(255-255-255), size(50-50) @ pos(212.0-653)] with expected peak @ (x:212.0, y:100)
[PokaPoka @ 804639ms/13s/30m/23h, 27d/6mo/2021y] --> Began jumping *Entity[rgb(255-255-255), size(50-50) @ pos(209.0-644)] with expected peak @ (x:209.0, y:100)
[PokaPoka @ 825546ms/13s/30m/23h, 27d/6mo/2021y] --> Began jumping *Entity[rgb(255-255-255), size(50-50) @ pos(206.0-633)] with expected peak @ (x:206.0, y:100)
[PokaPoka @ 850482ms/13s/30m/23h, 27d/6mo/2021y] --> Began jumping *Entity[rgb(255-255-255), size(50-50) @ pos(203.0-620)] with expected peak @ (x:203.0, y:100)
[PokaPoka @ 870934ms/13s/30m/23h, 27d/6mo/2021y] --> Began jumping *Entity[rgb(255-255-255), size(50-50) @ pos(200.0-605)] with expected peak @ (x:200.0, y:100)
[PokaPoka @ 891913ms/13s/30m/23h, 27d/6mo/2021y] --> Began jumping *Entity[rgb(255-255-255), size(50-50) @ pos(197.0-588)] with expected peak @ (x:197.0, y:100)
[PokaPoka @ 596674ms/15s/30m/23h, 27d/6mo/2021y] --> Began jumping *Entity[rgb(255-255-255), size(50-50) @ pos(212.0-668)] with expected peak @ (x:212.0, y:100)
[PokaPoka @ 615595ms/15s/30m/23h, 27d/6mo/2021y] --> Began jumping *Entity[rgb(255-255-255), size(50-50) @ pos(209.0-668)] with expected peak @ (x:209.0, y:100)
[PokaPoka @ 633575ms/15s/30m/23h, 27d/6mo/2021y] --> Began jumping *Entity[rgb(255-255-255), size(50-50) @ pos(206.0-666)] with expected peak @ (x:206.0, y:100)
[PokaPoka @ 651527ms/15s/30m/23h, 27d/6mo/2021y] --> Began jumping *Entity[rgb(255-255-255), size(50-50) @ pos(203.0-662)] with expected peak @ (x:203.0, y:100)
[PokaPoka @ 671475ms/15s/30m/23h, 27d/6mo/2021y] --> Began jumping *Entity[rgb(255-255-255), size(50-50) @ pos(200.0-656)] with expected peak @ (x:200.0, y:100)
[PokaPoka @ 689998ms/15s/30m/23h, 27d/6mo/2021y] --> Began jumping *Entity[rgb(255-255-255), size(50-50) @ pos(197.0-648)] with expected peak @ (x:197.0, y:100)
[PokaPoka @ 707945ms/15s/30m/23h, 27d/6mo/2021y] --> Began jumping *Entity[rgb(255-255-255), size(50-50) @ pos(194.0-638)] with expected peak @ (x:194.0, y:100)
[PokaPoka @ 725905ms/15s/30m/23h, 27d/6mo/2021y] --> Began jumping *Entity[rgb(255-255-255), size(50-50) @ pos(191.0-626)] with expected peak @ (x:191.0, y:100)
[PokaPoka @ 744818ms/15s/30m/23h, 27d/6mo/2021y] --> Began jumping *Entity[rgb(255-255-255), size(50-50) @ pos(188.0-612)] with expected peak @ (x:188.0, y:100)
[PokaPoka @ 761771ms/15s/30m/23h, 27d/6mo/2021y] --> Began jumping *Entity[rgb(255-255-255), size(50-50) @ pos(185.0-596)] with expected peak @ (x:185.0, y:100)
[PokaPoka @ 779641ms/15s/30m/23h, 27d/6mo/2021y] --> Began jumping *Entity[rgb(255-255-255), size(50-50) @ pos(182.0-578)] with expected peak @ (x:182.0, y:100)
[PokaPoka @ 866954ms/22s/30m/23h, 27d/6mo/2021y] --> Began jumping *Entity[rgb(255-255-255), size(50-50) @ pos(669.0-668)] with expected peak @ (x:669.0, y:100)
[PokaPoka @ 880882ms/22s/30m/23h, 27d/6mo/2021y] --> Began jumping *Entity[rgb(255-255-255), size(50-50) @ pos(669.0-668)] with expected peak @ (x:669.0, y:100)
[PokaPoka @ 899834ms/22s/30m/23h, 27d/6mo/2021y] --> Began jumping *Entity[rgb(255-255-255), size(50-50) @ pos(669.0-666)] with expected peak @ (x:669.0, y:100)
[PokaPoka @ 915792ms/22s/30m/23h, 27d/6mo/2021y] --> Began jumping *Entity[rgb(255-255-255), size(50-50) @ pos(669.0-662)] with expected peak @ (x:669.0, y:100)
[PokaPoka @ 932746ms/22s/30m/23h, 27d/6mo/2021y] --> Began jumping *Entity[rgb(255-255-255), size(50-50) @ pos(669.0-656)] with expected peak @ (x:669.0, y:100)
[PokaPoka @ 948706ms/22s/30m/23h, 27d/6mo/2021y] --> Began jumping *Entity[rgb(255-255-255), size(50-50) @ pos(669.0-648)] with expected peak @ (x:669.0, y:100)
[PokaPoka @ 967652ms/22s/30m/23h, 27d/6mo/2021y] --> Began jumping *Entity[rgb(255-255-255), size(50-50) @ pos(669.0-638)] with expected peak @ (x:669.0, y:100)
[PokaPoka @ 987612ms/22s/30m/23h, 27d/6mo/2021y] --> Began jumping *Entity[rgb(255-255-255), size(50-50) @ pos(669.0-626)] with expected peak @ (x:669.0, y:100)
[PokaPoka @ 2559ms/23s/30m/23h, 27d/6mo/2021y] --> Began jumping *Entity[rgb(255-255-255), size(50-50) @ pos(669.0-612)] with expected peak @ (x:669.0, y:100)
[PokaPoka @ 21028ms/23s/30m/23h, 27d/6mo/2021y] --> Began jumping *Entity[rgb(255-255-255), size(50-50) @ pos(669.0-596)] with expected peak @ (x:669.0, y:100)
[PokaPoka @ 37981ms/23s/30m/23h, 27d/6mo/2021y] --> Began jumping *Entity[rgb(255-255-255), size(50-50) @ pos(669.0-578)] with expected peak @ (x:669.0, y:100)
[PokaPoka @ 57926ms/23s/30m/23h, 27d/6mo/2021y] --> Began jumping *Entity[rgb(255-255-255), size(50-50) @ pos(669.0-558)] with expected peak @ (x:669.0, y:100)
[PokaPoka @ 79869ms/23s/30m/23h, 27d/6mo/2021y] --> Began jumping *Entity[rgb(255-255-255), size(50-50) @ pos(669.0-536)] with expected peak @ (x:669.0, y:100)
[PokaPoka @ 256377ms/25s/30m/23h, 27d/6mo/2021y] --> Began jumping *Entity[rgb(255-255-255), size(50-50) @ pos(696.0-618)] with expected peak @ (x:696.0, y:100)
[PokaPoka @ 274294ms/25s/30m/23h, 27d/6mo/2021y] --> Began jumping *Entity[rgb(255-255-255), size(50-50) @ pos(696.0-618)] with expected peak @ (x:696.0, y:100)
[PokaPoka @ 293278ms/25s/30m/23h, 27d/6mo/2021y] --> Began jumping *Entity[rgb(255-255-255), size(50-50) @ pos(696.0-616)] with expected peak @ (x:696.0, y:100)
[PokaPoka @ 312227ms/25s/30m/23h, 27d/6mo/2021y] --> Began jumping *Entity[rgb(255-255-255), size(50-50) @ pos(696.0-612)] with expected peak @ (x:696.0, y:100)
[PokaPoka @ 330144ms/25s/30m/23h, 27d/6mo/2021y] --> Began jumping *Entity[rgb(255-255-255), size(50-50) @ pos(696.0-606)] with expected peak @ (x:696.0, y:100)
[PokaPoka @ 350130ms/25s/30m/23h, 27d/6mo/2021y] --> Began jumping *Entity[rgb(255-255-255), size(50-50) @ pos(696.0-598)] with expected peak @ (x:696.0, y:100)
[PokaPoka @ 368077ms/25s/30m/23h, 27d/6mo/2021y] --> Began jumping *Entity[rgb(255-255-255), size(50-50) @ pos(696.0-588)] with expected peak @ (x:696.0, y:100)
[PokaPoka @ 386994ms/25s/30m/23h, 27d/6mo/2021y] --> Began jumping *Entity[rgb(255-255-255), size(50-50) @ pos(696.0-576)] with expected peak @ (x:696.0, y:100)
[PokaPoka @ 405977ms/25s/30m/23h, 27d/6mo/2021y] --> Began jumping *Entity[rgb(255-255-255), size(50-50) @ pos(696.0-562)] with expected peak @ (x:696.0, y:100)
[PokaPoka @ 424927ms/25s/30m/23h, 27d/6mo/2021y] --> Began jumping *Entity[rgb(255-255-255), size(50-50) @ pos(696.0-546)] with expected peak @ (x:696.0, y:100)
[PokaPoka @ 441881ms/25s/30m/23h, 27d/6mo/2021y] --> Began jumping *Entity[rgb(255-255-255), size(50-50) @ pos(696.0-528)] with expected peak @ (x:696.0, y:100)
[PokaPoka @ 476719ms/29s/30m/23h, 27d/6mo/2021y] --> Began jumping *Entity[rgb(255-255-255), size(50-50) @ pos(645.0-618)] with expected peak @ (x:645.0, y:100)
[PokaPoka @ 493674ms/29s/30m/23h, 27d/6mo/2021y] --> Began jumping *Entity[rgb(255-255-255), size(50-50) @ pos(642.0-618)] with expected peak @ (x:642.0, y:100)
[PokaPoka @ 512622ms/29s/30m/23h, 27d/6mo/2021y] --> Began jumping *Entity[rgb(255-255-255), size(50-50) @ pos(639.0-616)] with expected peak @ (x:639.0, y:100)
[PokaPoka @ 531579ms/29s/30m/23h, 27d/6mo/2021y] --> Began jumping *Entity[rgb(255-255-255), size(50-50) @ pos(636.0-612)] with expected peak @ (x:636.0, y:100)
[PokaPoka @ 554517ms/29s/30m/23h, 27d/6mo/2021y] --> Began jumping *Entity[rgb(255-255-255), size(50-50) @ pos(633.0-606)] with expected peak @ (x:633.0, y:100)
[PokaPoka @ 573460ms/29s/30m/23h, 27d/6mo/2021y] --> Began jumping *Entity[rgb(255-255-255), size(50-50) @ pos(630.0-598)] with expected peak @ (x:630.0, y:100)
[PokaPoka @ 593406ms/29s/30m/23h, 27d/6mo/2021y] --> Began jumping *Entity[rgb(255-255-255), size(50-50) @ pos(627.0-588)] with expected peak @ (x:627.0, y:100)
[PokaPoka @ 611358ms/29s/30m/23h, 27d/6mo/2021y] --> Began jumping *Entity[rgb(255-255-255), size(50-50) @ pos(624.0-576)] with expected peak @ (x:624.0, y:100)
[PokaPoka @ 628313ms/29s/30m/23h, 27d/6mo/2021y] --> Began jumping *Entity[rgb(255-255-255), size(50-50) @ pos(621.0-562)] with expected peak @ (x:621.0, y:100)
[PokaPoka @ 649258ms/29s/30m/23h, 27d/6mo/2021y] --> Began jumping *Entity[rgb(255-255-255), size(50-50) @ pos(618.0-546)] with expected peak @ (x:618.0, y:100)
[PokaPoka @ 667244ms/29s/30m/23h, 27d/6mo/2021y] --> Began jumping *Entity[rgb(255-255-255), size(50-50) @ pos(610.0-523)] with expected peak @ (x:610.0, y:100)
[PokaPoka @ 989566ms/33s/30m/23h, 27d/6mo/2021y] --> Began jumping *Entity[rgb(255-255-255), size(50-50) @ pos(636.0-668)] with expected peak @ (x:636.0, y:100)
[PokaPoka @ 3256ms/34s/30m/23h, 27d/6mo/2021y] --> Began jumping *Entity[rgb(255-255-255), size(50-50) @ pos(639.0-668)] with expected peak @ (x:639.0, y:100)
[PokaPoka @ 19927ms/34s/30m/23h, 27d/6mo/2021y] --> Began jumping *Entity[rgb(255-255-255), size(50-50) @ pos(642.0-666)] with expected peak @ (x:642.0, y:100)
[PokaPoka @ 38626ms/34s/30m/23h, 27d/6mo/2021y] --> Began jumping *Entity[rgb(255-255-255), size(50-50) @ pos(645.0-662)] with expected peak @ (x:645.0, y:100)
[PokaPoka @ 53293ms/34s/30m/23h, 27d/6mo/2021y] --> Began jumping *Entity[rgb(255-255-255), size(50-50) @ pos(648.0-656)] with expected peak @ (x:648.0, y:100)
[PokaPoka @ 70877ms/34s/30m/23h, 27d/6mo/2021y] --> Began jumping *Entity[rgb(255-255-255), size(50-50) @ pos(651.0-648)] with expected peak @ (x:651.0, y:100)
[PokaPoka @ 90592ms/34s/30m/23h, 27d/6mo/2021y] --> Began jumping *Entity[rgb(255-255-255), size(50-50) @ pos(654.0-638)] with expected peak @ (x:654.0, y:100)
[PokaPoka @ 106543ms/34s/30m/23h, 27d/6mo/2021y] --> Began jumping *Entity[rgb(255-255-255), size(50-50) @ pos(654.0-626)] with expected peak @ (x:654.0, y:100)
[PokaPoka @ 125529ms/34s/30m/23h, 27d/6mo/2021y] --> Began jumping *Entity[rgb(255-255-255), size(50-50) @ pos(657.0-612)] with expected peak @ (x:657.0, y:100)
[PokaPoka @ 140491ms/34s/30m/23h, 27d/6mo/2021y] --> Began jumping *Entity[rgb(255-255-255), size(50-50) @ pos(660.0-596)] with expected peak @ (x:660.0, y:100)
[PokaPoka @ 154419ms/34s/30m/23h, 27d/6mo/2021y] --> Began jumping *Entity[rgb(255-255-255), size(50-50) @ pos(660.0-578)] with expected peak @ (x:660.0, y:100)
[PokaPoka @ 720899ms/44s/30m/23h, 27d/6mo/2021y] --> Began jumping *Entity[rgb(255-255-255), size(50-50) @ pos(648.0-618)] with expected peak @ (x:648.0, y:100)
[PokaPoka @ 739880ms/44s/30m/23h, 27d/6mo/2021y] --> Began jumping *Entity[rgb(255-255-255), size(50-50) @ pos(645.0-618)] with expected peak @ (x:645.0, y:100)
[PokaPoka @ 758832ms/44s/30m/23h, 27d/6mo/2021y] --> Began jumping *Entity[rgb(255-255-255), size(50-50) @ pos(642.0-616)] with expected peak @ (x:642.0, y:100)
[PokaPoka @ 777782ms/44s/30m/23h, 27d/6mo/2021y] --> Began jumping *Entity[rgb(255-255-255), size(50-50) @ pos(639.0-612)] with expected peak @ (x:639.0, y:100)
[PokaPoka @ 800687ms/44s/30m/23h, 27d/6mo/2021y] --> Began jumping *Entity[rgb(255-255-255), size(50-50) @ pos(636.0-606)] with expected peak @ (x:636.0, y:100)
[PokaPoka @ 818684ms/44s/30m/23h, 27d/6mo/2021y] --> Began jumping *Entity[rgb(255-255-255), size(50-50) @ pos(633.0-598)] with expected peak @ (x:633.0, y:100)
[PokaPoka @ 837619ms/44s/30m/23h, 27d/6mo/2021y] --> Began jumping *Entity[rgb(255-255-255), size(50-50) @ pos(630.0-588)] with expected peak @ (x:630.0, y:100)
[PokaPoka @ 857571ms/44s/30m/23h, 27d/6mo/2021y] --> Began jumping *Entity[rgb(255-255-255), size(50-50) @ pos(627.0-576)] with expected peak @ (x:627.0, y:100)
[PokaPoka @ 875489ms/44s/30m/23h, 27d/6mo/2021y] --> Began jumping *Entity[rgb(255-255-255), size(50-50) @ pos(624.0-562)] with expected peak @ (x:624.0, y:100)
[PokaPoka @ 895463ms/44s/30m/23h, 27d/6mo/2021y] --> Began jumping *Entity[rgb(255-255-255), size(50-50) @ pos(621.0-546)] with expected peak @ (x:621.0, y:100)
[PokaPoka @ 913414ms/44s/30m/23h, 27d/6mo/2021y] --> Began jumping *Entity[rgb(255-255-255), size(50-50) @ pos(613.0-523)] with expected peak @ (x:613.0, y:100)
[PokaPoka @ 822039ms/45s/30m/23h, 27d/6mo/2021y] --> Began jumping *Entity[rgb(255-255-255), size(50-50) @ pos(277.0-673)] with expected peak @ (x:277.0, y:100)
[PokaPoka @ 841985ms/45s/30m/23h, 27d/6mo/2021y] --> Began jumping *Entity[rgb(255-255-255), size(50-50) @ pos(269.0-668)] with expected peak @ (x:269.0, y:100)
[PokaPoka @ 864931ms/45s/30m/23h, 27d/6mo/2021y] --> Began jumping *Entity[rgb(255-255-255), size(50-50) @ pos(261.0-661)] with expected peak @ (x:261.0, y:100)
[PokaPoka @ 885869ms/45s/30m/23h, 27d/6mo/2021y] --> Began jumping *Entity[rgb(255-255-255), size(50-50) @ pos(253.0-652)] with expected peak @ (x:253.0, y:100)
[PokaPoka @ 906849ms/45s/30m/23h, 27d/6mo/2021y] --> Began jumping *Entity[rgb(255-255-255), size(50-50) @ pos(245.0-641)] with expected peak @ (x:245.0, y:100)
[PokaPoka @ 928753ms/45s/30m/23h, 27d/6mo/2021y] --> Began jumping *Entity[rgb(255-255-255), size(50-50) @ pos(237.0-628)] with expected peak @ (x:237.0, y:100)
[PokaPoka @ 952691ms/45s/30m/23h, 27d/6mo/2021y] --> Began jumping *Entity[rgb(255-255-255), size(50-50) @ pos(234.0-613)] with expected peak @ (x:234.0, y:100)
[PokaPoka @ 974631ms/45s/30m/23h, 27d/6mo/2021y] --> Began jumping *Entity[rgb(255-255-255), size(50-50) @ pos(231.0-596)] with expected peak @ (x:231.0, y:100)
[PokaPoka @ 998569ms/45s/30m/23h, 27d/6mo/2021y] --> Began jumping *Entity[rgb(255-255-255), size(50-50) @ pos(228.0-577)] with expected peak @ (x:228.0, y:100)
[PokaPoka @ 126730ms/52s/30m/23h, 27d/6mo/2021y] --> Began jumping *Entity[rgb(255-255-255), size(50-50) @ pos(687.0-668)] with expected peak @ (x:687.0, y:100)
[PokaPoka @ 144516ms/52s/30m/23h, 27d/6mo/2021y] --> Began jumping *Entity[rgb(255-255-255), size(50-50) @ pos(687.0-668)] with expected peak @ (x:687.0, y:100)
[PokaPoka @ 160101ms/52s/30m/23h, 27d/6mo/2021y] --> Began jumping *Entity[rgb(255-255-255), size(50-50) @ pos(687.0-666)] with expected peak @ (x:687.0, y:100)
[PokaPoka @ 176670ms/52s/30m/23h, 27d/6mo/2021y] --> Began jumping *Entity[rgb(255-255-255), size(50-50) @ pos(687.0-662)] with expected peak @ (x:687.0, y:100)
[PokaPoka @ 191384ms/52s/30m/23h, 27d/6mo/2021y] --> Began jumping *Entity[rgb(255-255-255), size(50-50) @ pos(687.0-656)] with expected peak @ (x:687.0, y:100)
[PokaPoka @ 207691ms/52s/30m/23h, 27d/6mo/2021y] --> Began jumping *Entity[rgb(255-255-255), size(50-50) @ pos(687.0-648)] with expected peak @ (x:687.0, y:100)
[PokaPoka @ 224718ms/52s/30m/23h, 27d/6mo/2021y] --> Began jumping *Entity[rgb(255-255-255), size(50-50) @ pos(687.0-638)] with expected peak @ (x:687.0, y:100)
[PokaPoka @ 241151ms/52s/30m/23h, 27d/6mo/2021y] --> Began jumping *Entity[rgb(255-255-255), size(50-50) @ pos(687.0-626)] with expected peak @ (x:687.0, y:100)
[PokaPoka @ 257108ms/52s/30m/23h, 27d/6mo/2021y] --> Began jumping *Entity[rgb(255-255-255), size(50-50) @ pos(687.0-612)] with expected peak @ (x:687.0, y:100)
[PokaPoka @ 274065ms/52s/30m/23h, 27d/6mo/2021y] --> Began jumping *Entity[rgb(255-255-255), size(50-50) @ pos(687.0-596)] with expected peak @ (x:687.0, y:100)
[PokaPoka @ 290160ms/52s/30m/23h, 27d/6mo/2021y] --> Began jumping *Entity[rgb(255-255-255), size(50-50) @ pos(687.0-578)] with expected peak @ (x:687.0, y:100)
[PokaPoka @ 305926ms/52s/30m/23h, 27d/6mo/2021y] --> Began jumping *Entity[rgb(255-255-255), size(50-50) @ pos(687.0-558)] with expected peak @ (x:687.0, y:100)
[PokaPoka @ 322081ms/52s/30m/23h, 27d/6mo/2021y] --> Began jumping *Entity[rgb(255-255-255), size(50-50) @ pos(687.0-536)] with expected peak @ (x:687.0, y:100)
[PokaPoka @ 168119ms/54s/30m/23h, 27d/6mo/2021y] --> Began jumping *Entity[rgb(255-255-255), size(50-50) @ pos(657.0-618)] with expected peak @ (x:657.0, y:100)
[PokaPoka @ 186071ms/54s/30m/23h, 27d/6mo/2021y] --> Began jumping *Entity[rgb(255-255-255), size(50-50) @ pos(654.0-618)] with expected peak @ (x:654.0, y:100)
[PokaPoka @ 204022ms/54s/30m/23h, 27d/6mo/2021y] --> Began jumping *Entity[rgb(255-255-255), size(50-50) @ pos(651.0-616)] with expected peak @ (x:651.0, y:100)
[PokaPoka @ 221973ms/54s/30m/23h, 27d/6mo/2021y] --> Began jumping *Entity[rgb(255-255-255), size(50-50) @ pos(648.0-612)] with expected peak @ (x:648.0, y:100)
[PokaPoka @ 251896ms/54s/30m/23h, 27d/6mo/2021y] --> Began jumping *Entity[rgb(255-255-255), size(50-50) @ pos(645.0-606)] with expected peak @ (x:645.0, y:100)
[PokaPoka @ 281814ms/54s/30m/23h, 27d/6mo/2021y] --> Began jumping *Entity[rgb(255-255-255), size(50-50) @ pos(642.0-598)] with expected peak @ (x:642.0, y:100)
[PokaPoka @ 299768ms/54s/30m/23h, 27d/6mo/2021y] --> Began jumping *Entity[rgb(255-255-255), size(50-50) @ pos(639.0-588)] with expected peak @ (x:639.0, y:100)
[PokaPoka @ 316722ms/54s/30m/23h, 27d/6mo/2021y] --> Began jumping *Entity[rgb(255-255-255), size(50-50) @ pos(636.0-576)] with expected peak @ (x:636.0, y:100)
[PokaPoka @ 333675ms/54s/30m/23h, 27d/6mo/2021y] --> Began jumping *Entity[rgb(255-255-255), size(50-50) @ pos(633.0-562)] with expected peak @ (x:633.0, y:100)
[PokaPoka @ 350631ms/54s/30m/23h, 27d/6mo/2021y] --> Began jumping *Entity[rgb(255-255-255), size(50-50) @ pos(630.0-546)] with expected peak @ (x:630.0, y:100)
[PokaPoka @ 369581ms/54s/30m/23h, 27d/6mo/2021y] --> Began jumping *Entity[rgb(255-255-255), size(50-50) @ pos(622.0-523)] with expected peak @ (x:622.0, y:100)
[PokaPoka @ 971606ms/56s/30m/23h, 27d/6mo/2021y] --> Began jumping *Entity[rgb(255-255-255), size(50-50) @ pos(662.0-668)] with expected peak @ (x:662.0, y:100)
[PokaPoka @ 983539ms/56s/30m/23h, 27d/6mo/2021y] --> Began jumping *Entity[rgb(255-255-255), size(50-50) @ pos(662.0-668)] with expected peak @ (x:662.0, y:100)
[PokaPoka @ 3393ms/57s/30m/23h, 27d/6mo/2021y] --> Began jumping *Entity[rgb(255-255-255), size(50-50) @ pos(662.0-666)] with expected peak @ (x:662.0, y:100)
[PokaPoka @ 16765ms/57s/30m/23h, 27d/6mo/2021y] --> Began jumping *Entity[rgb(255-255-255), size(50-50) @ pos(662.0-662)] with expected peak @ (x:662.0, y:100)
[PokaPoka @ 35705ms/57s/30m/23h, 27d/6mo/2021y] --> Began jumping *Entity[rgb(255-255-255), size(50-50) @ pos(662.0-656)] with expected peak @ (x:662.0, y:100)
[PokaPoka @ 49660ms/57s/30m/23h, 27d/6mo/2021y] --> Began jumping *Entity[rgb(255-255-255), size(50-50) @ pos(662.0-648)] with expected peak @ (x:662.0, y:100)
[PokaPoka @ 68817ms/57s/30m/23h, 27d/6mo/2021y] --> Began jumping *Entity[rgb(255-255-255), size(50-50) @ pos(662.0-638)] with expected peak @ (x:662.0, y:100)
[PokaPoka @ 86778ms/57s/30m/23h, 27d/6mo/2021y] --> Began jumping *Entity[rgb(255-255-255), size(50-50) @ pos(662.0-626)] with expected peak @ (x:662.0, y:100)
[PokaPoka @ 99739ms/57s/30m/23h, 27d/6mo/2021y] --> Began jumping *Entity[rgb(255-255-255), size(50-50) @ pos(662.0-612)] with expected peak @ (x:662.0, y:100)
[PokaPoka @ 118830ms/57s/30m/23h, 27d/6mo/2021y] --> Began jumping *Entity[rgb(255-255-255), size(50-50) @ pos(662.0-596)] with expected peak @ (x:662.0, y:100)
[PokaPoka @ 137751ms/57s/30m/23h, 27d/6mo/2021y] --> Began jumping *Entity[rgb(255-255-255), size(50-50) @ pos(662.0-578)] with expected peak @ (x:662.0, y:100)
[PokaPoka @ 150752ms/57s/30m/23h, 27d/6mo/2021y] --> Began jumping *Entity[rgb(255-255-255), size(50-50) @ pos(662.0-558)] with expected peak @ (x:662.0, y:100)
[PokaPoka @ 590159ms/1s/31m/23h, 27d/6mo/2021y] --> Mouse interacted with hotbar slot(9) --> removed from inventory
[PokaPoka @ 237053ms/6s/31m/23h, 27d/6mo/2021y] --> Began jumping *Entity[rgb(255-255-255), size(50-50) @ pos(650.0-618)] with expected peak @ (x:650.0, y:100)
[PokaPoka @ 253977ms/6s/31m/23h, 27d/6mo/2021y] --> Began jumping *Entity[rgb(255-255-255), size(50-50) @ pos(647.0-618)] with expected peak @ (x:647.0, y:100)
[PokaPoka @ 272929ms/6s/31m/23h, 27d/6mo/2021y] --> Began jumping *Entity[rgb(255-255-255), size(50-50) @ pos(644.0-616)] with expected peak @ (x:644.0, y:100)
[PokaPoka @ 287916ms/6s/31m/23h, 27d/6mo/2021y] --> Began jumping *Entity[rgb(255-255-255), size(50-50) @ pos(641.0-612)] with expected peak @ (x:641.0, y:100)
[PokaPoka @ 304656ms/6s/31m/23h, 27d/6mo/2021y] --> Began jumping *Entity[rgb(255-255-255), size(50-50) @ pos(638.0-606)] with expected peak @ (x:638.0, y:100)
[PokaPoka @ 320495ms/6s/31m/23h, 27d/6mo/2021y] --> Began jumping *Entity[rgb(255-255-255), size(50-50) @ pos(635.0-598)] with expected peak @ (x:635.0, y:100)
[PokaPoka @ 339445ms/6s/31m/23h, 27d/6mo/2021y] --> Began jumping *Entity[rgb(255-255-255), size(50-50) @ pos(632.0-588)] with expected peak @ (x:632.0, y:100)
[PokaPoka @ 361386ms/6s/31m/23h, 27d/6mo/2021y] --> Began jumping *Entity[rgb(255-255-255), size(50-50) @ pos(629.0-576)] with expected peak @ (x:629.0, y:100)
[PokaPoka @ 388312ms/6s/31m/23h, 27d/6mo/2021y] --> Began jumping *Entity[rgb(255-255-255), size(50-50) @ pos(626.0-562)] with expected peak @ (x:626.0, y:100)
[PokaPoka @ 406265ms/6s/31m/23h, 27d/6mo/2021y] --> Began jumping *Entity[rgb(255-255-255), size(50-50) @ pos(623.0-546)] with expected peak @ (x:623.0, y:100)
[PokaPoka @ 423219ms/6s/31m/23h, 27d/6mo/2021y] --> Began jumping *Entity[rgb(255-255-255), size(50-50) @ pos(615.0-523)] with expected peak @ (x:615.0, y:100)
[PokaPoka @ 197732ms/7s/31m/23h, 27d/6mo/2021y] --> Began jumping *Entity[rgb(255-255-255), size(50-50) @ pos(299.0-673)] with expected peak @ (x:299.0, y:100)
[PokaPoka @ 217671ms/7s/31m/23h, 27d/6mo/2021y] --> Began jumping *Entity[rgb(255-255-255), size(50-50) @ pos(296.0-668)] with expected peak @ (x:296.0, y:100)
[PokaPoka @ 237579ms/7s/31m/23h, 27d/6mo/2021y] --> Began jumping *Entity[rgb(255-255-255), size(50-50) @ pos(293.0-661)] with expected peak @ (x:293.0, y:100)
[PokaPoka @ 256528ms/7s/31m/23h, 27d/6mo/2021y] --> Began jumping *Entity[rgb(255-255-255), size(50-50) @ pos(290.0-652)] with expected peak @ (x:290.0, y:100)
[PokaPoka @ 275483ms/7s/31m/23h, 27d/6mo/2021y] --> Began jumping *Entity[rgb(255-255-255), size(50-50) @ pos(287.0-641)] with expected peak @ (x:287.0, y:100)
[PokaPoka @ 293467ms/7s/31m/23h, 27d/6mo/2021y] --> Began jumping *Entity[rgb(255-255-255), size(50-50) @ pos(284.0-628)] with expected peak @ (x:284.0, y:100)
[PokaPoka @ 316373ms/7s/31m/23h, 27d/6mo/2021y] --> Began jumping *Entity[rgb(255-255-255), size(50-50) @ pos(281.0-613)] with expected peak @ (x:281.0, y:100)
[PokaPoka @ 339307ms/7s/31m/23h, 27d/6mo/2021y] --> Began jumping *Entity[rgb(255-255-255), size(50-50) @ pos(281.0-596)] with expected peak @ (x:281.0, y:100)
[PokaPoka @ 161363ms/9s/31m/23h, 27d/6mo/2021y] --> Began jumping *Entity[rgb(255-255-255), size(50-50) @ pos(437.0-668)] with expected peak @ (x:437.0, y:100)
[PokaPoka @ 177290ms/9s/31m/23h, 27d/6mo/2021y] --> Began jumping *Entity[rgb(255-255-255), size(50-50) @ pos(440.0-668)] with expected peak @ (x:440.0, y:100)
[PokaPoka @ 194222ms/9s/31m/23h, 27d/6mo/2021y] --> Began jumping *Entity[rgb(255-255-255), size(50-50) @ pos(443.0-666)] with expected peak @ (x:443.0, y:100)
[PokaPoka @ 215917ms/9s/31m/23h, 27d/6mo/2021y] --> Began jumping *Entity[rgb(255-255-255), size(50-50) @ pos(446.0-662)] with expected peak @ (x:446.0, y:100)
[PokaPoka @ 230897ms/9s/31m/23h, 27d/6mo/2021y] --> Began jumping *Entity[rgb(255-255-255), size(50-50) @ pos(449.0-656)] with expected peak @ (x:449.0, y:100)
[PokaPoka @ 246109ms/9s/31m/23h, 27d/6mo/2021y] --> Began jumping *Entity[rgb(255-255-255), size(50-50) @ pos(452.0-648)] with expected peak @ (x:452.0, y:100)
[PokaPoka @ 263062ms/9s/31m/23h, 27d/6mo/2021y] --> Began jumping *Entity[rgb(255-255-255), size(50-50) @ pos(455.0-638)] with expected peak @ (x:455.0, y:100)
[PokaPoka @ 280986ms/9s/31m/23h, 27d/6mo/2021y] --> Began jumping *Entity[rgb(255-255-255), size(50-50) @ pos(458.0-626)] with expected peak @ (x:458.0, y:100)
[PokaPoka @ 298937ms/9s/31m/23h, 27d/6mo/2021y] --> Began jumping *Entity[rgb(255-255-255), size(50-50) @ pos(461.0-612)] with expected peak @ (x:461.0, y:100)
[PokaPoka @ 316890ms/9s/31m/23h, 27d/6mo/2021y] --> Began jumping *Entity[rgb(255-255-255), size(50-50) @ pos(464.0-596)] with expected peak @ (x:464.0, y:100)
[PokaPoka @ 333842ms/9s/31m/23h, 27d/6mo/2021y] --> Began jumping *Entity[rgb(255-255-255), size(50-50) @ pos(467.0-578)] with expected peak @ (x:467.0, y:100)
[PokaPoka @ 839617ms/9s/31m/23h, 27d/6mo/2021y] --> Began jumping *Entity[rgb(255-255-255), size(50-50) @ pos(554.0-618)] with expected peak @ (x:554.0, y:100)
[PokaPoka @ 858263ms/9s/31m/23h, 27d/6mo/2021y] --> Began jumping *Entity[rgb(255-255-255), size(50-50) @ pos(557.0-618)] with expected peak @ (x:557.0, y:100)
[PokaPoka @ 880199ms/9s/31m/23h, 27d/6mo/2021y] --> Began jumping *Entity[rgb(255-255-255), size(50-50) @ pos(560.0-616)] with expected peak @ (x:560.0, y:100)
[PokaPoka @ 902141ms/9s/31m/23h, 27d/6mo/2021y] --> Began jumping *Entity[rgb(255-255-255), size(50-50) @ pos(563.0-612)] with expected peak @ (x:563.0, y:100)
[PokaPoka @ 919099ms/9s/31m/23h, 27d/6mo/2021y] --> Began jumping *Entity[rgb(255-255-255), size(50-50) @ pos(566.0-606)] with expected peak @ (x:566.0, y:100)
[PokaPoka @ 935054ms/9s/31m/23h, 27d/6mo/2021y] --> Began jumping *Entity[rgb(255-255-255), size(50-50) @ pos(566.0-598)] with expected peak @ (x:566.0, y:100)
[PokaPoka @ 951011ms/9s/31m/23h, 27d/6mo/2021y] --> Began jumping *Entity[rgb(255-255-255), size(50-50) @ pos(569.0-588)] with expected peak @ (x:569.0, y:100)
[PokaPoka @ 967025ms/9s/31m/23h, 27d/6mo/2021y] --> Began jumping *Entity[rgb(255-255-255), size(50-50) @ pos(572.0-576)] with expected peak @ (x:572.0, y:100)
[PokaPoka @ 982926ms/9s/31m/23h, 27d/6mo/2021y] --> Began jumping *Entity[rgb(255-255-255), size(50-50) @ pos(572.0-562)] with expected peak @ (x:572.0, y:100)
[PokaPoka @ 998883ms/9s/31m/23h, 27d/6mo/2021y] --> Began jumping *Entity[rgb(255-255-255), size(50-50) @ pos(575.0-546)] with expected peak @ (x:575.0, y:100)
[PokaPoka @ 14843ms/10s/31m/23h, 27d/6mo/2021y] --> Began jumping *Entity[rgb(255-255-255), size(50-50) @ pos(578.0-528)] with expected peak @ (x:578.0, y:100)
[PokaPoka @ 595363ms/11s/31m/23h, 27d/6mo/2021y] --> Began jumping *Entity[rgb(255-255-255), size(50-50) @ pos(662.0-668)] with expected peak @ (x:662.0, y:100)
[PokaPoka @ 608332ms/11s/31m/23h, 27d/6mo/2021y] --> Began jumping *Entity[rgb(255-255-255), size(50-50) @ pos(659.0-668)] with expected peak @ (x:659.0, y:100)
[PokaPoka @ 625893ms/11s/31m/23h, 27d/6mo/2021y] --> Began jumping *Entity[rgb(255-255-255), size(50-50) @ pos(656.0-666)] with expected peak @ (x:656.0, y:100)
[PokaPoka @ 639848ms/11s/31m/23h, 27d/6mo/2021y] --> Began jumping *Entity[rgb(255-255-255), size(50-50) @ pos(653.0-662)] with expected peak @ (x:653.0, y:100)
[PokaPoka @ 659255ms/11s/31m/23h, 27d/6mo/2021y] --> Began jumping *Entity[rgb(255-255-255), size(50-50) @ pos(650.0-656)] with expected peak @ (x:650.0, y:100)
[PokaPoka @ 672067ms/11s/31m/23h, 27d/6mo/2021y] --> Began jumping *Entity[rgb(255-255-255), size(50-50) @ pos(647.0-648)] with expected peak @ (x:647.0, y:100)
[PokaPoka @ 687665ms/11s/31m/23h, 27d/6mo/2021y] --> Began jumping *Entity[rgb(255-255-255), size(50-50) @ pos(644.0-638)] with expected peak @ (x:644.0, y:100)
[PokaPoka @ 706788ms/11s/31m/23h, 27d/6mo/2021y] --> Began jumping *Entity[rgb(255-255-255), size(50-50) @ pos(641.0-626)] with expected peak @ (x:641.0, y:100)
[PokaPoka @ 723577ms/11s/31m/23h, 27d/6mo/2021y] --> Began jumping *Entity[rgb(255-255-255), size(50-50) @ pos(641.0-612)] with expected peak @ (x:641.0, y:100)
[PokaPoka @ 737585ms/11s/31m/23h, 27d/6mo/2021y] --> Began jumping *Entity[rgb(255-255-255), size(50-50) @ pos(638.0-596)] with expected peak @ (x:638.0, y:100)
[PokaPoka @ 756704ms/11s/31m/23h, 27d/6mo/2021y] --> Began jumping *Entity[rgb(255-255-255), size(50-50) @ pos(635.0-578)] with expected peak @ (x:635.0, y:100)
[PokaPoka @ 773267ms/11s/31m/23h, 27d/6mo/2021y] --> Began jumping *Entity[rgb(255-255-255), size(50-50) @ pos(635.0-558)] with expected peak @ (x:635.0, y:100)
[PokaPoka @ 443041ms/17s/31m/23h, 27d/6mo/2021y] --> Began jumping *Entity[rgb(255-255-255), size(50-50) @ pos(428.0-668)] with expected peak @ (x:428.0, y:100)
[PokaPoka @ 462988ms/17s/31m/23h, 27d/6mo/2021y] --> Began jumping *Entity[rgb(255-255-255), size(50-50) @ pos(431.0-668)] with expected peak @ (x:431.0, y:100)
[PokaPoka @ 482939ms/17s/31m/23h, 27d/6mo/2021y] --> Began jumping *Entity[rgb(255-255-255), size(50-50) @ pos(434.0-666)] with expected peak @ (x:434.0, y:100)
[PokaPoka @ 501889ms/17s/31m/23h, 27d/6mo/2021y] --> Began jumping *Entity[rgb(255-255-255), size(50-50) @ pos(437.0-662)] with expected peak @ (x:437.0, y:100)
[PokaPoka @ 518878ms/17s/31m/23h, 27d/6mo/2021y] --> Began jumping *Entity[rgb(255-255-255), size(50-50) @ pos(440.0-656)] with expected peak @ (x:440.0, y:100)
[PokaPoka @ 532833ms/17s/31m/23h, 27d/6mo/2021y] --> Began jumping *Entity[rgb(255-255-255), size(50-50) @ pos(443.0-648)] with expected peak @ (x:443.0, y:100)
[PokaPoka @ 550610ms/17s/31m/23h, 27d/6mo/2021y] --> Began jumping *Entity[rgb(255-255-255), size(50-50) @ pos(446.0-638)] with expected peak @ (x:446.0, y:100)
[PokaPoka @ 566605ms/17s/31m/23h, 27d/6mo/2021y] --> Began jumping *Entity[rgb(255-255-255), size(50-50) @ pos(449.0-626)] with expected peak @ (x:449.0, y:100)
[PokaPoka @ 582556ms/17s/31m/23h, 27d/6mo/2021y] --> Began jumping *Entity[rgb(255-255-255), size(50-50) @ pos(452.0-612)] with expected peak @ (x:452.0, y:100)
[PokaPoka @ 599511ms/17s/31m/23h, 27d/6mo/2021y] --> Began jumping *Entity[rgb(255-255-255), size(50-50) @ pos(455.0-596)] with expected peak @ (x:455.0, y:100)
[PokaPoka @ 616544ms/17s/31m/23h, 27d/6mo/2021y] --> Began jumping *Entity[rgb(255-255-255), size(50-50) @ pos(458.0-578)] with expected peak @ (x:458.0, y:100)
[PokaPoka @ 837885ms/20s/31m/23h, 27d/6mo/2021y] --> Began jumping *Entity[rgb(255-255-255), size(50-50) @ pos(465.0-668)] with expected peak @ (x:465.0, y:100)
[PokaPoka @ 854549ms/20s/31m/23h, 27d/6mo/2021y] --> Began jumping *Entity[rgb(255-255-255), size(50-50) @ pos(468.0-668)] with expected peak @ (x:468.0, y:100)
[PokaPoka @ 875222ms/20s/31m/23h, 27d/6mo/2021y] --> Began jumping *Entity[rgb(255-255-255), size(50-50) @ pos(471.0-666)] with expected peak @ (x:471.0, y:100)
[PokaPoka @ 890133ms/20s/31m/23h, 27d/6mo/2021y] --> Began jumping *Entity[rgb(255-255-255), size(50-50) @ pos(474.0-662)] with expected peak @ (x:474.0, y:100)
[PokaPoka @ 904291ms/20s/31m/23h, 27d/6mo/2021y] --> Began jumping *Entity[rgb(255-255-255), size(50-50) @ pos(477.0-656)] with expected peak @ (x:477.0, y:100)
[PokaPoka @ 923276ms/20s/31m/23h, 27d/6mo/2021y] --> Began jumping *Entity[rgb(255-255-255), size(50-50) @ pos(480.0-648)] with expected peak @ (x:480.0, y:100)
[PokaPoka @ 939493ms/20s/31m/23h, 27d/6mo/2021y] --> Began jumping *Entity[rgb(255-255-255), size(50-50) @ pos(483.0-638)] with expected peak @ (x:483.0, y:100)
[PokaPoka @ 956410ms/20s/31m/23h, 27d/6mo/2021y] --> Began jumping *Entity[rgb(255-255-255), size(50-50) @ pos(486.0-626)] with expected peak @ (x:486.0, y:100)
[PokaPoka @ 973365ms/20s/31m/23h, 27d/6mo/2021y] --> Began jumping *Entity[rgb(255-255-255), size(50-50) @ pos(489.0-612)] with expected peak @ (x:489.0, y:100)
[PokaPoka @ 998299ms/20s/31m/23h, 27d/6mo/2021y] --> Began jumping *Entity[rgb(255-255-255), size(50-50) @ pos(492.0-596)] with expected peak @ (x:492.0, y:100)
[PokaPoka @ 16256ms/21s/31m/23h, 27d/6mo/2021y] --> Began jumping *Entity[rgb(255-255-255), size(50-50) @ pos(495.0-578)] with expected peak @ (x:495.0, y:100)
[PokaPoka @ 32240ms/21s/31m/23h, 27d/6mo/2021y] --> Began jumping *Entity[rgb(255-255-255), size(50-50) @ pos(498.0-558)] with expected peak @ (x:498.0, y:100)
[PokaPoka @ 52906ms/21s/31m/23h, 27d/6mo/2021y] --> Began jumping *Entity[rgb(255-255-255), size(50-50) @ pos(501.0-536)] with expected peak @ (x:501.0, y:100)
[PokaPoka @ 366529ms/29s/31m/23h, 27d/6mo/2021y] --> Began jumping *Entity[rgb(255-255-255), size(50-50) @ pos(71.0-668)] with expected peak @ (x:71.0, y:100)
[PokaPoka @ 398447ms/29s/31m/23h, 27d/6mo/2021y] --> Began jumping *Entity[rgb(255-255-255), size(50-50) @ pos(71.0-668)] with expected peak @ (x:71.0, y:100)
[PokaPoka @ 413984ms/29s/31m/23h, 27d/6mo/2021y] --> Began jumping *Entity[rgb(255-255-255), size(50-50) @ pos(71.0-666)] with expected peak @ (x:71.0, y:100)
[PokaPoka @ 431929ms/29s/31m/23h, 27d/6mo/2021y] --> Began jumping *Entity[rgb(255-255-255), size(50-50) @ pos(71.0-662)] with expected peak @ (x:71.0, y:100)
[PokaPoka @ 446889ms/29s/31m/23h, 27d/6mo/2021y] --> Began jumping *Entity[rgb(255-255-255), size(50-50) @ pos(71.0-656)] with expected peak @ (x:71.0, y:100)
[PokaPoka @ 463784ms/29s/31m/23h, 27d/6mo/2021y] --> Began jumping *Entity[rgb(255-255-255), size(50-50) @ pos(71.0-648)] with expected peak @ (x:71.0, y:100)
[PokaPoka @ 479737ms/29s/31m/23h, 27d/6mo/2021y] --> Began jumping *Entity[rgb(255-255-255), size(50-50) @ pos(71.0-638)] with expected peak @ (x:71.0, y:100)
[PokaPoka @ 498687ms/29s/31m/23h, 27d/6mo/2021y] --> Began jumping *Entity[rgb(255-255-255), size(50-50) @ pos(71.0-626)] with expected peak @ (x:71.0, y:100)
[PokaPoka @ 517642ms/29s/31m/23h, 27d/6mo/2021y] --> Began jumping *Entity[rgb(255-255-255), size(50-50) @ pos(71.0-612)] with expected peak @ (x:71.0, y:100)
[PokaPoka @ 538581ms/29s/31m/23h, 27d/6mo/2021y] --> Began jumping *Entity[rgb(255-255-255), size(50-50) @ pos(71.0-596)] with expected peak @ (x:71.0, y:100)
[PokaPoka @ 555568ms/29s/31m/23h, 27d/6mo/2021y] --> Began jumping *Entity[rgb(255-255-255), size(50-50) @ pos(71.0-578)] with expected peak @ (x:71.0, y:100)
[PokaPoka @ 944179ms/44s/31m/23h, 27d/6mo/2021y] --> Attempted to QUIT @ Esc key
[PokaPoka @ 944179ms/44s/31m/23h, 27d/6mo/2021y] --> Shutting down (2nd to last) final!
[PokaPoka @ 944179ms/44s/31m/23h, 27d/6mo/2021y] --> Exported game log as PokaPoka_905347_11_30_23_27_6_2021.log