[PokaPoka @ 791744ms/14s/0m/19h, 27d/6mo/2021y] --> Beginning game startup and startup-finish
[PokaPoka @ 256849ms/15s/0m/19h, 27d/6mo/2021y] --> Began jumping *Entity[rgb(255-255-255), size(50-50) @ pos(500.0-668)] with expected peak @ (x:500.0, y:100)
[PokaPoka @ 270256ms/15s/0m/19h, 27d/6mo/2021y] --> Began jumping *Entity[rgb(255-255-255), size(50-50) @ pos(500.0-668)] with expected peak @ (x:500.0, y:100)
[PokaPoka @ 286088ms/15s/0m/19h, 27d/6mo/2021y] --> Began jumping *Entity[rgb(255-255-255), size(50-50) @ pos(500.0-666)] with expected peak @ (x:500.0, y:100)
[PokaPoka @ 303135ms/15s/0m/19h, 27d/6mo/2021y] --> Began jumping *Entity[rgb(255-255-255), size(50-50) @ pos(500.0-662)] with expected peak @ (x:500.0, y:100)
[PokaPoka @ 320012ms/15s/0m/19h, 27d/6mo/2021y] --> Began jumping *Entity[rgb(255-255-255), size(50-50) @ pos(500.0-656)] with expected peak @ (x:500.0, y:100)
[PokaPoka @ 335811ms/15s/0m/19h, 27d/6mo/2021y] --> Began jumping *Entity[rgb(255-255-255), size(50-50) @ pos(500.0-648)] with expected peak @ (x:500.0, y:100)
[PokaPoka @ 351828ms/15s/0m/19h, 27d/6mo/2021y] --> Began jumping *Entity[rgb(255-255-255), size(50-50) @ pos(500.0-638)] with expected peak @ (x:500.0, y:100)
[PokaPoka @ 369129ms/15s/0m/19h, 27d/6mo/2021y] --> Began jumping *Entity[rgb(255-255-255), size(50-50) @ pos(500.0-626)] with expected peak @ (x:500.0, y:100)
[PokaPoka @ 384912ms/15s/0m/19h, 27d/6mo/2021y] --> Began jumping *Entity[rgb(255-255-255), size(50-50) @ pos(500.0-612)] with expected peak @ (x:500.0, y:100)
[PokaPoka @ 400736ms/15s/0m/19h, 27d/6mo/2021y] --> Began jumping *Entity[rgb(255-255-255), size(50-50) @ pos(500.0-596)] with expected peak @ (x:500.0, y:100)
[PokaPoka @ 417293ms/15s/0m/19h, 27d/6mo/2021y] --> Began jumping *Entity[rgb(255-255-255), size(50-50) @ pos(500.0-578)] with expected peak @ (x:500.0, y:100)
[PokaPoka @ 434253ms/15s/0m/19h, 27d/6mo/2021y] --> Began jumping *Entity[rgb(255-255-255), size(50-50) @ pos(500.0-558)] with expected peak @ (x:500.0, y:100)
[PokaPoka @ 550103ms/15s/0m/19h, 27d/6mo/2021y] --> Began jumping *Entity[rgb(255-255-255), size(50-50) @ pos(500.0-540)] with expected peak @ (x:500.0, y:100)
[PokaPoka @ 566880ms/15s/0m/19h, 27d/6mo/2021y] --> Began jumping *Entity[rgb(255-255-255), size(50-50) @ pos(500.0-540)] with expected peak @ (x:500.0, y:100)
[PokaPoka @ 582435ms/15s/0m/19h, 27d/6mo/2021y] --> Began jumping *Entity[rgb(255-255-255), size(50-50) @ pos(500.0-538)] with expected peak @ (x:500.0, y:100)
[PokaPoka @ 598680ms/15s/0m/19h, 27d/6mo/2021y] --> Began jumping *Entity[rgb(255-255-255), size(50-50) @ pos(500.0-534)] with expected peak @ (x:500.0, y:100)
[PokaPoka @ 614910ms/15s/0m/19h, 27d/6mo/2021y] --> Began jumping *Entity[rgb(255-255-255), size(50-50) @ pos(500.0-528)] with expected peak @ (x:500.0, y:100)
[PokaPoka @ 630148ms/15s/0m/19h, 27d/6mo/2021y] --> Began jumping *Entity[rgb(255-255-255), size(50-50) @ pos(500.0-520)] with expected peak @ (x:500.0, y:100)
[PokaPoka @ 647047ms/15s/0m/19h, 27d/6mo/2021y] --> Began jumping *Entity[rgb(255-255-255), size(50-50) @ pos(500.0-510)] with expected peak @ (x:500.0, y:100)
[PokaPoka @ 662519ms/15s/0m/19h, 27d/6mo/2021y] --> Began jumping *Entity[rgb(255-255-255), size(50-50) @ pos(500.0-498)] with expected peak @ (x:500.0, y:100)
[PokaPoka @ 678175ms/15s/0m/19h, 27d/6mo/2021y] --> Began jumping *Entity[rgb(255-255-255), size(50-50) @ pos(500.0-484)] with expected peak @ (x:500.0, y:100)
[PokaPoka @ 695969ms/15s/0m/19h, 27d/6mo/2021y] --> Began jumping *Entity[rgb(255-255-255), size(50-50) @ pos(500.0-468)] with expected peak @ (x:500.0, y:100)
[PokaPoka @ 712169ms/15s/0m/19h, 27d/6mo/2021y] --> Began jumping *Entity[rgb(255-255-255), size(50-50) @ pos(500.0-450)] with expected peak @ (x:500.0, y:100)
[PokaPoka @ 727298ms/15s/0m/19h, 27d/6mo/2021y] --> Began jumping *Entity[rgb(255-255-255), size(50-50) @ pos(500.0-430)] with expected peak @ (x:500.0, y:100)
[PokaPoka @ 744156ms/15s/0m/19h, 27d/6mo/2021y] --> Began jumping *Entity[rgb(255-255-255), size(50-50) @ pos(500.0-408)] with expected peak @ (x:500.0, y:100)
[PokaPoka @ 761124ms/15s/0m/19h, 27d/6mo/2021y] --> Began jumping *Entity[rgb(255-255-255), size(50-50) @ pos(500.0-384)] with expected peak @ (x:500.0, y:100)
[PokaPoka @ 442877ms/16s/0m/19h, 27d/6mo/2021y] --> Began jumping *Entity[rgb(255-255-255), size(50-50) @ pos(500.0-668)] with expected peak @ (x:500.0, y:100)
[PokaPoka @ 459833ms/16s/0m/19h, 27d/6mo/2021y] --> Began jumping *Entity[rgb(255-255-255), size(50-50) @ pos(500.0-668)] with expected peak @ (x:500.0, y:100)
[PokaPoka @ 474808ms/16s/0m/19h, 27d/6mo/2021y] --> Began jumping *Entity[rgb(255-255-255), size(50-50) @ pos(500.0-666)] with expected peak @ (x:500.0, y:100)
[PokaPoka @ 489236ms/16s/0m/19h, 27d/6mo/2021y] --> Began jumping *Entity[rgb(255-255-255), size(50-50) @ pos(500.0-662)] with expected peak @ (x:500.0, y:100)
[PokaPoka @ 506501ms/16s/0m/19h, 27d/6mo/2021y] --> Began jumping *Entity[rgb(255-255-255), size(50-50) @ pos(500.0-656)] with expected peak @ (x:500.0, y:100)
[PokaPoka @ 523152ms/16s/0m/19h, 27d/6mo/2021y] --> Began jumping *Entity[rgb(255-255-255), size(50-50) @ pos(500.0-648)] with expected peak @ (x:500.0, y:100)
[PokaPoka @ 540877ms/16s/0m/19h, 27d/6mo/2021y] --> Began jumping *Entity[rgb(255-255-255), size(50-50) @ pos(500.0-638)] with expected peak @ (x:500.0, y:100)
[PokaPoka @ 555441ms/16s/0m/19h, 27d/6mo/2021y] --> Began jumping *Entity[rgb(255-255-255), size(50-50) @ pos(500.0-626)] with expected peak @ (x:500.0, y:100)
[PokaPoka @ 571414ms/16s/0m/19h, 27d/6mo/2021y] --> Began jumping *Entity[rgb(255-255-255), size(50-50) @ pos(500.0-612)] with expected peak @ (x:500.0, y:100)
[PokaPoka @ 588097ms/16s/0m/19h, 27d/6mo/2021y] --> Began jumping *Entity[rgb(255-255-255), size(50-50) @ pos(500.0-596)] with expected peak @ (x:500.0, y:100)
[PokaPoka @ 605087ms/16s/0m/19h, 27d/6mo/2021y] --> Began jumping *Entity[rgb(255-255-255), size(50-50) @ pos(500.0-578)] with expected peak @ (x:500.0, y:100)
[PokaPoka @ 621643ms/16s/0m/19h, 27d/6mo/2021y] --> Began jumping *Entity[rgb(255-255-255), size(50-50) @ pos(500.0-558)] with expected peak @ (x:500.0, y:100)
[PokaPoka @ 655029ms/16s/0m/19h, 27d/6mo/2021y] --> Began jumping *Entity[rgb(255-255-255), size(50-50) @ pos(500.0-536)] with expected peak @ (x:500.0, y:100)
[PokaPoka @ 672058ms/16s/0m/19h, 27d/6mo/2021y] --> Began jumping *Entity[rgb(255-255-255), size(50-50) @ pos(500.0-536)] with expected peak @ (x:500.0, y:100)
[PokaPoka @ 688085ms/16s/0m/19h, 27d/6mo/2021y] --> Began jumping *Entity[rgb(255-255-255), size(50-50) @ pos(500.0-534)] with expected peak @ (x:500.0, y:100)
[PokaPoka @ 705042ms/16s/0m/19h, 27d/6mo/2021y] --> Began jumping *Entity[rgb(255-255-255), size(50-50) @ pos(500.0-530)] with expected peak @ (x:500.0, y:100)
[PokaPoka @ 722889ms/16s/0m/19h, 27d/6mo/2021y] --> Began jumping *Entity[rgb(255-255-255), size(50-50) @ pos(500.0-524)] with expected peak @ (x:500.0, y:100)
[PokaPoka @ 739174ms/16s/0m/19h, 27d/6mo/2021y] --> Began jumping *Entity[rgb(255-255-255), size(50-50) @ pos(500.0-516)] with expected peak @ (x:500.0, y:100)
[PokaPoka @ 756259ms/16s/0m/19h, 27d/6mo/2021y] --> Began jumping *Entity[rgb(255-255-255), size(50-50) @ pos(500.0-506)] with expected peak @ (x:500.0, y:100)
[PokaPoka @ 773098ms/16s/0m/19h, 27d/6mo/2021y] --> Began jumping *Entity[rgb(255-255-255), size(50-50) @ pos(500.0-494)] with expected peak @ (x:500.0, y:100)
[PokaPoka @ 789984ms/16s/0m/19h, 27d/6mo/2021y] --> Began jumping *Entity[rgb(255-255-255), size(50-50) @ pos(500.0-480)] with expected peak @ (x:500.0, y:100)
[PokaPoka @ 806073ms/16s/0m/19h, 27d/6mo/2021y] --> Began jumping *Entity[rgb(255-255-255), size(50-50) @ pos(500.0-464)] with expected peak @ (x:500.0, y:100)
[PokaPoka @ 822809ms/16s/0m/19h, 27d/6mo/2021y] --> Began jumping *Entity[rgb(255-255-255), size(50-50) @ pos(500.0-446)] with expected peak @ (x:500.0, y:100)
[PokaPoka @ 838620ms/16s/0m/19h, 27d/6mo/2021y] --> Began jumping *Entity[rgb(255-255-255), size(50-50) @ pos(500.0-426)] with expected peak @ (x:500.0, y:100)
[PokaPoka @ 855050ms/16s/0m/19h, 27d/6mo/2021y] --> Began jumping *Entity[rgb(255-255-255), size(50-50) @ pos(500.0-404)] with expected peak @ (x:500.0, y:100)
[PokaPoka @ 872058ms/16s/0m/19h, 27d/6mo/2021y] --> Began jumping *Entity[rgb(255-255-255), size(50-50) @ pos(500.0-380)] with expected peak @ (x:500.0, y:100)
[PokaPoka @ 887949ms/16s/0m/19h, 27d/6mo/2021y] --> Began jumping *Entity[rgb(255-255-255), size(50-50) @ pos(500.0-354)] with expected peak @ (x:500.0, y:100)
[PokaPoka @ 984964ms/16s/0m/19h, 27d/6mo/2021y] --> Began jumping *Entity[rgb(255-255-255), size(50-50) @ pos(500.0-328)] with expected peak @ (x:500.0, y:100)
[PokaPoka @ 854ms/17s/0m/19h, 27d/6mo/2021y] --> Began jumping *Entity[rgb(255-255-255), size(50-50) @ pos(500.0-328)] with expected peak @ (x:500.0, y:100)
[PokaPoka @ 17291ms/17s/0m/19h, 27d/6mo/2021y] --> Began jumping *Entity[rgb(255-255-255), size(50-50) @ pos(500.0-326)] with expected peak @ (x:500.0, y:100)
[PokaPoka @ 33536ms/17s/0m/19h, 27d/6mo/2021y] --> Began jumping *Entity[rgb(255-255-255), size(50-50) @ pos(500.0-322)] with expected peak @ (x:500.0, y:100)
[PokaPoka @ 49917ms/17s/0m/19h, 27d/6mo/2021y] --> Began jumping *Entity[rgb(255-255-255), size(50-50) @ pos(500.0-316)] with expected peak @ (x:500.0, y:100)
[PokaPoka @ 67049ms/17s/0m/19h, 27d/6mo/2021y] --> Began jumping *Entity[rgb(255-255-255), size(50-50) @ pos(500.0-308)] with expected peak @ (x:500.0, y:100)
[PokaPoka @ 83504ms/17s/0m/19h, 27d/6mo/2021y] --> Began jumping *Entity[rgb(255-255-255), size(50-50) @ pos(500.0-298)] with expected peak @ (x:500.0, y:100)
[PokaPoka @ 99768ms/17s/0m/19h, 27d/6mo/2021y] --> Began jumping *Entity[rgb(255-255-255), size(50-50) @ pos(500.0-286)] with expected peak @ (x:500.0, y:100)
[PokaPoka @ 115440ms/17s/0m/19h, 27d/6mo/2021y] --> Began jumping *Entity[rgb(255-255-255), size(50-50) @ pos(500.0-272)] with expected peak @ (x:500.0, y:100)
[PokaPoka @ 131932ms/17s/0m/19h, 27d/6mo/2021y] --> Began jumping *Entity[rgb(255-255-255), size(50-50) @ pos(500.0-256)] with expected peak @ (x:500.0, y:100)
[PokaPoka @ 147728ms/17s/0m/19h, 27d/6mo/2021y] --> Began jumping *Entity[rgb(255-255-255), size(50-50) @ pos(500.0-238)] with expected peak @ (x:500.0, y:100)
[PokaPoka @ 164811ms/17s/0m/19h, 27d/6mo/2021y] --> Began jumping *Entity[rgb(255-255-255), size(50-50) @ pos(500.0-218)] with expected peak @ (x:500.0, y:100)
[PokaPoka @ 180613ms/17s/0m/19h, 27d/6mo/2021y] --> Began jumping *Entity[rgb(255-255-255), size(50-50) @ pos(500.0-196)] with expected peak @ (x:500.0, y:100)
[PokaPoka @ 196943ms/17s/0m/19h, 27d/6mo/2021y] --> Began jumping *Entity[rgb(255-255-255), size(50-50) @ pos(500.0-172)] with expected peak @ (x:500.0, y:100)
[PokaPoka @ 212450ms/17s/0m/19h, 27d/6mo/2021y] --> Began jumping *Entity[rgb(255-255-255), size(50-50) @ pos(500.0-146)] with expected peak @ (x:500.0, y:100)
[PokaPoka @ 228903ms/17s/0m/19h, 27d/6mo/2021y] --> Began jumping *Entity[rgb(255-255-255), size(50-50) @ pos(500.0-118)] with expected peak @ (x:500.0, y:100)
[PokaPoka @ 245865ms/17s/0m/19h, 27d/6mo/2021y] --> Began jumping *Entity[rgb(255-255-255), size(50-50) @ pos(500.0-88)] with expected peak @ (x:500.0, y:100)
[PokaPoka @ 260773ms/17s/0m/19h, 27d/6mo/2021y] --> Began jumping *Entity[rgb(255-255-255), size(50-50) @ pos(500.0-56)] with expected peak @ (x:500.0, y:100)
[PokaPoka @ 277049ms/17s/0m/19h, 27d/6mo/2021y] --> Began jumping *Entity[rgb(255-255-255), size(50-50) @ pos(500.0-22)] with expected peak @ (x:500.0, y:100)
[PokaPoka @ 292792ms/17s/0m/19h, 27d/6mo/2021y] --> Began jumping *Entity[rgb(255-255-255), size(50-50) @ pos(500.0--14)] with expected peak @ (x:500.0, y:100)
[PokaPoka @ 309252ms/17s/0m/19h, 27d/6mo/2021y] --> Began jumping *Entity[rgb(255-255-255), size(50-50) @ pos(500.0--52)] with expected peak @ (x:500.0, y:100)
[PokaPoka @ 325869ms/17s/0m/19h, 27d/6mo/2021y] --> Began jumping *Entity[rgb(255-255-255), size(50-50) @ pos(500.0--92)] with expected peak @ (x:500.0, y:100)
[PokaPoka @ 342617ms/17s/0m/19h, 27d/6mo/2021y] --> Began jumping *Entity[rgb(255-255-255), size(50-50) @ pos(500.0--134)] with expected peak @ (x:500.0, y:100)
[PokaPoka @ 300926ms/18s/0m/19h, 27d/6mo/2021y] --> Began jumping *Entity[rgb(255-255-255), size(50-50) @ pos(509.0-606)] with expected peak @ (x:509.0, y:100)
[PokaPoka @ 317093ms/18s/0m/19h, 27d/6mo/2021y] --> Began jumping *Entity[rgb(255-255-255), size(50-50) @ pos(506.0-606)] with expected peak @ (x:506.0, y:100)
[PokaPoka @ 333484ms/18s/0m/19h, 27d/6mo/2021y] --> Began jumping *Entity[rgb(255-255-255), size(50-50) @ pos(503.0-604)] with expected peak @ (x:503.0, y:100)
[PokaPoka @ 350034ms/18s/0m/19h, 27d/6mo/2021y] --> Began jumping *Entity[rgb(255-255-255), size(50-50) @ pos(500.0-600)] with expected peak @ (x:500.0, y:100)
[PokaPoka @ 365331ms/18s/0m/19h, 27d/6mo/2021y] --> Began jumping *Entity[rgb(255-255-255), size(50-50) @ pos(497.0-594)] with expected peak @ (x:497.0, y:100)
[PokaPoka @ 381885ms/18s/0m/19h, 27d/6mo/2021y] --> Began jumping *Entity[rgb(255-255-255), size(50-50) @ pos(494.0-586)] with expected peak @ (x:494.0, y:100)
[PokaPoka @ 397293ms/18s/0m/19h, 27d/6mo/2021y] --> Began jumping *Entity[rgb(255-255-255), size(50-50) @ pos(491.0-576)] with expected peak @ (x:491.0, y:100)
[PokaPoka @ 413623ms/18s/0m/19h, 27d/6mo/2021y] --> Began jumping *Entity[rgb(255-255-255), size(50-50) @ pos(488.0-564)] with expected peak @ (x:488.0, y:100)
[PokaPoka @ 429169ms/18s/0m/19h, 27d/6mo/2021y] --> Began jumping *Entity[rgb(255-255-255), size(50-50) @ pos(485.0-550)] with expected peak @ (x:485.0, y:100)
[PokaPoka @ 445882ms/18s/0m/19h, 27d/6mo/2021y] --> Began jumping *Entity[rgb(255-255-255), size(50-50) @ pos(482.0-534)] with expected peak @ (x:482.0, y:100)
[PokaPoka @ 462735ms/18s/0m/19h, 27d/6mo/2021y] --> Began jumping *Entity[rgb(255-255-255), size(50-50) @ pos(479.0-516)] with expected peak @ (x:479.0, y:100)
[PokaPoka @ 478989ms/18s/0m/19h, 27d/6mo/2021y] --> Began jumping *Entity[rgb(255-255-255), size(50-50) @ pos(476.0-496)] with expected peak @ (x:476.0, y:100)
[PokaPoka @ 496380ms/18s/0m/19h, 27d/6mo/2021y] --> Began jumping *Entity[rgb(255-255-255), size(50-50) @ pos(473.0-474)] with expected peak @ (x:473.0, y:100)
[PokaPoka @ 511331ms/18s/0m/19h, 27d/6mo/2021y] --> Began jumping *Entity[rgb(255-255-255), size(50-50) @ pos(470.0-450)] with expected peak @ (x:470.0, y:100)
[PokaPoka @ 342462ms/19s/0m/19h, 27d/6mo/2021y] --> Began jumping *Entity[rgb(255-255-255), size(50-50) @ pos(440.0-668)] with expected peak @ (x:440.0, y:100)
[PokaPoka @ 359331ms/19s/0m/19h, 27d/6mo/2021y] --> Began jumping *Entity[rgb(255-255-255), size(50-50) @ pos(443.0-668)] with expected peak @ (x:443.0, y:100)
[PokaPoka @ 375276ms/19s/0m/19h, 27d/6mo/2021y] --> Began jumping *Entity[rgb(255-255-255), size(50-50) @ pos(446.0-666)] with expected peak @ (x:446.0, y:100)
[PokaPoka @ 392379ms/19s/0m/19h, 27d/6mo/2021y] --> Began jumping *Entity[rgb(255-255-255), size(50-50) @ pos(449.0-662)] with expected peak @ (x:449.0, y:100)
[PokaPoka @ 409224ms/19s/0m/19h, 27d/6mo/2021y] --> Began jumping *Entity[rgb(255-255-255), size(50-50) @ pos(452.0-656)] with expected peak @ (x:452.0, y:100)
[PokaPoka @ 426015ms/19s/0m/19h, 27d/6mo/2021y] --> Began jumping *Entity[rgb(255-255-255), size(50-50) @ pos(455.0-648)] with expected peak @ (x:455.0, y:100)
[PokaPoka @ 442584ms/19s/0m/19h, 27d/6mo/2021y] --> Began jumping *Entity[rgb(255-255-255), size(50-50) @ pos(458.0-638)] with expected peak @ (x:458.0, y:100)
[PokaPoka @ 459095ms/19s/0m/19h, 27d/6mo/2021y] --> Began jumping *Entity[rgb(255-255-255), size(50-50) @ pos(461.0-626)] with expected peak @ (x:461.0, y:100)
[PokaPoka @ 476907ms/19s/0m/19h, 27d/6mo/2021y] --> Began jumping *Entity[rgb(255-255-255), size(50-50) @ pos(464.0-612)] with expected peak @ (x:464.0, y:100)
[PokaPoka @ 491854ms/19s/0m/19h, 27d/6mo/2021y] --> Began jumping *Entity[rgb(255-255-255), size(50-50) @ pos(467.0-596)] with expected peak @ (x:467.0, y:100)
[PokaPoka @ 508857ms/19s/0m/19h, 27d/6mo/2021y] --> Began jumping *Entity[rgb(255-255-255), size(50-50) @ pos(470.0-578)] with expected peak @ (x:470.0, y:100)
[PokaPoka @ 525901ms/19s/0m/19h, 27d/6mo/2021y] --> Began jumping *Entity[rgb(255-255-255), size(50-50) @ pos(473.0-558)] with expected peak @ (x:473.0, y:100)
[PokaPoka @ 540901ms/19s/0m/19h, 27d/6mo/2021y] --> Began jumping *Entity[rgb(255-255-255), size(50-50) @ pos(476.0-536)] with expected peak @ (x:476.0, y:100)
[PokaPoka @ 101614ms/20s/0m/19h, 27d/6mo/2021y] --> Began jumping *Entity[rgb(255-255-255), size(50-50) @ pos(578.0-668)] with expected peak @ (x:578.0, y:100)
[PokaPoka @ 118109ms/20s/0m/19h, 27d/6mo/2021y] --> Began jumping *Entity[rgb(255-255-255), size(50-50) @ pos(581.0-668)] with expected peak @ (x:581.0, y:100)
[PokaPoka @ 135068ms/20s/0m/19h, 27d/6mo/2021y] --> Began jumping *Entity[rgb(255-255-255), size(50-50) @ pos(584.0-666)] with expected peak @ (x:584.0, y:100)
[PokaPoka @ 151308ms/20s/0m/19h, 27d/6mo/2021y] --> Began jumping *Entity[rgb(255-255-255), size(50-50) @ pos(587.0-662)] with expected peak @ (x:587.0, y:100)
[PokaPoka @ 167925ms/20s/0m/19h, 27d/6mo/2021y] --> Began jumping *Entity[rgb(255-255-255), size(50-50) @ pos(590.0-656)] with expected peak @ (x:590.0, y:100)
[PokaPoka @ 183401ms/20s/0m/19h, 27d/6mo/2021y] --> Began jumping *Entity[rgb(255-255-255), size(50-50) @ pos(593.0-648)] with expected peak @ (x:593.0, y:100)
[PokaPoka @ 199970ms/20s/0m/19h, 27d/6mo/2021y] --> Began jumping *Entity[rgb(255-255-255), size(50-50) @ pos(596.0-638)] with expected peak @ (x:596.0, y:100)
[PokaPoka @ 215799ms/20s/0m/19h, 27d/6mo/2021y] --> Began jumping *Entity[rgb(255-255-255), size(50-50) @ pos(599.0-626)] with expected peak @ (x:599.0, y:100)
[PokaPoka @ 231325ms/20s/0m/19h, 27d/6mo/2021y] --> Began jumping *Entity[rgb(255-255-255), size(50-50) @ pos(602.0-612)] with expected peak @ (x:602.0, y:100)
[PokaPoka @ 247675ms/20s/0m/19h, 27d/6mo/2021y] --> Began jumping *Entity[rgb(255-255-255), size(50-50) @ pos(605.0-596)] with expected peak @ (x:605.0, y:100)
[PokaPoka @ 263945ms/20s/0m/19h, 27d/6mo/2021y] --> Began jumping *Entity[rgb(255-255-255), size(50-50) @ pos(608.0-578)] with expected peak @ (x:608.0, y:100)
[PokaPoka @ 279692ms/20s/0m/19h, 27d/6mo/2021y] --> Began jumping *Entity[rgb(255-255-255), size(50-50) @ pos(611.0-558)] with expected peak @ (x:611.0, y:100)
[PokaPoka @ 296877ms/20s/0m/19h, 27d/6mo/2021y] --> Began jumping *Entity[rgb(255-255-255), size(50-50) @ pos(614.0-536)] with expected peak @ (x:614.0, y:100)
[PokaPoka @ 313966ms/20s/0m/19h, 27d/6mo/2021y] --> Began jumping *Entity[rgb(255-255-255), size(50-50) @ pos(617.0-512)] with expected peak @ (x:617.0, y:100)
[PokaPoka @ 492152ms/20s/0m/19h, 27d/6mo/2021y] --> Began jumping *Entity[rgb(255-255-255), size(50-50) @ pos(650.0-502)] with expected peak @ (x:650.0, y:100)
[PokaPoka @ 509182ms/20s/0m/19h, 27d/6mo/2021y] --> Began jumping *Entity[rgb(255-255-255), size(50-50) @ pos(653.0-502)] with expected peak @ (x:653.0, y:100)
[PokaPoka @ 526845ms/20s/0m/19h, 27d/6mo/2021y] --> Began jumping *Entity[rgb(255-255-255), size(50-50) @ pos(656.0-500)] with expected peak @ (x:656.0, y:100)
[PokaPoka @ 542322ms/20s/0m/19h, 27d/6mo/2021y] --> Began jumping *Entity[rgb(255-255-255), size(50-50) @ pos(659.0-496)] with expected peak @ (x:659.0, y:100)
[PokaPoka @ 559019ms/20s/0m/19h, 27d/6mo/2021y] --> Began jumping *Entity[rgb(255-255-255), size(50-50) @ pos(662.0-490)] with expected peak @ (x:662.0, y:100)
[PokaPoka @ 574807ms/20s/0m/19h, 27d/6mo/2021y] --> Began jumping *Entity[rgb(255-255-255), size(50-50) @ pos(665.0-482)] with expected peak @ (x:665.0, y:100)
[PokaPoka @ 590307ms/20s/0m/19h, 27d/6mo/2021y] --> Began jumping *Entity[rgb(255-255-255), size(50-50) @ pos(668.0-472)] with expected peak @ (x:668.0, y:100)
[PokaPoka @ 606742ms/20s/0m/19h, 27d/6mo/2021y] --> Began jumping *Entity[rgb(255-255-255), size(50-50) @ pos(671.0-460)] with expected peak @ (x:671.0, y:100)
[PokaPoka @ 623210ms/20s/0m/19h, 27d/6mo/2021y] --> Began jumping *Entity[rgb(255-255-255), size(50-50) @ pos(674.0-446)] with expected peak @ (x:674.0, y:100)
[PokaPoka @ 639837ms/20s/0m/19h, 27d/6mo/2021y] --> Began jumping *Entity[rgb(255-255-255), size(50-50) @ pos(677.0-430)] with expected peak @ (x:677.0, y:100)
[PokaPoka @ 655948ms/20s/0m/19h, 27d/6mo/2021y] --> Began jumping *Entity[rgb(255-255-255), size(50-50) @ pos(680.0-412)] with expected peak @ (x:680.0, y:100)
[PokaPoka @ 671813ms/20s/0m/19h, 27d/6mo/2021y] --> Began jumping *Entity[rgb(255-255-255), size(50-50) @ pos(683.0-392)] with expected peak @ (x:683.0, y:100)
[PokaPoka @ 687559ms/20s/0m/19h, 27d/6mo/2021y] --> Began jumping *Entity[rgb(255-255-255), size(50-50) @ pos(686.0-370)] with expected peak @ (x:686.0, y:100)
[PokaPoka @ 815067ms/21s/0m/19h, 27d/6mo/2021y] --> Began jumping *Entity[rgb(255-255-255), size(50-50) @ pos(770.0-668)] with expected peak @ (x:770.0, y:100)
[PokaPoka @ 830797ms/21s/0m/19h, 27d/6mo/2021y] --> Began jumping *Entity[rgb(255-255-255), size(50-50) @ pos(767.0-668)] with expected peak @ (x:767.0, y:100)
[PokaPoka @ 848791ms/21s/0m/19h, 27d/6mo/2021y] --> Began jumping *Entity[rgb(255-255-255), size(50-50) @ pos(764.0-666)] with expected peak @ (x:764.0, y:100)
[PokaPoka @ 864930ms/21s/0m/19h, 27d/6mo/2021y] --> Began jumping *Entity[rgb(255-255-255), size(50-50) @ pos(761.0-662)] with expected peak @ (x:761.0, y:100)
[PokaPoka @ 880289ms/21s/0m/19h, 27d/6mo/2021y] --> Began jumping *Entity[rgb(255-255-255), size(50-50) @ pos(758.0-656)] with expected peak @ (x:758.0, y:100)
[PokaPoka @ 897271ms/21s/0m/19h, 27d/6mo/2021y] --> Began jumping *Entity[rgb(255-255-255), size(50-50) @ pos(755.0-648)] with expected peak @ (x:755.0, y:100)
[PokaPoka @ 913575ms/21s/0m/19h, 27d/6mo/2021y] --> Began jumping *Entity[rgb(255-255-255), size(50-50) @ pos(752.0-638)] with expected peak @ (x:752.0, y:100)
[PokaPoka @ 929791ms/21s/0m/19h, 27d/6mo/2021y] --> Began jumping *Entity[rgb(255-255-255), size(50-50) @ pos(749.0-626)] with expected peak @ (x:749.0, y:100)
[PokaPoka @ 946877ms/21s/0m/19h, 27d/6mo/2021y] --> Began jumping *Entity[rgb(255-255-255), size(50-50) @ pos(746.0-612)] with expected peak @ (x:746.0, y:100)
[PokaPoka @ 962815ms/21s/0m/19h, 27d/6mo/2021y] --> Began jumping *Entity[rgb(255-255-255), size(50-50) @ pos(743.0-596)] with expected peak @ (x:743.0, y:100)
[PokaPoka @ 977812ms/21s/0m/19h, 27d/6mo/2021y] --> Began jumping *Entity[rgb(255-255-255), size(50-50) @ pos(740.0-578)] with expected peak @ (x:740.0, y:100)
[PokaPoka @ 994731ms/21s/0m/19h, 27d/6mo/2021y] --> Began jumping *Entity[rgb(255-255-255), size(50-50) @ pos(737.0-558)] with expected peak @ (x:737.0, y:100)
[PokaPoka @ 10935ms/22s/0m/19h, 27d/6mo/2021y] --> Began jumping *Entity[rgb(255-255-255), size(50-50) @ pos(734.0-536)] with expected peak @ (x:734.0, y:100)
[PokaPoka @ 27213ms/22s/0m/19h, 27d/6mo/2021y] --> Began jumping *Entity[rgb(255-255-255), size(50-50) @ pos(731.0-512)] with expected peak @ (x:731.0, y:100)
[PokaPoka @ 45121ms/22s/0m/19h, 27d/6mo/2021y] --> Began jumping *Entity[rgb(255-255-255), size(50-50) @ pos(728.0-486)] with expected peak @ (x:728.0, y:100)
[PokaPoka @ 60439ms/22s/0m/19h, 27d/6mo/2021y] --> Began jumping *Entity[rgb(255-255-255), size(50-50) @ pos(725.0-458)] with expected peak @ (x:725.0, y:100)
[PokaPoka @ 77089ms/22s/0m/19h, 27d/6mo/2021y] --> Began jumping *Entity[rgb(255-255-255), size(50-50) @ pos(722.0-428)] with expected peak @ (x:722.0, y:100)
[PokaPoka @ 746793ms/22s/0m/19h, 27d/6mo/2021y] --> Began jumping *Entity[rgb(255-255-255), size(50-50) @ pos(599.0-668)] with expected peak @ (x:599.0, y:100)
[PokaPoka @ 762382ms/22s/0m/19h, 27d/6mo/2021y] --> Began jumping *Entity[rgb(255-255-255), size(50-50) @ pos(596.0-668)] with expected peak @ (x:596.0, y:100)
[PokaPoka @ 778856ms/22s/0m/19h, 27d/6mo/2021y] --> Began jumping *Entity[rgb(255-255-255), size(50-50) @ pos(593.0-666)] with expected peak @ (x:593.0, y:100)
[PokaPoka @ 794953ms/22s/0m/19h, 27d/6mo/2021y] --> Began jumping *Entity[rgb(255-255-255), size(50-50) @ pos(590.0-662)] with expected peak @ (x:590.0, y:100)
[PokaPoka @ 810764ms/22s/0m/19h, 27d/6mo/2021y] --> Began jumping *Entity[rgb(255-255-255), size(50-50) @ pos(587.0-656)] with expected peak @ (x:587.0, y:100)
[PokaPoka @ 827044ms/22s/0m/19h, 27d/6mo/2021y] --> Began jumping *Entity[rgb(255-255-255), size(50-50) @ pos(584.0-648)] with expected peak @ (x:584.0, y:100)
[PokaPoka @ 842831ms/22s/0m/19h, 27d/6mo/2021y] --> Began jumping *Entity[rgb(255-255-255), size(50-50) @ pos(581.0-638)] with expected peak @ (x:581.0, y:100)
[PokaPoka @ 859149ms/22s/0m/19h, 27d/6mo/2021y] --> Began jumping *Entity[rgb(255-255-255), size(50-50) @ pos(578.0-626)] with expected peak @ (x:578.0, y:100)
[PokaPoka @ 875882ms/22s/0m/19h, 27d/6mo/2021y] --> Began jumping *Entity[rgb(255-255-255), size(50-50) @ pos(575.0-612)] with expected peak @ (x:575.0, y:100)
[PokaPoka @ 892519ms/22s/0m/19h, 27d/6mo/2021y] --> Began jumping *Entity[rgb(255-255-255), size(50-50) @ pos(572.0-596)] with expected peak @ (x:572.0, y:100)
[PokaPoka @ 909195ms/22s/0m/19h, 27d/6mo/2021y] --> Began jumping *Entity[rgb(255-255-255), size(50-50) @ pos(569.0-578)] with expected peak @ (x:569.0, y:100)
[PokaPoka @ 926870ms/22s/0m/19h, 27d/6mo/2021y] --> Began jumping *Entity[rgb(255-255-255), size(50-50) @ pos(566.0-558)] with expected peak @ (x:566.0, y:100)
[PokaPoka @ 944436ms/22s/0m/19h, 27d/6mo/2021y] --> Began jumping *Entity[rgb(255-255-255), size(50-50) @ pos(563.0-536)] with expected peak @ (x:563.0, y:100)
[PokaPoka @ 960874ms/22s/0m/19h, 27d/6mo/2021y] --> Began jumping *Entity[rgb(255-255-255), size(50-50) @ pos(560.0-512)] with expected peak @ (x:560.0, y:100)
[PokaPoka @ 975835ms/22s/0m/19h, 27d/6mo/2021y] --> Began jumping *Entity[rgb(255-255-255), size(50-50) @ pos(557.0-486)] with expected peak @ (x:557.0, y:100)
[PokaPoka @ 992788ms/22s/0m/19h, 27d/6mo/2021y] --> Began jumping *Entity[rgb(255-255-255), size(50-50) @ pos(554.0-458)] with expected peak @ (x:554.0, y:100)
[PokaPoka @ 9843ms/23s/0m/19h, 27d/6mo/2021y] --> Began jumping *Entity[rgb(255-255-255), size(50-50) @ pos(551.0-428)] with expected peak @ (x:551.0, y:100)
[PokaPoka @ 26071ms/23s/0m/19h, 27d/6mo/2021y] --> Began jumping *Entity[rgb(255-255-255), size(50-50) @ pos(548.0-396)] with expected peak @ (x:548.0, y:100)
[PokaPoka @ 41147ms/23s/0m/19h, 27d/6mo/2021y] --> Began jumping *Entity[rgb(255-255-255), size(50-50) @ pos(545.0-362)] with expected peak @ (x:545.0, y:100)
[PokaPoka @ 57706ms/23s/0m/19h, 27d/6mo/2021y] --> Began jumping *Entity[rgb(255-255-255), size(50-50) @ pos(542.0-326)] with expected peak @ (x:542.0, y:100)
[PokaPoka @ 73515ms/23s/0m/19h, 27d/6mo/2021y] --> Began jumping *Entity[rgb(255-255-255), size(50-50) @ pos(539.0-288)] with expected peak @ (x:539.0, y:100)
[PokaPoka @ 89797ms/23s/0m/19h, 27d/6mo/2021y] --> Began jumping *Entity[rgb(255-255-255), size(50-50) @ pos(536.0-248)] with expected peak @ (x:536.0, y:100)
[PokaPoka @ 105969ms/23s/0m/19h, 27d/6mo/2021y] --> Began jumping *Entity[rgb(255-255-255), size(50-50) @ pos(533.0-206)] with expected peak @ (x:533.0, y:100)
[PokaPoka @ 121802ms/23s/0m/19h, 27d/6mo/2021y] --> Began jumping *Entity[rgb(255-255-255), size(50-50) @ pos(530.0-162)] with expected peak @ (x:530.0, y:100)
[PokaPoka @ 137388ms/23s/0m/19h, 27d/6mo/2021y] --> Began jumping *Entity[rgb(255-255-255), size(50-50) @ pos(527.0-116)] with expected peak @ (x:527.0, y:100)
[PokaPoka @ 153866ms/23s/0m/19h, 27d/6mo/2021y] --> Began jumping *Entity[rgb(255-255-255), size(50-50) @ pos(524.0-68)] with expected peak @ (x:524.0, y:100)
[PokaPoka @ 170123ms/23s/0m/19h, 27d/6mo/2021y] --> Began jumping *Entity[rgb(255-255-255), size(50-50) @ pos(521.0-18)] with expected peak @ (x:521.0, y:100)
[PokaPoka @ 186161ms/23s/0m/19h, 27d/6mo/2021y] --> Began jumping *Entity[rgb(255-255-255), size(50-50) @ pos(518.0--34)] with expected peak @ (x:518.0, y:100)
[PokaPoka @ 202561ms/23s/0m/19h, 27d/6mo/2021y] --> Began jumping *Entity[rgb(255-255-255), size(50-50) @ pos(515.0--88)] with expected peak @ (x:515.0, y:100)
[PokaPoka @ 218918ms/23s/0m/19h, 27d/6mo/2021y] --> Began jumping *Entity[rgb(255-255-255), size(50-50) @ pos(512.0--144)] with expected peak @ (x:512.0, y:100)
[PokaPoka @ 235271ms/23s/0m/19h, 27d/6mo/2021y] --> Began jumping *Entity[rgb(255-255-255), size(50-50) @ pos(509.0--202)] with expected peak @ (x:509.0, y:100)
[PokaPoka @ 252795ms/23s/0m/19h, 27d/6mo/2021y] --> Began jumping *Entity[rgb(255-255-255), size(50-50) @ pos(506.0--262)] with expected peak @ (x:506.0, y:100)
[PokaPoka @ 648444ms/24s/0m/19h, 27d/6mo/2021y] --> Began jumping *Entity[rgb(255-255-255), size(50-50) @ pos(443.0-668)] with expected peak @ (x:443.0, y:100)
[PokaPoka @ 665032ms/24s/0m/19h, 27d/6mo/2021y] --> Began jumping *Entity[rgb(255-255-255), size(50-50) @ pos(446.0-668)] with expected peak @ (x:446.0, y:100)
[PokaPoka @ 681359ms/24s/0m/19h, 27d/6mo/2021y] --> Began jumping *Entity[rgb(255-255-255), size(50-50) @ pos(449.0-666)] with expected peak @ (x:449.0, y:100)
[PokaPoka @ 697512ms/24s/0m/19h, 27d/6mo/2021y] --> Began jumping *Entity[rgb(255-255-255), size(50-50) @ pos(452.0-662)] with expected peak @ (x:452.0, y:100)
[PokaPoka @ 713493ms/24s/0m/19h, 27d/6mo/2021y] --> Began jumping *Entity[rgb(255-255-255), size(50-50) @ pos(455.0-656)] with expected peak @ (x:455.0, y:100)
[PokaPoka @ 729884ms/24s/0m/19h, 27d/6mo/2021y] --> Began jumping *Entity[rgb(255-255-255), size(50-50) @ pos(458.0-648)] with expected peak @ (x:458.0, y:100)
[PokaPoka @ 745990ms/24s/0m/19h, 27d/6mo/2021y] --> Began jumping *Entity[rgb(255-255-255), size(50-50) @ pos(461.0-638)] with expected peak @ (x:461.0, y:100)
[PokaPoka @ 761428ms/24s/0m/19h, 27d/6mo/2021y] --> Began jumping *Entity[rgb(255-255-255), size(50-50) @ pos(464.0-626)] with expected peak @ (x:464.0, y:100)
[PokaPoka @ 778057ms/24s/0m/19h, 27d/6mo/2021y] --> Began jumping *Entity[rgb(255-255-255), size(50-50) @ pos(467.0-612)] with expected peak @ (x:467.0, y:100)
[PokaPoka @ 793731ms/24s/0m/19h, 27d/6mo/2021y] --> Began jumping *Entity[rgb(255-255-255), size(50-50) @ pos(470.0-596)] with expected peak @ (x:470.0, y:100)
[PokaPoka @ 809696ms/24s/0m/19h, 27d/6mo/2021y] --> Began jumping *Entity[rgb(255-255-255), size(50-50) @ pos(473.0-578)] with expected peak @ (x:473.0, y:100)
[PokaPoka @ 825856ms/24s/0m/19h, 27d/6mo/2021y] --> Began jumping *Entity[rgb(255-255-255), size(50-50) @ pos(476.0-558)] with expected peak @ (x:476.0, y:100)
[PokaPoka @ 842457ms/24s/0m/19h, 27d/6mo/2021y] --> Began jumping *Entity[rgb(255-255-255), size(50-50) @ pos(479.0-536)] with expected peak @ (x:479.0, y:100)
[PokaPoka @ 859101ms/24s/0m/19h, 27d/6mo/2021y] --> Began jumping *Entity[rgb(255-255-255), size(50-50) @ pos(482.0-512)] with expected peak @ (x:482.0, y:100)
[PokaPoka @ 876829ms/24s/0m/19h, 27d/6mo/2021y] --> Began jumping *Entity[rgb(255-255-255), size(50-50) @ pos(485.0-486)] with expected peak @ (x:485.0, y:100)
[PokaPoka @ 892468ms/24s/0m/19h, 27d/6mo/2021y] --> Began jumping *Entity[rgb(255-255-255), size(50-50) @ pos(488.0-458)] with expected peak @ (x:488.0, y:100)
[PokaPoka @ 908915ms/24s/0m/19h, 27d/6mo/2021y] --> Began jumping *Entity[rgb(255-255-255), size(50-50) @ pos(491.0-428)] with expected peak @ (x:491.0, y:100)
[PokaPoka @ 925030ms/24s/0m/19h, 27d/6mo/2021y] --> Began jumping *Entity[rgb(255-255-255), size(50-50) @ pos(494.0-396)] with expected peak @ (x:494.0, y:100)
[PokaPoka @ 941627ms/24s/0m/19h, 27d/6mo/2021y] --> Began jumping *Entity[rgb(255-255-255), size(50-50) @ pos(497.0-362)] with expected peak @ (x:497.0, y:100)
[PokaPoka @ 958943ms/24s/0m/19h, 27d/6mo/2021y] --> Began jumping *Entity[rgb(255-255-255), size(50-50) @ pos(500.0-326)] with expected peak @ (x:500.0, y:100)
[PokaPoka @ 974758ms/24s/0m/19h, 27d/6mo/2021y] --> Began jumping *Entity[rgb(255-255-255), size(50-50) @ pos(503.0-288)] with expected peak @ (x:503.0, y:100)
[PokaPoka @ 989744ms/24s/0m/19h, 27d/6mo/2021y] --> Began jumping *Entity[rgb(255-255-255), size(50-50) @ pos(506.0-248)] with expected peak @ (x:506.0, y:100)
[PokaPoka @ 5668ms/25s/0m/19h, 27d/6mo/2021y] --> Began jumping *Entity[rgb(255-255-255), size(50-50) @ pos(509.0-206)] with expected peak @ (x:509.0, y:100)
[PokaPoka @ 21793ms/25s/0m/19h, 27d/6mo/2021y] --> Began jumping *Entity[rgb(255-255-255), size(50-50) @ pos(512.0-162)] with expected peak @ (x:512.0, y:100)
[PokaPoka @ 37332ms/25s/0m/19h, 27d/6mo/2021y] --> Began jumping *Entity[rgb(255-255-255), size(50-50) @ pos(515.0-116)] with expected peak @ (x:515.0, y:100)
[PokaPoka @ 53831ms/25s/0m/19h, 27d/6mo/2021y] --> Began jumping *Entity[rgb(255-255-255), size(50-50) @ pos(518.0-68)] with expected peak @ (x:518.0, y:100)
[PokaPoka @ 70110ms/25s/0m/19h, 27d/6mo/2021y] --> Began jumping *Entity[rgb(255-255-255), size(50-50) @ pos(521.0-18)] with expected peak @ (x:521.0, y:100)
[PokaPoka @ 87485ms/25s/0m/19h, 27d/6mo/2021y] --> Began jumping *Entity[rgb(255-255-255), size(50-50) @ pos(524.0--34)] with expected peak @ (x:524.0, y:100)
[PokaPoka @ 103566ms/25s/0m/19h, 27d/6mo/2021y] --> Began jumping *Entity[rgb(255-255-255), size(50-50) @ pos(527.0--88)] with expected peak @ (x:527.0, y:100)
[PokaPoka @ 120692ms/25s/0m/19h, 27d/6mo/2021y] --> Began jumping *Entity[rgb(255-255-255), size(50-50) @ pos(527.0--144)] with expected peak @ (x:527.0, y:100)
[PokaPoka @ 97292ms/26s/0m/19h, 27d/6mo/2021y] --> Began jumping *Entity[rgb(255-255-255), size(50-50) @ pos(506.0-610)] with expected peak @ (x:506.0, y:100)
[PokaPoka @ 113474ms/26s/0m/19h, 27d/6mo/2021y] --> Began jumping *Entity[rgb(255-255-255), size(50-50) @ pos(503.0-610)] with expected peak @ (x:503.0, y:100)
[PokaPoka @ 129766ms/26s/0m/19h, 27d/6mo/2021y] --> Began jumping *Entity[rgb(255-255-255), size(50-50) @ pos(500.0-608)] with expected peak @ (x:500.0, y:100)
[PokaPoka @ 145943ms/26s/0m/19h, 27d/6mo/2021y] --> Began jumping *Entity[rgb(255-255-255), size(50-50) @ pos(497.0-604)] with expected peak @ (x:497.0, y:100)
[PokaPoka @ 161652ms/26s/0m/19h, 27d/6mo/2021y] --> Began jumping *Entity[rgb(255-255-255), size(50-50) @ pos(494.0-598)] with expected peak @ (x:494.0, y:100)
[PokaPoka @ 178966ms/26s/0m/19h, 27d/6mo/2021y] --> Began jumping *Entity[rgb(255-255-255), size(50-50) @ pos(491.0-590)] with expected peak @ (x:491.0, y:100)
[PokaPoka @ 193996ms/26s/0m/19h, 27d/6mo/2021y] --> Began jumping *Entity[rgb(255-255-255), size(50-50) @ pos(488.0-580)] with expected peak @ (x:488.0, y:100)
[PokaPoka @ 211044ms/26s/0m/19h, 27d/6mo/2021y] --> Began jumping *Entity[rgb(255-255-255), size(50-50) @ pos(485.0-568)] with expected peak @ (x:485.0, y:100)
[PokaPoka @ 226912ms/26s/0m/19h, 27d/6mo/2021y] --> Began jumping *Entity[rgb(255-255-255), size(50-50) @ pos(482.0-554)] with expected peak @ (x:482.0, y:100)
[PokaPoka @ 242728ms/26s/0m/19h, 27d/6mo/2021y] --> Began jumping *Entity[rgb(255-255-255), size(50-50) @ pos(479.0-538)] with expected peak @ (x:479.0, y:100)
[PokaPoka @ 258960ms/26s/0m/19h, 27d/6mo/2021y] --> Began jumping *Entity[rgb(255-255-255), size(50-50) @ pos(476.0-520)] with expected peak @ (x:476.0, y:100)
[PokaPoka @ 275792ms/26s/0m/19h, 27d/6mo/2021y] --> Began jumping *Entity[rgb(255-255-255), size(50-50) @ pos(473.0-500)] with expected peak @ (x:473.0, y:100)
[PokaPoka @ 292111ms/26s/0m/19h, 27d/6mo/2021y] --> Began jumping *Entity[rgb(255-255-255), size(50-50) @ pos(470.0-478)] with expected peak @ (x:470.0, y:100)
[PokaPoka @ 308936ms/26s/0m/19h, 27d/6mo/2021y] --> Began jumping *Entity[rgb(255-255-255), size(50-50) @ pos(467.0-454)] with expected peak @ (x:467.0, y:100)
[PokaPoka @ 324850ms/26s/0m/19h, 27d/6mo/2021y] --> Began jumping *Entity[rgb(255-255-255), size(50-50) @ pos(464.0-428)] with expected peak @ (x:464.0, y:100)
[PokaPoka @ 340953ms/26s/0m/19h, 27d/6mo/2021y] --> Began jumping *Entity[rgb(255-255-255), size(50-50) @ pos(461.0-400)] with expected peak @ (x:461.0, y:100)
[PokaPoka @ 357424ms/26s/0m/19h, 27d/6mo/2021y] --> Began jumping *Entity[rgb(255-255-255), size(50-50) @ pos(458.0-370)] with expected peak @ (x:458.0, y:100)
[PokaPoka @ 372294ms/26s/0m/19h, 27d/6mo/2021y] --> Began jumping *Entity[rgb(255-255-255), size(50-50) @ pos(455.0-338)] with expected peak @ (x:455.0, y:100)
[PokaPoka @ 388821ms/26s/0m/19h, 27d/6mo/2021y] --> Began jumping *Entity[rgb(255-255-255), size(50-50) @ pos(452.0-304)] with expected peak @ (x:452.0, y:100)
[PokaPoka @ 404958ms/26s/0m/19h, 27d/6mo/2021y] --> Began jumping *Entity[rgb(255-255-255), size(50-50) @ pos(452.0-268)] with expected peak @ (x:452.0, y:100)
[PokaPoka @ 420860ms/26s/0m/19h, 27d/6mo/2021y] --> Began jumping *Entity[rgb(255-255-255), size(50-50) @ pos(452.0-230)] with expected peak @ (x:452.0, y:100)
[PokaPoka @ 436170ms/26s/0m/19h, 27d/6mo/2021y] --> Began jumping *Entity[rgb(255-255-255), size(50-50) @ pos(452.0-190)] with expected peak @ (x:452.0, y:100)
[PokaPoka @ 453133ms/26s/0m/19h, 27d/6mo/2021y] --> Began jumping *Entity[rgb(255-255-255), size(50-50) @ pos(452.0-148)] with expected peak @ (x:452.0, y:100)
[PokaPoka @ 469921ms/26s/0m/19h, 27d/6mo/2021y] --> Began jumping *Entity[rgb(255-255-255), size(50-50) @ pos(452.0-104)] with expected peak @ (x:452.0, y:100)
[PokaPoka @ 485506ms/26s/0m/19h, 27d/6mo/2021y] --> Began jumping *Entity[rgb(255-255-255), size(50-50) @ pos(452.0-58)] with expected peak @ (x:452.0, y:100)
[PokaPoka @ 60507ms/27s/0m/19h, 27d/6mo/2021y] --> Began jumping *Entity[rgb(255-255-255), size(50-50) @ pos(488.0-266)] with expected peak @ (x:488.0, y:100)
[PokaPoka @ 76852ms/27s/0m/19h, 27d/6mo/2021y] --> Began jumping *Entity[rgb(255-255-255), size(50-50) @ pos(491.0-266)] with expected peak @ (x:491.0, y:100)
[PokaPoka @ 92506ms/27s/0m/19h, 27d/6mo/2021y] --> Began jumping *Entity[rgb(255-255-255), size(50-50) @ pos(494.0-264)] with expected peak @ (x:494.0, y:100)
[PokaPoka @ 109117ms/27s/0m/19h, 27d/6mo/2021y] --> Began jumping *Entity[rgb(255-255-255), size(50-50) @ pos(497.0-260)] with expected peak @ (x:497.0, y:100)
[PokaPoka @ 125810ms/27s/0m/19h, 27d/6mo/2021y] --> Began jumping *Entity[rgb(255-255-255), size(50-50) @ pos(500.0-254)] with expected peak @ (x:500.0, y:100)
[PokaPoka @ 141491ms/27s/0m/19h, 27d/6mo/2021y] --> Began jumping *Entity[rgb(255-255-255), size(50-50) @ pos(503.0-246)] with expected peak @ (x:503.0, y:100)
[PokaPoka @ 159110ms/27s/0m/19h, 27d/6mo/2021y] --> Began jumping *Entity[rgb(255-255-255), size(50-50) @ pos(506.0-236)] with expected peak @ (x:506.0, y:100)
[PokaPoka @ 176813ms/27s/0m/19h, 27d/6mo/2021y] --> Began jumping *Entity[rgb(255-255-255), size(50-50) @ pos(509.0-224)] with expected peak @ (x:509.0, y:100)
[PokaPoka @ 192217ms/27s/0m/19h, 27d/6mo/2021y] --> Began jumping *Entity[rgb(255-255-255), size(50-50) @ pos(512.0-210)] with expected peak @ (x:512.0, y:100)
[PokaPoka @ 208552ms/27s/0m/19h, 27d/6mo/2021y] --> Began jumping *Entity[rgb(255-255-255), size(50-50) @ pos(515.0-194)] with expected peak @ (x:515.0, y:100)
[PokaPoka @ 224969ms/27s/0m/19h, 27d/6mo/2021y] --> Began jumping *Entity[rgb(255-255-255), size(50-50) @ pos(518.0-176)] with expected peak @ (x:518.0, y:100)
[PokaPoka @ 241661ms/27s/0m/19h, 27d/6mo/2021y] --> Began jumping *Entity[rgb(255-255-255), size(50-50) @ pos(521.0-156)] with expected peak @ (x:521.0, y:100)
[PokaPoka @ 617435ms/27s/0m/19h, 27d/6mo/2021y] --> Attempted to QUIT @ Esc key
[PokaPoka @ 617435ms/27s/0m/19h, 27d/6mo/2021y] --> Shutting down (2nd to last) final!
[PokaPoka @ 617435ms/27s/0m/19h, 27d/6mo/2021y] --> Exported game log as PokaPoka_316461_14_0_19_27_6_2021.log