[PokaPoka @ 227926ms/56s/5m/11h, 27d/6mo/2021y] --> Beginning game startup and startup-finish
[PokaPoka @ 35701ms/57s/5m/11h, 27d/6mo/2021y] --> Began jumping *Entity[rgb(255-255-255), size(50-50) @ pos(557.0-700)] with expected peak @ (x:557.0, y:100)
[PokaPoka @ 48667ms/57s/5m/11h, 27d/6mo/2021y] --> Began jumping *Entity[rgb(255-255-255), size(50-50) @ pos(557.0-700)] with expected peak @ (x:557.0, y:100)
[PokaPoka @ 62628ms/57s/5m/11h, 27d/6mo/2021y] --> Began jumping *Entity[rgb(255-255-255), size(50-50) @ pos(557.0-698)] with expected peak @ (x:557.0, y:100)
[PokaPoka @ 77588ms/57s/5m/11h, 27d/6mo/2021y] --> Began jumping *Entity[rgb(255-255-255), size(50-50) @ pos(557.0-694)] with expected peak @ (x:557.0, y:100)
[PokaPoka @ 91550ms/57s/5m/11h, 27d/6mo/2021y] --> Began jumping *Entity[rgb(255-255-255), size(50-50) @ pos(557.0-688)] with expected peak @ (x:557.0, y:100)
[PokaPoka @ 105100ms/57s/5m/11h, 27d/6mo/2021y] --> Began jumping *Entity[rgb(255-255-255), size(50-50) @ pos(557.0-680)] with expected peak @ (x:557.0, y:100)
[PokaPoka @ 118067ms/57s/5m/11h, 27d/6mo/2021y] --> Began jumping *Entity[rgb(255-255-255), size(50-50) @ pos(557.0-670)] with expected peak @ (x:557.0, y:100)
[PokaPoka @ 131037ms/57s/5m/11h, 27d/6mo/2021y] --> Began jumping *Entity[rgb(255-255-255), size(50-50) @ pos(557.0-658)] with expected peak @ (x:557.0, y:100)
[PokaPoka @ 143993ms/57s/5m/11h, 27d/6mo/2021y] --> Began jumping *Entity[rgb(255-255-255), size(50-50) @ pos(557.0-644)] with expected peak @ (x:557.0, y:100)
[PokaPoka @ 158955ms/57s/5m/11h, 27d/6mo/2021y] --> Began jumping *Entity[rgb(255-255-255), size(50-50) @ pos(557.0-628)] with expected peak @ (x:557.0, y:100)
[PokaPoka @ 172963ms/57s/5m/11h, 27d/6mo/2021y] --> Began jumping *Entity[rgb(255-255-255), size(50-50) @ pos(557.0-610)] with expected peak @ (x:557.0, y:100)
[PokaPoka @ 185900ms/57s/5m/11h, 27d/6mo/2021y] --> Began jumping *Entity[rgb(255-255-255), size(50-50) @ pos(557.0-590)] with expected peak @ (x:557.0, y:100)
[PokaPoka @ 427927ms/58s/5m/11h, 27d/6mo/2021y] --> Began jumping *Entity[rgb(255-255-255), size(50-50) @ pos(605.0-678)] with expected peak @ (x:605.0, y:100)
[PokaPoka @ 442978ms/58s/5m/11h, 27d/6mo/2021y] --> Began jumping *Entity[rgb(255-255-255), size(50-50) @ pos(602.0-678)] with expected peak @ (x:602.0, y:100)
[PokaPoka @ 457856ms/58s/5m/11h, 27d/6mo/2021y] --> Began jumping *Entity[rgb(255-255-255), size(50-50) @ pos(599.0-676)] with expected peak @ (x:599.0, y:100)
[PokaPoka @ 471820ms/58s/5m/11h, 27d/6mo/2021y] --> Began jumping *Entity[rgb(255-255-255), size(50-50) @ pos(596.0-672)] with expected peak @ (x:596.0, y:100)
[PokaPoka @ 484785ms/58s/5m/11h, 27d/6mo/2021y] --> Began jumping *Entity[rgb(255-255-255), size(50-50) @ pos(593.0-666)] with expected peak @ (x:593.0, y:100)
[PokaPoka @ 498754ms/58s/5m/11h, 27d/6mo/2021y] --> Began jumping *Entity[rgb(255-255-255), size(50-50) @ pos(590.0-658)] with expected peak @ (x:590.0, y:100)
[PokaPoka @ 512745ms/58s/5m/11h, 27d/6mo/2021y] --> Began jumping *Entity[rgb(255-255-255), size(50-50) @ pos(587.0-648)] with expected peak @ (x:587.0, y:100)
[PokaPoka @ 527669ms/58s/5m/11h, 27d/6mo/2021y] --> Began jumping *Entity[rgb(255-255-255), size(50-50) @ pos(584.0-636)] with expected peak @ (x:584.0, y:100)
[PokaPoka @ 542299ms/58s/5m/11h, 27d/6mo/2021y] --> Began jumping *Entity[rgb(255-255-255), size(50-50) @ pos(581.0-622)] with expected peak @ (x:581.0, y:100)
[PokaPoka @ 556225ms/58s/5m/11h, 27d/6mo/2021y] --> Began jumping *Entity[rgb(255-255-255), size(50-50) @ pos(578.0-606)] with expected peak @ (x:578.0, y:100)
[PokaPoka @ 569190ms/58s/5m/11h, 27d/6mo/2021y] --> Began jumping *Entity[rgb(255-255-255), size(50-50) @ pos(575.0-588)] with expected peak @ (x:575.0, y:100)
[PokaPoka @ 161862ms/59s/5m/11h, 27d/6mo/2021y] --> Began jumping *Entity[rgb(255-255-255), size(50-50) @ pos(449.0-678)] with expected peak @ (x:449.0, y:100)
[PokaPoka @ 175825ms/59s/5m/11h, 27d/6mo/2021y] --> Began jumping *Entity[rgb(255-255-255), size(50-50) @ pos(446.0-678)] with expected peak @ (x:446.0, y:100)
[PokaPoka @ 190531ms/59s/5m/11h, 27d/6mo/2021y] --> Began jumping *Entity[rgb(255-255-255), size(50-50) @ pos(443.0-676)] with expected peak @ (x:443.0, y:100)
[PokaPoka @ 203828ms/59s/5m/11h, 27d/6mo/2021y] --> Began jumping *Entity[rgb(255-255-255), size(50-50) @ pos(440.0-672)] with expected peak @ (x:440.0, y:100)
[PokaPoka @ 216832ms/59s/5m/11h, 27d/6mo/2021y] --> Began jumping *Entity[rgb(255-255-255), size(50-50) @ pos(437.0-666)] with expected peak @ (x:437.0, y:100)
[PokaPoka @ 230764ms/59s/5m/11h, 27d/6mo/2021y] --> Began jumping *Entity[rgb(255-255-255), size(50-50) @ pos(434.0-658)] with expected peak @ (x:434.0, y:100)
[PokaPoka @ 242802ms/59s/5m/11h, 27d/6mo/2021y] --> Began jumping *Entity[rgb(255-255-255), size(50-50) @ pos(431.0-648)] with expected peak @ (x:431.0, y:100)
[PokaPoka @ 258008ms/59s/5m/11h, 27d/6mo/2021y] --> Began jumping *Entity[rgb(255-255-255), size(50-50) @ pos(428.0-636)] with expected peak @ (x:428.0, y:100)
[PokaPoka @ 271969ms/59s/5m/11h, 27d/6mo/2021y] --> Began jumping *Entity[rgb(255-255-255), size(50-50) @ pos(425.0-622)] with expected peak @ (x:425.0, y:100)
[PokaPoka @ 284937ms/59s/5m/11h, 27d/6mo/2021y] --> Began jumping *Entity[rgb(255-255-255), size(50-50) @ pos(422.0-606)] with expected peak @ (x:422.0, y:100)
[PokaPoka @ 297906ms/59s/5m/11h, 27d/6mo/2021y] --> Began jumping *Entity[rgb(255-255-255), size(50-50) @ pos(419.0-588)] with expected peak @ (x:419.0, y:100)
[PokaPoka @ 615563ms/0s/6m/11h, 27d/6mo/2021y] --> Began jumping *Entity[rgb(255-255-255), size(50-50) @ pos(362.0-678)] with expected peak @ (x:362.0, y:100)
[PokaPoka @ 629524ms/0s/6m/11h, 27d/6mo/2021y] --> Began jumping *Entity[rgb(255-255-255), size(50-50) @ pos(365.0-678)] with expected peak @ (x:365.0, y:100)
[PokaPoka @ 648694ms/0s/6m/11h, 27d/6mo/2021y] --> Began jumping *Entity[rgb(255-255-255), size(50-50) @ pos(368.0-676)] with expected peak @ (x:368.0, y:100)
[PokaPoka @ 661658ms/0s/6m/11h, 27d/6mo/2021y] --> Began jumping *Entity[rgb(255-255-255), size(50-50) @ pos(371.0-672)] with expected peak @ (x:371.0, y:100)
[PokaPoka @ 676619ms/0s/6m/11h, 27d/6mo/2021y] --> Began jumping *Entity[rgb(255-255-255), size(50-50) @ pos(374.0-666)] with expected peak @ (x:374.0, y:100)
[PokaPoka @ 690866ms/0s/6m/11h, 27d/6mo/2021y] --> Began jumping *Entity[rgb(255-255-255), size(50-50) @ pos(377.0-658)] with expected peak @ (x:377.0, y:100)
[PokaPoka @ 705117ms/0s/6m/11h, 27d/6mo/2021y] --> Began jumping *Entity[rgb(255-255-255), size(50-50) @ pos(380.0-648)] with expected peak @ (x:380.0, y:100)
[PokaPoka @ 718087ms/0s/6m/11h, 27d/6mo/2021y] --> Began jumping *Entity[rgb(255-255-255), size(50-50) @ pos(383.0-636)] with expected peak @ (x:383.0, y:100)
[PokaPoka @ 731053ms/0s/6m/11h, 27d/6mo/2021y] --> Began jumping *Entity[rgb(255-255-255), size(50-50) @ pos(386.0-622)] with expected peak @ (x:386.0, y:100)
[PokaPoka @ 744014ms/0s/6m/11h, 27d/6mo/2021y] --> Began jumping *Entity[rgb(255-255-255), size(50-50) @ pos(389.0-606)] with expected peak @ (x:389.0, y:100)
[PokaPoka @ 759004ms/0s/6m/11h, 27d/6mo/2021y] --> Began jumping *Entity[rgb(255-255-255), size(50-50) @ pos(392.0-588)] with expected peak @ (x:392.0, y:100)
[PokaPoka @ 198760ms/2s/6m/11h, 27d/6mo/2021y] --> Mouse interacted with hotbar slot(4) --> removed from inventory
[PokaPoka @ 877707ms/3s/6m/11h, 27d/6mo/2021y] --> Began jumping *Entity[rgb(255-255-255), size(50-50) @ pos(428.0-678)] with expected peak @ (x:428.0, y:100)
[PokaPoka @ 892663ms/3s/6m/11h, 27d/6mo/2021y] --> Began jumping *Entity[rgb(255-255-255), size(50-50) @ pos(431.0-678)] with expected peak @ (x:431.0, y:100)
[PokaPoka @ 907658ms/3s/6m/11h, 27d/6mo/2021y] --> Began jumping *Entity[rgb(255-255-255), size(50-50) @ pos(434.0-676)] with expected peak @ (x:434.0, y:100)
[PokaPoka @ 921586ms/3s/6m/11h, 27d/6mo/2021y] --> Began jumping *Entity[rgb(255-255-255), size(50-50) @ pos(437.0-672)] with expected peak @ (x:437.0, y:100)
[PokaPoka @ 934557ms/3s/6m/11h, 27d/6mo/2021y] --> Began jumping *Entity[rgb(255-255-255), size(50-50) @ pos(440.0-666)] with expected peak @ (x:440.0, y:100)
[PokaPoka @ 948517ms/3s/6m/11h, 27d/6mo/2021y] --> Began jumping *Entity[rgb(255-255-255), size(50-50) @ pos(443.0-658)] with expected peak @ (x:443.0, y:100)
[PokaPoka @ 961481ms/3s/6m/11h, 27d/6mo/2021y] --> Began jumping *Entity[rgb(255-255-255), size(50-50) @ pos(446.0-648)] with expected peak @ (x:446.0, y:100)
[PokaPoka @ 976611ms/3s/6m/11h, 27d/6mo/2021y] --> Began jumping *Entity[rgb(255-255-255), size(50-50) @ pos(449.0-636)] with expected peak @ (x:449.0, y:100)
[PokaPoka @ 990929ms/3s/6m/11h, 27d/6mo/2021y] --> Began jumping *Entity[rgb(255-255-255), size(50-50) @ pos(452.0-622)] with expected peak @ (x:452.0, y:100)
[PokaPoka @ 6922ms/4s/6m/11h, 27d/6mo/2021y] --> Began jumping *Entity[rgb(255-255-255), size(50-50) @ pos(455.0-606)] with expected peak @ (x:455.0, y:100)
[PokaPoka @ 20879ms/4s/6m/11h, 27d/6mo/2021y] --> Began jumping *Entity[rgb(255-255-255), size(50-50) @ pos(458.0-588)] with expected peak @ (x:458.0, y:100)
[PokaPoka @ 460586ms/4s/6m/11h, 27d/6mo/2021y] --> Began jumping *Entity[rgb(255-255-255), size(50-50) @ pos(554.0-678)] with expected peak @ (x:554.0, y:100)
[PokaPoka @ 474872ms/4s/6m/11h, 27d/6mo/2021y] --> Began jumping *Entity[rgb(255-255-255), size(50-50) @ pos(557.0-678)] with expected peak @ (x:557.0, y:100)
[PokaPoka @ 490757ms/4s/6m/11h, 27d/6mo/2021y] --> Began jumping *Entity[rgb(255-255-255), size(50-50) @ pos(560.0-676)] with expected peak @ (x:560.0, y:100)
[PokaPoka @ 503722ms/4s/6m/11h, 27d/6mo/2021y] --> Began jumping *Entity[rgb(255-255-255), size(50-50) @ pos(563.0-672)] with expected peak @ (x:563.0, y:100)
[PokaPoka @ 517685ms/4s/6m/11h, 27d/6mo/2021y] --> Began jumping *Entity[rgb(255-255-255), size(50-50) @ pos(566.0-666)] with expected peak @ (x:566.0, y:100)
[PokaPoka @ 531650ms/4s/6m/11h, 27d/6mo/2021y] --> Began jumping *Entity[rgb(255-255-255), size(50-50) @ pos(569.0-658)] with expected peak @ (x:569.0, y:100)
[PokaPoka @ 545609ms/4s/6m/11h, 27d/6mo/2021y] --> Began jumping *Entity[rgb(255-255-255), size(50-50) @ pos(572.0-648)] with expected peak @ (x:572.0, y:100)
[PokaPoka @ 560115ms/4s/6m/11h, 27d/6mo/2021y] --> Began jumping *Entity[rgb(255-255-255), size(50-50) @ pos(575.0-636)] with expected peak @ (x:575.0, y:100)
[PokaPoka @ 575117ms/4s/6m/11h, 27d/6mo/2021y] --> Began jumping *Entity[rgb(255-255-255), size(50-50) @ pos(578.0-622)] with expected peak @ (x:578.0, y:100)
[PokaPoka @ 590097ms/4s/6m/11h, 27d/6mo/2021y] --> Began jumping *Entity[rgb(255-255-255), size(50-50) @ pos(581.0-606)] with expected peak @ (x:581.0, y:100)
[PokaPoka @ 602116ms/4s/6m/11h, 27d/6mo/2021y] --> Began jumping *Entity[rgb(255-255-255), size(50-50) @ pos(584.0-588)] with expected peak @ (x:584.0, y:100)
[PokaPoka @ 906110ms/5s/6m/11h, 27d/6mo/2021y] --> Began jumping *Entity[rgb(255-255-255), size(50-50) @ pos(653.0-722)] with expected peak @ (x:653.0, y:100)
[PokaPoka @ 919096ms/5s/6m/11h, 27d/6mo/2021y] --> Began jumping *Entity[rgb(255-255-255), size(50-50) @ pos(650.0-722)] with expected peak @ (x:650.0, y:100)
[PokaPoka @ 932042ms/5s/6m/11h, 27d/6mo/2021y] --> Began jumping *Entity[rgb(255-255-255), size(50-50) @ pos(647.0-720)] with expected peak @ (x:647.0, y:100)
[PokaPoka @ 945012ms/5s/6m/11h, 27d/6mo/2021y] --> Began jumping *Entity[rgb(255-255-255), size(50-50) @ pos(644.0-716)] with expected peak @ (x:644.0, y:100)
[PokaPoka @ 960132ms/5s/6m/11h, 27d/6mo/2021y] --> Began jumping *Entity[rgb(255-255-255), size(50-50) @ pos(641.0-710)] with expected peak @ (x:641.0, y:100)
[PokaPoka @ 975063ms/5s/6m/11h, 27d/6mo/2021y] --> Began jumping *Entity[rgb(255-255-255), size(50-50) @ pos(638.0-702)] with expected peak @ (x:638.0, y:100)
[PokaPoka @ 990052ms/5s/6m/11h, 27d/6mo/2021y] --> Began jumping *Entity[rgb(255-255-255), size(50-50) @ pos(635.0-692)] with expected peak @ (x:635.0, y:100)
[PokaPoka @ 2988ms/6s/6m/11h, 27d/6mo/2021y] --> Began jumping *Entity[rgb(255-255-255), size(50-50) @ pos(632.0-680)] with expected peak @ (x:632.0, y:100)
[PokaPoka @ 17954ms/6s/6m/11h, 27d/6mo/2021y] --> Began jumping *Entity[rgb(255-255-255), size(50-50) @ pos(629.0-666)] with expected peak @ (x:629.0, y:100)
[PokaPoka @ 31911ms/6s/6m/11h, 27d/6mo/2021y] --> Began jumping *Entity[rgb(255-255-255), size(50-50) @ pos(629.0-650)] with expected peak @ (x:629.0, y:100)
[PokaPoka @ 44878ms/6s/6m/11h, 27d/6mo/2021y] --> Began jumping *Entity[rgb(255-255-255), size(50-50) @ pos(629.0-632)] with expected peak @ (x:629.0, y:100)
[PokaPoka @ 59839ms/6s/6m/11h, 27d/6mo/2021y] --> Began jumping *Entity[rgb(255-255-255), size(50-50) @ pos(629.0-612)] with expected peak @ (x:629.0, y:100)
[PokaPoka @ 74800ms/6s/6m/11h, 27d/6mo/2021y] --> Began jumping *Entity[rgb(255-255-255), size(50-50) @ pos(629.0-590)] with expected peak @ (x:629.0, y:100)
[PokaPoka @ 850571ms/6s/6m/11h, 27d/6mo/2021y] --> Began jumping *Entity[rgb(255-255-255), size(50-50) @ pos(629.0-676)] with expected peak @ (x:629.0, y:100)
[PokaPoka @ 864538ms/6s/6m/11h, 27d/6mo/2021y] --> Began jumping *Entity[rgb(255-255-255), size(50-50) @ pos(629.0-676)] with expected peak @ (x:629.0, y:100)
[PokaPoka @ 877526ms/6s/6m/11h, 27d/6mo/2021y] --> Began jumping *Entity[rgb(255-255-255), size(50-50) @ pos(629.0-674)] with expected peak @ (x:629.0, y:100)
[PokaPoka @ 892455ms/6s/6m/11h, 27d/6mo/2021y] --> Began jumping *Entity[rgb(255-255-255), size(50-50) @ pos(629.0-670)] with expected peak @ (x:629.0, y:100)
[PokaPoka @ 906844ms/6s/6m/11h, 27d/6mo/2021y] --> Began jumping *Entity[rgb(255-255-255), size(50-50) @ pos(629.0-664)] with expected peak @ (x:629.0, y:100)
[PokaPoka @ 919811ms/6s/6m/11h, 27d/6mo/2021y] --> Began jumping *Entity[rgb(255-255-255), size(50-50) @ pos(629.0-656)] with expected peak @ (x:629.0, y:100)
[PokaPoka @ 933801ms/6s/6m/11h, 27d/6mo/2021y] --> Began jumping *Entity[rgb(255-255-255), size(50-50) @ pos(629.0-646)] with expected peak @ (x:629.0, y:100)
[PokaPoka @ 947746ms/6s/6m/11h, 27d/6mo/2021y] --> Began jumping *Entity[rgb(255-255-255), size(50-50) @ pos(629.0-634)] with expected peak @ (x:629.0, y:100)
[PokaPoka @ 960702ms/6s/6m/11h, 27d/6mo/2021y] --> Began jumping *Entity[rgb(255-255-255), size(50-50) @ pos(629.0-620)] with expected peak @ (x:629.0, y:100)
[PokaPoka @ 975664ms/6s/6m/11h, 27d/6mo/2021y] --> Began jumping *Entity[rgb(255-255-255), size(50-50) @ pos(629.0-604)] with expected peak @ (x:629.0, y:100)
[PokaPoka @ 989624ms/6s/6m/11h, 27d/6mo/2021y] --> Began jumping *Entity[rgb(255-255-255), size(50-50) @ pos(629.0-586)] with expected peak @ (x:629.0, y:100)
[PokaPoka @ 858782ms/7s/6m/11h, 27d/6mo/2021y] --> Began jumping *Entity[rgb(255-255-255), size(50-50) @ pos(629.0-676)] with expected peak @ (x:629.0, y:100)
[PokaPoka @ 872944ms/7s/6m/11h, 27d/6mo/2021y] --> Began jumping *Entity[rgb(255-255-255), size(50-50) @ pos(629.0-676)] with expected peak @ (x:629.0, y:100)
[PokaPoka @ 885026ms/7s/6m/11h, 27d/6mo/2021y] --> Began jumping *Entity[rgb(255-255-255), size(50-50) @ pos(629.0-674)] with expected peak @ (x:629.0, y:100)
[PokaPoka @ 897991ms/7s/6m/11h, 27d/6mo/2021y] --> Began jumping *Entity[rgb(255-255-255), size(50-50) @ pos(629.0-670)] with expected peak @ (x:629.0, y:100)
[PokaPoka @ 910952ms/7s/6m/11h, 27d/6mo/2021y] --> Began jumping *Entity[rgb(255-255-255), size(50-50) @ pos(629.0-664)] with expected peak @ (x:629.0, y:100)
[PokaPoka @ 925910ms/7s/6m/11h, 27d/6mo/2021y] --> Began jumping *Entity[rgb(255-255-255), size(50-50) @ pos(629.0-656)] with expected peak @ (x:629.0, y:100)
[PokaPoka @ 940863ms/7s/6m/11h, 27d/6mo/2021y] --> Began jumping *Entity[rgb(255-255-255), size(50-50) @ pos(629.0-646)] with expected peak @ (x:629.0, y:100)
[PokaPoka @ 955198ms/7s/6m/11h, 27d/6mo/2021y] --> Began jumping *Entity[rgb(255-255-255), size(50-50) @ pos(629.0-634)] with expected peak @ (x:629.0, y:100)
[PokaPoka @ 968189ms/7s/6m/11h, 27d/6mo/2021y] --> Began jumping *Entity[rgb(255-255-255), size(50-50) @ pos(629.0-620)] with expected peak @ (x:629.0, y:100)
[PokaPoka @ 982115ms/7s/6m/11h, 27d/6mo/2021y] --> Began jumping *Entity[rgb(255-255-255), size(50-50) @ pos(629.0-604)] with expected peak @ (x:629.0, y:100)
[PokaPoka @ 995080ms/7s/6m/11h, 27d/6mo/2021y] --> Began jumping *Entity[rgb(255-255-255), size(50-50) @ pos(629.0-586)] with expected peak @ (x:629.0, y:100)
[PokaPoka @ 390667ms/8s/6m/11h, 27d/6mo/2021y] --> Began jumping *Entity[rgb(255-255-255), size(50-50) @ pos(680.0-722)] with expected peak @ (x:680.0, y:100)
[PokaPoka @ 405629ms/8s/6m/11h, 27d/6mo/2021y] --> Began jumping *Entity[rgb(255-255-255), size(50-50) @ pos(680.0-722)] with expected peak @ (x:680.0, y:100)
[PokaPoka @ 418596ms/8s/6m/11h, 27d/6mo/2021y] --> Began jumping *Entity[rgb(255-255-255), size(50-50) @ pos(680.0-720)] with expected peak @ (x:680.0, y:100)
[PokaPoka @ 431556ms/8s/6m/11h, 27d/6mo/2021y] --> Began jumping *Entity[rgb(255-255-255), size(50-50) @ pos(680.0-716)] with expected peak @ (x:680.0, y:100)
[PokaPoka @ 444522ms/8s/6m/11h, 27d/6mo/2021y] --> Began jumping *Entity[rgb(255-255-255), size(50-50) @ pos(680.0-710)] with expected peak @ (x:680.0, y:100)
[PokaPoka @ 459070ms/8s/6m/11h, 27d/6mo/2021y] --> Began jumping *Entity[rgb(255-255-255), size(50-50) @ pos(680.0-702)] with expected peak @ (x:680.0, y:100)
[PokaPoka @ 474939ms/8s/6m/11h, 27d/6mo/2021y] --> Began jumping *Entity[rgb(255-255-255), size(50-50) @ pos(680.0-692)] with expected peak @ (x:680.0, y:100)
[PokaPoka @ 488685ms/8s/6m/11h, 27d/6mo/2021y] --> Began jumping *Entity[rgb(255-255-255), size(50-50) @ pos(680.0-680)] with expected peak @ (x:680.0, y:100)
[PokaPoka @ 501654ms/8s/6m/11h, 27d/6mo/2021y] --> Began jumping *Entity[rgb(255-255-255), size(50-50) @ pos(680.0-666)] with expected peak @ (x:680.0, y:100)
[PokaPoka @ 515615ms/8s/6m/11h, 27d/6mo/2021y] --> Began jumping *Entity[rgb(255-255-255), size(50-50) @ pos(680.0-650)] with expected peak @ (x:680.0, y:100)
[PokaPoka @ 528578ms/8s/6m/11h, 27d/6mo/2021y] --> Began jumping *Entity[rgb(255-255-255), size(50-50) @ pos(680.0-632)] with expected peak @ (x:680.0, y:100)
[PokaPoka @ 830621ms/8s/6m/11h, 27d/6mo/2021y] --> Began jumping *Entity[rgb(255-255-255), size(50-50) @ pos(647.0-693)] with expected peak @ (x:647.0, y:100)
[PokaPoka @ 844539ms/8s/6m/11h, 27d/6mo/2021y] --> Began jumping *Entity[rgb(255-255-255), size(50-50) @ pos(644.0-693)] with expected peak @ (x:644.0, y:100)
[PokaPoka @ 859529ms/8s/6m/11h, 27d/6mo/2021y] --> Began jumping *Entity[rgb(255-255-255), size(50-50) @ pos(641.0-691)] with expected peak @ (x:641.0, y:100)
[PokaPoka @ 873743ms/8s/6m/11h, 27d/6mo/2021y] --> Began jumping *Entity[rgb(255-255-255), size(50-50) @ pos(638.0-687)] with expected peak @ (x:638.0, y:100)
[PokaPoka @ 887247ms/8s/6m/11h, 27d/6mo/2021y] --> Began jumping *Entity[rgb(255-255-255), size(50-50) @ pos(635.0-681)] with expected peak @ (x:635.0, y:100)
[PokaPoka @ 900217ms/8s/6m/11h, 27d/6mo/2021y] --> Began jumping *Entity[rgb(255-255-255), size(50-50) @ pos(632.0-673)] with expected peak @ (x:632.0, y:100)
[PokaPoka @ 915172ms/8s/6m/11h, 27d/6mo/2021y] --> Began jumping *Entity[rgb(255-255-255), size(50-50) @ pos(629.0-663)] with expected peak @ (x:629.0, y:100)
[PokaPoka @ 927141ms/8s/6m/11h, 27d/6mo/2021y] --> Began jumping *Entity[rgb(255-255-255), size(50-50) @ pos(626.0-651)] with expected peak @ (x:626.0, y:100)
[PokaPoka @ 942127ms/8s/6m/11h, 27d/6mo/2021y] --> Began jumping *Entity[rgb(255-255-255), size(50-50) @ pos(623.0-637)] with expected peak @ (x:623.0, y:100)
[PokaPoka @ 957168ms/8s/6m/11h, 27d/6mo/2021y] --> Began jumping *Entity[rgb(255-255-255), size(50-50) @ pos(620.0-621)] with expected peak @ (x:620.0, y:100)
[PokaPoka @ 970954ms/8s/6m/11h, 27d/6mo/2021y] --> Began jumping *Entity[rgb(255-255-255), size(50-50) @ pos(617.0-603)] with expected peak @ (x:617.0, y:100)
[PokaPoka @ 985916ms/8s/6m/11h, 27d/6mo/2021y] --> Began jumping *Entity[rgb(255-255-255), size(50-50) @ pos(617.0-583)] with expected peak @ (x:617.0, y:100)
[PokaPoka @ 316666ms/9s/6m/11h, 27d/6mo/2021y] --> Began jumping *Entity[rgb(255-255-255), size(50-50) @ pos(617.0-671)] with expected peak @ (x:617.0, y:100)
[PokaPoka @ 329659ms/9s/6m/11h, 27d/6mo/2021y] --> Began jumping *Entity[rgb(255-255-255), size(50-50) @ pos(617.0-671)] with expected peak @ (x:617.0, y:100)
[PokaPoka @ 344592ms/9s/6m/11h, 27d/6mo/2021y] --> Began jumping *Entity[rgb(255-255-255), size(50-50) @ pos(617.0-669)] with expected peak @ (x:617.0, y:100)
[PokaPoka @ 359752ms/9s/6m/11h, 27d/6mo/2021y] --> Began jumping *Entity[rgb(255-255-255), size(50-50) @ pos(617.0-665)] with expected peak @ (x:617.0, y:100)
[PokaPoka @ 373904ms/9s/6m/11h, 27d/6mo/2021y] --> Began jumping *Entity[rgb(255-255-255), size(50-50) @ pos(617.0-659)] with expected peak @ (x:617.0, y:100)
[PokaPoka @ 388841ms/9s/6m/11h, 27d/6mo/2021y] --> Began jumping *Entity[rgb(255-255-255), size(50-50) @ pos(617.0-651)] with expected peak @ (x:617.0, y:100)
[PokaPoka @ 401807ms/9s/6m/11h, 27d/6mo/2021y] --> Began jumping *Entity[rgb(255-255-255), size(50-50) @ pos(617.0-641)] with expected peak @ (x:617.0, y:100)
[PokaPoka @ 415769ms/9s/6m/11h, 27d/6mo/2021y] --> Began jumping *Entity[rgb(255-255-255), size(50-50) @ pos(617.0-629)] with expected peak @ (x:617.0, y:100)
[PokaPoka @ 428736ms/9s/6m/11h, 27d/6mo/2021y] --> Began jumping *Entity[rgb(255-255-255), size(50-50) @ pos(617.0-615)] with expected peak @ (x:617.0, y:100)
[PokaPoka @ 443000ms/9s/6m/11h, 27d/6mo/2021y] --> Began jumping *Entity[rgb(255-255-255), size(50-50) @ pos(617.0-599)] with expected peak @ (x:617.0, y:100)
[PokaPoka @ 458835ms/9s/6m/11h, 27d/6mo/2021y] --> Began jumping *Entity[rgb(255-255-255), size(50-50) @ pos(617.0-581)] with expected peak @ (x:617.0, y:100)
[PokaPoka @ 867646ms/9s/6m/11h, 27d/6mo/2021y] --> Began jumping *Entity[rgb(255-255-255), size(50-50) @ pos(689.0-730)] with expected peak @ (x:689.0, y:100)
[PokaPoka @ 880618ms/9s/6m/11h, 27d/6mo/2021y] --> Began jumping *Entity[rgb(255-255-255), size(50-50) @ pos(692.0-730)] with expected peak @ (x:692.0, y:100)
[PokaPoka @ 893575ms/9s/6m/11h, 27d/6mo/2021y] --> Began jumping *Entity[rgb(255-255-255), size(50-50) @ pos(695.0-728)] with expected peak @ (x:695.0, y:100)
[PokaPoka @ 907873ms/9s/6m/11h, 27d/6mo/2021y] --> Began jumping *Entity[rgb(255-255-255), size(50-50) @ pos(698.0-724)] with expected peak @ (x:698.0, y:100)
[PokaPoka @ 921833ms/9s/6m/11h, 27d/6mo/2021y] --> Began jumping *Entity[rgb(255-255-255), size(50-50) @ pos(701.0-718)] with expected peak @ (x:701.0, y:100)
[PokaPoka @ 934808ms/9s/6m/11h, 27d/6mo/2021y] --> Began jumping *Entity[rgb(255-255-255), size(50-50) @ pos(704.0-710)] with expected peak @ (x:704.0, y:100)
[PokaPoka @ 948822ms/9s/6m/11h, 27d/6mo/2021y] --> Began jumping *Entity[rgb(255-255-255), size(50-50) @ pos(707.0-700)] with expected peak @ (x:707.0, y:100)
[PokaPoka @ 961757ms/9s/6m/11h, 27d/6mo/2021y] --> Began jumping *Entity[rgb(255-255-255), size(50-50) @ pos(710.0-688)] with expected peak @ (x:710.0, y:100)
[PokaPoka @ 976693ms/9s/6m/11h, 27d/6mo/2021y] --> Began jumping *Entity[rgb(255-255-255), size(50-50) @ pos(713.0-674)] with expected peak @ (x:713.0, y:100)
[PokaPoka @ 991756ms/9s/6m/11h, 27d/6mo/2021y] --> Began jumping *Entity[rgb(255-255-255), size(50-50) @ pos(716.0-658)] with expected peak @ (x:716.0, y:100)
[PokaPoka @ 4968ms/10s/6m/11h, 27d/6mo/2021y] --> Began jumping *Entity[rgb(255-255-255), size(50-50) @ pos(719.0-640)] with expected peak @ (x:719.0, y:100)
[PokaPoka @ 17935ms/10s/6m/11h, 27d/6mo/2021y] --> Began jumping *Entity[rgb(255-255-255), size(50-50) @ pos(722.0-620)] with expected peak @ (x:722.0, y:100)
[PokaPoka @ 31897ms/10s/6m/11h, 27d/6mo/2021y] --> Began jumping *Entity[rgb(255-255-255), size(50-50) @ pos(725.0-598)] with expected peak @ (x:725.0, y:100)
[PokaPoka @ 45859ms/10s/6m/11h, 27d/6mo/2021y] --> Began jumping *Entity[rgb(255-255-255), size(50-50) @ pos(728.0-574)] with expected peak @ (x:728.0, y:100)
[PokaPoka @ 400898ms/10s/6m/11h, 27d/6mo/2021y] --> Began jumping *Entity[rgb(255-255-255), size(50-50) @ pos(773.0-669)] with expected peak @ (x:773.0, y:100)
[PokaPoka @ 414866ms/10s/6m/11h, 27d/6mo/2021y] --> Began jumping *Entity[rgb(255-255-255), size(50-50) @ pos(773.0-669)] with expected peak @ (x:773.0, y:100)
[PokaPoka @ 427820ms/10s/6m/11h, 27d/6mo/2021y] --> Began jumping *Entity[rgb(255-255-255), size(50-50) @ pos(773.0-667)] with expected peak @ (x:773.0, y:100)
[PokaPoka @ 442517ms/10s/6m/11h, 27d/6mo/2021y] --> Began jumping *Entity[rgb(255-255-255), size(50-50) @ pos(773.0-663)] with expected peak @ (x:773.0, y:100)
[PokaPoka @ 457477ms/10s/6m/11h, 27d/6mo/2021y] --> Began jumping *Entity[rgb(255-255-255), size(50-50) @ pos(773.0-657)] with expected peak @ (x:773.0, y:100)
[PokaPoka @ 470869ms/10s/6m/11h, 27d/6mo/2021y] --> Began jumping *Entity[rgb(255-255-255), size(50-50) @ pos(773.0-649)] with expected peak @ (x:773.0, y:100)
[PokaPoka @ 484838ms/10s/6m/11h, 27d/6mo/2021y] --> Began jumping *Entity[rgb(255-255-255), size(50-50) @ pos(773.0-639)] with expected peak @ (x:773.0, y:100)
[PokaPoka @ 497805ms/10s/6m/11h, 27d/6mo/2021y] --> Began jumping *Entity[rgb(255-255-255), size(50-50) @ pos(773.0-627)] with expected peak @ (x:773.0, y:100)
[PokaPoka @ 510763ms/10s/6m/11h, 27d/6mo/2021y] --> Began jumping *Entity[rgb(255-255-255), size(50-50) @ pos(773.0-613)] with expected peak @ (x:773.0, y:100)
[PokaPoka @ 525724ms/10s/6m/11h, 27d/6mo/2021y] --> Began jumping *Entity[rgb(255-255-255), size(50-50) @ pos(773.0-597)] with expected peak @ (x:773.0, y:100)
[PokaPoka @ 539745ms/10s/6m/11h, 27d/6mo/2021y] --> Began jumping *Entity[rgb(255-255-255), size(50-50) @ pos(773.0-579)] with expected peak @ (x:773.0, y:100)
[PokaPoka @ 492912ms/11s/6m/11h, 27d/6mo/2021y] --> Began jumping *Entity[rgb(255-255-255), size(50-50) @ pos(719.0-669)] with expected peak @ (x:719.0, y:100)
[PokaPoka @ 507025ms/11s/6m/11h, 27d/6mo/2021y] --> Began jumping *Entity[rgb(255-255-255), size(50-50) @ pos(716.0-669)] with expected peak @ (x:716.0, y:100)
[PokaPoka @ 520989ms/11s/6m/11h, 27d/6mo/2021y] --> Began jumping *Entity[rgb(255-255-255), size(50-50) @ pos(713.0-667)] with expected peak @ (x:713.0, y:100)
[PokaPoka @ 533954ms/11s/6m/11h, 27d/6mo/2021y] --> Began jumping *Entity[rgb(255-255-255), size(50-50) @ pos(710.0-663)] with expected peak @ (x:710.0, y:100)
[PokaPoka @ 547921ms/11s/6m/11h, 27d/6mo/2021y] --> Began jumping *Entity[rgb(255-255-255), size(50-50) @ pos(707.0-657)] with expected peak @ (x:707.0, y:100)
[PokaPoka @ 562875ms/11s/6m/11h, 27d/6mo/2021y] --> Began jumping *Entity[rgb(255-255-255), size(50-50) @ pos(704.0-649)] with expected peak @ (x:704.0, y:100)
[PokaPoka @ 576840ms/11s/6m/11h, 27d/6mo/2021y] --> Began jumping *Entity[rgb(255-255-255), size(50-50) @ pos(701.0-639)] with expected peak @ (x:701.0, y:100)
[PokaPoka @ 592795ms/11s/6m/11h, 27d/6mo/2021y] --> Began jumping *Entity[rgb(255-255-255), size(50-50) @ pos(698.0-627)] with expected peak @ (x:698.0, y:100)
[PokaPoka @ 607714ms/11s/6m/11h, 27d/6mo/2021y] --> Began jumping *Entity[rgb(255-255-255), size(50-50) @ pos(695.0-613)] with expected peak @ (x:695.0, y:100)
[PokaPoka @ 622673ms/11s/6m/11h, 27d/6mo/2021y] --> Began jumping *Entity[rgb(255-255-255), size(50-50) @ pos(692.0-597)] with expected peak @ (x:692.0, y:100)
[PokaPoka @ 635639ms/11s/6m/11h, 27d/6mo/2021y] --> Began jumping *Entity[rgb(255-255-255), size(50-50) @ pos(689.0-579)] with expected peak @ (x:689.0, y:100)
[PokaPoka @ 956386ms/15s/6m/11h, 27d/6mo/2021y] --> Mouse interacted with hotbar slot(2) --> removed from inventory
[PokaPoka @ 954969ms/19s/6m/11h, 27d/6mo/2021y] --> Began jumping *Entity[rgb(255-255-255), size(50-50) @ pos(578.0-669)] with expected peak @ (x:578.0, y:100)
[PokaPoka @ 966933ms/19s/6m/11h, 27d/6mo/2021y] --> Began jumping *Entity[rgb(255-255-255), size(50-50) @ pos(581.0-669)] with expected peak @ (x:581.0, y:100)
[PokaPoka @ 980900ms/19s/6m/11h, 27d/6mo/2021y] --> Began jumping *Entity[rgb(255-255-255), size(50-50) @ pos(584.0-667)] with expected peak @ (x:584.0, y:100)
[PokaPoka @ 994854ms/19s/6m/11h, 27d/6mo/2021y] --> Began jumping *Entity[rgb(255-255-255), size(50-50) @ pos(587.0-663)] with expected peak @ (x:587.0, y:100)
[PokaPoka @ 10300ms/20s/6m/11h, 27d/6mo/2021y] --> Began jumping *Entity[rgb(255-255-255), size(50-50) @ pos(590.0-657)] with expected peak @ (x:590.0, y:100)
[PokaPoka @ 25259ms/20s/6m/11h, 27d/6mo/2021y] --> Began jumping *Entity[rgb(255-255-255), size(50-50) @ pos(593.0-649)] with expected peak @ (x:593.0, y:100)
[PokaPoka @ 39221ms/20s/6m/11h, 27d/6mo/2021y] --> Began jumping *Entity[rgb(255-255-255), size(50-50) @ pos(596.0-639)] with expected peak @ (x:596.0, y:100)
[PokaPoka @ 52228ms/20s/6m/11h, 27d/6mo/2021y] --> Began jumping *Entity[rgb(255-255-255), size(50-50) @ pos(599.0-627)] with expected peak @ (x:599.0, y:100)
[PokaPoka @ 65183ms/20s/6m/11h, 27d/6mo/2021y] --> Began jumping *Entity[rgb(255-255-255), size(50-50) @ pos(602.0-613)] with expected peak @ (x:602.0, y:100)
[PokaPoka @ 78126ms/20s/6m/11h, 27d/6mo/2021y] --> Began jumping *Entity[rgb(255-255-255), size(50-50) @ pos(605.0-597)] with expected peak @ (x:605.0, y:100)
[PokaPoka @ 93892ms/20s/6m/11h, 27d/6mo/2021y] --> Began jumping *Entity[rgb(255-255-255), size(50-50) @ pos(608.0-579)] with expected peak @ (x:608.0, y:100)
[PokaPoka @ 104766ms/22s/6m/11h, 27d/6mo/2021y] --> Began jumping *Entity[rgb(255-255-255), size(50-50) @ pos(764.0-721)] with expected peak @ (x:764.0, y:100)
[PokaPoka @ 117731ms/22s/6m/11h, 27d/6mo/2021y] --> Began jumping *Entity[rgb(255-255-255), size(50-50) @ pos(764.0-721)] with expected peak @ (x:764.0, y:100)
[PokaPoka @ 130695ms/22s/6m/11h, 27d/6mo/2021y] --> Began jumping *Entity[rgb(255-255-255), size(50-50) @ pos(764.0-719)] with expected peak @ (x:764.0, y:100)
[PokaPoka @ 144653ms/22s/6m/11h, 27d/6mo/2021y] --> Began jumping *Entity[rgb(255-255-255), size(50-50) @ pos(764.0-715)] with expected peak @ (x:764.0, y:100)
[PokaPoka @ 159613ms/22s/6m/11h, 27d/6mo/2021y] --> Began jumping *Entity[rgb(255-255-255), size(50-50) @ pos(764.0-709)] with expected peak @ (x:764.0, y:100)
[PokaPoka @ 174575ms/22s/6m/11h, 27d/6mo/2021y] --> Began jumping *Entity[rgb(255-255-255), size(50-50) @ pos(764.0-701)] with expected peak @ (x:764.0, y:100)
[PokaPoka @ 189534ms/22s/6m/11h, 27d/6mo/2021y] --> Began jumping *Entity[rgb(255-255-255), size(50-50) @ pos(764.0-691)] with expected peak @ (x:764.0, y:100)
[PokaPoka @ 203497ms/22s/6m/11h, 27d/6mo/2021y] --> Began jumping *Entity[rgb(255-255-255), size(50-50) @ pos(764.0-679)] with expected peak @ (x:764.0, y:100)
[PokaPoka @ 216463ms/22s/6m/11h, 27d/6mo/2021y] --> Began jumping *Entity[rgb(255-255-255), size(50-50) @ pos(764.0-665)] with expected peak @ (x:764.0, y:100)
[PokaPoka @ 229426ms/22s/6m/11h, 27d/6mo/2021y] --> Began jumping *Entity[rgb(255-255-255), size(50-50) @ pos(764.0-649)] with expected peak @ (x:764.0, y:100)
[PokaPoka @ 243385ms/22s/6m/11h, 27d/6mo/2021y] --> Began jumping *Entity[rgb(255-255-255), size(50-50) @ pos(764.0-631)] with expected peak @ (x:764.0, y:100)
[PokaPoka @ 258652ms/22s/6m/11h, 27d/6mo/2021y] --> Began jumping *Entity[rgb(255-255-255), size(50-50) @ pos(764.0-611)] with expected peak @ (x:764.0, y:100)
[PokaPoka @ 272000ms/22s/6m/11h, 27d/6mo/2021y] --> Began jumping *Entity[rgb(255-255-255), size(50-50) @ pos(764.0-589)] with expected peak @ (x:764.0, y:100)
[PokaPoka @ 598801ms/22s/6m/11h, 27d/6mo/2021y] --> Began jumping *Entity[rgb(255-255-255), size(50-50) @ pos(764.0-675)] with expected peak @ (x:764.0, y:100)
[PokaPoka @ 611761ms/22s/6m/11h, 27d/6mo/2021y] --> Began jumping *Entity[rgb(255-255-255), size(50-50) @ pos(764.0-675)] with expected peak @ (x:764.0, y:100)
[PokaPoka @ 626694ms/22s/6m/11h, 27d/6mo/2021y] --> Began jumping *Entity[rgb(255-255-255), size(50-50) @ pos(761.0-673)] with expected peak @ (x:761.0, y:100)
[PokaPoka @ 640922ms/22s/6m/11h, 27d/6mo/2021y] --> Began jumping *Entity[rgb(255-255-255), size(50-50) @ pos(758.0-669)] with expected peak @ (x:758.0, y:100)
[PokaPoka @ 654965ms/22s/6m/11h, 27d/6mo/2021y] --> Began jumping *Entity[rgb(255-255-255), size(50-50) @ pos(755.0-663)] with expected peak @ (x:755.0, y:100)
[PokaPoka @ 668962ms/22s/6m/11h, 27d/6mo/2021y] --> Began jumping *Entity[rgb(255-255-255), size(50-50) @ pos(752.0-655)] with expected peak @ (x:752.0, y:100)
[PokaPoka @ 681896ms/22s/6m/11h, 27d/6mo/2021y] --> Began jumping *Entity[rgb(255-255-255), size(50-50) @ pos(749.0-645)] with expected peak @ (x:749.0, y:100)
[PokaPoka @ 694856ms/22s/6m/11h, 27d/6mo/2021y] --> Began jumping *Entity[rgb(255-255-255), size(50-50) @ pos(746.0-633)] with expected peak @ (x:746.0, y:100)
[PokaPoka @ 710815ms/22s/6m/11h, 27d/6mo/2021y] --> Began jumping *Entity[rgb(255-255-255), size(50-50) @ pos(743.0-619)] with expected peak @ (x:743.0, y:100)
[PokaPoka @ 725802ms/22s/6m/11h, 27d/6mo/2021y] --> Began jumping *Entity[rgb(255-255-255), size(50-50) @ pos(740.0-603)] with expected peak @ (x:740.0, y:100)
[PokaPoka @ 740767ms/22s/6m/11h, 27d/6mo/2021y] --> Began jumping *Entity[rgb(255-255-255), size(50-50) @ pos(737.0-585)] with expected peak @ (x:737.0, y:100)
[PokaPoka @ 124921ms/23s/6m/11h, 27d/6mo/2021y] --> Began jumping *Entity[rgb(255-255-255), size(50-50) @ pos(653.0-721)] with expected peak @ (x:653.0, y:100)
[PokaPoka @ 138092ms/23s/6m/11h, 27d/6mo/2021y] --> Began jumping *Entity[rgb(255-255-255), size(50-50) @ pos(650.0-721)] with expected peak @ (x:650.0, y:100)
[PokaPoka @ 151063ms/23s/6m/11h, 27d/6mo/2021y] --> Began jumping *Entity[rgb(255-255-255), size(50-50) @ pos(647.0-719)] with expected peak @ (x:647.0, y:100)
[PokaPoka @ 166019ms/23s/6m/11h, 27d/6mo/2021y] --> Began jumping *Entity[rgb(255-255-255), size(50-50) @ pos(644.0-715)] with expected peak @ (x:644.0, y:100)
[PokaPoka @ 178982ms/23s/6m/11h, 27d/6mo/2021y] --> Began jumping *Entity[rgb(255-255-255), size(50-50) @ pos(641.0-709)] with expected peak @ (x:641.0, y:100)
[PokaPoka @ 193946ms/23s/6m/11h, 27d/6mo/2021y] --> Began jumping *Entity[rgb(255-255-255), size(50-50) @ pos(641.0-701)] with expected peak @ (x:641.0, y:100)
[PokaPoka @ 209929ms/23s/6m/11h, 27d/6mo/2021y] --> Began jumping *Entity[rgb(255-255-255), size(50-50) @ pos(641.0-691)] with expected peak @ (x:641.0, y:100)
[PokaPoka @ 223891ms/23s/6m/11h, 27d/6mo/2021y] --> Began jumping *Entity[rgb(255-255-255), size(50-50) @ pos(641.0-679)] with expected peak @ (x:641.0, y:100)
[PokaPoka @ 237947ms/23s/6m/11h, 27d/6mo/2021y] --> Began jumping *Entity[rgb(255-255-255), size(50-50) @ pos(641.0-665)] with expected peak @ (x:641.0, y:100)
[PokaPoka @ 250917ms/23s/6m/11h, 27d/6mo/2021y] --> Began jumping *Entity[rgb(255-255-255), size(50-50) @ pos(641.0-649)] with expected peak @ (x:641.0, y:100)
[PokaPoka @ 264877ms/23s/6m/11h, 27d/6mo/2021y] --> Began jumping *Entity[rgb(255-255-255), size(50-50) @ pos(641.0-631)] with expected peak @ (x:641.0, y:100)
[PokaPoka @ 277839ms/23s/6m/11h, 27d/6mo/2021y] --> Began jumping *Entity[rgb(255-255-255), size(50-50) @ pos(641.0-611)] with expected peak @ (x:641.0, y:100)
[PokaPoka @ 293797ms/23s/6m/11h, 27d/6mo/2021y] --> Began jumping *Entity[rgb(255-255-255), size(50-50) @ pos(641.0-589)] with expected peak @ (x:641.0, y:100)
[PokaPoka @ 308757ms/23s/6m/11h, 27d/6mo/2021y] --> Began jumping *Entity[rgb(255-255-255), size(50-50) @ pos(641.0-565)] with expected peak @ (x:641.0, y:100)
[PokaPoka @ 322721ms/23s/6m/11h, 27d/6mo/2021y] --> Began jumping *Entity[rgb(255-255-255), size(50-50) @ pos(641.0-539)] with expected peak @ (x:641.0, y:100)
[PokaPoka @ 40793ms/29s/6m/11h, 27d/6mo/2021y] --> Attempted to QUIT @ Esc key
[PokaPoka @ 40793ms/29s/6m/11h, 27d/6mo/2021y] --> Shutting down (2nd to last) final!
[PokaPoka @ 40793ms/29s/6m/11h, 27d/6mo/2021y] --> Exported game log