[PokaPoka @ 241711ms/1s/58m/22h, 27d/6mo/2021y] --> Beginning game startup and startup-finish
[PokaPoka @ 735964ms/6s/58m/22h, 27d/6mo/2021y] --> Toggled hitboxes --> True
[PokaPoka @ 170840ms/8s/58m/22h, 27d/6mo/2021y] --> Began jumping *Entity[rgb(255-255-255), size(50-50) @ pos(297.0-668)] with expected peak @ (x:297.0, y:100)
[PokaPoka @ 191749ms/8s/58m/22h, 27d/6mo/2021y] --> Began jumping *Entity[rgb(255-255-255), size(50-50) @ pos(294.0-668)] with expected peak @ (x:294.0, y:100)
[PokaPoka @ 219677ms/8s/58m/22h, 27d/6mo/2021y] --> Began jumping *Entity[rgb(255-255-255), size(50-50) @ pos(291.0-666)] with expected peak @ (x:291.0, y:100)
[PokaPoka @ 240619ms/8s/58m/22h, 27d/6mo/2021y] --> Began jumping *Entity[rgb(255-255-255), size(50-50) @ pos(288.0-662)] with expected peak @ (x:288.0, y:100)
[PokaPoka @ 264556ms/8s/58m/22h, 27d/6mo/2021y] --> Began jumping *Entity[rgb(255-255-255), size(50-50) @ pos(285.0-656)] with expected peak @ (x:285.0, y:100)
[PokaPoka @ 286525ms/8s/58m/22h, 27d/6mo/2021y] --> Began jumping *Entity[rgb(255-255-255), size(50-50) @ pos(282.0-648)] with expected peak @ (x:282.0, y:100)
[PokaPoka @ 308437ms/8s/58m/22h, 27d/6mo/2021y] --> Began jumping *Entity[rgb(255-255-255), size(50-50) @ pos(279.0-638)] with expected peak @ (x:279.0, y:100)
[PokaPoka @ 334398ms/8s/58m/22h, 27d/6mo/2021y] --> Began jumping *Entity[rgb(255-255-255), size(50-50) @ pos(276.0-626)] with expected peak @ (x:276.0, y:100)
[PokaPoka @ 355342ms/8s/58m/22h, 27d/6mo/2021y] --> Began jumping *Entity[rgb(255-255-255), size(50-50) @ pos(273.0-612)] with expected peak @ (x:273.0, y:100)
[PokaPoka @ 376286ms/8s/58m/22h, 27d/6mo/2021y] --> Began jumping *Entity[rgb(255-255-255), size(50-50) @ pos(270.0-596)] with expected peak @ (x:270.0, y:100)
[PokaPoka @ 401224ms/8s/58m/22h, 27d/6mo/2021y] --> Began jumping *Entity[rgb(255-255-255), size(50-50) @ pos(267.0-578)] with expected peak @ (x:267.0, y:100)
[PokaPoka @ 106483ms/14s/58m/22h, 27d/6mo/2021y] --> Toggled hitboxes --> False
[PokaPoka @ 190665ms/15s/58m/22h, 27d/6mo/2021y] --> Began jumping *Entity[rgb(255-255-255), size(50-50) @ pos(606.0-668)] with expected peak @ (x:606.0, y:100)
[PokaPoka @ 205164ms/15s/58m/22h, 27d/6mo/2021y] --> Began jumping *Entity[rgb(255-255-255), size(50-50) @ pos(609.0-668)] with expected peak @ (x:609.0, y:100)
[PokaPoka @ 224368ms/15s/58m/22h, 27d/6mo/2021y] --> Began jumping *Entity[rgb(255-255-255), size(50-50) @ pos(612.0-666)] with expected peak @ (x:612.0, y:100)
[PokaPoka @ 241321ms/15s/58m/22h, 27d/6mo/2021y] --> Began jumping *Entity[rgb(255-255-255), size(50-50) @ pos(615.0-662)] with expected peak @ (x:615.0, y:100)
[PokaPoka @ 255284ms/15s/58m/22h, 27d/6mo/2021y] --> Began jumping *Entity[rgb(255-255-255), size(50-50) @ pos(618.0-656)] with expected peak @ (x:618.0, y:100)
[PokaPoka @ 274162ms/15s/58m/22h, 27d/6mo/2021y] --> Began jumping *Entity[rgb(255-255-255), size(50-50) @ pos(621.0-648)] with expected peak @ (x:621.0, y:100)
[PokaPoka @ 292075ms/15s/58m/22h, 27d/6mo/2021y] --> Began jumping *Entity[rgb(255-255-255), size(50-50) @ pos(624.0-638)] with expected peak @ (x:624.0, y:100)
[PokaPoka @ 305075ms/15s/58m/22h, 27d/6mo/2021y] --> Began jumping *Entity[rgb(255-255-255), size(50-50) @ pos(627.0-626)] with expected peak @ (x:627.0, y:100)
[PokaPoka @ 324681ms/15s/58m/22h, 27d/6mo/2021y] --> Began jumping *Entity[rgb(255-255-255), size(50-50) @ pos(630.0-612)] with expected peak @ (x:630.0, y:100)
[PokaPoka @ 336648ms/15s/58m/22h, 27d/6mo/2021y] --> Began jumping *Entity[rgb(255-255-255), size(50-50) @ pos(633.0-596)] with expected peak @ (x:633.0, y:100)
[PokaPoka @ 355671ms/15s/58m/22h, 27d/6mo/2021y] --> Began jumping *Entity[rgb(255-255-255), size(50-50) @ pos(636.0-578)] with expected peak @ (x:636.0, y:100)
[PokaPoka @ 376857ms/19s/58m/22h, 27d/6mo/2021y] --> Began jumping *Entity[rgb(255-255-255), size(50-50) @ pos(732.0-668)] with expected peak @ (x:732.0, y:100)
[PokaPoka @ 394999ms/19s/58m/22h, 27d/6mo/2021y] --> Began jumping *Entity[rgb(255-255-255), size(50-50) @ pos(729.0-668)] with expected peak @ (x:729.0, y:100)
[PokaPoka @ 407950ms/19s/58m/22h, 27d/6mo/2021y] --> Began jumping *Entity[rgb(255-255-255), size(50-50) @ pos(726.0-666)] with expected peak @ (x:726.0, y:100)
[PokaPoka @ 425744ms/19s/58m/22h, 27d/6mo/2021y] --> Began jumping *Entity[rgb(255-255-255), size(50-50) @ pos(723.0-662)] with expected peak @ (x:723.0, y:100)
[PokaPoka @ 439700ms/19s/58m/22h, 27d/6mo/2021y] --> Began jumping *Entity[rgb(255-255-255), size(50-50) @ pos(720.0-656)] with expected peak @ (x:720.0, y:100)
[PokaPoka @ 455937ms/19s/58m/22h, 27d/6mo/2021y] --> Began jumping *Entity[rgb(255-255-255), size(50-50) @ pos(717.0-648)] with expected peak @ (x:717.0, y:100)
[PokaPoka @ 475956ms/19s/58m/22h, 27d/6mo/2021y] --> Began jumping *Entity[rgb(255-255-255), size(50-50) @ pos(714.0-638)] with expected peak @ (x:714.0, y:100)
[PokaPoka @ 493605ms/19s/58m/22h, 27d/6mo/2021y] --> Began jumping *Entity[rgb(255-255-255), size(50-50) @ pos(711.0-626)] with expected peak @ (x:711.0, y:100)
[PokaPoka @ 508561ms/19s/58m/22h, 27d/6mo/2021y] --> Began jumping *Entity[rgb(255-255-255), size(50-50) @ pos(708.0-612)] with expected peak @ (x:708.0, y:100)
[PokaPoka @ 524949ms/19s/58m/22h, 27d/6mo/2021y] --> Began jumping *Entity[rgb(255-255-255), size(50-50) @ pos(705.0-596)] with expected peak @ (x:705.0, y:100)
[PokaPoka @ 539257ms/19s/58m/22h, 27d/6mo/2021y] --> Began jumping *Entity[rgb(255-255-255), size(50-50) @ pos(702.0-578)] with expected peak @ (x:702.0, y:100)
[PokaPoka @ 557125ms/19s/58m/22h, 27d/6mo/2021y] --> Began jumping *Entity[rgb(255-255-255), size(50-50) @ pos(699.0-558)] with expected peak @ (x:699.0, y:100)
[PokaPoka @ 576219ms/19s/58m/22h, 27d/6mo/2021y] --> Began jumping *Entity[rgb(255-255-255), size(50-50) @ pos(696.0-536)] with expected peak @ (x:696.0, y:100)
[PokaPoka @ 631765ms/20s/58m/22h, 27d/6mo/2021y] --> Began jumping *Entity[rgb(255-255-255), size(50-50) @ pos(621.0-668)] with expected peak @ (x:621.0, y:100)
[PokaPoka @ 648748ms/20s/58m/22h, 27d/6mo/2021y] --> Began jumping *Entity[rgb(255-255-255), size(50-50) @ pos(624.0-668)] with expected peak @ (x:624.0, y:100)
[PokaPoka @ 666000ms/20s/58m/22h, 27d/6mo/2021y] --> Began jumping *Entity[rgb(255-255-255), size(50-50) @ pos(627.0-666)] with expected peak @ (x:627.0, y:100)
[PokaPoka @ 681711ms/20s/58m/22h, 27d/6mo/2021y] --> Began jumping *Entity[rgb(255-255-255), size(50-50) @ pos(630.0-662)] with expected peak @ (x:630.0, y:100)
[PokaPoka @ 701058ms/20s/58m/22h, 27d/6mo/2021y] --> Began jumping *Entity[rgb(255-255-255), size(50-50) @ pos(633.0-656)] with expected peak @ (x:633.0, y:100)
[PokaPoka @ 716018ms/20s/58m/22h, 27d/6mo/2021y] --> Began jumping *Entity[rgb(255-255-255), size(50-50) @ pos(636.0-648)] with expected peak @ (x:636.0, y:100)
[PokaPoka @ 732770ms/20s/58m/22h, 27d/6mo/2021y] --> Began jumping *Entity[rgb(255-255-255), size(50-50) @ pos(639.0-638)] with expected peak @ (x:639.0, y:100)
[PokaPoka @ 749752ms/20s/58m/22h, 27d/6mo/2021y] --> Began jumping *Entity[rgb(255-255-255), size(50-50) @ pos(642.0-626)] with expected peak @ (x:642.0, y:100)
[PokaPoka @ 771849ms/20s/58m/22h, 27d/6mo/2021y] --> Began jumping *Entity[rgb(255-255-255), size(50-50) @ pos(645.0-612)] with expected peak @ (x:645.0, y:100)
[PokaPoka @ 785840ms/20s/58m/22h, 27d/6mo/2021y] --> Began jumping *Entity[rgb(255-255-255), size(50-50) @ pos(648.0-596)] with expected peak @ (x:648.0, y:100)
[PokaPoka @ 801606ms/20s/58m/22h, 27d/6mo/2021y] --> Began jumping *Entity[rgb(255-255-255), size(50-50) @ pos(651.0-578)] with expected peak @ (x:651.0, y:100)
[PokaPoka @ 820882ms/20s/58m/22h, 27d/6mo/2021y] --> Began jumping *Entity[rgb(255-255-255), size(50-50) @ pos(654.0-558)] with expected peak @ (x:654.0, y:100)
[PokaPoka @ 835838ms/20s/58m/22h, 27d/6mo/2021y] --> Began jumping *Entity[rgb(255-255-255), size(50-50) @ pos(657.0-536)] with expected peak @ (x:657.0, y:100)
[PokaPoka @ 491384ms/23s/58m/22h, 27d/6mo/2021y] --> Began jumping *Entity[rgb(255-255-255), size(50-50) @ pos(741.0-668)] with expected peak @ (x:741.0, y:100)
[PokaPoka @ 507347ms/23s/58m/22h, 27d/6mo/2021y] --> Began jumping *Entity[rgb(255-255-255), size(50-50) @ pos(738.0-668)] with expected peak @ (x:738.0, y:100)
[PokaPoka @ 529926ms/23s/58m/22h, 27d/6mo/2021y] --> Began jumping *Entity[rgb(255-255-255), size(50-50) @ pos(735.0-666)] with expected peak @ (x:735.0, y:100)
[PokaPoka @ 541892ms/23s/58m/22h, 27d/6mo/2021y] --> Began jumping *Entity[rgb(255-255-255), size(50-50) @ pos(732.0-662)] with expected peak @ (x:732.0, y:100)
[PokaPoka @ 557735ms/23s/58m/22h, 27d/6mo/2021y] --> Began jumping *Entity[rgb(255-255-255), size(50-50) @ pos(729.0-656)] with expected peak @ (x:729.0, y:100)
[PokaPoka @ 579564ms/23s/58m/22h, 27d/6mo/2021y] --> Began jumping *Entity[rgb(255-255-255), size(50-50) @ pos(726.0-648)] with expected peak @ (x:726.0, y:100)
[PokaPoka @ 595478ms/23s/58m/22h, 27d/6mo/2021y] --> Began jumping *Entity[rgb(255-255-255), size(50-50) @ pos(723.0-638)] with expected peak @ (x:723.0, y:100)
[PokaPoka @ 607450ms/23s/58m/22h, 27d/6mo/2021y] --> Began jumping *Entity[rgb(255-255-255), size(50-50) @ pos(720.0-626)] with expected peak @ (x:720.0, y:100)
[PokaPoka @ 625400ms/23s/58m/22h, 27d/6mo/2021y] --> Began jumping *Entity[rgb(255-255-255), size(50-50) @ pos(717.0-612)] with expected peak @ (x:717.0, y:100)
[PokaPoka @ 641384ms/23s/58m/22h, 27d/6mo/2021y] --> Began jumping *Entity[rgb(255-255-255), size(50-50) @ pos(714.0-596)] with expected peak @ (x:714.0, y:100)
[PokaPoka @ 657307ms/23s/58m/22h, 27d/6mo/2021y] --> Began jumping *Entity[rgb(255-255-255), size(50-50) @ pos(711.0-578)] with expected peak @ (x:711.0, y:100)
[PokaPoka @ 678573ms/23s/58m/22h, 27d/6mo/2021y] --> Began jumping *Entity[rgb(255-255-255), size(50-50) @ pos(708.0-558)] with expected peak @ (x:708.0, y:100)
[PokaPoka @ 691521ms/23s/58m/22h, 27d/6mo/2021y] --> Began jumping *Entity[rgb(255-255-255), size(50-50) @ pos(705.0-536)] with expected peak @ (x:705.0, y:100)
[PokaPoka @ 641762ms/25s/58m/22h, 27d/6mo/2021y] --> Began jumping *Entity[rgb(255-255-255), size(50-50) @ pos(621.0-668)] with expected peak @ (x:621.0, y:100)
[PokaPoka @ 652731ms/25s/58m/22h, 27d/6mo/2021y] --> Began jumping *Entity[rgb(255-255-255), size(50-50) @ pos(624.0-668)] with expected peak @ (x:624.0, y:100)
[PokaPoka @ 669003ms/25s/58m/22h, 27d/6mo/2021y] --> Began jumping *Entity[rgb(255-255-255), size(50-50) @ pos(627.0-666)] with expected peak @ (x:627.0, y:100)
[PokaPoka @ 688465ms/25s/58m/22h, 27d/6mo/2021y] --> Began jumping *Entity[rgb(255-255-255), size(50-50) @ pos(630.0-662)] with expected peak @ (x:630.0, y:100)
[PokaPoka @ 702427ms/25s/58m/22h, 27d/6mo/2021y] --> Began jumping *Entity[rgb(255-255-255), size(50-50) @ pos(633.0-656)] with expected peak @ (x:633.0, y:100)
[PokaPoka @ 718319ms/25s/58m/22h, 27d/6mo/2021y] --> Began jumping *Entity[rgb(255-255-255), size(50-50) @ pos(636.0-648)] with expected peak @ (x:636.0, y:100)
[PokaPoka @ 736884ms/25s/58m/22h, 27d/6mo/2021y] --> Began jumping *Entity[rgb(255-255-255), size(50-50) @ pos(639.0-638)] with expected peak @ (x:639.0, y:100)
[PokaPoka @ 750617ms/25s/58m/22h, 27d/6mo/2021y] --> Began jumping *Entity[rgb(255-255-255), size(50-50) @ pos(642.0-626)] with expected peak @ (x:642.0, y:100)
[PokaPoka @ 767282ms/25s/58m/22h, 27d/6mo/2021y] --> Began jumping *Entity[rgb(255-255-255), size(50-50) @ pos(645.0-612)] with expected peak @ (x:645.0, y:100)
[PokaPoka @ 783253ms/25s/58m/22h, 27d/6mo/2021y] --> Began jumping *Entity[rgb(255-255-255), size(50-50) @ pos(648.0-596)] with expected peak @ (x:648.0, y:100)
[PokaPoka @ 800649ms/25s/58m/22h, 27d/6mo/2021y] --> Began jumping *Entity[rgb(255-255-255), size(50-50) @ pos(651.0-578)] with expected peak @ (x:651.0, y:100)
[PokaPoka @ 816799ms/25s/58m/22h, 27d/6mo/2021y] --> Began jumping *Entity[rgb(255-255-255), size(50-50) @ pos(654.0-558)] with expected peak @ (x:654.0, y:100)
[PokaPoka @ 832978ms/25s/58m/22h, 27d/6mo/2021y] --> Began jumping *Entity[rgb(255-255-255), size(50-50) @ pos(657.0-536)] with expected peak @ (x:657.0, y:100)
[PokaPoka @ 549900ms/26s/58m/22h, 27d/6mo/2021y] --> Began jumping *Entity[rgb(255-255-255), size(50-50) @ pos(783.0-674)] with expected peak @ (x:783.0, y:100)
[PokaPoka @ 565991ms/26s/58m/22h, 27d/6mo/2021y] --> Began jumping *Entity[rgb(255-255-255), size(50-50) @ pos(786.0-674)] with expected peak @ (x:786.0, y:100)
[PokaPoka @ 582235ms/26s/58m/22h, 27d/6mo/2021y] --> Began jumping *Entity[rgb(255-255-255), size(50-50) @ pos(789.0-672)] with expected peak @ (x:789.0, y:100)
[PokaPoka @ 600147ms/26s/58m/22h, 27d/6mo/2021y] --> Began jumping *Entity[rgb(255-255-255), size(50-50) @ pos(792.0-668)] with expected peak @ (x:792.0, y:100)
[PokaPoka @ 616621ms/26s/58m/22h, 27d/6mo/2021y] --> Began jumping *Entity[rgb(255-255-255), size(50-50) @ pos(795.0-662)] with expected peak @ (x:795.0, y:100)
[PokaPoka @ 632579ms/26s/58m/22h, 27d/6mo/2021y] --> Began jumping *Entity[rgb(255-255-255), size(50-50) @ pos(798.0-654)] with expected peak @ (x:798.0, y:100)
[PokaPoka @ 647539ms/26s/58m/22h, 27d/6mo/2021y] --> Began jumping *Entity[rgb(255-255-255), size(50-50) @ pos(801.0-644)] with expected peak @ (x:801.0, y:100)
[PokaPoka @ 663541ms/26s/58m/22h, 27d/6mo/2021y] --> Began jumping *Entity[rgb(255-255-255), size(50-50) @ pos(804.0-632)] with expected peak @ (x:804.0, y:100)
[PokaPoka @ 679134ms/26s/58m/22h, 27d/6mo/2021y] --> Began jumping *Entity[rgb(255-255-255), size(50-50) @ pos(807.0-618)] with expected peak @ (x:807.0, y:100)
[PokaPoka @ 694062ms/26s/58m/22h, 27d/6mo/2021y] --> Began jumping *Entity[rgb(255-255-255), size(50-50) @ pos(810.0-602)] with expected peak @ (x:810.0, y:100)
[PokaPoka @ 710528ms/26s/58m/22h, 27d/6mo/2021y] --> Began jumping *Entity[rgb(255-255-255), size(50-50) @ pos(813.0-584)] with expected peak @ (x:813.0, y:100)
[PokaPoka @ 149040ms/27s/58m/22h, 27d/6mo/2021y] --> Began jumping *Entity[rgb(255-255-255), size(50-50) @ pos(888.0-668)] with expected peak @ (x:888.0, y:100)
[PokaPoka @ 164032ms/27s/58m/22h, 27d/6mo/2021y] --> Began jumping *Entity[rgb(255-255-255), size(50-50) @ pos(891.0-668)] with expected peak @ (x:891.0, y:100)
[PokaPoka @ 180953ms/27s/58m/22h, 27d/6mo/2021y] --> Began jumping *Entity[rgb(255-255-255), size(50-50) @ pos(894.0-666)] with expected peak @ (x:894.0, y:100)
[PokaPoka @ 197908ms/27s/58m/22h, 27d/6mo/2021y] --> Began jumping *Entity[rgb(255-255-255), size(50-50) @ pos(897.0-662)] with expected peak @ (x:897.0, y:100)
[PokaPoka @ 214978ms/27s/58m/22h, 27d/6mo/2021y] --> Began jumping *Entity[rgb(255-255-255), size(50-50) @ pos(900.0-656)] with expected peak @ (x:900.0, y:100)
[PokaPoka @ 230936ms/27s/58m/22h, 27d/6mo/2021y] --> Began jumping *Entity[rgb(255-255-255), size(50-50) @ pos(903.0-648)] with expected peak @ (x:903.0, y:100)
[PokaPoka @ 247974ms/27s/58m/22h, 27d/6mo/2021y] --> Began jumping *Entity[rgb(255-255-255), size(50-50) @ pos(906.0-638)] with expected peak @ (x:906.0, y:100)
[PokaPoka @ 263953ms/27s/58m/22h, 27d/6mo/2021y] --> Began jumping *Entity[rgb(255-255-255), size(50-50) @ pos(909.0-626)] with expected peak @ (x:909.0, y:100)
[PokaPoka @ 281851ms/27s/58m/22h, 27d/6mo/2021y] --> Began jumping *Entity[rgb(255-255-255), size(50-50) @ pos(912.0-612)] with expected peak @ (x:912.0, y:100)
[PokaPoka @ 298855ms/27s/58m/22h, 27d/6mo/2021y] --> Began jumping *Entity[rgb(255-255-255), size(50-50) @ pos(915.0-596)] with expected peak @ (x:915.0, y:100)
[PokaPoka @ 314763ms/27s/58m/22h, 27d/6mo/2021y] --> Began jumping *Entity[rgb(255-255-255), size(50-50) @ pos(918.0-578)] with expected peak @ (x:918.0, y:100)
[PokaPoka @ 747394ms/27s/58m/22h, 27d/6mo/2021y] --> Began jumping *Entity[rgb(255-255-255), size(50-50) @ pos(924.0-668)] with expected peak @ (x:924.0, y:100)
[PokaPoka @ 763350ms/27s/58m/22h, 27d/6mo/2021y] --> Began jumping *Entity[rgb(255-255-255), size(50-50) @ pos(924.0-668)] with expected peak @ (x:924.0, y:100)
[PokaPoka @ 779305ms/27s/58m/22h, 27d/6mo/2021y] --> Began jumping *Entity[rgb(255-255-255), size(50-50) @ pos(921.0-666)] with expected peak @ (x:921.0, y:100)
[PokaPoka @ 796262ms/27s/58m/22h, 27d/6mo/2021y] --> Began jumping *Entity[rgb(255-255-255), size(50-50) @ pos(918.0-662)] with expected peak @ (x:918.0, y:100)
[PokaPoka @ 812344ms/27s/58m/22h, 27d/6mo/2021y] --> Began jumping *Entity[rgb(255-255-255), size(50-50) @ pos(915.0-656)] with expected peak @ (x:915.0, y:100)
[PokaPoka @ 829283ms/27s/58m/22h, 27d/6mo/2021y] --> Began jumping *Entity[rgb(255-255-255), size(50-50) @ pos(912.0-648)] with expected peak @ (x:912.0, y:100)
[PokaPoka @ 845246ms/27s/58m/22h, 27d/6mo/2021y] --> Began jumping *Entity[rgb(255-255-255), size(50-50) @ pos(909.0-638)] with expected peak @ (x:909.0, y:100)
[PokaPoka @ 862193ms/27s/58m/22h, 27d/6mo/2021y] --> Began jumping *Entity[rgb(255-255-255), size(50-50) @ pos(906.0-626)] with expected peak @ (x:906.0, y:100)
[PokaPoka @ 879152ms/27s/58m/22h, 27d/6mo/2021y] --> Began jumping *Entity[rgb(255-255-255), size(50-50) @ pos(903.0-612)] with expected peak @ (x:903.0, y:100)
[PokaPoka @ 897103ms/27s/58m/22h, 27d/6mo/2021y] --> Began jumping *Entity[rgb(255-255-255), size(50-50) @ pos(900.0-596)] with expected peak @ (x:900.0, y:100)
[PokaPoka @ 914060ms/27s/58m/22h, 27d/6mo/2021y] --> Began jumping *Entity[rgb(255-255-255), size(50-50) @ pos(897.0-578)] with expected peak @ (x:897.0, y:100)
[PokaPoka @ 401453ms/28s/58m/22h, 27d/6mo/2021y] --> Began jumping *Entity[rgb(255-255-255), size(50-50) @ pos(831.0-668)] with expected peak @ (x:831.0, y:100)
[PokaPoka @ 417830ms/28s/58m/22h, 27d/6mo/2021y] --> Began jumping *Entity[rgb(255-255-255), size(50-50) @ pos(831.0-668)] with expected peak @ (x:831.0, y:100)
[PokaPoka @ 434880ms/28s/58m/22h, 27d/6mo/2021y] --> Began jumping *Entity[rgb(255-255-255), size(50-50) @ pos(831.0-666)] with expected peak @ (x:831.0, y:100)
[PokaPoka @ 451119ms/28s/58m/22h, 27d/6mo/2021y] --> Began jumping *Entity[rgb(255-255-255), size(50-50) @ pos(831.0-662)] with expected peak @ (x:831.0, y:100)
[PokaPoka @ 468130ms/28s/58m/22h, 27d/6mo/2021y] --> Began jumping *Entity[rgb(255-255-255), size(50-50) @ pos(831.0-656)] with expected peak @ (x:831.0, y:100)
[PokaPoka @ 485809ms/28s/58m/22h, 27d/6mo/2021y] --> Began jumping *Entity[rgb(255-255-255), size(50-50) @ pos(831.0-648)] with expected peak @ (x:831.0, y:100)
[PokaPoka @ 502736ms/28s/58m/22h, 27d/6mo/2021y] --> Began jumping *Entity[rgb(255-255-255), size(50-50) @ pos(831.0-638)] with expected peak @ (x:831.0, y:100)
[PokaPoka @ 517724ms/28s/58m/22h, 27d/6mo/2021y] --> Began jumping *Entity[rgb(255-255-255), size(50-50) @ pos(831.0-626)] with expected peak @ (x:831.0, y:100)
[PokaPoka @ 533597ms/28s/58m/22h, 27d/6mo/2021y] --> Began jumping *Entity[rgb(255-255-255), size(50-50) @ pos(831.0-612)] with expected peak @ (x:831.0, y:100)
[PokaPoka @ 550552ms/28s/58m/22h, 27d/6mo/2021y] --> Began jumping *Entity[rgb(255-255-255), size(50-50) @ pos(831.0-596)] with expected peak @ (x:831.0, y:100)
[PokaPoka @ 567510ms/28s/58m/22h, 27d/6mo/2021y] --> Began jumping *Entity[rgb(255-255-255), size(50-50) @ pos(831.0-578)] with expected peak @ (x:831.0, y:100)
[PokaPoka @ 825303ms/29s/58m/22h, 27d/6mo/2021y] --> Attempted to QUIT @ Esc key
[PokaPoka @ 825303ms/29s/58m/22h, 27d/6mo/2021y] --> Shutting down (2nd to last) final!
[PokaPoka @ 825303ms/29s/58m/22h, 27d/6mo/2021y] --> Exported game log as PokaPoka_793727_0_58_22_27_6_2021.log