[PokaPoka @ 418112ms/27s/10m/1h, 27d/6mo/2021y] --> Beginning game startup and startup-finish
[PokaPoka @ 990906ms/27s/10m/1h, 27d/6mo/2021y] --> Mouse interacted with hotbar slot(4) --> removed from inventory
[PokaPoka @ 455874ms/30s/10m/1h, 27d/6mo/2021y] --> Mouse interacted with hotbar slot(3) --> removed from inventory
[PokaPoka @ 260865ms/32s/10m/1h, 27d/6mo/2021y] --> Mouse interacted with hotbar slot(2) --> removed from inventory
[PokaPoka @ 108432ms/34s/10m/1h, 27d/6mo/2021y] --> Began jumping *Entity[rgb(255-255-255), size(50-50) @ pos(540-718)] with expected peak @ (x:540, y:100)
[PokaPoka @ 121399ms/34s/10m/1h, 27d/6mo/2021y] --> Began jumping *Entity[rgb(255-255-255), size(50-50) @ pos(540-718)] with expected peak @ (x:540, y:100)
[PokaPoka @ 134359ms/34s/10m/1h, 27d/6mo/2021y] --> Began jumping *Entity[rgb(255-255-255), size(50-50) @ pos(540-716)] with expected peak @ (x:540, y:100)
[PokaPoka @ 147323ms/34s/10m/1h, 27d/6mo/2021y] --> Began jumping *Entity[rgb(255-255-255), size(50-50) @ pos(540-712)] with expected peak @ (x:540, y:100)
[PokaPoka @ 162378ms/34s/10m/1h, 27d/6mo/2021y] --> Began jumping *Entity[rgb(255-255-255), size(50-50) @ pos(540-706)] with expected peak @ (x:540, y:100)
[PokaPoka @ 178019ms/34s/10m/1h, 27d/6mo/2021y] --> Began jumping *Entity[rgb(255-255-255), size(50-50) @ pos(540-698)] with expected peak @ (x:540, y:100)
[PokaPoka @ 192381ms/34s/10m/1h, 27d/6mo/2021y] --> Began jumping *Entity[rgb(255-255-255), size(50-50) @ pos(540-688)] with expected peak @ (x:540, y:100)
[PokaPoka @ 205319ms/34s/10m/1h, 27d/6mo/2021y] --> Began jumping *Entity[rgb(255-255-255), size(50-50) @ pos(540-676)] with expected peak @ (x:540, y:100)
[PokaPoka @ 219282ms/34s/10m/1h, 27d/6mo/2021y] --> Began jumping *Entity[rgb(255-255-255), size(50-50) @ pos(540-662)] with expected peak @ (x:540, y:100)
[PokaPoka @ 232246ms/34s/10m/1h, 27d/6mo/2021y] --> Began jumping *Entity[rgb(255-255-255), size(50-50) @ pos(540-646)] with expected peak @ (x:540, y:100)
[PokaPoka @ 246400ms/34s/10m/1h, 27d/6mo/2021y] --> Began jumping *Entity[rgb(255-255-255), size(50-50) @ pos(540-628)] with expected peak @ (x:540, y:100)
[PokaPoka @ 651927ms/34s/10m/1h, 27d/6mo/2021y] --> Began jumping *Entity[rgb(255-255-255), size(50-50) @ pos(540-718)] with expected peak @ (x:540, y:100)
[PokaPoka @ 665914ms/34s/10m/1h, 27d/6mo/2021y] --> Began jumping *Entity[rgb(255-255-255), size(50-50) @ pos(540-718)] with expected peak @ (x:540, y:100)
[PokaPoka @ 679873ms/34s/10m/1h, 27d/6mo/2021y] --> Began jumping *Entity[rgb(255-255-255), size(50-50) @ pos(540-716)] with expected peak @ (x:540, y:100)
[PokaPoka @ 694831ms/34s/10m/1h, 27d/6mo/2021y] --> Began jumping *Entity[rgb(255-255-255), size(50-50) @ pos(540-712)] with expected peak @ (x:540, y:100)
[PokaPoka @ 709763ms/34s/10m/1h, 27d/6mo/2021y] --> Began jumping *Entity[rgb(255-255-255), size(50-50) @ pos(540-706)] with expected peak @ (x:540, y:100)
[PokaPoka @ 722728ms/34s/10m/1h, 27d/6mo/2021y] --> Began jumping *Entity[rgb(255-255-255), size(50-50) @ pos(540-698)] with expected peak @ (x:540, y:100)
[PokaPoka @ 735694ms/34s/10m/1h, 27d/6mo/2021y] --> Began jumping *Entity[rgb(255-255-255), size(50-50) @ pos(540-688)] with expected peak @ (x:540, y:100)
[PokaPoka @ 748661ms/34s/10m/1h, 27d/6mo/2021y] --> Began jumping *Entity[rgb(255-255-255), size(50-50) @ pos(540-676)] with expected peak @ (x:540, y:100)
[PokaPoka @ 767219ms/34s/10m/1h, 27d/6mo/2021y] --> Began jumping *Entity[rgb(255-255-255), size(50-50) @ pos(540-662)] with expected peak @ (x:540, y:100)
[PokaPoka @ 781177ms/34s/10m/1h, 27d/6mo/2021y] --> Began jumping *Entity[rgb(255-255-255), size(50-50) @ pos(540-646)] with expected peak @ (x:540, y:100)
[PokaPoka @ 795404ms/34s/10m/1h, 27d/6mo/2021y] --> Began jumping *Entity[rgb(255-255-255), size(50-50) @ pos(540-628)] with expected peak @ (x:540, y:100)
[PokaPoka @ 151715ms/35s/10m/1h, 27d/6mo/2021y] --> Began jumping *Entity[rgb(255-255-255), size(50-50) @ pos(510-718)] with expected peak @ (x:510, y:100)
[PokaPoka @ 164678ms/35s/10m/1h, 27d/6mo/2021y] --> Began jumping *Entity[rgb(255-255-255), size(50-50) @ pos(507-718)] with expected peak @ (x:507, y:100)
[PokaPoka @ 179671ms/35s/10m/1h, 27d/6mo/2021y] --> Began jumping *Entity[rgb(255-255-255), size(50-50) @ pos(504-716)] with expected peak @ (x:504, y:100)
[PokaPoka @ 194425ms/35s/10m/1h, 27d/6mo/2021y] --> Began jumping *Entity[rgb(255-255-255), size(50-50) @ pos(501-712)] with expected peak @ (x:501, y:100)
[PokaPoka @ 208702ms/35s/10m/1h, 27d/6mo/2021y] --> Began jumping *Entity[rgb(255-255-255), size(50-50) @ pos(498-706)] with expected peak @ (x:498, y:100)
[PokaPoka @ 221670ms/35s/10m/1h, 27d/6mo/2021y] --> Began jumping *Entity[rgb(255-255-255), size(50-50) @ pos(495-698)] with expected peak @ (x:495, y:100)
[PokaPoka @ 234664ms/35s/10m/1h, 27d/6mo/2021y] --> Began jumping *Entity[rgb(255-255-255), size(50-50) @ pos(492-688)] with expected peak @ (x:492, y:100)
[PokaPoka @ 247631ms/35s/10m/1h, 27d/6mo/2021y] --> Began jumping *Entity[rgb(255-255-255), size(50-50) @ pos(489-676)] with expected peak @ (x:489, y:100)
[PokaPoka @ 262556ms/35s/10m/1h, 27d/6mo/2021y] --> Began jumping *Entity[rgb(255-255-255), size(50-50) @ pos(486-662)] with expected peak @ (x:486, y:100)
[PokaPoka @ 277551ms/35s/10m/1h, 27d/6mo/2021y] --> Began jumping *Entity[rgb(255-255-255), size(50-50) @ pos(483-646)] with expected peak @ (x:483, y:100)
[PokaPoka @ 292476ms/35s/10m/1h, 27d/6mo/2021y] --> Began jumping *Entity[rgb(255-255-255), size(50-50) @ pos(480-628)] with expected peak @ (x:480, y:100)
[PokaPoka @ 305449ms/35s/10m/1h, 27d/6mo/2021y] --> Began jumping *Entity[rgb(255-255-255), size(50-50) @ pos(477-608)] with expected peak @ (x:477, y:100)
[PokaPoka @ 318412ms/35s/10m/1h, 27d/6mo/2021y] --> Began jumping *Entity[rgb(255-255-255), size(50-50) @ pos(474-586)] with expected peak @ (x:474, y:100)
[PokaPoka @ 331436ms/35s/10m/1h, 27d/6mo/2021y] --> Began jumping *Entity[rgb(255-255-255), size(50-50) @ pos(471-562)] with expected peak @ (x:471, y:100)
[PokaPoka @ 346368ms/35s/10m/1h, 27d/6mo/2021y] --> Began jumping *Entity[rgb(255-255-255), size(50-50) @ pos(468-536)] with expected peak @ (x:468, y:100)
[PokaPoka @ 361541ms/35s/10m/1h, 27d/6mo/2021y] --> Began jumping *Entity[rgb(255-255-255), size(50-50) @ pos(465-508)] with expected peak @ (x:465, y:100)
[PokaPoka @ 376499ms/35s/10m/1h, 27d/6mo/2021y] --> Began jumping *Entity[rgb(255-255-255), size(50-50) @ pos(462-478)] with expected peak @ (x:462, y:100)
[PokaPoka @ 391459ms/35s/10m/1h, 27d/6mo/2021y] --> Began jumping *Entity[rgb(255-255-255), size(50-50) @ pos(459-446)] with expected peak @ (x:459, y:100)
[PokaPoka @ 406418ms/35s/10m/1h, 27d/6mo/2021y] --> Began jumping *Entity[rgb(255-255-255), size(50-50) @ pos(456-412)] with expected peak @ (x:456, y:100)
[PokaPoka @ 421379ms/35s/10m/1h, 27d/6mo/2021y] --> Began jumping *Entity[rgb(255-255-255), size(50-50) @ pos(453-376)] with expected peak @ (x:453, y:100)
[PokaPoka @ 435375ms/35s/10m/1h, 27d/6mo/2021y] --> Began jumping *Entity[rgb(255-255-255), size(50-50) @ pos(450-338)] with expected peak @ (x:450, y:100)
[PokaPoka @ 450301ms/35s/10m/1h, 27d/6mo/2021y] --> Began jumping *Entity[rgb(255-255-255), size(50-50) @ pos(447-298)] with expected peak @ (x:447, y:100)
[PokaPoka @ 463301ms/35s/10m/1h, 27d/6mo/2021y] --> Began jumping *Entity[rgb(255-255-255), size(50-50) @ pos(444-256)] with expected peak @ (x:444, y:100)
[PokaPoka @ 476262ms/35s/10m/1h, 27d/6mo/2021y] --> Began jumping *Entity[rgb(255-255-255), size(50-50) @ pos(441-212)] with expected peak @ (x:441, y:100)
[PokaPoka @ 491019ms/35s/10m/1h, 27d/6mo/2021y] --> Began jumping *Entity[rgb(255-255-255), size(50-50) @ pos(438-166)] with expected peak @ (x:438, y:100)
[PokaPoka @ 503057ms/35s/10m/1h, 27d/6mo/2021y] --> Began jumping *Entity[rgb(255-255-255), size(50-50) @ pos(435-118)] with expected peak @ (x:435, y:100)
[PokaPoka @ 516995ms/35s/10m/1h, 27d/6mo/2021y] --> Began jumping *Entity[rgb(255-255-255), size(50-50) @ pos(432-68)] with expected peak @ (x:432, y:100)
[PokaPoka @ 530912ms/35s/10m/1h, 27d/6mo/2021y] --> Began jumping *Entity[rgb(255-255-255), size(50-50) @ pos(429-16)] with expected peak @ (x:429, y:100)
[PokaPoka @ 545905ms/35s/10m/1h, 27d/6mo/2021y] --> Began jumping *Entity[rgb(255-255-255), size(50-50) @ pos(426--38)] with expected peak @ (x:426, y:100)
[PokaPoka @ 560833ms/35s/10m/1h, 27d/6mo/2021y] --> Began jumping *Entity[rgb(255-255-255), size(50-50) @ pos(423--94)] with expected peak @ (x:423, y:100)
[PokaPoka @ 574956ms/35s/10m/1h, 27d/6mo/2021y] --> Began jumping *Entity[rgb(255-255-255), size(50-50) @ pos(420--152)] with expected peak @ (x:420, y:100)
[PokaPoka @ 587924ms/35s/10m/1h, 27d/6mo/2021y] --> Began jumping *Entity[rgb(255-255-255), size(50-50) @ pos(417--212)] with expected peak @ (x:417, y:100)
[PokaPoka @ 601886ms/35s/10m/1h, 27d/6mo/2021y] --> Began jumping *Entity[rgb(255-255-255), size(50-50) @ pos(414--274)] with expected peak @ (x:414, y:100)
[PokaPoka @ 615846ms/35s/10m/1h, 27d/6mo/2021y] --> Began jumping *Entity[rgb(255-255-255), size(50-50) @ pos(411--338)] with expected peak @ (x:411, y:100)
[PokaPoka @ 629821ms/35s/10m/1h, 27d/6mo/2021y] --> Began jumping *Entity[rgb(255-255-255), size(50-50) @ pos(408--404)] with expected peak @ (x:408, y:100)
[PokaPoka @ 643780ms/35s/10m/1h, 27d/6mo/2021y] --> Began jumping *Entity[rgb(255-255-255), size(50-50) @ pos(405--472)] with expected peak @ (x:405, y:100)
[PokaPoka @ 657744ms/35s/10m/1h, 27d/6mo/2021y] --> Began jumping *Entity[rgb(255-255-255), size(50-50) @ pos(402--542)] with expected peak @ (x:402, y:100)
[PokaPoka @ 671707ms/35s/10m/1h, 27d/6mo/2021y] --> Began jumping *Entity[rgb(255-255-255), size(50-50) @ pos(399--614)] with expected peak @ (x:399, y:100)
[PokaPoka @ 684871ms/35s/10m/1h, 27d/6mo/2021y] --> Began jumping *Entity[rgb(255-255-255), size(50-50) @ pos(396--688)] with expected peak @ (x:396, y:100)
[PokaPoka @ 697839ms/35s/10m/1h, 27d/6mo/2021y] --> Began jumping *Entity[rgb(255-255-255), size(50-50) @ pos(393--764)] with expected peak @ (x:393, y:100)
[PokaPoka @ 711841ms/35s/10m/1h, 27d/6mo/2021y] --> Began jumping *Entity[rgb(255-255-255), size(50-50) @ pos(390--842)] with expected peak @ (x:390, y:100)
[PokaPoka @ 726191ms/35s/10m/1h, 27d/6mo/2021y] --> Began jumping *Entity[rgb(255-255-255), size(50-50) @ pos(387--922)] with expected peak @ (x:387, y:100)
[PokaPoka @ 740296ms/35s/10m/1h, 27d/6mo/2021y] --> Began jumping *Entity[rgb(255-255-255), size(50-50) @ pos(384--1004)] with expected peak @ (x:384, y:100)
[PokaPoka @ 753227ms/35s/10m/1h, 27d/6mo/2021y] --> Began jumping *Entity[rgb(255-255-255), size(50-50) @ pos(381--1088)] with expected peak @ (x:381, y:100)
[PokaPoka @ 768190ms/35s/10m/1h, 27d/6mo/2021y] --> Began jumping *Entity[rgb(255-255-255), size(50-50) @ pos(378--1174)] with expected peak @ (x:378, y:100)
[PokaPoka @ 781188ms/35s/10m/1h, 27d/6mo/2021y] --> Began jumping *Entity[rgb(255-255-255), size(50-50) @ pos(375--1262)] with expected peak @ (x:375, y:100)
[PokaPoka @ 795147ms/35s/10m/1h, 27d/6mo/2021y] --> Began jumping *Entity[rgb(255-255-255), size(50-50) @ pos(372--1352)] with expected peak @ (x:372, y:100)
[PokaPoka @ 810078ms/35s/10m/1h, 27d/6mo/2021y] --> Began jumping *Entity[rgb(255-255-255), size(50-50) @ pos(369--1444)] with expected peak @ (x:369, y:100)
[PokaPoka @ 822051ms/35s/10m/1h, 27d/6mo/2021y] --> Began jumping *Entity[rgb(255-255-255), size(50-50) @ pos(366--1538)] with expected peak @ (x:366, y:100)
[PokaPoka @ 837009ms/35s/10m/1h, 27d/6mo/2021y] --> Began jumping *Entity[rgb(255-255-255), size(50-50) @ pos(363--1634)] with expected peak @ (x:363, y:100)
[PokaPoka @ 852183ms/35s/10m/1h, 27d/6mo/2021y] --> Began jumping *Entity[rgb(255-255-255), size(50-50) @ pos(360--1732)] with expected peak @ (x:360, y:100)
[PokaPoka @ 868152ms/35s/10m/1h, 27d/6mo/2021y] --> Began jumping *Entity[rgb(255-255-255), size(50-50) @ pos(357--1832)] with expected peak @ (x:357, y:100)
[PokaPoka @ 774311ms/36s/10m/1h, 27d/6mo/2021y] --> Began jumping *Entity[rgb(255-255-255), size(50-50) @ pos(453-718)] with expected peak @ (x:453, y:100)
[PokaPoka @ 787279ms/36s/10m/1h, 27d/6mo/2021y] --> Began jumping *Entity[rgb(255-255-255), size(50-50) @ pos(456-718)] with expected peak @ (x:456, y:100)
[PokaPoka @ 800283ms/36s/10m/1h, 27d/6mo/2021y] --> Began jumping *Entity[rgb(255-255-255), size(50-50) @ pos(459-716)] with expected peak @ (x:459, y:100)
[PokaPoka @ 813233ms/36s/10m/1h, 27d/6mo/2021y] --> Began jumping *Entity[rgb(255-255-255), size(50-50) @ pos(462-712)] with expected peak @ (x:462, y:100)
[PokaPoka @ 828942ms/36s/10m/1h, 27d/6mo/2021y] --> Began jumping *Entity[rgb(255-255-255), size(50-50) @ pos(465-706)] with expected peak @ (x:465, y:100)
[PokaPoka @ 842907ms/36s/10m/1h, 27d/6mo/2021y] --> Began jumping *Entity[rgb(255-255-255), size(50-50) @ pos(468-698)] with expected peak @ (x:468, y:100)
[PokaPoka @ 856904ms/36s/10m/1h, 27d/6mo/2021y] --> Began jumping *Entity[rgb(255-255-255), size(50-50) @ pos(471-688)] with expected peak @ (x:471, y:100)
[PokaPoka @ 869863ms/36s/10m/1h, 27d/6mo/2021y] --> Began jumping *Entity[rgb(255-255-255), size(50-50) @ pos(474-676)] with expected peak @ (x:474, y:100)
[PokaPoka @ 883799ms/36s/10m/1h, 27d/6mo/2021y] --> Began jumping *Entity[rgb(255-255-255), size(50-50) @ pos(477-662)] with expected peak @ (x:477, y:100)
[PokaPoka @ 897759ms/36s/10m/1h, 27d/6mo/2021y] --> Began jumping *Entity[rgb(255-255-255), size(50-50) @ pos(480-646)] with expected peak @ (x:480, y:100)
[PokaPoka @ 913716ms/36s/10m/1h, 27d/6mo/2021y] --> Began jumping *Entity[rgb(255-255-255), size(50-50) @ pos(483-628)] with expected peak @ (x:483, y:100)
[PokaPoka @ 928680ms/36s/10m/1h, 27d/6mo/2021y] --> Began jumping *Entity[rgb(255-255-255), size(50-50) @ pos(486-608)] with expected peak @ (x:486, y:100)
[PokaPoka @ 943668ms/36s/10m/1h, 27d/6mo/2021y] --> Began jumping *Entity[rgb(255-255-255), size(50-50) @ pos(489-586)] with expected peak @ (x:489, y:100)
[PokaPoka @ 957597ms/36s/10m/1h, 27d/6mo/2021y] --> Began jumping *Entity[rgb(255-255-255), size(50-50) @ pos(492-562)] with expected peak @ (x:492, y:100)
[PokaPoka @ 970567ms/36s/10m/1h, 27d/6mo/2021y] --> Began jumping *Entity[rgb(255-255-255), size(50-50) @ pos(495-536)] with expected peak @ (x:495, y:100)
[PokaPoka @ 984526ms/36s/10m/1h, 27d/6mo/2021y] --> Began jumping *Entity[rgb(255-255-255), size(50-50) @ pos(498-508)] with expected peak @ (x:498, y:100)
[PokaPoka @ 997490ms/36s/10m/1h, 27d/6mo/2021y] --> Began jumping *Entity[rgb(255-255-255), size(50-50) @ pos(501-478)] with expected peak @ (x:501, y:100)
[PokaPoka @ 11455ms/37s/10m/1h, 27d/6mo/2021y] --> Began jumping *Entity[rgb(255-255-255), size(50-50) @ pos(504-446)] with expected peak @ (x:504, y:100)
[PokaPoka @ 26411ms/37s/10m/1h, 27d/6mo/2021y] --> Began jumping *Entity[rgb(255-255-255), size(50-50) @ pos(507-412)] with expected peak @ (x:507, y:100)
[PokaPoka @ 40377ms/37s/10m/1h, 27d/6mo/2021y] --> Began jumping *Entity[rgb(255-255-255), size(50-50) @ pos(510-376)] with expected peak @ (x:510, y:100)
[PokaPoka @ 53344ms/37s/10m/1h, 27d/6mo/2021y] --> Began jumping *Entity[rgb(255-255-255), size(50-50) @ pos(513-338)] with expected peak @ (x:513, y:100)
[PokaPoka @ 67216ms/37s/10m/1h, 27d/6mo/2021y] --> Began jumping *Entity[rgb(255-255-255), size(50-50) @ pos(516-298)] with expected peak @ (x:516, y:100)
[PokaPoka @ 80221ms/37s/10m/1h, 27d/6mo/2021y] --> Began jumping *Entity[rgb(255-255-255), size(50-50) @ pos(519-256)] with expected peak @ (x:519, y:100)
[PokaPoka @ 94175ms/37s/10m/1h, 27d/6mo/2021y] --> Began jumping *Entity[rgb(255-255-255), size(50-50) @ pos(522-212)] with expected peak @ (x:522, y:100)
[PokaPoka @ 108099ms/37s/10m/1h, 27d/6mo/2021y] --> Began jumping *Entity[rgb(255-255-255), size(50-50) @ pos(525-166)] with expected peak @ (x:525, y:100)
[PokaPoka @ 121066ms/37s/10m/1h, 27d/6mo/2021y] --> Began jumping *Entity[rgb(255-255-255), size(50-50) @ pos(528-118)] with expected peak @ (x:528, y:100)
[PokaPoka @ 135030ms/37s/10m/1h, 27d/6mo/2021y] --> Began jumping *Entity[rgb(255-255-255), size(50-50) @ pos(531-68)] with expected peak @ (x:531, y:100)
[PokaPoka @ 146997ms/37s/10m/1h, 27d/6mo/2021y] --> Began jumping *Entity[rgb(255-255-255), size(50-50) @ pos(534-16)] with expected peak @ (x:534, y:100)
[PokaPoka @ 162278ms/37s/10m/1h, 27d/6mo/2021y] --> Began jumping *Entity[rgb(255-255-255), size(50-50) @ pos(537--38)] with expected peak @ (x:537, y:100)
[PokaPoka @ 176943ms/37s/10m/1h, 27d/6mo/2021y] --> Began jumping *Entity[rgb(255-255-255), size(50-50) @ pos(540--94)] with expected peak @ (x:540, y:100)
[PokaPoka @ 190099ms/37s/10m/1h, 27d/6mo/2021y] --> Began jumping *Entity[rgb(255-255-255), size(50-50) @ pos(543--152)] with expected peak @ (x:543, y:100)
[PokaPoka @ 204064ms/37s/10m/1h, 27d/6mo/2021y] --> Began jumping *Entity[rgb(255-255-255), size(50-50) @ pos(546--212)] with expected peak @ (x:546, y:100)
[PokaPoka @ 218022ms/37s/10m/1h, 27d/6mo/2021y] --> Began jumping *Entity[rgb(255-255-255), size(50-50) @ pos(549--274)] with expected peak @ (x:549, y:100)
[PokaPoka @ 232991ms/37s/10m/1h, 27d/6mo/2021y] --> Began jumping *Entity[rgb(255-255-255), size(50-50) @ pos(552--338)] with expected peak @ (x:552, y:100)
[PokaPoka @ 246971ms/37s/10m/1h, 27d/6mo/2021y] --> Began jumping *Entity[rgb(255-255-255), size(50-50) @ pos(555--404)] with expected peak @ (x:555, y:100)
[PokaPoka @ 260936ms/37s/10m/1h, 27d/6mo/2021y] --> Began jumping *Entity[rgb(255-255-255), size(50-50) @ pos(558--472)] with expected peak @ (x:558, y:100)
[PokaPoka @ 273908ms/37s/10m/1h, 27d/6mo/2021y] --> Began jumping *Entity[rgb(255-255-255), size(50-50) @ pos(561--542)] with expected peak @ (x:561, y:100)
[PokaPoka @ 286839ms/37s/10m/1h, 27d/6mo/2021y] --> Began jumping *Entity[rgb(255-255-255), size(50-50) @ pos(564--614)] with expected peak @ (x:564, y:100)
[PokaPoka @ 301720ms/37s/10m/1h, 27d/6mo/2021y] --> Began jumping *Entity[rgb(255-255-255), size(50-50) @ pos(567--688)] with expected peak @ (x:567, y:100)
[PokaPoka @ 314647ms/37s/10m/1h, 27d/6mo/2021y] --> Began jumping *Entity[rgb(255-255-255), size(50-50) @ pos(570--764)] with expected peak @ (x:570, y:100)
[PokaPoka @ 329290ms/37s/10m/1h, 27d/6mo/2021y] --> Began jumping *Entity[rgb(255-255-255), size(50-50) @ pos(573--842)] with expected peak @ (x:573, y:100)
[PokaPoka @ 344248ms/37s/10m/1h, 27d/6mo/2021y] --> Began jumping *Entity[rgb(255-255-255), size(50-50) @ pos(576--922)] with expected peak @ (x:576, y:100)
[PokaPoka @ 359151ms/37s/10m/1h, 27d/6mo/2021y] --> Began jumping *Entity[rgb(255-255-255), size(50-50) @ pos(579--1004)] with expected peak @ (x:579, y:100)
[PokaPoka @ 373145ms/37s/10m/1h, 27d/6mo/2021y] --> Began jumping *Entity[rgb(255-255-255), size(50-50) @ pos(582--1088)] with expected peak @ (x:582, y:100)
[PokaPoka @ 387078ms/37s/10m/1h, 27d/6mo/2021y] --> Began jumping *Entity[rgb(255-255-255), size(50-50) @ pos(585--1174)] with expected peak @ (x:585, y:100)
[PokaPoka @ 401040ms/37s/10m/1h, 27d/6mo/2021y] --> Began jumping *Entity[rgb(255-255-255), size(50-50) @ pos(588--1262)] with expected peak @ (x:588, y:100)
[PokaPoka @ 419004ms/37s/10m/1h, 27d/6mo/2021y] --> Began jumping *Entity[rgb(255-255-255), size(50-50) @ pos(591--1352)] with expected peak @ (x:591, y:100)
[PokaPoka @ 432956ms/37s/10m/1h, 27d/6mo/2021y] --> Began jumping *Entity[rgb(255-255-255), size(50-50) @ pos(594--1444)] with expected peak @ (x:594, y:100)
[PokaPoka @ 446950ms/37s/10m/1h, 27d/6mo/2021y] --> Began jumping *Entity[rgb(255-255-255), size(50-50) @ pos(597--1538)] with expected peak @ (x:597, y:100)
[PokaPoka @ 460878ms/37s/10m/1h, 27d/6mo/2021y] --> Began jumping *Entity[rgb(255-255-255), size(50-50) @ pos(600--1634)] with expected peak @ (x:600, y:100)
[PokaPoka @ 476800ms/37s/10m/1h, 27d/6mo/2021y] --> Began jumping *Entity[rgb(255-255-255), size(50-50) @ pos(603--1732)] with expected peak @ (x:603, y:100)
[PokaPoka @ 491761ms/37s/10m/1h, 27d/6mo/2021y] --> Began jumping *Entity[rgb(255-255-255), size(50-50) @ pos(606--1832)] with expected peak @ (x:606, y:100)
[PokaPoka @ 18108ms/38s/10m/1h, 27d/6mo/2021y] --> Began jumping *Entity[rgb(255-255-255), size(50-50) @ pos(648-718)] with expected peak @ (x:648, y:100)
[PokaPoka @ 31074ms/38s/10m/1h, 27d/6mo/2021y] --> Began jumping *Entity[rgb(255-255-255), size(50-50) @ pos(651-718)] with expected peak @ (x:651, y:100)
[PokaPoka @ 46458ms/38s/10m/1h, 27d/6mo/2021y] --> Began jumping *Entity[rgb(255-255-255), size(50-50) @ pos(654-716)] with expected peak @ (x:654, y:100)
[PokaPoka @ 61419ms/38s/10m/1h, 27d/6mo/2021y] --> Began jumping *Entity[rgb(255-255-255), size(50-50) @ pos(657-712)] with expected peak @ (x:657, y:100)
[PokaPoka @ 75062ms/38s/10m/1h, 27d/6mo/2021y] --> Began jumping *Entity[rgb(255-255-255), size(50-50) @ pos(660-706)] with expected peak @ (x:660, y:100)
[PokaPoka @ 89021ms/38s/10m/1h, 27d/6mo/2021y] --> Began jumping *Entity[rgb(255-255-255), size(50-50) @ pos(663-698)] with expected peak @ (x:663, y:100)
[PokaPoka @ 101992ms/38s/10m/1h, 27d/6mo/2021y] --> Began jumping *Entity[rgb(255-255-255), size(50-50) @ pos(666-688)] with expected peak @ (x:666, y:100)
[PokaPoka @ 114954ms/38s/10m/1h, 27d/6mo/2021y] --> Began jumping *Entity[rgb(255-255-255), size(50-50) @ pos(669-676)] with expected peak @ (x:669, y:100)
[PokaPoka @ 129424ms/38s/10m/1h, 27d/6mo/2021y] --> Began jumping *Entity[rgb(255-255-255), size(50-50) @ pos(672-662)] with expected peak @ (x:672, y:100)
[PokaPoka @ 144756ms/38s/10m/1h, 27d/6mo/2021y] --> Began jumping *Entity[rgb(255-255-255), size(50-50) @ pos(675-646)] with expected peak @ (x:675, y:100)
[PokaPoka @ 159260ms/38s/10m/1h, 27d/6mo/2021y] --> Began jumping *Entity[rgb(255-255-255), size(50-50) @ pos(678-628)] with expected peak @ (x:678, y:100)
[PokaPoka @ 172226ms/38s/10m/1h, 27d/6mo/2021y] --> Began jumping *Entity[rgb(255-255-255), size(50-50) @ pos(681-608)] with expected peak @ (x:681, y:100)
[PokaPoka @ 185192ms/38s/10m/1h, 27d/6mo/2021y] --> Began jumping *Entity[rgb(255-255-255), size(50-50) @ pos(684-586)] with expected peak @ (x:684, y:100)
[PokaPoka @ 201151ms/38s/10m/1h, 27d/6mo/2021y] --> Began jumping *Entity[rgb(255-255-255), size(50-50) @ pos(684-562)] with expected peak @ (x:684, y:100)
[PokaPoka @ 213117ms/38s/10m/1h, 27d/6mo/2021y] --> Began jumping *Entity[rgb(255-255-255), size(50-50) @ pos(684-536)] with expected peak @ (x:684, y:100)
[PokaPoka @ 228081ms/38s/10m/1h, 27d/6mo/2021y] --> Began jumping *Entity[rgb(255-255-255), size(50-50) @ pos(684-508)] with expected peak @ (x:684, y:100)
[PokaPoka @ 243461ms/38s/10m/1h, 27d/6mo/2021y] --> Began jumping *Entity[rgb(255-255-255), size(50-50) @ pos(684-478)] with expected peak @ (x:684, y:100)
[PokaPoka @ 258236ms/38s/10m/1h, 27d/6mo/2021y] --> Began jumping *Entity[rgb(255-255-255), size(50-50) @ pos(684-446)] with expected peak @ (x:684, y:100)
[PokaPoka @ 273197ms/38s/10m/1h, 27d/6mo/2021y] --> Began jumping *Entity[rgb(255-255-255), size(50-50) @ pos(684-412)] with expected peak @ (x:684, y:100)
[PokaPoka @ 287160ms/38s/10m/1h, 27d/6mo/2021y] --> Began jumping *Entity[rgb(255-255-255), size(50-50) @ pos(684-376)] with expected peak @ (x:684, y:100)
[PokaPoka @ 301123ms/38s/10m/1h, 27d/6mo/2021y] --> Began jumping *Entity[rgb(255-255-255), size(50-50) @ pos(684-338)] with expected peak @ (x:684, y:100)
[PokaPoka @ 315117ms/38s/10m/1h, 27d/6mo/2021y] --> Began jumping *Entity[rgb(255-255-255), size(50-50) @ pos(684-298)] with expected peak @ (x:684, y:100)
[PokaPoka @ 330043ms/38s/10m/1h, 27d/6mo/2021y] --> Began jumping *Entity[rgb(255-255-255), size(50-50) @ pos(684-256)] with expected peak @ (x:684, y:100)
[PokaPoka @ 343007ms/38s/10m/1h, 27d/6mo/2021y] --> Began jumping *Entity[rgb(255-255-255), size(50-50) @ pos(684-212)] with expected peak @ (x:684, y:100)
[PokaPoka @ 355973ms/38s/10m/1h, 27d/6mo/2021y] --> Began jumping *Entity[rgb(255-255-255), size(50-50) @ pos(684-166)] with expected peak @ (x:684, y:100)
[PokaPoka @ 368940ms/38s/10m/1h, 27d/6mo/2021y] --> Began jumping *Entity[rgb(255-255-255), size(50-50) @ pos(684-118)] with expected peak @ (x:684, y:100)
[PokaPoka @ 381903ms/38s/10m/1h, 27d/6mo/2021y] --> Began jumping *Entity[rgb(255-255-255), size(50-50) @ pos(684-68)] with expected peak @ (x:684, y:100)
[PokaPoka @ 401852ms/38s/10m/1h, 27d/6mo/2021y] --> Began jumping *Entity[rgb(255-255-255), size(50-50) @ pos(684-16)] with expected peak @ (x:684, y:100)
[PokaPoka @ 414816ms/38s/10m/1h, 27d/6mo/2021y] --> Began jumping *Entity[rgb(255-255-255), size(50-50) @ pos(684--38)] with expected peak @ (x:684, y:100)
[PokaPoka @ 429777ms/38s/10m/1h, 27d/6mo/2021y] --> Began jumping *Entity[rgb(255-255-255), size(50-50) @ pos(684--94)] with expected peak @ (x:684, y:100)
[PokaPoka @ 445734ms/38s/10m/1h, 27d/6mo/2021y] --> Began jumping *Entity[rgb(255-255-255), size(50-50) @ pos(684--152)] with expected peak @ (x:684, y:100)
[PokaPoka @ 458700ms/38s/10m/1h, 27d/6mo/2021y] --> Began jumping *Entity[rgb(255-255-255), size(50-50) @ pos(684--212)] with expected peak @ (x:684, y:100)
[PokaPoka @ 471665ms/38s/10m/1h, 27d/6mo/2021y] --> Began jumping *Entity[rgb(255-255-255), size(50-50) @ pos(684--274)] with expected peak @ (x:684, y:100)
[PokaPoka @ 484630ms/38s/10m/1h, 27d/6mo/2021y] --> Began jumping *Entity[rgb(255-255-255), size(50-50) @ pos(684--338)] with expected peak @ (x:684, y:100)
[PokaPoka @ 497594ms/38s/10m/1h, 27d/6mo/2021y] --> Began jumping *Entity[rgb(255-255-255), size(50-50) @ pos(684--404)] with expected peak @ (x:684, y:100)
[PokaPoka @ 511560ms/38s/10m/1h, 27d/6mo/2021y] --> Began jumping *Entity[rgb(255-255-255), size(50-50) @ pos(684--472)] with expected peak @ (x:684, y:100)
[PokaPoka @ 527742ms/38s/10m/1h, 27d/6mo/2021y] --> Began jumping *Entity[rgb(255-255-255), size(50-50) @ pos(684--542)] with expected peak @ (x:684, y:100)
[PokaPoka @ 541902ms/38s/10m/1h, 27d/6mo/2021y] --> Began jumping *Entity[rgb(255-255-255), size(50-50) @ pos(684--614)] with expected peak @ (x:684, y:100)
[PokaPoka @ 554871ms/38s/10m/1h, 27d/6mo/2021y] --> Began jumping *Entity[rgb(255-255-255), size(50-50) @ pos(684--688)] with expected peak @ (x:684, y:100)
[PokaPoka @ 568836ms/38s/10m/1h, 27d/6mo/2021y] --> Began jumping *Entity[rgb(255-255-255), size(50-50) @ pos(684--764)] with expected peak @ (x:684, y:100)
[PokaPoka @ 581795ms/38s/10m/1h, 27d/6mo/2021y] --> Began jumping *Entity[rgb(255-255-255), size(50-50) @ pos(684--842)] with expected peak @ (x:684, y:100)
[PokaPoka @ 596376ms/38s/10m/1h, 27d/6mo/2021y] --> Began jumping *Entity[rgb(255-255-255), size(50-50) @ pos(684--922)] with expected peak @ (x:684, y:100)
[PokaPoka @ 611336ms/38s/10m/1h, 27d/6mo/2021y] --> Began jumping *Entity[rgb(255-255-255), size(50-50) @ pos(684--1004)] with expected peak @ (x:684, y:100)
[PokaPoka @ 626093ms/38s/10m/1h, 27d/6mo/2021y] --> Began jumping *Entity[rgb(255-255-255), size(50-50) @ pos(684--1088)] with expected peak @ (x:684, y:100)
[PokaPoka @ 640138ms/38s/10m/1h, 27d/6mo/2021y] --> Began jumping *Entity[rgb(255-255-255), size(50-50) @ pos(684--1174)] with expected peak @ (x:684, y:100)
[PokaPoka @ 653071ms/38s/10m/1h, 27d/6mo/2021y] --> Began jumping *Entity[rgb(255-255-255), size(50-50) @ pos(684--1262)] with expected peak @ (x:684, y:100)
[PokaPoka @ 667032ms/38s/10m/1h, 27d/6mo/2021y] --> Began jumping *Entity[rgb(255-255-255), size(50-50) @ pos(684--1352)] with expected peak @ (x:684, y:100)
[PokaPoka @ 680994ms/38s/10m/1h, 27d/6mo/2021y] --> Began jumping *Entity[rgb(255-255-255), size(50-50) @ pos(684--1444)] with expected peak @ (x:684, y:100)
[PokaPoka @ 694954ms/38s/10m/1h, 27d/6mo/2021y] --> Began jumping *Entity[rgb(255-255-255), size(50-50) @ pos(684--1538)] with expected peak @ (x:684, y:100)
[PokaPoka @ 708919ms/38s/10m/1h, 27d/6mo/2021y] --> Began jumping *Entity[rgb(255-255-255), size(50-50) @ pos(684--1634)] with expected peak @ (x:684, y:100)
[PokaPoka @ 721918ms/38s/10m/1h, 27d/6mo/2021y] --> Began jumping *Entity[rgb(255-255-255), size(50-50) @ pos(684--1732)] with expected peak @ (x:684, y:100)
[PokaPoka @ 734857ms/38s/10m/1h, 27d/6mo/2021y] --> Began jumping *Entity[rgb(255-255-255), size(50-50) @ pos(684--1832)] with expected peak @ (x:684, y:100)
[PokaPoka @ 750839ms/38s/10m/1h, 27d/6mo/2021y] --> Began jumping *Entity[rgb(255-255-255), size(50-50) @ pos(684--1934)] with expected peak @ (x:684, y:100)
[PokaPoka @ 763770ms/38s/10m/1h, 27d/6mo/2021y] --> Began jumping *Entity[rgb(255-255-255), size(50-50) @ pos(684--2038)] with expected peak @ (x:684, y:100)
[PokaPoka @ 778003ms/38s/10m/1h, 27d/6mo/2021y] --> Began jumping *Entity[rgb(255-255-255), size(50-50) @ pos(684--2144)] with expected peak @ (x:684, y:100)
[PokaPoka @ 793013ms/38s/10m/1h, 27d/6mo/2021y] --> Began jumping *Entity[rgb(255-255-255), size(50-50) @ pos(684--2252)] with expected peak @ (x:684, y:100)
[PokaPoka @ 806160ms/38s/10m/1h, 27d/6mo/2021y] --> Began jumping *Entity[rgb(255-255-255), size(50-50) @ pos(684--2362)] with expected peak @ (x:684, y:100)
[PokaPoka @ 820126ms/38s/10m/1h, 27d/6mo/2021y] --> Began jumping *Entity[rgb(255-255-255), size(50-50) @ pos(684--2474)] with expected peak @ (x:684, y:100)
[PokaPoka @ 834091ms/38s/10m/1h, 27d/6mo/2021y] --> Began jumping *Entity[rgb(255-255-255), size(50-50) @ pos(684--2588)] with expected peak @ (x:684, y:100)
[PokaPoka @ 847053ms/38s/10m/1h, 27d/6mo/2021y] --> Began jumping *Entity[rgb(255-255-255), size(50-50) @ pos(684--2704)] with expected peak @ (x:684, y:100)
[PokaPoka @ 861016ms/38s/10m/1h, 27d/6mo/2021y] --> Began jumping *Entity[rgb(255-255-255), size(50-50) @ pos(684--2822)] with expected peak @ (x:684, y:100)
[PokaPoka @ 874980ms/38s/10m/1h, 27d/6mo/2021y] --> Began jumping *Entity[rgb(255-255-255), size(50-50) @ pos(684--2942)] with expected peak @ (x:684, y:100)
[PokaPoka @ 887957ms/38s/10m/1h, 27d/6mo/2021y] --> Began jumping *Entity[rgb(255-255-255), size(50-50) @ pos(684--3064)] with expected peak @ (x:684, y:100)
[PokaPoka @ 901908ms/38s/10m/1h, 27d/6mo/2021y] --> Began jumping *Entity[rgb(255-255-255), size(50-50) @ pos(684--3188)] with expected peak @ (x:684, y:100)
[PokaPoka @ 918862ms/38s/10m/1h, 27d/6mo/2021y] --> Began jumping *Entity[rgb(255-255-255), size(50-50) @ pos(684--3314)] with expected peak @ (x:684, y:100)
[PokaPoka @ 933822ms/38s/10m/1h, 27d/6mo/2021y] --> Began jumping *Entity[rgb(255-255-255), size(50-50) @ pos(684--3442)] with expected peak @ (x:684, y:100)
[PokaPoka @ 949778ms/38s/10m/1h, 27d/6mo/2021y] --> Began jumping *Entity[rgb(255-255-255), size(50-50) @ pos(684--3572)] with expected peak @ (x:684, y:100)
[PokaPoka @ 963739ms/38s/10m/1h, 27d/6mo/2021y] --> Began jumping *Entity[rgb(255-255-255), size(50-50) @ pos(684--3704)] with expected peak @ (x:684, y:100)
[PokaPoka @ 979697ms/38s/10m/1h, 27d/6mo/2021y] --> Began jumping *Entity[rgb(255-255-255), size(50-50) @ pos(684--3838)] with expected peak @ (x:684, y:100)
[PokaPoka @ 994656ms/38s/10m/1h, 27d/6mo/2021y] --> Began jumping *Entity[rgb(255-255-255), size(50-50) @ pos(684--3974)] with expected peak @ (x:684, y:100)
[PokaPoka @ 9619ms/39s/10m/1h, 27d/6mo/2021y] --> Began jumping *Entity[rgb(255-255-255), size(50-50) @ pos(684--4112)] with expected peak @ (x:684, y:100)
[PokaPoka @ 595936ms/39s/10m/1h, 27d/6mo/2021y] --> Attempted to QUIT @ Esc key
[PokaPoka @ 595936ms/39s/10m/1h, 27d/6mo/2021y] --> Shutting down (2nd to last) final!
[PokaPoka @ 595936ms/39s/10m/1h, 27d/6mo/2021y] --> Exported game log