[PokaPoka @ 376403ms/29s/15m/11h, 27d/6mo/2021y] --> Beginning game startup and startup-finish
[PokaPoka @ 579013ms/30s/15m/11h, 27d/6mo/2021y] --> Mouse interacted with hotbar slot(4) --> removed from inventory
[PokaPoka @ 6852ms/32s/15m/11h, 27d/6mo/2021y] --> Mouse interacted with hotbar slot(3) --> removed from inventory
[PokaPoka @ 267721ms/35s/15m/11h, 27d/6mo/2021y] --> Began jumping *Entity[rgb(255-255-255), size(50-50) @ pos(554.0-718)] with expected peak @ (x:554.0, y:100)
[PokaPoka @ 282387ms/35s/15m/11h, 27d/6mo/2021y] --> Began jumping *Entity[rgb(255-255-255), size(50-50) @ pos(551.0-718)] with expected peak @ (x:551.0, y:100)
[PokaPoka @ 297379ms/35s/15m/11h, 27d/6mo/2021y] --> Began jumping *Entity[rgb(255-255-255), size(50-50) @ pos(548.0-716)] with expected peak @ (x:548.0, y:100)
[PokaPoka @ 311371ms/35s/15m/11h, 27d/6mo/2021y] --> Began jumping *Entity[rgb(255-255-255), size(50-50) @ pos(545.0-712)] with expected peak @ (x:545.0, y:100)
[PokaPoka @ 324308ms/35s/15m/11h, 27d/6mo/2021y] --> Began jumping *Entity[rgb(255-255-255), size(50-50) @ pos(542.0-706)] with expected peak @ (x:542.0, y:100)
[PokaPoka @ 339272ms/35s/15m/11h, 27d/6mo/2021y] --> Began jumping *Entity[rgb(255-255-255), size(50-50) @ pos(539.0-698)] with expected peak @ (x:539.0, y:100)
[PokaPoka @ 351269ms/35s/15m/11h, 27d/6mo/2021y] --> Began jumping *Entity[rgb(255-255-255), size(50-50) @ pos(536.0-688)] with expected peak @ (x:536.0, y:100)
[PokaPoka @ 366948ms/35s/15m/11h, 27d/6mo/2021y] --> Began jumping *Entity[rgb(255-255-255), size(50-50) @ pos(533.0-676)] with expected peak @ (x:533.0, y:100)
[PokaPoka @ 381231ms/35s/15m/11h, 27d/6mo/2021y] --> Began jumping *Entity[rgb(255-255-255), size(50-50) @ pos(530.0-662)] with expected peak @ (x:530.0, y:100)
[PokaPoka @ 395196ms/35s/15m/11h, 27d/6mo/2021y] --> Began jumping *Entity[rgb(255-255-255), size(50-50) @ pos(527.0-646)] with expected peak @ (x:527.0, y:100)
[PokaPoka @ 407162ms/35s/15m/11h, 27d/6mo/2021y] --> Began jumping *Entity[rgb(255-255-255), size(50-50) @ pos(524.0-628)] with expected peak @ (x:524.0, y:100)
[PokaPoka @ 301604ms/37s/15m/11h, 27d/6mo/2021y] --> Began jumping *Entity[rgb(255-255-255), size(50-50) @ pos(494.0-718)] with expected peak @ (x:494.0, y:100)
[PokaPoka @ 316155ms/37s/15m/11h, 27d/6mo/2021y] --> Began jumping *Entity[rgb(255-255-255), size(50-50) @ pos(497.0-718)] with expected peak @ (x:497.0, y:100)
[PokaPoka @ 330232ms/37s/15m/11h, 27d/6mo/2021y] --> Began jumping *Entity[rgb(255-255-255), size(50-50) @ pos(500.0-716)] with expected peak @ (x:500.0, y:100)
[PokaPoka @ 343277ms/37s/15m/11h, 27d/6mo/2021y] --> Began jumping *Entity[rgb(255-255-255), size(50-50) @ pos(503.0-712)] with expected peak @ (x:503.0, y:100)
[PokaPoka @ 356172ms/37s/15m/11h, 27d/6mo/2021y] --> Began jumping *Entity[rgb(255-255-255), size(50-50) @ pos(506.0-706)] with expected peak @ (x:506.0, y:100)
[PokaPoka @ 370126ms/37s/15m/11h, 27d/6mo/2021y] --> Began jumping *Entity[rgb(255-255-255), size(50-50) @ pos(506.0-698)] with expected peak @ (x:506.0, y:100)
[PokaPoka @ 384622ms/37s/15m/11h, 27d/6mo/2021y] --> Began jumping *Entity[rgb(255-255-255), size(50-50) @ pos(506.0-688)] with expected peak @ (x:506.0, y:100)
[PokaPoka @ 398132ms/37s/15m/11h, 27d/6mo/2021y] --> Began jumping *Entity[rgb(255-255-255), size(50-50) @ pos(506.0-676)] with expected peak @ (x:506.0, y:100)
[PokaPoka @ 412625ms/37s/15m/11h, 27d/6mo/2021y] --> Began jumping *Entity[rgb(255-255-255), size(50-50) @ pos(506.0-662)] with expected peak @ (x:506.0, y:100)
[PokaPoka @ 425594ms/37s/15m/11h, 27d/6mo/2021y] --> Began jumping *Entity[rgb(255-255-255), size(50-50) @ pos(506.0-646)] with expected peak @ (x:506.0, y:100)
[PokaPoka @ 439553ms/37s/15m/11h, 27d/6mo/2021y] --> Began jumping *Entity[rgb(255-255-255), size(50-50) @ pos(506.0-628)] with expected peak @ (x:506.0, y:100)
[PokaPoka @ 452517ms/37s/15m/11h, 27d/6mo/2021y] --> Began jumping *Entity[rgb(255-255-255), size(50-50) @ pos(506.0-608)] with expected peak @ (x:506.0, y:100)
[PokaPoka @ 467730ms/37s/15m/11h, 27d/6mo/2021y] --> Began jumping *Entity[rgb(255-255-255), size(50-50) @ pos(506.0-586)] with expected peak @ (x:506.0, y:100)
[PokaPoka @ 482179ms/37s/15m/11h, 27d/6mo/2021y] --> Began jumping *Entity[rgb(255-255-255), size(50-50) @ pos(506.0-562)] with expected peak @ (x:506.0, y:100)
[PokaPoka @ 496140ms/37s/15m/11h, 27d/6mo/2021y] --> Began jumping *Entity[rgb(255-255-255), size(50-50) @ pos(506.0-536)] with expected peak @ (x:506.0, y:100)
[PokaPoka @ 599650ms/38s/15m/11h, 27d/6mo/2021y] --> Began jumping *Entity[rgb(255-255-255), size(50-50) @ pos(503.0-718)] with expected peak @ (x:503.0, y:100)
[PokaPoka @ 613613ms/38s/15m/11h, 27d/6mo/2021y] --> Began jumping *Entity[rgb(255-255-255), size(50-50) @ pos(500.0-718)] with expected peak @ (x:500.0, y:100)
[PokaPoka @ 626593ms/38s/15m/11h, 27d/6mo/2021y] --> Began jumping *Entity[rgb(255-255-255), size(50-50) @ pos(497.0-716)] with expected peak @ (x:497.0, y:100)
[PokaPoka @ 639545ms/38s/15m/11h, 27d/6mo/2021y] --> Began jumping *Entity[rgb(255-255-255), size(50-50) @ pos(494.0-712)] with expected peak @ (x:494.0, y:100)
[PokaPoka @ 652509ms/38s/15m/11h, 27d/6mo/2021y] --> Began jumping *Entity[rgb(255-255-255), size(50-50) @ pos(491.0-706)] with expected peak @ (x:491.0, y:100)
[PokaPoka @ 667469ms/38s/15m/11h, 27d/6mo/2021y] --> Began jumping *Entity[rgb(255-255-255), size(50-50) @ pos(488.0-698)] with expected peak @ (x:488.0, y:100)
[PokaPoka @ 682430ms/38s/15m/11h, 27d/6mo/2021y] --> Began jumping *Entity[rgb(255-255-255), size(50-50) @ pos(485.0-688)] with expected peak @ (x:485.0, y:100)
[PokaPoka @ 696391ms/38s/15m/11h, 27d/6mo/2021y] --> Began jumping *Entity[rgb(255-255-255), size(50-50) @ pos(482.0-676)] with expected peak @ (x:482.0, y:100)
[PokaPoka @ 710359ms/38s/15m/11h, 27d/6mo/2021y] --> Began jumping *Entity[rgb(255-255-255), size(50-50) @ pos(479.0-662)] with expected peak @ (x:479.0, y:100)
[PokaPoka @ 722329ms/38s/15m/11h, 27d/6mo/2021y] --> Began jumping *Entity[rgb(255-255-255), size(50-50) @ pos(476.0-646)] with expected peak @ (x:476.0, y:100)
[PokaPoka @ 735291ms/38s/15m/11h, 27d/6mo/2021y] --> Began jumping *Entity[rgb(255-255-255), size(50-50) @ pos(473.0-628)] with expected peak @ (x:473.0, y:100)
[PokaPoka @ 750338ms/38s/15m/11h, 27d/6mo/2021y] --> Began jumping *Entity[rgb(255-255-255), size(50-50) @ pos(470.0-608)] with expected peak @ (x:470.0, y:100)
[PokaPoka @ 766574ms/38s/15m/11h, 27d/6mo/2021y] --> Began jumping *Entity[rgb(255-255-255), size(50-50) @ pos(470.0-586)] with expected peak @ (x:470.0, y:100)
[PokaPoka @ 781105ms/38s/15m/11h, 27d/6mo/2021y] --> Began jumping *Entity[rgb(255-255-255), size(50-50) @ pos(470.0-562)] with expected peak @ (x:470.0, y:100)
[PokaPoka @ 795069ms/38s/15m/11h, 27d/6mo/2021y] --> Began jumping *Entity[rgb(255-255-255), size(50-50) @ pos(470.0-536)] with expected peak @ (x:470.0, y:100)
[PokaPoka @ 943082ms/39s/15m/11h, 27d/6mo/2021y] --> Began jumping *Entity[rgb(255-255-255), size(50-50) @ pos(413.0-718)] with expected peak @ (x:413.0, y:100)
[PokaPoka @ 956014ms/39s/15m/11h, 27d/6mo/2021y] --> Began jumping *Entity[rgb(255-255-255), size(50-50) @ pos(413.0-718)] with expected peak @ (x:413.0, y:100)
[PokaPoka @ 969003ms/39s/15m/11h, 27d/6mo/2021y] --> Began jumping *Entity[rgb(255-255-255), size(50-50) @ pos(413.0-716)] with expected peak @ (x:413.0, y:100)
[PokaPoka @ 983356ms/39s/15m/11h, 27d/6mo/2021y] --> Began jumping *Entity[rgb(255-255-255), size(50-50) @ pos(413.0-712)] with expected peak @ (x:413.0, y:100)
[PokaPoka @ 998311ms/39s/15m/11h, 27d/6mo/2021y] --> Began jumping *Entity[rgb(255-255-255), size(50-50) @ pos(413.0-706)] with expected peak @ (x:413.0, y:100)
[PokaPoka @ 12750ms/40s/15m/11h, 27d/6mo/2021y] --> Began jumping *Entity[rgb(255-255-255), size(50-50) @ pos(413.0-698)] with expected peak @ (x:413.0, y:100)
[PokaPoka @ 25750ms/40s/15m/11h, 27d/6mo/2021y] --> Began jumping *Entity[rgb(255-255-255), size(50-50) @ pos(416.0-688)] with expected peak @ (x:416.0, y:100)
[PokaPoka @ 38688ms/40s/15m/11h, 27d/6mo/2021y] --> Began jumping *Entity[rgb(255-255-255), size(50-50) @ pos(419.0-676)] with expected peak @ (x:419.0, y:100)
[PokaPoka @ 52644ms/40s/15m/11h, 27d/6mo/2021y] --> Began jumping *Entity[rgb(255-255-255), size(50-50) @ pos(422.0-662)] with expected peak @ (x:422.0, y:100)
[PokaPoka @ 68632ms/40s/15m/11h, 27d/6mo/2021y] --> Began jumping *Entity[rgb(255-255-255), size(50-50) @ pos(425.0-646)] with expected peak @ (x:425.0, y:100)
[PokaPoka @ 83562ms/40s/15m/11h, 27d/6mo/2021y] --> Began jumping *Entity[rgb(255-255-255), size(50-50) @ pos(428.0-628)] with expected peak @ (x:428.0, y:100)
[PokaPoka @ 98554ms/40s/15m/11h, 27d/6mo/2021y] --> Began jumping *Entity[rgb(255-255-255), size(50-50) @ pos(431.0-608)] with expected peak @ (x:431.0, y:100)
[PokaPoka @ 112792ms/40s/15m/11h, 27d/6mo/2021y] --> Began jumping *Entity[rgb(255-255-255), size(50-50) @ pos(434.0-586)] with expected peak @ (x:434.0, y:100)
[PokaPoka @ 125760ms/40s/15m/11h, 27d/6mo/2021y] --> Began jumping *Entity[rgb(255-255-255), size(50-50) @ pos(437.0-562)] with expected peak @ (x:437.0, y:100)
[PokaPoka @ 138706ms/40s/15m/11h, 27d/6mo/2021y] --> Began jumping *Entity[rgb(255-255-255), size(50-50) @ pos(440.0-536)] with expected peak @ (x:440.0, y:100)
[PokaPoka @ 39718ms/43s/15m/11h, 27d/6mo/2021y] --> Began jumping *Entity[rgb(255-255-255), size(50-50) @ pos(521.0-718)] with expected peak @ (x:521.0, y:100)
[PokaPoka @ 53678ms/43s/15m/11h, 27d/6mo/2021y] --> Began jumping *Entity[rgb(255-255-255), size(50-50) @ pos(518.0-718)] with expected peak @ (x:518.0, y:100)
[PokaPoka @ 68638ms/43s/15m/11h, 27d/6mo/2021y] --> Began jumping *Entity[rgb(255-255-255), size(50-50) @ pos(515.0-716)] with expected peak @ (x:515.0, y:100)
[PokaPoka @ 83599ms/43s/15m/11h, 27d/6mo/2021y] --> Began jumping *Entity[rgb(255-255-255), size(50-50) @ pos(512.0-712)] with expected peak @ (x:512.0, y:100)
[PokaPoka @ 99557ms/43s/15m/11h, 27d/6mo/2021y] --> Began jumping *Entity[rgb(255-255-255), size(50-50) @ pos(509.0-706)] with expected peak @ (x:509.0, y:100)
[PokaPoka @ 113518ms/43s/15m/11h, 27d/6mo/2021y] --> Began jumping *Entity[rgb(255-255-255), size(50-50) @ pos(506.0-698)] with expected peak @ (x:506.0, y:100)
[PokaPoka @ 126519ms/43s/15m/11h, 27d/6mo/2021y] --> Began jumping *Entity[rgb(255-255-255), size(50-50) @ pos(503.0-688)] with expected peak @ (x:503.0, y:100)
[PokaPoka @ 139449ms/43s/15m/11h, 27d/6mo/2021y] --> Began jumping *Entity[rgb(255-255-255), size(50-50) @ pos(500.0-676)] with expected peak @ (x:500.0, y:100)
[PokaPoka @ 152444ms/43s/15m/11h, 27d/6mo/2021y] --> Began jumping *Entity[rgb(255-255-255), size(50-50) @ pos(497.0-662)] with expected peak @ (x:497.0, y:100)
[PokaPoka @ 167549ms/43s/15m/11h, 27d/6mo/2021y] --> Began jumping *Entity[rgb(255-255-255), size(50-50) @ pos(494.0-646)] with expected peak @ (x:494.0, y:100)
[PokaPoka @ 183309ms/43s/15m/11h, 27d/6mo/2021y] --> Began jumping *Entity[rgb(255-255-255), size(50-50) @ pos(491.0-628)] with expected peak @ (x:491.0, y:100)
[PokaPoka @ 197668ms/43s/15m/11h, 27d/6mo/2021y] --> Began jumping *Entity[rgb(255-255-255), size(50-50) @ pos(488.0-608)] with expected peak @ (x:488.0, y:100)
[PokaPoka @ 210636ms/43s/15m/11h, 27d/6mo/2021y] --> Began jumping *Entity[rgb(255-255-255), size(50-50) @ pos(485.0-586)] with expected peak @ (x:485.0, y:100)
[PokaPoka @ 223633ms/43s/15m/11h, 27d/6mo/2021y] --> Began jumping *Entity[rgb(255-255-255), size(50-50) @ pos(482.0-562)] with expected peak @ (x:482.0, y:100)
[PokaPoka @ 236595ms/43s/15m/11h, 27d/6mo/2021y] --> Began jumping *Entity[rgb(255-255-255), size(50-50) @ pos(479.0-536)] with expected peak @ (x:479.0, y:100)
[PokaPoka @ 512019ms/44s/15m/11h, 27d/6mo/2021y] --> Began jumping *Entity[rgb(255-255-255), size(50-50) @ pos(554.0-718)] with expected peak @ (x:554.0, y:100)
[PokaPoka @ 524988ms/44s/15m/11h, 27d/6mo/2021y] --> Began jumping *Entity[rgb(255-255-255), size(50-50) @ pos(551.0-718)] with expected peak @ (x:551.0, y:100)
[PokaPoka @ 537919ms/44s/15m/11h, 27d/6mo/2021y] --> Began jumping *Entity[rgb(255-255-255), size(50-50) @ pos(548.0-716)] with expected peak @ (x:548.0, y:100)
[PokaPoka @ 551913ms/44s/15m/11h, 27d/6mo/2021y] --> Began jumping *Entity[rgb(255-255-255), size(50-50) @ pos(545.0-712)] with expected peak @ (x:545.0, y:100)
[PokaPoka @ 567841ms/44s/15m/11h, 27d/6mo/2021y] --> Began jumping *Entity[rgb(255-255-255), size(50-50) @ pos(542.0-706)] with expected peak @ (x:542.0, y:100)
[PokaPoka @ 582801ms/44s/15m/11h, 27d/6mo/2021y] --> Began jumping *Entity[rgb(255-255-255), size(50-50) @ pos(539.0-698)] with expected peak @ (x:539.0, y:100)
[PokaPoka @ 597760ms/44s/15m/11h, 27d/6mo/2021y] --> Began jumping *Entity[rgb(255-255-255), size(50-50) @ pos(536.0-688)] with expected peak @ (x:536.0, y:100)
[PokaPoka @ 610727ms/44s/15m/11h, 27d/6mo/2021y] --> Began jumping *Entity[rgb(255-255-255), size(50-50) @ pos(533.0-676)] with expected peak @ (x:533.0, y:100)
[PokaPoka @ 623693ms/44s/15m/11h, 27d/6mo/2021y] --> Began jumping *Entity[rgb(255-255-255), size(50-50) @ pos(530.0-662)] with expected peak @ (x:530.0, y:100)
[PokaPoka @ 636685ms/44s/15m/11h, 27d/6mo/2021y] --> Began jumping *Entity[rgb(255-255-255), size(50-50) @ pos(527.0-646)] with expected peak @ (x:527.0, y:100)
[PokaPoka @ 651372ms/44s/15m/11h, 27d/6mo/2021y] --> Began jumping *Entity[rgb(255-255-255), size(50-50) @ pos(524.0-628)] with expected peak @ (x:524.0, y:100)
[PokaPoka @ 372696ms/45s/15m/11h, 27d/6mo/2021y] --> Began jumping *Entity[rgb(255-255-255), size(50-50) @ pos(368.0-718)] with expected peak @ (x:368.0, y:100)
[PokaPoka @ 385660ms/45s/15m/11h, 27d/6mo/2021y] --> Began jumping *Entity[rgb(255-255-255), size(50-50) @ pos(365.0-718)] with expected peak @ (x:365.0, y:100)
[PokaPoka @ 399299ms/45s/15m/11h, 27d/6mo/2021y] --> Began jumping *Entity[rgb(255-255-255), size(50-50) @ pos(362.0-716)] with expected peak @ (x:362.0, y:100)
[PokaPoka @ 413267ms/45s/15m/11h, 27d/6mo/2021y] --> Began jumping *Entity[rgb(255-255-255), size(50-50) @ pos(359.0-712)] with expected peak @ (x:359.0, y:100)
[PokaPoka @ 427197ms/45s/15m/11h, 27d/6mo/2021y] --> Began jumping *Entity[rgb(255-255-255), size(50-50) @ pos(359.0-706)] with expected peak @ (x:359.0, y:100)
[PokaPoka @ 439166ms/45s/15m/11h, 27d/6mo/2021y] --> Began jumping *Entity[rgb(255-255-255), size(50-50) @ pos(359.0-698)] with expected peak @ (x:359.0, y:100)
[PokaPoka @ 453161ms/45s/15m/11h, 27d/6mo/2021y] --> Began jumping *Entity[rgb(255-255-255), size(50-50) @ pos(362.0-688)] with expected peak @ (x:362.0, y:100)
[PokaPoka @ 467607ms/45s/15m/11h, 27d/6mo/2021y] --> Began jumping *Entity[rgb(255-255-255), size(50-50) @ pos(365.0-676)] with expected peak @ (x:365.0, y:100)
[PokaPoka @ 483144ms/45s/15m/11h, 27d/6mo/2021y] --> Began jumping *Entity[rgb(255-255-255), size(50-50) @ pos(368.0-662)] with expected peak @ (x:368.0, y:100)
[PokaPoka @ 496560ms/45s/15m/11h, 27d/6mo/2021y] --> Began jumping *Entity[rgb(255-255-255), size(50-50) @ pos(371.0-646)] with expected peak @ (x:371.0, y:100)
[PokaPoka @ 509528ms/45s/15m/11h, 27d/6mo/2021y] --> Began jumping *Entity[rgb(255-255-255), size(50-50) @ pos(374.0-628)] with expected peak @ (x:374.0, y:100)
[PokaPoka @ 747197ms/45s/15m/11h, 27d/6mo/2021y] --> Began jumping *Entity[rgb(255-255-255), size(50-50) @ pos(425.0-657)] with expected peak @ (x:425.0, y:100)
[PokaPoka @ 761252ms/45s/15m/11h, 27d/6mo/2021y] --> Began jumping *Entity[rgb(255-255-255), size(50-50) @ pos(428.0-657)] with expected peak @ (x:428.0, y:100)
[PokaPoka @ 774217ms/45s/15m/11h, 27d/6mo/2021y] --> Began jumping *Entity[rgb(255-255-255), size(50-50) @ pos(431.0-655)] with expected peak @ (x:431.0, y:100)
[PokaPoka @ 788179ms/45s/15m/11h, 27d/6mo/2021y] --> Began jumping *Entity[rgb(255-255-255), size(50-50) @ pos(434.0-651)] with expected peak @ (x:434.0, y:100)
[PokaPoka @ 801145ms/45s/15m/11h, 27d/6mo/2021y] --> Began jumping *Entity[rgb(255-255-255), size(50-50) @ pos(437.0-645)] with expected peak @ (x:437.0, y:100)
[PokaPoka @ 815569ms/45s/15m/11h, 27d/6mo/2021y] --> Began jumping *Entity[rgb(255-255-255), size(50-50) @ pos(440.0-637)] with expected peak @ (x:440.0, y:100)
[PokaPoka @ 830119ms/45s/15m/11h, 27d/6mo/2021y] --> Began jumping *Entity[rgb(255-255-255), size(50-50) @ pos(443.0-627)] with expected peak @ (x:443.0, y:100)
[PokaPoka @ 843153ms/45s/15m/11h, 27d/6mo/2021y] --> Began jumping *Entity[rgb(255-255-255), size(50-50) @ pos(446.0-615)] with expected peak @ (x:446.0, y:100)
[PokaPoka @ 856051ms/45s/15m/11h, 27d/6mo/2021y] --> Began jumping *Entity[rgb(255-255-255), size(50-50) @ pos(449.0-601)] with expected peak @ (x:449.0, y:100)
[PokaPoka @ 869018ms/45s/15m/11h, 27d/6mo/2021y] --> Began jumping *Entity[rgb(255-255-255), size(50-50) @ pos(452.0-585)] with expected peak @ (x:452.0, y:100)
[PokaPoka @ 884152ms/45s/15m/11h, 27d/6mo/2021y] --> Began jumping *Entity[rgb(255-255-255), size(50-50) @ pos(455.0-567)] with expected peak @ (x:455.0, y:100)
[PokaPoka @ 898343ms/45s/15m/11h, 27d/6mo/2021y] --> Began jumping *Entity[rgb(255-255-255), size(50-50) @ pos(458.0-547)] with expected peak @ (x:458.0, y:100)
[PokaPoka @ 788761ms/46s/15m/11h, 27d/6mo/2021y] --> Began jumping *Entity[rgb(255-255-255), size(50-50) @ pos(515.0-718)] with expected peak @ (x:515.0, y:100)
[PokaPoka @ 801719ms/46s/15m/11h, 27d/6mo/2021y] --> Began jumping *Entity[rgb(255-255-255), size(50-50) @ pos(512.0-718)] with expected peak @ (x:512.0, y:100)
[PokaPoka @ 816712ms/46s/15m/11h, 27d/6mo/2021y] --> Began jumping *Entity[rgb(255-255-255), size(50-50) @ pos(509.0-716)] with expected peak @ (x:509.0, y:100)
[PokaPoka @ 830205ms/46s/15m/11h, 27d/6mo/2021y] --> Began jumping *Entity[rgb(255-255-255), size(50-50) @ pos(506.0-712)] with expected peak @ (x:506.0, y:100)
[PokaPoka @ 844135ms/46s/15m/11h, 27d/6mo/2021y] --> Began jumping *Entity[rgb(255-255-255), size(50-50) @ pos(503.0-706)] with expected peak @ (x:503.0, y:100)
[PokaPoka @ 858096ms/46s/15m/11h, 27d/6mo/2021y] --> Began jumping *Entity[rgb(255-255-255), size(50-50) @ pos(500.0-698)] with expected peak @ (x:500.0, y:100)
[PokaPoka @ 871059ms/46s/15m/11h, 27d/6mo/2021y] --> Began jumping *Entity[rgb(255-255-255), size(50-50) @ pos(497.0-688)] with expected peak @ (x:497.0, y:100)
[PokaPoka @ 885058ms/46s/15m/11h, 27d/6mo/2021y] --> Began jumping *Entity[rgb(255-255-255), size(50-50) @ pos(494.0-676)] with expected peak @ (x:494.0, y:100)
[PokaPoka @ 898897ms/46s/15m/11h, 27d/6mo/2021y] --> Began jumping *Entity[rgb(255-255-255), size(50-50) @ pos(491.0-662)] with expected peak @ (x:491.0, y:100)
[PokaPoka @ 912745ms/46s/15m/11h, 27d/6mo/2021y] --> Began jumping *Entity[rgb(255-255-255), size(50-50) @ pos(488.0-646)] with expected peak @ (x:488.0, y:100)
[PokaPoka @ 925720ms/46s/15m/11h, 27d/6mo/2021y] --> Began jumping *Entity[rgb(255-255-255), size(50-50) @ pos(485.0-628)] with expected peak @ (x:485.0, y:100)
[PokaPoka @ 938657ms/46s/15m/11h, 27d/6mo/2021y] --> Began jumping *Entity[rgb(255-255-255), size(50-50) @ pos(482.0-608)] with expected peak @ (x:482.0, y:100)
[PokaPoka @ 956153ms/46s/15m/11h, 27d/6mo/2021y] --> Began jumping *Entity[rgb(255-255-255), size(50-50) @ pos(479.0-586)] with expected peak @ (x:479.0, y:100)
[PokaPoka @ 968155ms/46s/15m/11h, 27d/6mo/2021y] --> Began jumping *Entity[rgb(255-255-255), size(50-50) @ pos(476.0-562)] with expected peak @ (x:476.0, y:100)
[PokaPoka @ 984079ms/46s/15m/11h, 27d/6mo/2021y] --> Began jumping *Entity[rgb(255-255-255), size(50-50) @ pos(473.0-536)] with expected peak @ (x:473.0, y:100)
[PokaPoka @ 435013ms/47s/15m/11h, 27d/6mo/2021y] --> Began jumping *Entity[rgb(255-255-255), size(50-50) @ pos(404.0-718)] with expected peak @ (x:404.0, y:100)
[PokaPoka @ 449875ms/47s/15m/11h, 27d/6mo/2021y] --> Began jumping *Entity[rgb(255-255-255), size(50-50) @ pos(404.0-718)] with expected peak @ (x:404.0, y:100)
[PokaPoka @ 463812ms/47s/15m/11h, 27d/6mo/2021y] --> Began jumping *Entity[rgb(255-255-255), size(50-50) @ pos(404.0-716)] with expected peak @ (x:404.0, y:100)
[PokaPoka @ 476810ms/47s/15m/11h, 27d/6mo/2021y] --> Began jumping *Entity[rgb(255-255-255), size(50-50) @ pos(404.0-712)] with expected peak @ (x:404.0, y:100)
[PokaPoka @ 489771ms/47s/15m/11h, 27d/6mo/2021y] --> Began jumping *Entity[rgb(255-255-255), size(50-50) @ pos(404.0-706)] with expected peak @ (x:404.0, y:100)
[PokaPoka @ 502740ms/47s/15m/11h, 27d/6mo/2021y] --> Began jumping *Entity[rgb(255-255-255), size(50-50) @ pos(404.0-698)] with expected peak @ (x:404.0, y:100)
[PokaPoka @ 517699ms/47s/15m/11h, 27d/6mo/2021y] --> Began jumping *Entity[rgb(255-255-255), size(50-50) @ pos(404.0-688)] with expected peak @ (x:404.0, y:100)
[PokaPoka @ 533160ms/47s/15m/11h, 27d/6mo/2021y] --> Began jumping *Entity[rgb(255-255-255), size(50-50) @ pos(404.0-676)] with expected peak @ (x:404.0, y:100)
[PokaPoka @ 546153ms/47s/15m/11h, 27d/6mo/2021y] --> Began jumping *Entity[rgb(255-255-255), size(50-50) @ pos(404.0-662)] with expected peak @ (x:404.0, y:100)
[PokaPoka @ 560151ms/47s/15m/11h, 27d/6mo/2021y] --> Began jumping *Entity[rgb(255-255-255), size(50-50) @ pos(404.0-646)] with expected peak @ (x:404.0, y:100)
[PokaPoka @ 573120ms/47s/15m/11h, 27d/6mo/2021y] --> Began jumping *Entity[rgb(255-255-255), size(50-50) @ pos(404.0-628)] with expected peak @ (x:404.0, y:100)
[PokaPoka @ 723070ms/47s/15m/11h, 27d/6mo/2021y] --> Began jumping *Entity[rgb(255-255-255), size(50-50) @ pos(434.0-620)] with expected peak @ (x:434.0, y:100)
[PokaPoka @ 736034ms/47s/15m/11h, 27d/6mo/2021y] --> Began jumping *Entity[rgb(255-255-255), size(50-50) @ pos(437.0-620)] with expected peak @ (x:437.0, y:100)
[PokaPoka @ 748994ms/47s/15m/11h, 27d/6mo/2021y] --> Began jumping *Entity[rgb(255-255-255), size(50-50) @ pos(440.0-618)] with expected peak @ (x:440.0, y:100)
[PokaPoka @ 761961ms/47s/15m/11h, 27d/6mo/2021y] --> Began jumping *Entity[rgb(255-255-255), size(50-50) @ pos(443.0-614)] with expected peak @ (x:443.0, y:100)
[PokaPoka @ 774933ms/47s/15m/11h, 27d/6mo/2021y] --> Began jumping *Entity[rgb(255-255-255), size(50-50) @ pos(446.0-608)] with expected peak @ (x:446.0, y:100)
[PokaPoka @ 788899ms/47s/15m/11h, 27d/6mo/2021y] --> Began jumping *Entity[rgb(255-255-255), size(50-50) @ pos(449.0-600)] with expected peak @ (x:449.0, y:100)
[PokaPoka @ 801884ms/47s/15m/11h, 27d/6mo/2021y] --> Began jumping *Entity[rgb(255-255-255), size(50-50) @ pos(452.0-590)] with expected peak @ (x:452.0, y:100)
[PokaPoka @ 816981ms/47s/15m/11h, 27d/6mo/2021y] --> Began jumping *Entity[rgb(255-255-255), size(50-50) @ pos(455.0-578)] with expected peak @ (x:455.0, y:100)
[PokaPoka @ 831934ms/47s/15m/11h, 27d/6mo/2021y] --> Began jumping *Entity[rgb(255-255-255), size(50-50) @ pos(458.0-564)] with expected peak @ (x:458.0, y:100)
[PokaPoka @ 845949ms/47s/15m/11h, 27d/6mo/2021y] --> Began jumping *Entity[rgb(255-255-255), size(50-50) @ pos(461.0-548)] with expected peak @ (x:461.0, y:100)
[PokaPoka @ 858947ms/47s/15m/11h, 27d/6mo/2021y] --> Began jumping *Entity[rgb(255-255-255), size(50-50) @ pos(464.0-530)] with expected peak @ (x:464.0, y:100)
[PokaPoka @ 199799ms/48s/15m/11h, 27d/6mo/2021y] --> Began jumping *Entity[rgb(255-255-255), size(50-50) @ pos(467.0-620)] with expected peak @ (x:467.0, y:100)
[PokaPoka @ 214730ms/48s/15m/11h, 27d/6mo/2021y] --> Began jumping *Entity[rgb(255-255-255), size(50-50) @ pos(467.0-620)] with expected peak @ (x:467.0, y:100)
[PokaPoka @ 227694ms/48s/15m/11h, 27d/6mo/2021y] --> Began jumping *Entity[rgb(255-255-255), size(50-50) @ pos(467.0-618)] with expected peak @ (x:467.0, y:100)
[PokaPoka @ 240663ms/48s/15m/11h, 27d/6mo/2021y] --> Began jumping *Entity[rgb(255-255-255), size(50-50) @ pos(467.0-614)] with expected peak @ (x:467.0, y:100)
[PokaPoka @ 253624ms/48s/15m/11h, 27d/6mo/2021y] --> Began jumping *Entity[rgb(255-255-255), size(50-50) @ pos(467.0-608)] with expected peak @ (x:467.0, y:100)
[PokaPoka @ 272711ms/48s/15m/11h, 27d/6mo/2021y] --> Began jumping *Entity[rgb(255-255-255), size(50-50) @ pos(467.0-600)] with expected peak @ (x:467.0, y:100)
[PokaPoka @ 286698ms/48s/15m/11h, 27d/6mo/2021y] --> Began jumping *Entity[rgb(255-255-255), size(50-50) @ pos(467.0-590)] with expected peak @ (x:467.0, y:100)
[PokaPoka @ 301390ms/48s/15m/11h, 27d/6mo/2021y] --> Began jumping *Entity[rgb(255-255-255), size(50-50) @ pos(467.0-578)] with expected peak @ (x:467.0, y:100)
[PokaPoka @ 316351ms/48s/15m/11h, 27d/6mo/2021y] --> Began jumping *Entity[rgb(255-255-255), size(50-50) @ pos(467.0-564)] with expected peak @ (x:467.0, y:100)
[PokaPoka @ 331126ms/48s/15m/11h, 27d/6mo/2021y] --> Began jumping *Entity[rgb(255-255-255), size(50-50) @ pos(467.0-548)] with expected peak @ (x:467.0, y:100)
[PokaPoka @ 345089ms/48s/15m/11h, 27d/6mo/2021y] --> Began jumping *Entity[rgb(255-255-255), size(50-50) @ pos(467.0-530)] with expected peak @ (x:467.0, y:100)
[PokaPoka @ 652088ms/50s/15m/11h, 27d/6mo/2021y] --> Began jumping *Entity[rgb(255-255-255), size(50-50) @ pos(389.0-718)] with expected peak @ (x:389.0, y:100)
[PokaPoka @ 668045ms/50s/15m/11h, 27d/6mo/2021y] --> Began jumping *Entity[rgb(255-255-255), size(50-50) @ pos(389.0-718)] with expected peak @ (x:389.0, y:100)
[PokaPoka @ 683004ms/50s/15m/11h, 27d/6mo/2021y] --> Began jumping *Entity[rgb(255-255-255), size(50-50) @ pos(389.0-716)] with expected peak @ (x:389.0, y:100)
[PokaPoka @ 696937ms/50s/15m/11h, 27d/6mo/2021y] --> Began jumping *Entity[rgb(255-255-255), size(50-50) @ pos(392.0-712)] with expected peak @ (x:392.0, y:100)
[PokaPoka @ 709903ms/50s/15m/11h, 27d/6mo/2021y] --> Began jumping *Entity[rgb(255-255-255), size(50-50) @ pos(395.0-706)] with expected peak @ (x:395.0, y:100)
[PokaPoka @ 722899ms/50s/15m/11h, 27d/6mo/2021y] --> Began jumping *Entity[rgb(255-255-255), size(50-50) @ pos(398.0-698)] with expected peak @ (x:398.0, y:100)
[PokaPoka @ 736829ms/50s/15m/11h, 27d/6mo/2021y] --> Began jumping *Entity[rgb(255-255-255), size(50-50) @ pos(401.0-688)] with expected peak @ (x:401.0, y:100)
[PokaPoka @ 757141ms/50s/15m/11h, 27d/6mo/2021y] --> Began jumping *Entity[rgb(255-255-255), size(50-50) @ pos(404.0-676)] with expected peak @ (x:404.0, y:100)
[PokaPoka @ 770103ms/50s/15m/11h, 27d/6mo/2021y] --> Began jumping *Entity[rgb(255-255-255), size(50-50) @ pos(407.0-662)] with expected peak @ (x:407.0, y:100)
[PokaPoka @ 785063ms/50s/15m/11h, 27d/6mo/2021y] --> Began jumping *Entity[rgb(255-255-255), size(50-50) @ pos(410.0-646)] with expected peak @ (x:410.0, y:100)
[PokaPoka @ 800051ms/50s/15m/11h, 27d/6mo/2021y] --> Began jumping *Entity[rgb(255-255-255), size(50-50) @ pos(410.0-628)] with expected peak @ (x:410.0, y:100)
[PokaPoka @ 129588ms/51s/15m/11h, 27d/6mo/2021y] --> Began jumping *Entity[rgb(255-255-255), size(50-50) @ pos(410.0-718)] with expected peak @ (x:410.0, y:100)
[PokaPoka @ 143545ms/51s/15m/11h, 27d/6mo/2021y] --> Began jumping *Entity[rgb(255-255-255), size(50-50) @ pos(410.0-718)] with expected peak @ (x:410.0, y:100)
[PokaPoka @ 157507ms/51s/15m/11h, 27d/6mo/2021y] --> Began jumping *Entity[rgb(255-255-255), size(50-50) @ pos(410.0-716)] with expected peak @ (x:410.0, y:100)
[PokaPoka @ 172470ms/51s/15m/11h, 27d/6mo/2021y] --> Began jumping *Entity[rgb(255-255-255), size(50-50) @ pos(410.0-712)] with expected peak @ (x:410.0, y:100)
[PokaPoka @ 186426ms/51s/15m/11h, 27d/6mo/2021y] --> Began jumping *Entity[rgb(255-255-255), size(50-50) @ pos(410.0-706)] with expected peak @ (x:410.0, y:100)
[PokaPoka @ 201387ms/51s/15m/11h, 27d/6mo/2021y] --> Began jumping *Entity[rgb(255-255-255), size(50-50) @ pos(410.0-698)] with expected peak @ (x:410.0, y:100)
[PokaPoka @ 216852ms/51s/15m/11h, 27d/6mo/2021y] --> Began jumping *Entity[rgb(255-255-255), size(50-50) @ pos(410.0-688)] with expected peak @ (x:410.0, y:100)
[PokaPoka @ 231068ms/51s/15m/11h, 27d/6mo/2021y] --> Began jumping *Entity[rgb(255-255-255), size(50-50) @ pos(410.0-676)] with expected peak @ (x:410.0, y:100)
[PokaPoka @ 244036ms/51s/15m/11h, 27d/6mo/2021y] --> Began jumping *Entity[rgb(255-255-255), size(50-50) @ pos(410.0-662)] with expected peak @ (x:410.0, y:100)
[PokaPoka @ 257001ms/51s/15m/11h, 27d/6mo/2021y] --> Began jumping *Entity[rgb(255-255-255), size(50-50) @ pos(410.0-646)] with expected peak @ (x:410.0, y:100)
[PokaPoka @ 269963ms/51s/15m/11h, 27d/6mo/2021y] --> Began jumping *Entity[rgb(255-255-255), size(50-50) @ pos(410.0-628)] with expected peak @ (x:410.0, y:100)
[PokaPoka @ 412930ms/51s/15m/11h, 27d/6mo/2021y] --> Began jumping *Entity[rgb(255-255-255), size(50-50) @ pos(434.0-620)] with expected peak @ (x:434.0, y:100)
[PokaPoka @ 426895ms/51s/15m/11h, 27d/6mo/2021y] --> Began jumping *Entity[rgb(255-255-255), size(50-50) @ pos(437.0-620)] with expected peak @ (x:437.0, y:100)
[PokaPoka @ 439861ms/51s/15m/11h, 27d/6mo/2021y] --> Began jumping *Entity[rgb(255-255-255), size(50-50) @ pos(440.0-618)] with expected peak @ (x:440.0, y:100)
[PokaPoka @ 454820ms/51s/15m/11h, 27d/6mo/2021y] --> Began jumping *Entity[rgb(255-255-255), size(50-50) @ pos(443.0-614)] with expected peak @ (x:443.0, y:100)
[PokaPoka @ 468808ms/51s/15m/11h, 27d/6mo/2021y] --> Began jumping *Entity[rgb(255-255-255), size(50-50) @ pos(446.0-608)] with expected peak @ (x:446.0, y:100)
[PokaPoka @ 484107ms/51s/15m/11h, 27d/6mo/2021y] --> Began jumping *Entity[rgb(255-255-255), size(50-50) @ pos(449.0-600)] with expected peak @ (x:449.0, y:100)
[PokaPoka @ 498289ms/51s/15m/11h, 27d/6mo/2021y] --> Began jumping *Entity[rgb(255-255-255), size(50-50) @ pos(452.0-590)] with expected peak @ (x:452.0, y:100)
[PokaPoka @ 513110ms/51s/15m/11h, 27d/6mo/2021y] --> Began jumping *Entity[rgb(255-255-255), size(50-50) @ pos(455.0-578)] with expected peak @ (x:455.0, y:100)
[PokaPoka @ 526077ms/51s/15m/11h, 27d/6mo/2021y] --> Began jumping *Entity[rgb(255-255-255), size(50-50) @ pos(458.0-564)] with expected peak @ (x:458.0, y:100)
[PokaPoka @ 539044ms/51s/15m/11h, 27d/6mo/2021y] --> Began jumping *Entity[rgb(255-255-255), size(50-50) @ pos(461.0-548)] with expected peak @ (x:461.0, y:100)
[PokaPoka @ 552041ms/51s/15m/11h, 27d/6mo/2021y] --> Began jumping *Entity[rgb(255-255-255), size(50-50) @ pos(464.0-530)] with expected peak @ (x:464.0, y:100)
[PokaPoka @ 890704ms/51s/15m/11h, 27d/6mo/2021y] --> Began jumping *Entity[rgb(255-255-255), size(50-50) @ pos(464.0-620)] with expected peak @ (x:464.0, y:100)
[PokaPoka @ 903664ms/51s/15m/11h, 27d/6mo/2021y] --> Began jumping *Entity[rgb(255-255-255), size(50-50) @ pos(464.0-620)] with expected peak @ (x:464.0, y:100)
[PokaPoka @ 917619ms/51s/15m/11h, 27d/6mo/2021y] --> Began jumping *Entity[rgb(255-255-255), size(50-50) @ pos(464.0-618)] with expected peak @ (x:464.0, y:100)
[PokaPoka @ 932908ms/51s/15m/11h, 27d/6mo/2021y] --> Began jumping *Entity[rgb(255-255-255), size(50-50) @ pos(464.0-614)] with expected peak @ (x:464.0, y:100)
[PokaPoka @ 947318ms/51s/15m/11h, 27d/6mo/2021y] --> Began jumping *Entity[rgb(255-255-255), size(50-50) @ pos(464.0-608)] with expected peak @ (x:464.0, y:100)
[PokaPoka @ 959318ms/51s/15m/11h, 27d/6mo/2021y] --> Began jumping *Entity[rgb(255-255-255), size(50-50) @ pos(464.0-600)] with expected peak @ (x:464.0, y:100)
[PokaPoka @ 972256ms/51s/15m/11h, 27d/6mo/2021y] --> Began jumping *Entity[rgb(255-255-255), size(50-50) @ pos(464.0-590)] with expected peak @ (x:464.0, y:100)
[PokaPoka @ 986215ms/51s/15m/11h, 27d/6mo/2021y] --> Began jumping *Entity[rgb(255-255-255), size(50-50) @ pos(464.0-578)] with expected peak @ (x:464.0, y:100)
[PokaPoka @ 2171ms/52s/15m/11h, 27d/6mo/2021y] --> Began jumping *Entity[rgb(255-255-255), size(50-50) @ pos(467.0-564)] with expected peak @ (x:467.0, y:100)
[PokaPoka @ 16676ms/52s/15m/11h, 27d/6mo/2021y] --> Began jumping *Entity[rgb(255-255-255), size(50-50) @ pos(470.0-548)] with expected peak @ (x:470.0, y:100)
[PokaPoka @ 31636ms/52s/15m/11h, 27d/6mo/2021y] --> Began jumping *Entity[rgb(255-255-255), size(50-50) @ pos(473.0-530)] with expected peak @ (x:473.0, y:100)
[PokaPoka @ 367528ms/52s/15m/11h, 27d/6mo/2021y] --> Began jumping *Entity[rgb(255-255-255), size(50-50) @ pos(521.0-620)] with expected peak @ (x:521.0, y:100)
[PokaPoka @ 382141ms/52s/15m/11h, 27d/6mo/2021y] --> Began jumping *Entity[rgb(255-255-255), size(50-50) @ pos(521.0-620)] with expected peak @ (x:521.0, y:100)
[PokaPoka @ 397463ms/52s/15m/11h, 27d/6mo/2021y] --> Began jumping *Entity[rgb(255-255-255), size(50-50) @ pos(521.0-618)] with expected peak @ (x:521.0, y:100)
[PokaPoka @ 410460ms/52s/15m/11h, 27d/6mo/2021y] --> Began jumping *Entity[rgb(255-255-255), size(50-50) @ pos(521.0-614)] with expected peak @ (x:521.0, y:100)
[PokaPoka @ 423395ms/52s/15m/11h, 27d/6mo/2021y] --> Began jumping *Entity[rgb(255-255-255), size(50-50) @ pos(521.0-608)] with expected peak @ (x:521.0, y:100)
[PokaPoka @ 436388ms/52s/15m/11h, 27d/6mo/2021y] --> Began jumping *Entity[rgb(255-255-255), size(50-50) @ pos(521.0-600)] with expected peak @ (x:521.0, y:100)
[PokaPoka @ 451391ms/52s/15m/11h, 27d/6mo/2021y] --> Began jumping *Entity[rgb(255-255-255), size(50-50) @ pos(521.0-590)] with expected peak @ (x:521.0, y:100)
[PokaPoka @ 466316ms/52s/15m/11h, 27d/6mo/2021y] --> Began jumping *Entity[rgb(255-255-255), size(50-50) @ pos(521.0-578)] with expected peak @ (x:521.0, y:100)
[PokaPoka @ 482293ms/52s/15m/11h, 27d/6mo/2021y] --> Began jumping *Entity[rgb(255-255-255), size(50-50) @ pos(518.0-564)] with expected peak @ (x:518.0, y:100)
[PokaPoka @ 495257ms/52s/15m/11h, 27d/6mo/2021y] --> Began jumping *Entity[rgb(255-255-255), size(50-50) @ pos(515.0-548)] with expected peak @ (x:515.0, y:100)
[PokaPoka @ 508258ms/52s/15m/11h, 27d/6mo/2021y] --> Began jumping *Entity[rgb(255-255-255), size(50-50) @ pos(512.0-530)] with expected peak @ (x:512.0, y:100)
[PokaPoka @ 634980ms/3s/16m/11h, 27d/6mo/2021y] --> Attempted to QUIT @ Esc key
[PokaPoka @ 634980ms/3s/16m/11h, 27d/6mo/2021y] --> Shutting down (2nd to last) final!
[PokaPoka @ 634980ms/3s/16m/11h, 27d/6mo/2021y] --> Exported game log