[PokaPoka @ 866482ms/33s/4m/20h, 27d/6mo/2021y] --> Beginning game startup and startup-finish
[PokaPoka @ 818375ms/34s/4m/20h, 27d/6mo/2021y] --> Began jumping *Entity[rgb(255-255-255), size(50-50) @ pos(522.0-668)] with expected peak @ (x:522.0, y:100)
[PokaPoka @ 835126ms/34s/4m/20h, 27d/6mo/2021y] --> Began jumping *Entity[rgb(255-255-255), size(50-50) @ pos(525.0-668)] with expected peak @ (x:525.0, y:100)
[PokaPoka @ 853705ms/34s/4m/20h, 27d/6mo/2021y] --> Began jumping *Entity[rgb(255-255-255), size(50-50) @ pos(528.0-666)] with expected peak @ (x:528.0, y:100)
[PokaPoka @ 869665ms/34s/4m/20h, 27d/6mo/2021y] --> Began jumping *Entity[rgb(255-255-255), size(50-50) @ pos(531.0-662)] with expected peak @ (x:531.0, y:100)
[PokaPoka @ 887612ms/34s/4m/20h, 27d/6mo/2021y] --> Began jumping *Entity[rgb(255-255-255), size(50-50) @ pos(534.0-656)] with expected peak @ (x:534.0, y:100)
[PokaPoka @ 904570ms/34s/4m/20h, 27d/6mo/2021y] --> Began jumping *Entity[rgb(255-255-255), size(50-50) @ pos(537.0-648)] with expected peak @ (x:537.0, y:100)
[PokaPoka @ 921526ms/34s/4m/20h, 27d/6mo/2021y] --> Began jumping *Entity[rgb(255-255-255), size(50-50) @ pos(540.0-638)] with expected peak @ (x:540.0, y:100)
[PokaPoka @ 937478ms/34s/4m/20h, 27d/6mo/2021y] --> Began jumping *Entity[rgb(255-255-255), size(50-50) @ pos(543.0-626)] with expected peak @ (x:543.0, y:100)
[PokaPoka @ 952440ms/34s/4m/20h, 27d/6mo/2021y] --> Began jumping *Entity[rgb(255-255-255), size(50-50) @ pos(546.0-612)] with expected peak @ (x:546.0, y:100)
[PokaPoka @ 968396ms/34s/4m/20h, 27d/6mo/2021y] --> Began jumping *Entity[rgb(255-255-255), size(50-50) @ pos(549.0-596)] with expected peak @ (x:549.0, y:100)
[PokaPoka @ 985095ms/34s/4m/20h, 27d/6mo/2021y] --> Began jumping *Entity[rgb(255-255-255), size(50-50) @ pos(552.0-578)] with expected peak @ (x:552.0, y:100)
[PokaPoka @ 447813ms/35s/4m/20h, 27d/6mo/2021y] --> Began jumping *Entity[rgb(255-255-255), size(50-50) @ pos(636.0-668)] with expected peak @ (x:636.0, y:100)
[PokaPoka @ 463770ms/35s/4m/20h, 27d/6mo/2021y] --> Began jumping *Entity[rgb(255-255-255), size(50-50) @ pos(639.0-668)] with expected peak @ (x:639.0, y:100)
[PokaPoka @ 480363ms/35s/4m/20h, 27d/6mo/2021y] --> Began jumping *Entity[rgb(255-255-255), size(50-50) @ pos(642.0-666)] with expected peak @ (x:642.0, y:100)
[PokaPoka @ 496502ms/35s/4m/20h, 27d/6mo/2021y] --> Began jumping *Entity[rgb(255-255-255), size(50-50) @ pos(645.0-662)] with expected peak @ (x:645.0, y:100)
[PokaPoka @ 512742ms/35s/4m/20h, 27d/6mo/2021y] --> Began jumping *Entity[rgb(255-255-255), size(50-50) @ pos(648.0-656)] with expected peak @ (x:648.0, y:100)
[PokaPoka @ 528412ms/35s/4m/20h, 27d/6mo/2021y] --> Began jumping *Entity[rgb(255-255-255), size(50-50) @ pos(651.0-648)] with expected peak @ (x:651.0, y:100)
[PokaPoka @ 545367ms/35s/4m/20h, 27d/6mo/2021y] --> Began jumping *Entity[rgb(255-255-255), size(50-50) @ pos(654.0-638)] with expected peak @ (x:654.0, y:100)
[PokaPoka @ 562525ms/35s/4m/20h, 27d/6mo/2021y] --> Began jumping *Entity[rgb(255-255-255), size(50-50) @ pos(657.0-626)] with expected peak @ (x:657.0, y:100)
[PokaPoka @ 578276ms/35s/4m/20h, 27d/6mo/2021y] --> Began jumping *Entity[rgb(255-255-255), size(50-50) @ pos(660.0-612)] with expected peak @ (x:660.0, y:100)
[PokaPoka @ 594466ms/35s/4m/20h, 27d/6mo/2021y] --> Began jumping *Entity[rgb(255-255-255), size(50-50) @ pos(663.0-596)] with expected peak @ (x:663.0, y:100)
[PokaPoka @ 610533ms/35s/4m/20h, 27d/6mo/2021y] --> Began jumping *Entity[rgb(255-255-255), size(50-50) @ pos(666.0-578)] with expected peak @ (x:666.0, y:100)
[PokaPoka @ 626583ms/35s/4m/20h, 27d/6mo/2021y] --> Began jumping *Entity[rgb(255-255-255), size(50-50) @ pos(669.0-558)] with expected peak @ (x:669.0, y:100)
[PokaPoka @ 642768ms/35s/4m/20h, 27d/6mo/2021y] --> Began jumping *Entity[rgb(255-255-255), size(50-50) @ pos(672.0-536)] with expected peak @ (x:672.0, y:100)
[PokaPoka @ 851707ms/36s/4m/20h, 27d/6mo/2021y] --> Attempted to QUIT @ Esc key
[PokaPoka @ 851707ms/36s/4m/20h, 27d/6mo/2021y] --> Shutting down (2nd to last) final!
[PokaPoka @ 851707ms/36s/4m/20h, 27d/6mo/2021y] --> Exported game log as PokaPoka_500142_33_4_20_27_6_2021.log